[1.364s] Invoking command in '/home/jonathan/rob_ws/src/camera_ws': PYTHONPATH=/home/jonathan/rob_ws/build/camera_ws/prefix_override:/usr/lib/python3/dist-packages/colcon_core/task/python/colcon_distutils_commands:/home/jonathan/rob_ws/install/camera_ws/lib/python3.10/site-packages:${PYTHONPATH} /usr/bin/python3 -W ignore:setup.py install is deprecated setup.py egg_info --egg-base ../../build/camera_ws build --build-base /home/jonathan/rob_ws/build/camera_ws/build install --record /home/jonathan/rob_ws/build/camera_ws/install.log --single-version-externally-managed install_data
[1.785s] running egg_info
[1.786s] writing ../../build/camera_ws/camera_ws.egg-info/PKG-INFO
[1.787s] writing dependency_links to ../../build/camera_ws/camera_ws.egg-info/dependency_links.txt
[1.787s] writing entry points to ../../build/camera_ws/camera_ws.egg-info/entry_points.txt
[1.788s] writing requirements to ../../build/camera_ws/camera_ws.egg-info/requires.txt
[1.788s] writing top-level names to ../../build/camera_ws/camera_ws.egg-info/top_level.txt
[1.790s] reading manifest file '../../build/camera_ws/camera_ws.egg-info/SOURCES.txt'
[1.792s] writing manifest file '../../build/camera_ws/camera_ws.egg-info/SOURCES.txt'
[1.792s] running build
[1.792s] running build_py
[1.792s] copying camera_ws/image_subscriber.py -> /home/jonathan/rob_ws/build/camera_ws/build/lib/camera_ws
[1.793s] running install
[1.794s] running install_lib
[1.797s] copying /home/jonathan/rob_ws/build/camera_ws/build/lib/camera_ws/image_subscriber.py -> /home/jonathan/rob_ws/install/camera_ws/lib/python3.10/site-packages/camera_ws
[1.797s] byte-compiling /home/jonathan/rob_ws/install/camera_ws/lib/python3.10/site-packages/camera_ws/image_subscriber.py to image_subscriber.cpython-310.pyc
[1.797s] running install_data
[1.798s] running install_egg_info
[1.801s] removing '/home/jonathan/rob_ws/install/camera_ws/lib/python3.10/site-packages/camera_ws-0.0.0-py3.10.egg-info' (and everything under it)
[1.801s] Copying ../../build/camera_ws/camera_ws.egg-info to /home/jonathan/rob_ws/install/camera_ws/lib/python3.10/site-packages/camera_ws-0.0.0-py3.10.egg-info
[1.803s] running install_scripts
[1.834s] Installing image_subscriber script to /home/jonathan/rob_ws/install/camera_ws/lib/camera_ws
[1.834s] writing list of installed files to '/home/jonathan/rob_ws/build/camera_ws/install.log'
[1.874s] Invoked command in '/home/jonathan/rob_ws/src/camera_ws' returned '0': PYTHONPATH=/home/jonathan/rob_ws/build/camera_ws/prefix_override:/usr/lib/python3/dist-packages/colcon_core/task/python/colcon_distutils_commands:/home/jonathan/rob_ws/install/camera_ws/lib/python3.10/site-packages:${PYTHONPATH} /usr/bin/python3 -W ignore:setup.py install is deprecated setup.py egg_info --egg-base ../../build/camera_ws build --build-base /home/jonathan/rob_ws/build/camera_ws/build install --record /home/jonathan/rob_ws/build/camera_ws/install.log --single-version-externally-managed install_data
