[0.032s] Invoking command in '/home/jonathan0209/casper_robot/rob_ws/build/articubot_one': CMAKE_PREFIX_PATH=${CMAKE_PREFIX_PATH}:/home/jonathan0209/casper_robot/rob_ws/install/camera_ws:/home/jonathan0209/casper_robot/rob_ws/install/camera_stream:/opt/ros/humble /usr/bin/cmake /home/jonathan0209/casper_robot/rob_ws/src/articubot_one -DAMENT_CMAKE_SYMLINK_INSTALL=1 -DCMAKE_INSTALL_PREFIX=/home/jonathan0209/casper_robot/rob_ws/install/articubot_one
[0.367s] -- Found ament_cmake: 1.3.11 (/opt/ros/humble/share/ament_cmake/cmake)
[0.367s] -- Override CMake install command with custom implementation using symlinks instead of copying resources
[0.367s] -- Found ament_lint_auto: 0.12.12 (/opt/ros/humble/share/ament_lint_auto/cmake)
[0.367s] -- Added test 'copyright' to check source files copyright and LICENSE
[0.367s] -- Added test 'flake8' to check Python code syntax and style conventions
[0.368s] -- Added test 'lint_cmake' to check CMake code style
[0.368s] -- Added test 'pep257' to check Python code against some of the docstring style conventions in PEP 257
[0.371s] -- Added test 'xmllint' to check XML markup files
[0.373s] -- Configuring done
[0.381s] -- Generating done
[0.383s] -- Build files have been written to: /home/jonathan0209/casper_robot/rob_ws/build/articubot_one
[0.648s] Invoked command in '/home/jonathan0209/casper_robot/rob_ws/build/articubot_one' returned '0': CMAKE_PREFIX_PATH=${CMAKE_PREFIX_PATH}:/home/jonathan0209/casper_robot/rob_ws/install/camera_ws:/home/jonathan0209/casper_robot/rob_ws/install/camera_stream:/opt/ros/humble /usr/bin/cmake /home/jonathan0209/casper_robot/rob_ws/src/articubot_one -DAMENT_CMAKE_SYMLINK_INSTALL=1 -DCMAKE_INSTALL_PREFIX=/home/jonathan0209/casper_robot/rob_ws/install/articubot_one
[0.650s] Invoking command in '/home/jonathan0209/casper_robot/rob_ws/build/articubot_one': CMAKE_PREFIX_PATH=${CMAKE_PREFIX_PATH}:/home/jonathan0209/casper_robot/rob_ws/install/camera_ws:/home/jonathan0209/casper_robot/rob_ws/install/camera_stream:/opt/ros/humble /usr/bin/cmake --build /home/jonathan0209/casper_robot/rob_ws/build/articubot_one -- -j8 -l8
[0.698s] Invoked command in '/home/jonathan0209/casper_robot/rob_ws/build/articubot_one' returned '0': CMAKE_PREFIX_PATH=${CMAKE_PREFIX_PATH}:/home/jonathan0209/casper_robot/rob_ws/install/camera_ws:/home/jonathan0209/casper_robot/rob_ws/install/camera_stream:/opt/ros/humble /usr/bin/cmake --build /home/jonathan0209/casper_robot/rob_ws/build/articubot_one -- -j8 -l8
[0.713s] Invoking command in '/home/jonathan0209/casper_robot/rob_ws/build/articubot_one': CMAKE_PREFIX_PATH=${CMAKE_PREFIX_PATH}:/home/jonathan0209/casper_robot/rob_ws/install/camera_ws:/home/jonathan0209/casper_robot/rob_ws/install/camera_stream:/opt/ros/humble /usr/bin/cmake --install /home/jonathan0209/casper_robot/rob_ws/build/articubot_one
[0.724s] -- Install configuration: ""
[0.725s] -- Execute custom install script
[0.726s] -- Symlinking: /home/jonathan0209/casper_robot/rob_ws/install/articubot_one/share/articubot_one/config/ball_tracker_params_robot.yaml
[0.740s] -- Symlinking: /home/jonathan0209/casper_robot/rob_ws/install/articubot_one/share/articubot_one/config/ball_tracker_params_sim.yaml
[0.756s] -- Symlinking: /home/jonathan0209/casper_robot/rob_ws/install/articubot_one/share/articubot_one/config/drive_bot.rviz
[0.770s] -- Symlinking: /home/jonathan0209/casper_robot/rob_ws/install/articubot_one/share/articubot_one/config/empty.yaml
[0.782s] -- Symlinking: /home/jonathan0209/casper_robot/rob_ws/install/articubot_one/share/articubot_one/config/gaz_ros2_ctl_use_sim.yaml
[0.791s] -- Symlinking: /home/jonathan0209/casper_robot/rob_ws/install/articubot_one/share/articubot_one/config/gazebo_params.yaml
[0.800s] -- Symlinking: /home/jonathan0209/casper_robot/rob_ws/install/articubot_one/share/articubot_one/config/joystick.yaml
[0.809s] -- Symlinking: /home/jonathan0209/casper_robot/rob_ws/install/articubot_one/share/articubot_one/config/main.rviz
[0.818s] -- Symlinking: /home/jonathan0209/casper_robot/rob_ws/install/articubot_one/share/articubot_one/config/map.rviz
[0.830s] -- Symlinking: /home/jonathan0209/casper_robot/rob_ws/install/articubot_one/share/articubot_one/config/mapper_params_online_async.yaml
[0.840s] -- Symlinking: /home/jonathan0209/casper_robot/rob_ws/install/articubot_one/share/articubot_one/config/my_controllers.yaml
[0.850s] -- Symlinking: /home/jonathan0209/casper_robot/rob_ws/install/articubot_one/share/articubot_one/config/my_controllers_gazebo.yaml
[0.859s] -- Symlinking: /home/jonathan0209/casper_robot/rob_ws/install/articubot_one/share/articubot_one/config/nav2_params.yaml
[0.870s] -- Symlinking: /home/jonathan0209/casper_robot/rob_ws/install/articubot_one/share/articubot_one/config/twist_mux.yaml
[0.878s] -- Symlinking: /home/jonathan0209/casper_robot/rob_ws/install/articubot_one/share/articubot_one/config/view_bot.rviz
[0.887s] -- Symlinking: /home/jonathan0209/casper_robot/rob_ws/install/articubot_one/share/articubot_one/description/camera.xacro
[0.895s] -- Symlinking: /home/jonathan0209/casper_robot/rob_ws/install/articubot_one/share/articubot_one/description/depth_camera.xacro
[0.908s] -- Symlinking: /home/jonathan0209/casper_robot/rob_ws/install/articubot_one/share/articubot_one/description/face.xacro
[0.916s] -- Symlinking: /home/jonathan0209/casper_robot/rob_ws/install/articubot_one/share/articubot_one/description/gazebo_control.xacro
[0.926s] -- Symlinking: /home/jonathan0209/casper_robot/rob_ws/install/articubot_one/share/articubot_one/description/inertial_macros.xacro
[0.936s] -- Symlinking: /home/jonathan0209/casper_robot/rob_ws/install/articubot_one/share/articubot_one/description/lidar.xacro
[0.948s] -- Symlinking: /home/jonathan0209/casper_robot/rob_ws/install/articubot_one/share/articubot_one/description/robot.urdf.xacro
[0.957s] -- Symlinking: /home/jonathan0209/casper_robot/rob_ws/install/articubot_one/share/articubot_one/description/robot_core.xacro
[0.969s] -- Symlinking: /home/jonathan0209/casper_robot/rob_ws/install/articubot_one/share/articubot_one/description/robot_properties.xacro
[0.978s] -- Symlinking: /home/jonathan0209/casper_robot/rob_ws/install/articubot_one/share/articubot_one/description/ros2_control.xacro
[0.988s] -- Symlinking: /home/jonathan0209/casper_robot/rob_ws/install/articubot_one/share/articubot_one/launch/ball_tracker.launch.py
[0.998s] -- Symlinking: /home/jonathan0209/casper_robot/rob_ws/install/articubot_one/share/articubot_one/launch/camera.launch.py
[1.008s] -- Symlinking: /home/jonathan0209/casper_robot/rob_ws/install/articubot_one/share/articubot_one/launch/joystick.launch.py
[1.019s] -- Symlinking: /home/jonathan0209/casper_robot/rob_ws/install/articubot_one/share/articubot_one/launch/launch_robot.launch.py
[1.035s] -- Symlinking: /home/jonathan0209/casper_robot/rob_ws/install/articubot_one/share/articubot_one/launch/launch_sim.launch.py
[1.046s] -- Symlinking: /home/jonathan0209/casper_robot/rob_ws/install/articubot_one/share/articubot_one/launch/localization_launch.py
[1.055s] -- Symlinking: /home/jonathan0209/casper_robot/rob_ws/install/articubot_one/share/articubot_one/launch/navigation_launch.py
[1.066s] -- Symlinking: /home/jonathan0209/casper_robot/rob_ws/install/articubot_one/share/articubot_one/launch/online_async_launch.py
[1.082s] -- Symlinking: /home/jonathan0209/casper_robot/rob_ws/install/articubot_one/share/articubot_one/launch/rplidar.launch.py
[1.098s] -- Symlinking: /home/jonathan0209/casper_robot/rob_ws/install/articubot_one/share/articubot_one/launch/rsp.launch.py
[1.109s] -- Symlinking: /home/jonathan0209/casper_robot/rob_ws/install/articubot_one/share/articubot_one/worlds/empty.world
[1.120s] -- Symlinking: /home/jonathan0209/casper_robot/rob_ws/install/articubot_one/share/articubot_one/worlds/obstacles.world
[1.134s] -- Symlinking: /home/jonathan0209/casper_robot/rob_ws/install/articubot_one/share/ament_index/resource_index/package_run_dependencies/articubot_one
[1.146s] -- Symlinking: /home/jonathan0209/casper_robot/rob_ws/install/articubot_one/share/ament_index/resource_index/parent_prefix_path/articubot_one
[1.157s] -- Symlinking: /home/jonathan0209/casper_robot/rob_ws/install/articubot_one/share/articubot_one/environment/ament_prefix_path.sh
[1.167s] -- Symlinking: /home/jonathan0209/casper_robot/rob_ws/install/articubot_one/share/articubot_one/environment/ament_prefix_path.dsv
[1.177s] -- Symlinking: /home/jonathan0209/casper_robot/rob_ws/install/articubot_one/share/articubot_one/environment/path.sh
[1.186s] -- Symlinking: /home/jonathan0209/casper_robot/rob_ws/install/articubot_one/share/articubot_one/environment/path.dsv
[1.196s] -- Symlinking: /home/jonathan0209/casper_robot/rob_ws/install/articubot_one/share/articubot_one/local_setup.bash
[1.206s] -- Symlinking: /home/jonathan0209/casper_robot/rob_ws/install/articubot_one/share/articubot_one/local_setup.sh
[1.215s] -- Symlinking: /home/jonathan0209/casper_robot/rob_ws/install/articubot_one/share/articubot_one/local_setup.zsh
[1.228s] -- Symlinking: /home/jonathan0209/casper_robot/rob_ws/install/articubot_one/share/articubot_one/local_setup.dsv
[1.238s] -- Symlinking: /home/jonathan0209/casper_robot/rob_ws/install/articubot_one/share/articubot_one/package.dsv
[1.251s] -- Symlinking: /home/jonathan0209/casper_robot/rob_ws/install/articubot_one/share/ament_index/resource_index/packages/articubot_one
[1.265s] -- Symlinking: /home/jonathan0209/casper_robot/rob_ws/install/articubot_one/share/articubot_one/cmake/articubot_oneConfig.cmake
[1.280s] -- Symlinking: /home/jonathan0209/casper_robot/rob_ws/install/articubot_one/share/articubot_one/cmake/articubot_oneConfig-version.cmake
[1.295s] -- Symlinking: /home/jonathan0209/casper_robot/rob_ws/install/articubot_one/share/articubot_one/package.xml
[1.317s] Invoked command in '/home/jonathan0209/casper_robot/rob_ws/build/articubot_one' returned '0': CMAKE_PREFIX_PATH=${CMAKE_PREFIX_PATH}:/home/jonathan0209/casper_robot/rob_ws/install/camera_ws:/home/jonathan0209/casper_robot/rob_ws/install/camera_stream:/opt/ros/humble /usr/bin/cmake --install /home/jonathan0209/casper_robot/rob_ws/build/articubot_one
