[0.032s] Invoking command in '/home/jonathan0209/casper_robot/rob_ws/build/serial': CMAKE_PREFIX_PATH=${CMAKE_PREFIX_PATH}:/home/jonathan0209/casper_robot/rob_ws/install/camera_ws:/home/jonathan0209/casper_robot/rob_ws/install/camera_stream:/opt/ros/humble /usr/bin/cmake /home/jonathan0209/casper_robot/rob_ws/src/serial -DAMENT_CMAKE_SYMLINK_INSTALL=1 -DCMAKE_INSTALL_PREFIX=/home/jonathan0209/casper_robot/rob_ws/install/serial
[0.374s] -- Found ament_cmake: 1.3.11 (/opt/ros/humble/share/ament_cmake/cmake)
[0.375s] -- Override CMake install command with custom implementation using symlinks instead of copying resources
[0.375s] -- Found ament_cmake_gtest: 1.3.11 (/opt/ros/humble/share/ament_cmake_gtest/cmake)
[0.375s] -- Found gtest sources under '/opt/ros/humble/src/gtest_vendor': C++ tests using 'Google Test' will be built
[0.376s] -- Configuring done
[0.398s] -- Generating done
[0.403s] -- Build files have been written to: /home/jonathan0209/casper_robot/rob_ws/build/serial
[0.660s] Invoked command in '/home/jonathan0209/casper_robot/rob_ws/build/serial' returned '0': CMAKE_PREFIX_PATH=${CMAKE_PREFIX_PATH}:/home/jonathan0209/casper_robot/rob_ws/install/camera_ws:/home/jonathan0209/casper_robot/rob_ws/install/camera_stream:/opt/ros/humble /usr/bin/cmake /home/jonathan0209/casper_robot/rob_ws/src/serial -DAMENT_CMAKE_SYMLINK_INSTALL=1 -DCMAKE_INSTALL_PREFIX=/home/jonathan0209/casper_robot/rob_ws/install/serial
[0.661s] Invoking command in '/home/jonathan0209/casper_robot/rob_ws/build/serial': CMAKE_PREFIX_PATH=${CMAKE_PREFIX_PATH}:/home/jonathan0209/casper_robot/rob_ws/install/camera_ws:/home/jonathan0209/casper_robot/rob_ws/install/camera_stream:/opt/ros/humble /usr/bin/cmake --build /home/jonathan0209/casper_robot/rob_ws/build/serial -- -j8 -l8
[0.703s] [35m[1mConsolidate compiler generated dependencies of target serial[0m
[0.707s] [35m[1mConsolidate compiler generated dependencies of target gtest[0m
[0.707s] [35m[1mConsolidate compiler generated dependencies of target gtest_main[0m
[0.727s] [ 14%] Built target gtest_main
[0.731s] [ 42%] Built target serial
[0.731s] [ 57%] Built target gtest
[0.745s] [35m[1mConsolidate compiler generated dependencies of target serial_example[0m
[0.748s] [35m[1mConsolidate compiler generated dependencies of target serial-test-timer[0m
[0.748s] [35m[1mConsolidate compiler generated dependencies of target serial-test[0m
[0.765s] [ 71%] Built target serial_example
[0.767s] [ 85%] Built target serial-test-timer
[0.772s] [100%] Built target serial-test
[0.787s] Invoked command in '/home/jonathan0209/casper_robot/rob_ws/build/serial' returned '0': CMAKE_PREFIX_PATH=${CMAKE_PREFIX_PATH}:/home/jonathan0209/casper_robot/rob_ws/install/camera_ws:/home/jonathan0209/casper_robot/rob_ws/install/camera_stream:/opt/ros/humble /usr/bin/cmake --build /home/jonathan0209/casper_robot/rob_ws/build/serial -- -j8 -l8
[0.789s] Invoking command in '/home/jonathan0209/casper_robot/rob_ws/build/serial': CMAKE_PREFIX_PATH=${CMAKE_PREFIX_PATH}:/home/jonathan0209/casper_robot/rob_ws/install/camera_ws:/home/jonathan0209/casper_robot/rob_ws/install/camera_stream:/opt/ros/humble /usr/bin/cmake --install /home/jonathan0209/casper_robot/rob_ws/build/serial
[0.796s] -- Install configuration: ""
[0.797s] -- Execute custom install script
[0.797s] -- Symlinking: /home/jonathan0209/casper_robot/rob_ws/install/serial/lib/libserial.a
[0.807s] -- Symlinking: /home/jonathan0209/casper_robot/rob_ws/install/serial/include/serial/serial.h
[0.818s] -- Symlinking: /home/jonathan0209/casper_robot/rob_ws/install/serial/include/serial/v8stdint.h
[0.827s] -- Symlinking: /home/jonathan0209/casper_robot/rob_ws/install/serial/share/serial/environment/library_path.sh
[0.837s] -- Symlinking: /home/jonathan0209/casper_robot/rob_ws/install/serial/share/serial/environment/library_path.dsv
[0.848s] -- Symlinking: /home/jonathan0209/casper_robot/rob_ws/install/serial/share/ament_index/resource_index/package_run_dependencies/serial
[0.859s] -- Symlinking: /home/jonathan0209/casper_robot/rob_ws/install/serial/share/ament_index/resource_index/parent_prefix_path/serial
[0.868s] -- Symlinking: /home/jonathan0209/casper_robot/rob_ws/install/serial/share/serial/environment/ament_prefix_path.sh
[0.878s] -- Symlinking: /home/jonathan0209/casper_robot/rob_ws/install/serial/share/serial/environment/ament_prefix_path.dsv
[0.887s] -- Symlinking: /home/jonathan0209/casper_robot/rob_ws/install/serial/share/serial/environment/path.sh
[0.896s] -- Symlinking: /home/jonathan0209/casper_robot/rob_ws/install/serial/share/serial/environment/path.dsv
[0.904s] -- Symlinking: /home/jonathan0209/casper_robot/rob_ws/install/serial/share/serial/local_setup.bash
[0.916s] -- Symlinking: /home/jonathan0209/casper_robot/rob_ws/install/serial/share/serial/local_setup.sh
[0.925s] -- Symlinking: /home/jonathan0209/casper_robot/rob_ws/install/serial/share/serial/local_setup.zsh
[0.934s] -- Symlinking: /home/jonathan0209/casper_robot/rob_ws/install/serial/share/serial/local_setup.dsv
[0.945s] -- Symlinking: /home/jonathan0209/casper_robot/rob_ws/install/serial/share/serial/package.dsv
[0.956s] -- Symlinking: /home/jonathan0209/casper_robot/rob_ws/install/serial/share/ament_index/resource_index/packages/serial
[0.966s] -- Symlinking: /home/jonathan0209/casper_robot/rob_ws/install/serial/share/serial/cmake/ament_cmake_export_include_directories-extras.cmake
[0.978s] -- Symlinking: /home/jonathan0209/casper_robot/rob_ws/install/serial/share/serial/cmake/ament_cmake_export_libraries-extras.cmake
[0.987s] -- Symlinking: /home/jonathan0209/casper_robot/rob_ws/install/serial/share/serial/cmake/serialConfig.cmake
[0.996s] -- Symlinking: /home/jonathan0209/casper_robot/rob_ws/install/serial/share/serial/cmake/serialConfig-version.cmake
[1.007s] -- Symlinking: /home/jonathan0209/casper_robot/rob_ws/install/serial/share/serial/package.xml
[1.020s] Invoked command in '/home/jonathan0209/casper_robot/rob_ws/build/serial' returned '0': CMAKE_PREFIX_PATH=${CMAKE_PREFIX_PATH}:/home/jonathan0209/casper_robot/rob_ws/install/camera_ws:/home/jonathan0209/casper_robot/rob_ws/install/camera_stream:/opt/ros/humble /usr/bin/cmake --install /home/jonathan0209/casper_robot/rob_ws/build/serial
