[0.041s] Invoking command in '/home/jonathan/rob_ws/build/serial': CMAKE_PREFIX_PATH=/opt/ros/humble /usr/bin/cmake --build /home/jonathan/rob_ws/build/serial -- -j2 -l2
[0.209s] [ 28%] Built target serial
[0.215s] [ 42%] Built target gtest
[0.256s] [ 57%] Built target serial_example
[0.270s] [ 71%] Built target gtest_main
[0.331s] [ 85%] Built target serial-test-timer
[0.361s] [100%] Built target serial-test
[0.387s] Invoked command in '/home/jonathan/rob_ws/build/serial' returned '0': CMAKE_PREFIX_PATH=/opt/ros/humble /usr/bin/cmake --build /home/jonathan/rob_ws/build/serial -- -j2 -l2
[0.462s] Invoking command in '/home/jonathan/rob_ws/build/serial': CMAKE_PREFIX_PATH=/opt/ros/humble /usr/bin/cmake --install /home/jonathan/rob_ws/build/serial
[0.485s] -- Install configuration: ""
[0.485s] -- Execute custom install script
[0.485s] -- Up-to-date symlink: /home/jonathan/rob_ws/install/serial/lib/libserial.a
[0.489s] -- Up-to-date symlink: /home/jonathan/rob_ws/install/serial/include/serial/serial.h
[0.489s] -- Up-to-date symlink: /home/jonathan/rob_ws/install/serial/include/serial/v8stdint.h
[0.489s] -- Up-to-date symlink: /home/jonathan/rob_ws/install/serial/share/serial/environment/library_path.sh
[0.489s] -- Up-to-date symlink: /home/jonathan/rob_ws/install/serial/share/serial/environment/library_path.dsv
[0.492s] -- Up-to-date symlink: /home/jonathan/rob_ws/install/serial/share/ament_index/resource_index/package_run_dependencies/serial
[0.492s] -- Up-to-date symlink: /home/jonathan/rob_ws/install/serial/share/ament_index/resource_index/parent_prefix_path/serial
[0.492s] -- Up-to-date symlink: /home/jonathan/rob_ws/install/serial/share/serial/environment/ament_prefix_path.sh
[0.492s] -- Up-to-date symlink: /home/jonathan/rob_ws/install/serial/share/serial/environment/ament_prefix_path.dsv
[0.493s] -- Up-to-date symlink: /home/jonathan/rob_ws/install/serial/share/serial/environment/path.sh
[0.493s] -- Up-to-date symlink: /home/jonathan/rob_ws/install/serial/share/serial/environment/path.dsv
[0.493s] -- Up-to-date symlink: /home/jonathan/rob_ws/install/serial/share/serial/local_setup.bash
[0.493s] -- Up-to-date symlink: /home/jonathan/rob_ws/install/serial/share/serial/local_setup.sh
[0.495s] -- Up-to-date symlink: /home/jonathan/rob_ws/install/serial/share/serial/local_setup.zsh
[0.495s] -- Up-to-date symlink: /home/jonathan/rob_ws/install/serial/share/serial/local_setup.dsv
[0.496s] -- Symlinking: /home/jonathan/rob_ws/install/serial/share/serial/package.dsv
[0.508s] -- Up-to-date symlink: /home/jonathan/rob_ws/install/serial/share/ament_index/resource_index/packages/serial
[0.509s] -- Up-to-date symlink: /home/jonathan/rob_ws/install/serial/share/serial/cmake/ament_cmake_export_include_directories-extras.cmake
[0.509s] -- Up-to-date symlink: /home/jonathan/rob_ws/install/serial/share/serial/cmake/ament_cmake_export_libraries-extras.cmake
[0.509s] -- Up-to-date symlink: /home/jonathan/rob_ws/install/serial/share/serial/cmake/serialConfig.cmake
[0.509s] -- Up-to-date symlink: /home/jonathan/rob_ws/install/serial/share/serial/cmake/serialConfig-version.cmake
[0.509s] -- Up-to-date symlink: /home/jonathan/rob_ws/install/serial/share/serial/package.xml
[0.517s] Invoked command in '/home/jonathan/rob_ws/build/serial' returned '0': CMAKE_PREFIX_PATH=/opt/ros/humble /usr/bin/cmake --install /home/jonathan/rob_ws/build/serial
