[0.054s] Invoking command in '/home/jonathan/rob_ws/build/serial': CMAKE_PREFIX_PATH=/opt/ros/humble /usr/bin/cmake --build /home/jonathan/rob_ws/build/serial -- -j2 -l2
[0.366s] [ 14%] Built target gtest
[0.367s] [ 42%] Built target serial
[0.449s] [ 57%] Built target gtest_main
[0.457s] [ 71%] Built target serial_example
[0.542s] [ 85%] Built target serial-test
[0.552s] [100%] Built target serial-test-timer
[0.640s] Invoked command in '/home/jonathan/rob_ws/build/serial' returned '0': CMAKE_PREFIX_PATH=/opt/ros/humble /usr/bin/cmake --build /home/jonathan/rob_ws/build/serial -- -j2 -l2
[0.792s] Invoking command in '/home/jonathan/rob_ws/build/serial': CMAKE_PREFIX_PATH=/opt/ros/humble /usr/bin/cmake --install /home/jonathan/rob_ws/build/serial
[0.811s] -- Install configuration: ""
[0.816s] -- Execute custom install script
[0.816s] -- Up-to-date symlink: /home/jonathan/rob_ws/install/serial/lib/libserial.a
[0.816s] -- Up-to-date symlink: /home/jonathan/rob_ws/install/serial/include/serial/serial.h
[0.818s] -- Up-to-date symlink: /home/jonathan/rob_ws/install/serial/include/serial/v8stdint.h
[0.818s] -- Up-to-date symlink: /home/jonathan/rob_ws/install/serial/share/serial/environment/library_path.sh
[0.818s] -- Up-to-date symlink: /home/jonathan/rob_ws/install/serial/share/serial/environment/library_path.dsv
[0.818s] -- Up-to-date symlink: /home/jonathan/rob_ws/install/serial/share/ament_index/resource_index/package_run_dependencies/serial
[0.821s] -- Up-to-date symlink: /home/jonathan/rob_ws/install/serial/share/ament_index/resource_index/parent_prefix_path/serial
[0.821s] -- Up-to-date symlink: /home/jonathan/rob_ws/install/serial/share/serial/environment/ament_prefix_path.sh
[0.821s] -- Up-to-date symlink: /home/jonathan/rob_ws/install/serial/share/serial/environment/ament_prefix_path.dsv
[0.821s] -- Up-to-date symlink: /home/jonathan/rob_ws/install/serial/share/serial/environment/path.sh
[0.821s] -- Up-to-date symlink: /home/jonathan/rob_ws/install/serial/share/serial/environment/path.dsv
[0.821s] -- Up-to-date symlink: /home/jonathan/rob_ws/install/serial/share/serial/local_setup.bash
[0.828s] -- Up-to-date symlink: /home/jonathan/rob_ws/install/serial/share/serial/local_setup.sh
[0.828s] -- Up-to-date symlink: /home/jonathan/rob_ws/install/serial/share/serial/local_setup.zsh
[0.828s] -- Up-to-date symlink: /home/jonathan/rob_ws/install/serial/share/serial/local_setup.dsv
[0.828s] -- Symlinking: /home/jonathan/rob_ws/install/serial/share/serial/package.dsv
[0.857s] -- Up-to-date symlink: /home/jonathan/rob_ws/install/serial/share/ament_index/resource_index/packages/serial
[0.857s] -- Up-to-date symlink: /home/jonathan/rob_ws/install/serial/share/serial/cmake/ament_cmake_export_include_directories-extras.cmake
[0.858s] -- Up-to-date symlink: /home/jonathan/rob_ws/install/serial/share/serial/cmake/ament_cmake_export_libraries-extras.cmake
[0.858s] -- Up-to-date symlink: /home/jonathan/rob_ws/install/serial/share/serial/cmake/serialConfig.cmake
[0.862s] -- Up-to-date symlink: /home/jonathan/rob_ws/install/serial/share/serial/cmake/serialConfig-version.cmake
[0.862s] -- Up-to-date symlink: /home/jonathan/rob_ws/install/serial/share/serial/package.xml
[0.868s] Invoked command in '/home/jonathan/rob_ws/build/serial' returned '0': CMAKE_PREFIX_PATH=/opt/ros/humble /usr/bin/cmake --install /home/jonathan/rob_ws/build/serial
