[0.019s] Invoking command in '/home/jonathan0209/casper_robot/rob_ws/build/articubot_one': CMAKE_PREFIX_PATH=${CMAKE_PREFIX_PATH}:/home/jonathan0209/casper_robot/rob_ws/install/camera_ws:/opt/ros/humble /usr/bin/cmake /home/jonathan0209/casper_robot/rob_ws/src/articubot_one -DCMAKE_INSTALL_PREFIX=/home/jonathan0209/casper_robot/rob_ws/install/articubot_one
[0.638s] -- Found ament_cmake: 1.3.11 (/opt/ros/humble/share/ament_cmake/cmake)
[0.639s] -- Found ament_lint_auto: 0.12.12 (/opt/ros/humble/share/ament_lint_auto/cmake)
[0.639s] -- Configuring done
[0.639s] -- Generating done
[0.640s] -- Build files have been written to: /home/jonathan0209/casper_robot/rob_ws/build/articubot_one
[0.990s] Invoked command in '/home/jonathan0209/casper_robot/rob_ws/build/articubot_one' returned '0': CMAKE_PREFIX_PATH=${CMAKE_PREFIX_PATH}:/home/jonathan0209/casper_robot/rob_ws/install/camera_ws:/opt/ros/humble /usr/bin/cmake /home/jonathan0209/casper_robot/rob_ws/src/articubot_one -DCMAKE_INSTALL_PREFIX=/home/jonathan0209/casper_robot/rob_ws/install/articubot_one
[0.991s] Invoking command in '/home/jonathan0209/casper_robot/rob_ws/build/articubot_one': CMAKE_PREFIX_PATH=${CMAKE_PREFIX_PATH}:/home/jonathan0209/casper_robot/rob_ws/install/camera_ws:/opt/ros/humble /usr/bin/cmake --build /home/jonathan0209/casper_robot/rob_ws/build/articubot_one -- -j8 -l8
[1.056s] Invoked command in '/home/jonathan0209/casper_robot/rob_ws/build/articubot_one' returned '0': CMAKE_PREFIX_PATH=${CMAKE_PREFIX_PATH}:/home/jonathan0209/casper_robot/rob_ws/install/camera_ws:/opt/ros/humble /usr/bin/cmake --build /home/jonathan0209/casper_robot/rob_ws/build/articubot_one -- -j8 -l8
[1.069s] Invoking command in '/home/jonathan0209/casper_robot/rob_ws/build/articubot_one': CMAKE_PREFIX_PATH=${CMAKE_PREFIX_PATH}:/home/jonathan0209/casper_robot/rob_ws/install/camera_ws:/opt/ros/humble /usr/bin/cmake --install /home/jonathan0209/casper_robot/rob_ws/build/articubot_one
[1.077s] -- Install configuration: ""
[1.078s] -- Installing: /home/jonathan0209/casper_robot/rob_ws/install/articubot_one/share/articubot_one/config
[1.078s] -- Installing: /home/jonathan0209/casper_robot/rob_ws/install/articubot_one/share/articubot_one/config/mapper_params_online_async.yaml
[1.078s] -- Installing: /home/jonathan0209/casper_robot/rob_ws/install/articubot_one/share/articubot_one/config/twist_mux.yaml
[1.081s] -- Installing: /home/jonathan0209/casper_robot/rob_ws/install/articubot_one/share/articubot_one/config/map.rviz
[1.081s] -- Installing: /home/jonathan0209/casper_robot/rob_ws/install/articubot_one/share/articubot_one/config/nav2_params.yaml
[1.082s] -- Installing: /home/jonathan0209/casper_robot/rob_ws/install/articubot_one/share/articubot_one/config/drive_bot.rviz
[1.082s] -- Installing: /home/jonathan0209/casper_robot/rob_ws/install/articubot_one/share/articubot_one/config/gaz_ros2_ctl_use_sim.yaml
[1.082s] -- Installing: /home/jonathan0209/casper_robot/rob_ws/install/articubot_one/share/articubot_one/config/main.rviz
[1.082s] -- Installing: /home/jonathan0209/casper_robot/rob_ws/install/articubot_one/share/articubot_one/config/ball_tracker_params_sim.yaml
[1.082s] -- Installing: /home/jonathan0209/casper_robot/rob_ws/install/articubot_one/share/articubot_one/config/ball_tracker_params_robot.yaml
[1.082s] -- Installing: /home/jonathan0209/casper_robot/rob_ws/install/articubot_one/share/articubot_one/config/view_bot.rviz
[1.082s] -- Installing: /home/jonathan0209/casper_robot/rob_ws/install/articubot_one/share/articubot_one/config/my_controllers_gazebo.yaml
[1.083s] -- Installing: /home/jonathan0209/casper_robot/rob_ws/install/articubot_one/share/articubot_one/config/my_controllers.yaml
[1.083s] -- Installing: /home/jonathan0209/casper_robot/rob_ws/install/articubot_one/share/articubot_one/config/joystick.yaml
[1.083s] -- Installing: /home/jonathan0209/casper_robot/rob_ws/install/articubot_one/share/articubot_one/config/gazebo_params.yaml
[1.083s] -- Installing: /home/jonathan0209/casper_robot/rob_ws/install/articubot_one/share/articubot_one/config/empty.yaml
[1.083s] -- Installing: /home/jonathan0209/casper_robot/rob_ws/install/articubot_one/share/articubot_one/description
[1.083s] -- Installing: /home/jonathan0209/casper_robot/rob_ws/install/articubot_one/share/articubot_one/description/inertial_macros.xacro
[1.084s] -- Installing: /home/jonathan0209/casper_robot/rob_ws/install/articubot_one/share/articubot_one/description/face.xacro
[1.084s] -- Installing: /home/jonathan0209/casper_robot/rob_ws/install/articubot_one/share/articubot_one/description/ros2_control.xacro
[1.084s] -- Installing: /home/jonathan0209/casper_robot/rob_ws/install/articubot_one/share/articubot_one/description/lidar.xacro
[1.084s] -- Installing: /home/jonathan0209/casper_robot/rob_ws/install/articubot_one/share/articubot_one/description/robot_core.xacro
[1.084s] -- Installing: /home/jonathan0209/casper_robot/rob_ws/install/articubot_one/share/articubot_one/description/camera.xacro
[1.084s] -- Installing: /home/jonathan0209/casper_robot/rob_ws/install/articubot_one/share/articubot_one/description/robot_properties.xacro
[1.084s] -- Installing: /home/jonathan0209/casper_robot/rob_ws/install/articubot_one/share/articubot_one/description/depth_camera.xacro
[1.085s] -- Installing: /home/jonathan0209/casper_robot/rob_ws/install/articubot_one/share/articubot_one/description/gazebo_control.xacro
[1.085s] -- Installing: /home/jonathan0209/casper_robot/rob_ws/install/articubot_one/share/articubot_one/description/robot.urdf.xacro
[1.085s] -- Installing: /home/jonathan0209/casper_robot/rob_ws/install/articubot_one/share/articubot_one/launch
[1.085s] -- Installing: /home/jonathan0209/casper_robot/rob_ws/install/articubot_one/share/articubot_one/launch/camera.launch.py
[1.085s] -- Installing: /home/jonathan0209/casper_robot/rob_ws/install/articubot_one/share/articubot_one/launch/online_async_launch.py
[1.085s] -- Installing: /home/jonathan0209/casper_robot/rob_ws/install/articubot_one/share/articubot_one/launch/localization_launch.py
[1.086s] -- Installing: /home/jonathan0209/casper_robot/rob_ws/install/articubot_one/share/articubot_one/launch/rplidar.launch.py
[1.086s] -- Installing: /home/jonathan0209/casper_robot/rob_ws/install/articubot_one/share/articubot_one/launch/joystick.launch.py
[1.086s] -- Installing: /home/jonathan0209/casper_robot/rob_ws/install/articubot_one/share/articubot_one/launch/launch_sim.launch.py
[1.086s] -- Installing: /home/jonathan0209/casper_robot/rob_ws/install/articubot_one/share/articubot_one/launch/rsp.launch.py
[1.086s] -- Installing: /home/jonathan0209/casper_robot/rob_ws/install/articubot_one/share/articubot_one/launch/navigation_launch.py
[1.086s] -- Installing: /home/jonathan0209/casper_robot/rob_ws/install/articubot_one/share/articubot_one/launch/launch_robot.launch.py
[1.087s] -- Installing: /home/jonathan0209/casper_robot/rob_ws/install/articubot_one/share/articubot_one/launch/ball_tracker.launch.py
[1.087s] -- Installing: /home/jonathan0209/casper_robot/rob_ws/install/articubot_one/share/articubot_one/worlds
[1.087s] -- Installing: /home/jonathan0209/casper_robot/rob_ws/install/articubot_one/share/articubot_one/worlds/empty.world
[1.087s] -- Installing: /home/jonathan0209/casper_robot/rob_ws/install/articubot_one/share/articubot_one/worlds/obstacles.world
[1.087s] -- Installing: /home/jonathan0209/casper_robot/rob_ws/install/articubot_one/share/ament_index/resource_index/package_run_dependencies/articubot_one
[1.087s] -- Installing: /home/jonathan0209/casper_robot/rob_ws/install/articubot_one/share/ament_index/resource_index/parent_prefix_path/articubot_one
[1.088s] -- Installing: /home/jonathan0209/casper_robot/rob_ws/install/articubot_one/share/articubot_one/environment/ament_prefix_path.sh
[1.088s] -- Installing: /home/jonathan0209/casper_robot/rob_ws/install/articubot_one/share/articubot_one/environment/ament_prefix_path.dsv
[1.088s] -- Installing: /home/jonathan0209/casper_robot/rob_ws/install/articubot_one/share/articubot_one/environment/path.sh
[1.088s] -- Installing: /home/jonathan0209/casper_robot/rob_ws/install/articubot_one/share/articubot_one/environment/path.dsv
[1.088s] -- Installing: /home/jonathan0209/casper_robot/rob_ws/install/articubot_one/share/articubot_one/local_setup.bash
[1.088s] -- Installing: /home/jonathan0209/casper_robot/rob_ws/install/articubot_one/share/articubot_one/local_setup.sh
[1.088s] -- Installing: /home/jonathan0209/casper_robot/rob_ws/install/articubot_one/share/articubot_one/local_setup.zsh
[1.089s] -- Installing: /home/jonathan0209/casper_robot/rob_ws/install/articubot_one/share/articubot_one/local_setup.dsv
[1.089s] -- Installing: /home/jonathan0209/casper_robot/rob_ws/install/articubot_one/share/articubot_one/package.dsv
[1.089s] -- Installing: /home/jonathan0209/casper_robot/rob_ws/install/articubot_one/share/ament_index/resource_index/packages/articubot_one
[1.089s] -- Installing: /home/jonathan0209/casper_robot/rob_ws/install/articubot_one/share/articubot_one/cmake/articubot_oneConfig.cmake
[1.089s] -- Installing: /home/jonathan0209/casper_robot/rob_ws/install/articubot_one/share/articubot_one/cmake/articubot_oneConfig-version.cmake
[1.089s] -- Installing: /home/jonathan0209/casper_robot/rob_ws/install/articubot_one/share/articubot_one/package.xml
[1.091s] Invoked command in '/home/jonathan0209/casper_robot/rob_ws/build/articubot_one' returned '0': CMAKE_PREFIX_PATH=${CMAKE_PREFIX_PATH}:/home/jonathan0209/casper_robot/rob_ws/install/camera_ws:/opt/ros/humble /usr/bin/cmake --install /home/jonathan0209/casper_robot/rob_ws/build/articubot_one
