[0.181s] DEBUG:colcon:Command line arguments: ['/usr/bin/colcon', 'build']
[0.181s] DEBUG:colcon:Parsed command line arguments: Namespace(log_base=None, log_level=None, verb_name='build', build_base='build', install_base='install', merge_install=False, symlink_install=False, test_result_base=None, continue_on_error=False, executor='parallel', parallel_workers=2, event_handlers=None, ignore_user_meta=False, metas=['./colcon.meta'], base_paths=['.'], packages_ignore=None, packages_ignore_regex=None, paths=None, packages_up_to=None, packages_up_to_regex=None, packages_above=None, packages_above_and_dependencies=None, packages_above_depth=None, packages_select_by_dep=None, packages_skip_by_dep=None, packages_skip_up_to=None, packages_select_build_failed=False, packages_skip_build_finished=False, packages_select_test_failures=False, packages_skip_test_passed=False, packages_select=None, packages_skip=None, packages_select_regex=None, packages_skip_regex=None, packages_start=None, packages_end=None, allow_overriding=[], cmake_args=None, cmake_target=None, cmake_target_skip_unavailable=False, cmake_clean_cache=False, cmake_clean_first=False, cmake_force_configure=False, ament_cmake_args=None, catkin_cmake_args=None, catkin_skip_building_tests=False, verb_parser=<colcon_defaults.argument_parser.defaults.DefaultArgumentsDecorator object at 0x7ff384217730>, verb_extension=<colcon_core.verb.build.BuildVerb object at 0x7ff384217280>, main=<bound method BuildVerb.main of <colcon_core.verb.build.BuildVerb object at 0x7ff384217280>>)
[0.463s] Level 1:colcon.colcon_core.package_discovery:discover_packages(colcon_meta) check parameters
[0.463s] Level 1:colcon.colcon_core.package_discovery:discover_packages(recursive) check parameters
[0.463s] Level 1:colcon.colcon_core.package_discovery:discover_packages(ignore) check parameters
[0.463s] Level 1:colcon.colcon_core.package_discovery:discover_packages(path) check parameters
[0.463s] Level 1:colcon.colcon_core.package_discovery:discover_packages(colcon_meta) discover
[0.464s] Level 1:colcon.colcon_core.package_discovery:discover_packages(recursive) discover
[0.464s] INFO:colcon.colcon_core.package_discovery:Crawling recursively for packages in '/home/jonathan/rob_ws'
[0.464s] Level 1:colcon.colcon_core.package_identification:_identify(.) by extensions ['ignore', 'ignore_ament_install']
[0.464s] Level 1:colcon.colcon_core.package_identification:_identify(.) by extension 'ignore'
[0.464s] Level 1:colcon.colcon_core.package_identification:_identify(.) by extension 'ignore_ament_install'
[0.464s] Level 1:colcon.colcon_core.package_identification:_identify(.) by extensions ['colcon_pkg']
[0.464s] Level 1:colcon.colcon_core.package_identification:_identify(.) by extension 'colcon_pkg'
[0.464s] Level 1:colcon.colcon_core.package_identification:_identify(.) by extensions ['colcon_meta']
[0.464s] Level 1:colcon.colcon_core.package_identification:_identify(.) by extension 'colcon_meta'
[0.464s] Level 1:colcon.colcon_core.package_identification:_identify(.) by extensions ['ros']
[0.464s] Level 1:colcon.colcon_core.package_identification:_identify(.) by extension 'ros'
[0.482s] Level 1:colcon.colcon_core.package_identification:_identify(.) by extensions ['cmake', 'python']
[0.482s] Level 1:colcon.colcon_core.package_identification:_identify(.) by extension 'cmake'
[0.482s] Level 1:colcon.colcon_core.package_identification:_identify(.) by extension 'python'
[0.482s] Level 1:colcon.colcon_core.package_identification:_identify(.) by extensions ['python_setup_py']
[0.482s] Level 1:colcon.colcon_core.package_identification:_identify(.) by extension 'python_setup_py'
[0.482s] Level 1:colcon.colcon_core.package_identification:_identify(build) by extensions ['ignore', 'ignore_ament_install']
[0.482s] Level 1:colcon.colcon_core.package_identification:_identify(build) by extension 'ignore'
[0.482s] Level 1:colcon.colcon_core.package_identification:_identify(build) ignored
[0.482s] Level 1:colcon.colcon_core.package_identification:_identify(install) by extensions ['ignore', 'ignore_ament_install']
[0.483s] Level 1:colcon.colcon_core.package_identification:_identify(install) by extension 'ignore'
[0.483s] Level 1:colcon.colcon_core.package_identification:_identify(install) ignored
[0.483s] Level 1:colcon.colcon_core.package_identification:_identify(log) by extensions ['ignore', 'ignore_ament_install']
[0.483s] Level 1:colcon.colcon_core.package_identification:_identify(log) by extension 'ignore'
[0.483s] Level 1:colcon.colcon_core.package_identification:_identify(log) ignored
[0.483s] Level 1:colcon.colcon_core.package_identification:_identify(src) by extensions ['ignore', 'ignore_ament_install']
[0.483s] Level 1:colcon.colcon_core.package_identification:_identify(src) by extension 'ignore'
[0.483s] Level 1:colcon.colcon_core.package_identification:_identify(src) by extension 'ignore_ament_install'
[0.483s] Level 1:colcon.colcon_core.package_identification:_identify(src) by extensions ['colcon_pkg']
[0.483s] Level 1:colcon.colcon_core.package_identification:_identify(src) by extension 'colcon_pkg'
[0.483s] Level 1:colcon.colcon_core.package_identification:_identify(src) by extensions ['colcon_meta']
[0.483s] Level 1:colcon.colcon_core.package_identification:_identify(src) by extension 'colcon_meta'
[0.483s] Level 1:colcon.colcon_core.package_identification:_identify(src) by extensions ['ros']
[0.483s] Level 1:colcon.colcon_core.package_identification:_identify(src) by extension 'ros'
[0.484s] Level 1:colcon.colcon_core.package_identification:_identify(src) by extensions ['cmake', 'python']
[0.484s] Level 1:colcon.colcon_core.package_identification:_identify(src) by extension 'cmake'
[0.484s] Level 1:colcon.colcon_core.package_identification:_identify(src) by extension 'python'
[0.484s] Level 1:colcon.colcon_core.package_identification:_identify(src) by extensions ['python_setup_py']
[0.484s] Level 1:colcon.colcon_core.package_identification:_identify(src) by extension 'python_setup_py'
[0.484s] Level 1:colcon.colcon_core.package_identification:_identify(src/articubot_one) by extensions ['ignore', 'ignore_ament_install']
[0.484s] Level 1:colcon.colcon_core.package_identification:_identify(src/articubot_one) by extension 'ignore'
[0.484s] Level 1:colcon.colcon_core.package_identification:_identify(src/articubot_one) by extension 'ignore_ament_install'
[0.484s] Level 1:colcon.colcon_core.package_identification:_identify(src/articubot_one) by extensions ['colcon_pkg']
[0.484s] Level 1:colcon.colcon_core.package_identification:_identify(src/articubot_one) by extension 'colcon_pkg'
[0.484s] Level 1:colcon.colcon_core.package_identification:_identify(src/articubot_one) by extensions ['colcon_meta']
[0.484s] Level 1:colcon.colcon_core.package_identification:_identify(src/articubot_one) by extension 'colcon_meta'
[0.484s] Level 1:colcon.colcon_core.package_identification:_identify(src/articubot_one) by extensions ['ros']
[0.485s] Level 1:colcon.colcon_core.package_identification:_identify(src/articubot_one) by extension 'ros'
[0.488s] DEBUG:colcon.colcon_core.package_identification:Package 'src/articubot_one' with type 'ros.ament_cmake' and name 'articubot_one'
[0.489s] Level 1:colcon.colcon_core.package_identification:_identify(src/camera_ws) by extensions ['ignore', 'ignore_ament_install']
[0.489s] Level 1:colcon.colcon_core.package_identification:_identify(src/camera_ws) by extension 'ignore'
[0.489s] Level 1:colcon.colcon_core.package_identification:_identify(src/camera_ws) by extension 'ignore_ament_install'
[0.489s] Level 1:colcon.colcon_core.package_identification:_identify(src/camera_ws) by extensions ['colcon_pkg']
[0.489s] Level 1:colcon.colcon_core.package_identification:_identify(src/camera_ws) by extension 'colcon_pkg'
[0.489s] Level 1:colcon.colcon_core.package_identification:_identify(src/camera_ws) by extensions ['colcon_meta']
[0.489s] Level 1:colcon.colcon_core.package_identification:_identify(src/camera_ws) by extension 'colcon_meta'
[0.489s] Level 1:colcon.colcon_core.package_identification:_identify(src/camera_ws) by extensions ['ros']
[0.489s] Level 1:colcon.colcon_core.package_identification:_identify(src/camera_ws) by extension 'ros'
[0.490s] DEBUG:colcon.colcon_core.package_identification:Package 'src/camera_ws' with type 'ros.ament_python' and name 'camera_ws'
[0.490s] Level 1:colcon.colcon_core.package_identification:_identify(src/diffdrive_arduino) by extensions ['ignore', 'ignore_ament_install']
[0.490s] Level 1:colcon.colcon_core.package_identification:_identify(src/diffdrive_arduino) by extension 'ignore'
[0.490s] Level 1:colcon.colcon_core.package_identification:_identify(src/diffdrive_arduino) by extension 'ignore_ament_install'
[0.490s] Level 1:colcon.colcon_core.package_identification:_identify(src/diffdrive_arduino) by extensions ['colcon_pkg']
[0.490s] Level 1:colcon.colcon_core.package_identification:_identify(src/diffdrive_arduino) by extension 'colcon_pkg'
[0.491s] Level 1:colcon.colcon_core.package_identification:_identify(src/diffdrive_arduino) by extensions ['colcon_meta']
[0.491s] Level 1:colcon.colcon_core.package_identification:_identify(src/diffdrive_arduino) by extension 'colcon_meta'
[0.491s] Level 1:colcon.colcon_core.package_identification:_identify(src/diffdrive_arduino) by extensions ['ros']
[0.491s] Level 1:colcon.colcon_core.package_identification:_identify(src/diffdrive_arduino) by extension 'ros'
[0.493s] DEBUG:colcon.colcon_core.package_identification:Package 'src/diffdrive_arduino' with type 'ros.ament_cmake' and name 'diffdrive_arduino'
[0.493s] Level 1:colcon.colcon_core.package_identification:_identify(src/serial) by extensions ['ignore', 'ignore_ament_install']
[0.493s] Level 1:colcon.colcon_core.package_identification:_identify(src/serial) by extension 'ignore'
[0.493s] Level 1:colcon.colcon_core.package_identification:_identify(src/serial) by extension 'ignore_ament_install'
[0.493s] Level 1:colcon.colcon_core.package_identification:_identify(src/serial) by extensions ['colcon_pkg']
[0.494s] Level 1:colcon.colcon_core.package_identification:_identify(src/serial) by extension 'colcon_pkg'
[0.494s] Level 1:colcon.colcon_core.package_identification:_identify(src/serial) by extensions ['colcon_meta']
[0.494s] Level 1:colcon.colcon_core.package_identification:_identify(src/serial) by extension 'colcon_meta'
[0.494s] Level 1:colcon.colcon_core.package_identification:_identify(src/serial) by extensions ['ros']
[0.494s] Level 1:colcon.colcon_core.package_identification:_identify(src/serial) by extension 'ros'
[0.495s] DEBUG:colcon.colcon_core.package_identification:Package 'src/serial' with type 'ros.ament_cmake' and name 'serial'
[0.495s] Level 1:colcon.colcon_core.package_discovery:discover_packages(recursive) using defaults
[0.495s] Level 1:colcon.colcon_core.package_discovery:discover_packages(ignore) discover
[0.496s] Level 1:colcon.colcon_core.package_discovery:discover_packages(ignore) using defaults
[0.496s] Level 1:colcon.colcon_core.package_discovery:discover_packages(path) discover
[0.496s] Level 1:colcon.colcon_core.package_discovery:discover_packages(path) using defaults
[0.533s] Level 1:colcon.colcon_core.package_discovery:discover_packages(prefix_path) check parameters
[0.533s] Level 1:colcon.colcon_core.package_discovery:discover_packages(prefix_path) discover
[0.536s] DEBUG:colcon.colcon_installed_package_information.package_discovery:Found 4 installed packages in /home/jonathan/rob_ws/install
[0.539s] DEBUG:colcon.colcon_installed_package_information.package_discovery:Found 349 installed packages in /opt/ros/humble
[0.557s] Level 1:colcon.colcon_core.package_discovery:discover_packages(prefix_path) using defaults
[0.659s] Level 5:colcon.colcon_core.verb:set package 'articubot_one' build argument 'cmake_args' from command line to 'None'
[0.659s] Level 5:colcon.colcon_core.verb:set package 'articubot_one' build argument 'cmake_target' from command line to 'None'
[0.659s] Level 5:colcon.colcon_core.verb:set package 'articubot_one' build argument 'cmake_target_skip_unavailable' from command line to 'False'
[0.659s] Level 5:colcon.colcon_core.verb:set package 'articubot_one' build argument 'cmake_clean_cache' from command line to 'False'
[0.659s] Level 5:colcon.colcon_core.verb:set package 'articubot_one' build argument 'cmake_clean_first' from command line to 'False'
[0.659s] Level 5:colcon.colcon_core.verb:set package 'articubot_one' build argument 'cmake_force_configure' from command line to 'False'
[0.659s] Level 5:colcon.colcon_core.verb:set package 'articubot_one' build argument 'ament_cmake_args' from command line to 'None'
[0.660s] Level 5:colcon.colcon_core.verb:set package 'articubot_one' build argument 'catkin_cmake_args' from command line to 'None'
[0.660s] Level 5:colcon.colcon_core.verb:set package 'articubot_one' build argument 'catkin_skip_building_tests' from command line to 'False'
[0.660s] DEBUG:colcon.colcon_core.verb:Building package 'articubot_one' with the following arguments: {'ament_cmake_args': None, 'build_base': '/home/jonathan/rob_ws/build/articubot_one', 'catkin_cmake_args': None, 'catkin_skip_building_tests': False, 'cmake_args': None, 'cmake_clean_cache': False, 'cmake_clean_first': False, 'cmake_force_configure': False, 'cmake_target': None, 'cmake_target_skip_unavailable': False, 'install_base': '/home/jonathan/rob_ws/install/articubot_one', 'merge_install': False, 'path': '/home/jonathan/rob_ws/src/articubot_one', 'symlink_install': False, 'test_result_base': None}
[0.660s] Level 5:colcon.colcon_core.verb:set package 'camera_ws' build argument 'cmake_args' from command line to 'None'
[0.660s] Level 5:colcon.colcon_core.verb:set package 'camera_ws' build argument 'cmake_target' from command line to 'None'
[0.660s] Level 5:colcon.colcon_core.verb:set package 'camera_ws' build argument 'cmake_target_skip_unavailable' from command line to 'False'
[0.660s] Level 5:colcon.colcon_core.verb:set package 'camera_ws' build argument 'cmake_clean_cache' from command line to 'False'
[0.660s] Level 5:colcon.colcon_core.verb:set package 'camera_ws' build argument 'cmake_clean_first' from command line to 'False'
[0.660s] Level 5:colcon.colcon_core.verb:set package 'camera_ws' build argument 'cmake_force_configure' from command line to 'False'
[0.661s] Level 5:colcon.colcon_core.verb:set package 'camera_ws' build argument 'ament_cmake_args' from command line to 'None'
[0.661s] Level 5:colcon.colcon_core.verb:set package 'camera_ws' build argument 'catkin_cmake_args' from command line to 'None'
[0.661s] Level 5:colcon.colcon_core.verb:set package 'camera_ws' build argument 'catkin_skip_building_tests' from command line to 'False'
[0.661s] DEBUG:colcon.colcon_core.verb:Building package 'camera_ws' with the following arguments: {'ament_cmake_args': None, 'build_base': '/home/jonathan/rob_ws/build/camera_ws', 'catkin_cmake_args': None, 'catkin_skip_building_tests': False, 'cmake_args': None, 'cmake_clean_cache': False, 'cmake_clean_first': False, 'cmake_force_configure': False, 'cmake_target': None, 'cmake_target_skip_unavailable': False, 'install_base': '/home/jonathan/rob_ws/install/camera_ws', 'merge_install': False, 'path': '/home/jonathan/rob_ws/src/camera_ws', 'symlink_install': False, 'test_result_base': None}
[0.661s] Level 5:colcon.colcon_core.verb:set package 'serial' build argument 'cmake_args' from command line to 'None'
[0.661s] Level 5:colcon.colcon_core.verb:set package 'serial' build argument 'cmake_target' from command line to 'None'
[0.661s] Level 5:colcon.colcon_core.verb:set package 'serial' build argument 'cmake_target_skip_unavailable' from command line to 'False'
[0.661s] Level 5:colcon.colcon_core.verb:set package 'serial' build argument 'cmake_clean_cache' from command line to 'False'
[0.661s] Level 5:colcon.colcon_core.verb:set package 'serial' build argument 'cmake_clean_first' from command line to 'False'
[0.661s] Level 5:colcon.colcon_core.verb:set package 'serial' build argument 'cmake_force_configure' from command line to 'False'
[0.661s] Level 5:colcon.colcon_core.verb:set package 'serial' build argument 'ament_cmake_args' from command line to 'None'
[0.662s] Level 5:colcon.colcon_core.verb:set package 'serial' build argument 'catkin_cmake_args' from command line to 'None'
[0.662s] Level 5:colcon.colcon_core.verb:set package 'serial' build argument 'catkin_skip_building_tests' from command line to 'False'
[0.662s] DEBUG:colcon.colcon_core.verb:Building package 'serial' with the following arguments: {'ament_cmake_args': None, 'build_base': '/home/jonathan/rob_ws/build/serial', 'catkin_cmake_args': None, 'catkin_skip_building_tests': False, 'cmake_args': None, 'cmake_clean_cache': False, 'cmake_clean_first': False, 'cmake_force_configure': False, 'cmake_target': None, 'cmake_target_skip_unavailable': False, 'install_base': '/home/jonathan/rob_ws/install/serial', 'merge_install': False, 'path': '/home/jonathan/rob_ws/src/serial', 'symlink_install': False, 'test_result_base': None}
[0.662s] Level 5:colcon.colcon_core.verb:set package 'diffdrive_arduino' build argument 'cmake_args' from command line to 'None'
[0.662s] Level 5:colcon.colcon_core.verb:set package 'diffdrive_arduino' build argument 'cmake_target' from command line to 'None'
[0.662s] Level 5:colcon.colcon_core.verb:set package 'diffdrive_arduino' build argument 'cmake_target_skip_unavailable' from command line to 'False'
[0.662s] Level 5:colcon.colcon_core.verb:set package 'diffdrive_arduino' build argument 'cmake_clean_cache' from command line to 'False'
[0.662s] Level 5:colcon.colcon_core.verb:set package 'diffdrive_arduino' build argument 'cmake_clean_first' from command line to 'False'
[0.662s] Level 5:colcon.colcon_core.verb:set package 'diffdrive_arduino' build argument 'cmake_force_configure' from command line to 'False'
[0.662s] Level 5:colcon.colcon_core.verb:set package 'diffdrive_arduino' build argument 'ament_cmake_args' from command line to 'None'
[0.662s] Level 5:colcon.colcon_core.verb:set package 'diffdrive_arduino' build argument 'catkin_cmake_args' from command line to 'None'
[0.663s] Level 5:colcon.colcon_core.verb:set package 'diffdrive_arduino' build argument 'catkin_skip_building_tests' from command line to 'False'
[0.663s] DEBUG:colcon.colcon_core.verb:Building package 'diffdrive_arduino' with the following arguments: {'ament_cmake_args': None, 'build_base': '/home/jonathan/rob_ws/build/diffdrive_arduino', 'catkin_cmake_args': None, 'catkin_skip_building_tests': False, 'cmake_args': None, 'cmake_clean_cache': False, 'cmake_clean_first': False, 'cmake_force_configure': False, 'cmake_target': None, 'cmake_target_skip_unavailable': False, 'install_base': '/home/jonathan/rob_ws/install/diffdrive_arduino', 'merge_install': False, 'path': '/home/jonathan/rob_ws/src/diffdrive_arduino', 'symlink_install': False, 'test_result_base': None}
[0.663s] INFO:colcon.colcon_core.executor:Executing jobs using 'parallel' executor
[0.664s] DEBUG:colcon.colcon_parallel_executor.executor.parallel:run_until_complete
[0.665s] INFO:colcon.colcon_ros.task.ament_cmake.build:Building ROS package in '/home/jonathan/rob_ws/src/serial' with build type 'ament_cmake'
[0.665s] INFO:colcon.colcon_cmake.task.cmake.build:Building CMake package in '/home/jonathan/rob_ws/src/serial'
[0.668s] INFO:colcon.colcon_core.plugin_system:Skipping extension 'colcon_core.shell.bat': Not used on non-Windows systems
[0.668s] INFO:colcon.colcon_core.shell:Skip shell extension 'powershell' for command environment: Not usable outside of PowerShell
[0.668s] DEBUG:colcon.colcon_core.shell:Skip shell extension 'dsv' for command environment
[0.675s] INFO:colcon.colcon_ros.task.ament_cmake.build:Building ROS package in '/home/jonathan/rob_ws/src/articubot_one' with build type 'ament_cmake'
[0.675s] INFO:colcon.colcon_cmake.task.cmake.build:Building CMake package in '/home/jonathan/rob_ws/src/articubot_one'
[0.676s] INFO:colcon.colcon_core.shell:Skip shell extension 'powershell' for command environment: Not usable outside of PowerShell
[0.676s] DEBUG:colcon.colcon_core.shell:Skip shell extension 'dsv' for command environment
[0.703s] DEBUG:colcon.colcon_core.event_handler.log_command:Invoking command in '/home/jonathan/rob_ws/build/serial': CMAKE_PREFIX_PATH=${CMAKE_PREFIX_PATH}:/home/jonathan/rob_ws/install/camera_ws:/opt/ros/humble /usr/bin/cmake --build /home/jonathan/rob_ws/build/serial -- -j2 -l2
[0.721s] DEBUG:colcon.colcon_core.event_handler.log_command:Invoking command in '/home/jonathan/rob_ws/build/articubot_one': CMAKE_PREFIX_PATH=${CMAKE_PREFIX_PATH}:/home/jonathan/rob_ws/install/camera_ws:/opt/ros/humble /usr/bin/cmake --build /home/jonathan/rob_ws/build/articubot_one -- -j2 -l2
[0.872s] DEBUG:colcon.colcon_core.event_handler.log_command:Invoked command in '/home/jonathan/rob_ws/build/articubot_one' returned '0': CMAKE_PREFIX_PATH=${CMAKE_PREFIX_PATH}:/home/jonathan/rob_ws/install/camera_ws:/opt/ros/humble /usr/bin/cmake --build /home/jonathan/rob_ws/build/articubot_one -- -j2 -l2
[0.943s] DEBUG:colcon.colcon_core.event_handler.log_command:Invoking command in '/home/jonathan/rob_ws/build/articubot_one': CMAKE_PREFIX_PATH=${CMAKE_PREFIX_PATH}:/home/jonathan/rob_ws/install/camera_ws:/opt/ros/humble /usr/bin/cmake --install /home/jonathan/rob_ws/build/articubot_one
[1.051s] Level 1:colcon.colcon_core.environment:create_environment_scripts_only(articubot_one)
[1.052s] DEBUG:colcon.colcon_core.event_handler.log_command:Invoked command in '/home/jonathan/rob_ws/build/articubot_one' returned '0': CMAKE_PREFIX_PATH=${CMAKE_PREFIX_PATH}:/home/jonathan/rob_ws/install/camera_ws:/opt/ros/humble /usr/bin/cmake --install /home/jonathan/rob_ws/build/articubot_one
[1.055s] Level 1:colcon.colcon_core.environment:checking '/home/jonathan/rob_ws/install/articubot_one' for CMake module files
[1.057s] Level 1:colcon.colcon_core.environment:checking '/home/jonathan/rob_ws/install/articubot_one' for CMake config files
[1.057s] Level 1:colcon.colcon_core.shell:create_environment_hook('articubot_one', 'cmake_prefix_path')
[1.058s] INFO:colcon.colcon_core.shell:Creating environment hook '/home/jonathan/rob_ws/install/articubot_one/share/articubot_one/hook/cmake_prefix_path.ps1'
[1.059s] INFO:colcon.colcon_core.shell:Creating environment descriptor '/home/jonathan/rob_ws/install/articubot_one/share/articubot_one/hook/cmake_prefix_path.dsv'
[1.059s] INFO:colcon.colcon_core.shell:Creating environment hook '/home/jonathan/rob_ws/install/articubot_one/share/articubot_one/hook/cmake_prefix_path.sh'
[1.061s] Level 1:colcon.colcon_core.environment:checking '/home/jonathan/rob_ws/install/articubot_one/bin'
[1.061s] Level 1:colcon.colcon_core.environment:checking '/home/jonathan/rob_ws/install/articubot_one/lib/pkgconfig/articubot_one.pc'
[1.061s] Level 1:colcon.colcon_core.environment:checking '/home/jonathan/rob_ws/install/articubot_one/lib/python3.10/site-packages'
[1.061s] Level 1:colcon.colcon_core.environment:checking '/home/jonathan/rob_ws/install/articubot_one/bin'
[1.062s] INFO:colcon.colcon_core.shell:Creating package script '/home/jonathan/rob_ws/install/articubot_one/share/articubot_one/package.ps1'
[1.063s] INFO:colcon.colcon_core.shell:Creating package descriptor '/home/jonathan/rob_ws/install/articubot_one/share/articubot_one/package.dsv'
[1.064s] INFO:colcon.colcon_core.shell:Creating package script '/home/jonathan/rob_ws/install/articubot_one/share/articubot_one/package.sh'
[1.066s] INFO:colcon.colcon_core.shell:Creating package script '/home/jonathan/rob_ws/install/articubot_one/share/articubot_one/package.bash'
[1.067s] INFO:colcon.colcon_core.shell:Creating package script '/home/jonathan/rob_ws/install/articubot_one/share/articubot_one/package.zsh'
[1.068s] Level 1:colcon.colcon_core.environment:create_file_with_runtime_dependencies(/home/jonathan/rob_ws/install/articubot_one/share/colcon-core/packages/articubot_one)
[1.100s] Level 1:colcon.colcon_core.environment:create_environment_scripts_only(articubot_one)
[1.101s] Level 1:colcon.colcon_core.environment:checking '/home/jonathan/rob_ws/install/articubot_one' for CMake module files
[1.101s] Level 1:colcon.colcon_core.environment:checking '/home/jonathan/rob_ws/install/articubot_one' for CMake config files
[1.102s] Level 1:colcon.colcon_core.shell:create_environment_hook('articubot_one', 'cmake_prefix_path')
[1.102s] INFO:colcon.colcon_core.shell:Creating environment hook '/home/jonathan/rob_ws/install/articubot_one/share/articubot_one/hook/cmake_prefix_path.ps1'
[1.103s] INFO:colcon.colcon_core.shell:Creating environment descriptor '/home/jonathan/rob_ws/install/articubot_one/share/articubot_one/hook/cmake_prefix_path.dsv'
[1.103s] INFO:colcon.colcon_core.shell:Creating environment hook '/home/jonathan/rob_ws/install/articubot_one/share/articubot_one/hook/cmake_prefix_path.sh'
[1.104s] Level 1:colcon.colcon_core.environment:checking '/home/jonathan/rob_ws/install/articubot_one/bin'
[1.104s] Level 1:colcon.colcon_core.environment:checking '/home/jonathan/rob_ws/install/articubot_one/lib/pkgconfig/articubot_one.pc'
[1.106s] Level 1:colcon.colcon_core.environment:checking '/home/jonathan/rob_ws/install/articubot_one/lib/python3.10/site-packages'
[1.106s] Level 1:colcon.colcon_core.environment:checking '/home/jonathan/rob_ws/install/articubot_one/bin'
[1.107s] INFO:colcon.colcon_core.shell:Creating package script '/home/jonathan/rob_ws/install/articubot_one/share/articubot_one/package.ps1'
[1.109s] INFO:colcon.colcon_core.shell:Creating package descriptor '/home/jonathan/rob_ws/install/articubot_one/share/articubot_one/package.dsv'
[1.110s] INFO:colcon.colcon_core.shell:Creating package script '/home/jonathan/rob_ws/install/articubot_one/share/articubot_one/package.sh'
[1.111s] INFO:colcon.colcon_core.shell:Creating package script '/home/jonathan/rob_ws/install/articubot_one/share/articubot_one/package.bash'
[1.112s] INFO:colcon.colcon_core.shell:Creating package script '/home/jonathan/rob_ws/install/articubot_one/share/articubot_one/package.zsh'
[1.117s] Level 1:colcon.colcon_core.environment:create_file_with_runtime_dependencies(/home/jonathan/rob_ws/install/articubot_one/share/colcon-core/packages/articubot_one)
[1.117s] INFO:colcon.colcon_ros.task.ament_python.build:Building ROS package in '/home/jonathan/rob_ws/src/camera_ws' with build type 'ament_python'
[1.118s] Level 1:colcon.colcon_core.shell:create_environment_hook('camera_ws', 'ament_prefix_path')
[1.118s] INFO:colcon.colcon_core.shell:Creating environment hook '/home/jonathan/rob_ws/install/camera_ws/share/camera_ws/hook/ament_prefix_path.ps1'
[1.121s] INFO:colcon.colcon_core.shell:Creating environment descriptor '/home/jonathan/rob_ws/install/camera_ws/share/camera_ws/hook/ament_prefix_path.dsv'
[1.124s] INFO:colcon.colcon_core.shell:Creating environment hook '/home/jonathan/rob_ws/install/camera_ws/share/camera_ws/hook/ament_prefix_path.sh'
[1.126s] INFO:colcon.colcon_core.shell:Skip shell extension 'powershell' for command environment: Not usable outside of PowerShell
[1.127s] DEBUG:colcon.colcon_core.shell:Skip shell extension 'dsv' for command environment
[1.877s] INFO:colcon.colcon_core.task.python.build:Building Python package in '/home/jonathan/rob_ws/src/camera_ws'
[1.878s] INFO:colcon.colcon_core.shell:Skip shell extension 'powershell' for command environment: Not usable outside of PowerShell
[1.878s] DEBUG:colcon.colcon_core.shell:Skip shell extension 'dsv' for command environment
[3.220s] DEBUG:colcon.colcon_core.event_handler.log_command:Invoking command in '/home/jonathan/rob_ws/src/camera_ws': PYTHONPATH=/home/jonathan/rob_ws/build/camera_ws/prefix_override:/usr/lib/python3/dist-packages/colcon_core/task/python/colcon_distutils_commands:/home/jonathan/rob_ws/install/camera_ws/lib/python3.10/site-packages:${PYTHONPATH} /usr/bin/python3 -W ignore:setup.py install is deprecated setup.py egg_info --egg-base ../../build/camera_ws build --build-base /home/jonathan/rob_ws/build/camera_ws/build install --record /home/jonathan/rob_ws/build/camera_ws/install.log --single-version-externally-managed install_data
[4.235s] Level 1:colcon.colcon_core.environment:checking '/home/jonathan/rob_ws/install/camera_ws' for CMake module files
[4.236s] Level 1:colcon.colcon_core.environment:checking '/home/jonathan/rob_ws/install/camera_ws' for CMake config files
[4.237s] Level 1:colcon.colcon_core.environment:checking '/home/jonathan/rob_ws/install/camera_ws/lib'
[4.240s] Level 1:colcon.colcon_core.environment:checking '/home/jonathan/rob_ws/install/camera_ws/bin'
[4.241s] Level 1:colcon.colcon_core.environment:checking '/home/jonathan/rob_ws/install/camera_ws/lib/pkgconfig/camera_ws.pc'
[4.241s] Level 1:colcon.colcon_core.environment:checking '/home/jonathan/rob_ws/install/camera_ws/lib/python3.10/site-packages'
[4.241s] Level 1:colcon.colcon_core.shell:create_environment_hook('camera_ws', 'pythonpath')
[4.242s] INFO:colcon.colcon_core.shell:Creating environment hook '/home/jonathan/rob_ws/install/camera_ws/share/camera_ws/hook/pythonpath.ps1'
[4.240s] DEBUG:colcon.colcon_core.event_handler.log_command:Invoked command in '/home/jonathan/rob_ws/src/camera_ws' returned '0': PYTHONPATH=/home/jonathan/rob_ws/build/camera_ws/prefix_override:/usr/lib/python3/dist-packages/colcon_core/task/python/colcon_distutils_commands:/home/jonathan/rob_ws/install/camera_ws/lib/python3.10/site-packages:${PYTHONPATH} /usr/bin/python3 -W ignore:setup.py install is deprecated setup.py egg_info --egg-base ../../build/camera_ws build --build-base /home/jonathan/rob_ws/build/camera_ws/build install --record /home/jonathan/rob_ws/build/camera_ws/install.log --single-version-externally-managed install_data
[4.242s] INFO:colcon.colcon_core.shell:Creating environment descriptor '/home/jonathan/rob_ws/install/camera_ws/share/camera_ws/hook/pythonpath.dsv'
[4.245s] INFO:colcon.colcon_core.shell:Creating environment hook '/home/jonathan/rob_ws/install/camera_ws/share/camera_ws/hook/pythonpath.sh'
[4.248s] Level 1:colcon.colcon_core.environment:checking '/home/jonathan/rob_ws/install/camera_ws/bin'
[4.249s] Level 1:colcon.colcon_core.environment:create_environment_scripts_only(camera_ws)
[4.249s] INFO:colcon.colcon_core.shell:Creating package script '/home/jonathan/rob_ws/install/camera_ws/share/camera_ws/package.ps1'
[4.252s] INFO:colcon.colcon_core.shell:Creating package descriptor '/home/jonathan/rob_ws/install/camera_ws/share/camera_ws/package.dsv'
[4.256s] INFO:colcon.colcon_core.shell:Creating package script '/home/jonathan/rob_ws/install/camera_ws/share/camera_ws/package.sh'
[4.257s] INFO:colcon.colcon_core.shell:Creating package script '/home/jonathan/rob_ws/install/camera_ws/share/camera_ws/package.bash'
[4.258s] INFO:colcon.colcon_core.shell:Creating package script '/home/jonathan/rob_ws/install/camera_ws/share/camera_ws/package.zsh'
[4.260s] Level 1:colcon.colcon_core.environment:create_file_with_runtime_dependencies(/home/jonathan/rob_ws/install/camera_ws/share/colcon-core/packages/camera_ws)
[10.707s] DEBUG:colcon.colcon_core.event_handler.log_command:Invoked command in '/home/jonathan/rob_ws/build/serial' returned '0': CMAKE_PREFIX_PATH=${CMAKE_PREFIX_PATH}:/home/jonathan/rob_ws/install/camera_ws:/opt/ros/humble /usr/bin/cmake --build /home/jonathan/rob_ws/build/serial -- -j2 -l2
[10.767s] DEBUG:colcon.colcon_core.event_handler.log_command:Invoking command in '/home/jonathan/rob_ws/build/serial': CMAKE_PREFIX_PATH=${CMAKE_PREFIX_PATH}:/home/jonathan/rob_ws/install/camera_ws:/opt/ros/humble /usr/bin/cmake --install /home/jonathan/rob_ws/build/serial
[10.826s] Level 1:colcon.colcon_core.environment:create_environment_scripts_only(serial)
[10.827s] Level 1:colcon.colcon_core.environment:checking '/home/jonathan/rob_ws/install/serial' for CMake module files
[10.828s] DEBUG:colcon.colcon_core.event_handler.log_command:Invoked command in '/home/jonathan/rob_ws/build/serial' returned '0': CMAKE_PREFIX_PATH=${CMAKE_PREFIX_PATH}:/home/jonathan/rob_ws/install/camera_ws:/opt/ros/humble /usr/bin/cmake --install /home/jonathan/rob_ws/build/serial
[10.830s] Level 1:colcon.colcon_core.environment:checking '/home/jonathan/rob_ws/install/serial' for CMake config files
[10.830s] Level 1:colcon.colcon_core.shell:create_environment_hook('serial', 'cmake_prefix_path')
[10.833s] INFO:colcon.colcon_core.shell:Creating environment hook '/home/jonathan/rob_ws/install/serial/share/serial/hook/cmake_prefix_path.ps1'
[10.834s] INFO:colcon.colcon_core.shell:Creating environment descriptor '/home/jonathan/rob_ws/install/serial/share/serial/hook/cmake_prefix_path.dsv'
[10.834s] INFO:colcon.colcon_core.shell:Creating environment hook '/home/jonathan/rob_ws/install/serial/share/serial/hook/cmake_prefix_path.sh'
[10.835s] Level 1:colcon.colcon_core.environment:checking '/home/jonathan/rob_ws/install/serial/lib'
[10.835s] Level 1:colcon.colcon_core.environment:checking '/home/jonathan/rob_ws/install/serial/bin'
[10.835s] Level 1:colcon.colcon_core.environment:checking '/home/jonathan/rob_ws/install/serial/lib/pkgconfig/serial.pc'
[10.836s] Level 1:colcon.colcon_core.environment:checking '/home/jonathan/rob_ws/install/serial/lib/python3.10/site-packages'
[10.836s] Level 1:colcon.colcon_core.environment:checking '/home/jonathan/rob_ws/install/serial/bin'
[10.836s] INFO:colcon.colcon_core.shell:Creating package script '/home/jonathan/rob_ws/install/serial/share/serial/package.ps1'
[10.839s] INFO:colcon.colcon_core.shell:Creating package descriptor '/home/jonathan/rob_ws/install/serial/share/serial/package.dsv'
[10.839s] INFO:colcon.colcon_core.shell:Creating package script '/home/jonathan/rob_ws/install/serial/share/serial/package.sh'
[10.842s] INFO:colcon.colcon_core.shell:Creating package script '/home/jonathan/rob_ws/install/serial/share/serial/package.bash'
[10.842s] INFO:colcon.colcon_core.shell:Creating package script '/home/jonathan/rob_ws/install/serial/share/serial/package.zsh'
[10.843s] Level 1:colcon.colcon_core.environment:create_file_with_runtime_dependencies(/home/jonathan/rob_ws/install/serial/share/colcon-core/packages/serial)
[10.913s] Level 1:colcon.colcon_core.environment:create_environment_scripts_only(serial)
[10.913s] Level 1:colcon.colcon_core.environment:checking '/home/jonathan/rob_ws/install/serial' for CMake module files
[10.914s] Level 1:colcon.colcon_core.environment:checking '/home/jonathan/rob_ws/install/serial' for CMake config files
[10.915s] Level 1:colcon.colcon_core.shell:create_environment_hook('serial', 'cmake_prefix_path')
[10.915s] INFO:colcon.colcon_core.shell:Creating environment hook '/home/jonathan/rob_ws/install/serial/share/serial/hook/cmake_prefix_path.ps1'
[10.916s] INFO:colcon.colcon_core.shell:Creating environment descriptor '/home/jonathan/rob_ws/install/serial/share/serial/hook/cmake_prefix_path.dsv'
[10.916s] INFO:colcon.colcon_core.shell:Creating environment hook '/home/jonathan/rob_ws/install/serial/share/serial/hook/cmake_prefix_path.sh'
[10.917s] Level 1:colcon.colcon_core.environment:checking '/home/jonathan/rob_ws/install/serial/lib'
[10.917s] Level 1:colcon.colcon_core.environment:checking '/home/jonathan/rob_ws/install/serial/bin'
[10.917s] Level 1:colcon.colcon_core.environment:checking '/home/jonathan/rob_ws/install/serial/lib/pkgconfig/serial.pc'
[10.918s] Level 1:colcon.colcon_core.environment:checking '/home/jonathan/rob_ws/install/serial/lib/python3.10/site-packages'
[10.918s] Level 1:colcon.colcon_core.environment:checking '/home/jonathan/rob_ws/install/serial/bin'
[10.919s] INFO:colcon.colcon_core.shell:Creating package script '/home/jonathan/rob_ws/install/serial/share/serial/package.ps1'
[10.919s] INFO:colcon.colcon_core.shell:Creating package descriptor '/home/jonathan/rob_ws/install/serial/share/serial/package.dsv'
[10.920s] INFO:colcon.colcon_core.shell:Creating package script '/home/jonathan/rob_ws/install/serial/share/serial/package.sh'
[10.921s] INFO:colcon.colcon_core.shell:Creating package script '/home/jonathan/rob_ws/install/serial/share/serial/package.bash'
[10.921s] INFO:colcon.colcon_core.shell:Creating package script '/home/jonathan/rob_ws/install/serial/share/serial/package.zsh'
[10.922s] Level 1:colcon.colcon_core.environment:create_file_with_runtime_dependencies(/home/jonathan/rob_ws/install/serial/share/colcon-core/packages/serial)
[10.922s] INFO:colcon.colcon_ros.task.ament_cmake.build:Building ROS package in '/home/jonathan/rob_ws/src/diffdrive_arduino' with build type 'ament_cmake'
[10.922s] INFO:colcon.colcon_cmake.task.cmake.build:Building CMake package in '/home/jonathan/rob_ws/src/diffdrive_arduino'
[10.924s] INFO:colcon.colcon_core.shell:Skip shell extension 'powershell' for command environment: Not usable outside of PowerShell
[10.926s] DEBUG:colcon.colcon_core.shell:Skip shell extension 'dsv' for command environment
[10.949s] DEBUG:colcon.colcon_core.event_handler.log_command:Invoking command in '/home/jonathan/rob_ws/build/diffdrive_arduino': CMAKE_PREFIX_PATH=/home/jonathan/rob_ws/install/serial:/home/jonathan/rob_ws/install/diffdrive_arduino:/home/jonathan/rob_ws/install/articubot_one:/home/jonathan/rob_ws/install/camera_ws:/opt/ros/humble /usr/bin/cmake --build /home/jonathan/rob_ws/build/diffdrive_arduino -- -j2 -l2
[22.742s] DEBUG:colcon.colcon_core.event_handler.log_command:Invoked command in '/home/jonathan/rob_ws/build/diffdrive_arduino' returned '0': CMAKE_PREFIX_PATH=/home/jonathan/rob_ws/install/serial:/home/jonathan/rob_ws/install/diffdrive_arduino:/home/jonathan/rob_ws/install/articubot_one:/home/jonathan/rob_ws/install/camera_ws:/opt/ros/humble /usr/bin/cmake --build /home/jonathan/rob_ws/build/diffdrive_arduino -- -j2 -l2
[22.804s] DEBUG:colcon.colcon_core.event_handler.log_command:Invoking command in '/home/jonathan/rob_ws/build/diffdrive_arduino': CMAKE_PREFIX_PATH=/home/jonathan/rob_ws/install/serial:/home/jonathan/rob_ws/install/diffdrive_arduino:/home/jonathan/rob_ws/install/articubot_one:/home/jonathan/rob_ws/install/camera_ws:/opt/ros/humble /usr/bin/cmake --install /home/jonathan/rob_ws/build/diffdrive_arduino
[22.866s] Level 1:colcon.colcon_core.environment:create_environment_scripts_only(diffdrive_arduino)
[22.866s] Level 1:colcon.colcon_core.environment:checking '/home/jonathan/rob_ws/install/diffdrive_arduino' for CMake module files
[22.868s] DEBUG:colcon.colcon_core.event_handler.log_command:Invoked command in '/home/jonathan/rob_ws/build/diffdrive_arduino' returned '0': CMAKE_PREFIX_PATH=/home/jonathan/rob_ws/install/serial:/home/jonathan/rob_ws/install/diffdrive_arduino:/home/jonathan/rob_ws/install/articubot_one:/home/jonathan/rob_ws/install/camera_ws:/opt/ros/humble /usr/bin/cmake --install /home/jonathan/rob_ws/build/diffdrive_arduino
[22.868s] Level 1:colcon.colcon_core.environment:checking '/home/jonathan/rob_ws/install/diffdrive_arduino' for CMake config files
[22.871s] Level 1:colcon.colcon_core.shell:create_environment_hook('diffdrive_arduino', 'cmake_prefix_path')
[22.872s] INFO:colcon.colcon_core.shell:Creating environment hook '/home/jonathan/rob_ws/install/diffdrive_arduino/share/diffdrive_arduino/hook/cmake_prefix_path.ps1'
[22.873s] INFO:colcon.colcon_core.shell:Creating environment descriptor '/home/jonathan/rob_ws/install/diffdrive_arduino/share/diffdrive_arduino/hook/cmake_prefix_path.dsv'
[22.873s] INFO:colcon.colcon_core.shell:Creating environment hook '/home/jonathan/rob_ws/install/diffdrive_arduino/share/diffdrive_arduino/hook/cmake_prefix_path.sh'
[22.874s] Level 1:colcon.colcon_core.environment:checking '/home/jonathan/rob_ws/install/diffdrive_arduino/lib'
[22.874s] Level 1:colcon.colcon_core.shell:create_environment_hook('diffdrive_arduino', 'ld_library_path_lib')
[22.875s] INFO:colcon.colcon_core.shell:Creating environment hook '/home/jonathan/rob_ws/install/diffdrive_arduino/share/diffdrive_arduino/hook/ld_library_path_lib.ps1'
[22.875s] INFO:colcon.colcon_core.shell:Creating environment descriptor '/home/jonathan/rob_ws/install/diffdrive_arduino/share/diffdrive_arduino/hook/ld_library_path_lib.dsv'
[22.876s] INFO:colcon.colcon_core.shell:Creating environment hook '/home/jonathan/rob_ws/install/diffdrive_arduino/share/diffdrive_arduino/hook/ld_library_path_lib.sh'
[22.876s] Level 1:colcon.colcon_core.environment:checking '/home/jonathan/rob_ws/install/diffdrive_arduino/bin'
[22.876s] Level 1:colcon.colcon_core.environment:checking '/home/jonathan/rob_ws/install/diffdrive_arduino/lib/pkgconfig/diffdrive_arduino.pc'
[22.877s] Level 1:colcon.colcon_core.environment:checking '/home/jonathan/rob_ws/install/diffdrive_arduino/lib/python3.10/site-packages'
[22.877s] Level 1:colcon.colcon_core.environment:checking '/home/jonathan/rob_ws/install/diffdrive_arduino/bin'
[22.878s] INFO:colcon.colcon_core.shell:Creating package script '/home/jonathan/rob_ws/install/diffdrive_arduino/share/diffdrive_arduino/package.ps1'
[22.879s] INFO:colcon.colcon_core.shell:Creating package descriptor '/home/jonathan/rob_ws/install/diffdrive_arduino/share/diffdrive_arduino/package.dsv'
[22.880s] INFO:colcon.colcon_core.shell:Creating package script '/home/jonathan/rob_ws/install/diffdrive_arduino/share/diffdrive_arduino/package.sh'
[22.881s] INFO:colcon.colcon_core.shell:Creating package script '/home/jonathan/rob_ws/install/diffdrive_arduino/share/diffdrive_arduino/package.bash'
[22.881s] INFO:colcon.colcon_core.shell:Creating package script '/home/jonathan/rob_ws/install/diffdrive_arduino/share/diffdrive_arduino/package.zsh'
[22.882s] Level 1:colcon.colcon_core.environment:create_file_with_runtime_dependencies(/home/jonathan/rob_ws/install/diffdrive_arduino/share/colcon-core/packages/diffdrive_arduino)
[22.927s] Level 1:colcon.colcon_core.environment:create_environment_scripts_only(diffdrive_arduino)
[22.928s] Level 1:colcon.colcon_core.environment:checking '/home/jonathan/rob_ws/install/diffdrive_arduino' for CMake module files
[22.929s] Level 1:colcon.colcon_core.environment:checking '/home/jonathan/rob_ws/install/diffdrive_arduino' for CMake config files
[22.929s] Level 1:colcon.colcon_core.shell:create_environment_hook('diffdrive_arduino', 'cmake_prefix_path')
[22.930s] INFO:colcon.colcon_core.shell:Creating environment hook '/home/jonathan/rob_ws/install/diffdrive_arduino/share/diffdrive_arduino/hook/cmake_prefix_path.ps1'
[22.930s] INFO:colcon.colcon_core.shell:Creating environment descriptor '/home/jonathan/rob_ws/install/diffdrive_arduino/share/diffdrive_arduino/hook/cmake_prefix_path.dsv'
[22.931s] INFO:colcon.colcon_core.shell:Creating environment hook '/home/jonathan/rob_ws/install/diffdrive_arduino/share/diffdrive_arduino/hook/cmake_prefix_path.sh'
[22.932s] Level 1:colcon.colcon_core.environment:checking '/home/jonathan/rob_ws/install/diffdrive_arduino/lib'
[22.932s] Level 1:colcon.colcon_core.shell:create_environment_hook('diffdrive_arduino', 'ld_library_path_lib')
[22.932s] INFO:colcon.colcon_core.shell:Creating environment hook '/home/jonathan/rob_ws/install/diffdrive_arduino/share/diffdrive_arduino/hook/ld_library_path_lib.ps1'
[22.933s] INFO:colcon.colcon_core.shell:Creating environment descriptor '/home/jonathan/rob_ws/install/diffdrive_arduino/share/diffdrive_arduino/hook/ld_library_path_lib.dsv'
[22.933s] INFO:colcon.colcon_core.shell:Creating environment hook '/home/jonathan/rob_ws/install/diffdrive_arduino/share/diffdrive_arduino/hook/ld_library_path_lib.sh'
[22.934s] Level 1:colcon.colcon_core.environment:checking '/home/jonathan/rob_ws/install/diffdrive_arduino/bin'
[22.934s] Level 1:colcon.colcon_core.environment:checking '/home/jonathan/rob_ws/install/diffdrive_arduino/lib/pkgconfig/diffdrive_arduino.pc'
[22.934s] Level 1:colcon.colcon_core.environment:checking '/home/jonathan/rob_ws/install/diffdrive_arduino/lib/python3.10/site-packages'
[22.935s] Level 1:colcon.colcon_core.environment:checking '/home/jonathan/rob_ws/install/diffdrive_arduino/bin'
[22.935s] INFO:colcon.colcon_core.shell:Creating package script '/home/jonathan/rob_ws/install/diffdrive_arduino/share/diffdrive_arduino/package.ps1'
[22.936s] INFO:colcon.colcon_core.shell:Creating package descriptor '/home/jonathan/rob_ws/install/diffdrive_arduino/share/diffdrive_arduino/package.dsv'
[22.937s] INFO:colcon.colcon_core.shell:Creating package script '/home/jonathan/rob_ws/install/diffdrive_arduino/share/diffdrive_arduino/package.sh'
[22.938s] INFO:colcon.colcon_core.shell:Creating package script '/home/jonathan/rob_ws/install/diffdrive_arduino/share/diffdrive_arduino/package.bash'
[22.938s] INFO:colcon.colcon_core.shell:Creating package script '/home/jonathan/rob_ws/install/diffdrive_arduino/share/diffdrive_arduino/package.zsh'
[22.939s] Level 1:colcon.colcon_core.environment:create_file_with_runtime_dependencies(/home/jonathan/rob_ws/install/diffdrive_arduino/share/colcon-core/packages/diffdrive_arduino)
[22.939s] DEBUG:colcon.colcon_parallel_executor.executor.parallel:closing loop
[22.939s] DEBUG:colcon.colcon_parallel_executor.executor.parallel:loop closed
[22.940s] DEBUG:colcon.colcon_parallel_executor.executor.parallel:run_until_complete finished with '0'
[22.940s] DEBUG:colcon.colcon_core.event_reactor:joining thread
[22.957s] INFO:colcon.colcon_core.plugin_system:Skipping extension 'colcon_notification.desktop_notification.terminal_notifier': Not used on non-Darwin systems
[22.957s] INFO:colcon.colcon_core.plugin_system:Skipping extension 'colcon_notification.desktop_notification.win32': Not used on non-Windows systems
[22.957s] INFO:colcon.colcon_notification.desktop_notification:Sending desktop notification using 'notify2'
[22.994s] DEBUG:colcon.colcon_core.event_reactor:joined thread
[22.995s] INFO:colcon.colcon_core.shell:Creating prefix script '/home/jonathan/rob_ws/install/local_setup.ps1'
[22.996s] INFO:colcon.colcon_core.shell:Creating prefix util module '/home/jonathan/rob_ws/install/_local_setup_util_ps1.py'
[23.002s] INFO:colcon.colcon_core.shell:Creating prefix chain script '/home/jonathan/rob_ws/install/setup.ps1'
[23.009s] INFO:colcon.colcon_core.shell:Creating prefix script '/home/jonathan/rob_ws/install/local_setup.sh'
[23.011s] INFO:colcon.colcon_core.shell:Creating prefix util module '/home/jonathan/rob_ws/install/_local_setup_util_sh.py'
[23.011s] INFO:colcon.colcon_core.shell:Creating prefix chain script '/home/jonathan/rob_ws/install/setup.sh'
[23.013s] INFO:colcon.colcon_core.shell:Creating prefix script '/home/jonathan/rob_ws/install/local_setup.bash'
[23.015s] INFO:colcon.colcon_core.shell:Creating prefix chain script '/home/jonathan/rob_ws/install/setup.bash'
[23.020s] INFO:colcon.colcon_core.shell:Creating prefix script '/home/jonathan/rob_ws/install/local_setup.zsh'
[23.023s] INFO:colcon.colcon_core.shell:Creating prefix chain script '/home/jonathan/rob_ws/install/setup.zsh'
