[1.241s] Invoking command in '/home/jonathan/rob_ws/src/camera_ws': PYTHONPATH=/home/jonathan/rob_ws/build/camera_ws/prefix_override:/usr/lib/python3/dist-packages/colcon_core/task/python/colcon_distutils_commands:/home/jonathan/rob_ws/install/camera_ws/lib/python3.10/site-packages:${PYTHONPATH} /usr/bin/python3 -W ignore:setup.py install is deprecated setup.py egg_info --egg-base ../../build/camera_ws build --build-base /home/jonathan/rob_ws/build/camera_ws/build install --record /home/jonathan/rob_ws/build/camera_ws/install.log --single-version-externally-managed install_data
[1.642s] running egg_info
[1.643s] creating ../../build/camera_ws/camera_ws.egg-info
[1.643s] writing ../../build/camera_ws/camera_ws.egg-info/PKG-INFO
[1.644s] writing dependency_links to ../../build/camera_ws/camera_ws.egg-info/dependency_links.txt
[1.644s] writing entry points to ../../build/camera_ws/camera_ws.egg-info/entry_points.txt
[1.644s] writing requirements to ../../build/camera_ws/camera_ws.egg-info/requires.txt
[1.644s] writing top-level names to ../../build/camera_ws/camera_ws.egg-info/top_level.txt
[1.644s] writing manifest file '../../build/camera_ws/camera_ws.egg-info/SOURCES.txt'
[1.646s] reading manifest file '../../build/camera_ws/camera_ws.egg-info/SOURCES.txt'
[1.648s] writing manifest file '../../build/camera_ws/camera_ws.egg-info/SOURCES.txt'
[1.648s] running build
[1.648s] running build_py
[1.648s] creating /home/jonathan/rob_ws/build/camera_ws/build
[1.648s] creating /home/jonathan/rob_ws/build/camera_ws/build/lib
[1.648s] creating /home/jonathan/rob_ws/build/camera_ws/build/lib/camera_ws
[1.648s] copying camera_ws/image_subscriber.py -> /home/jonathan/rob_ws/build/camera_ws/build/lib/camera_ws
[1.648s] copying camera_ws/__init__.py -> /home/jonathan/rob_ws/build/camera_ws/build/lib/camera_ws
[1.649s] running install
[1.649s] running install_lib
[1.651s] creating /home/jonathan/rob_ws/install/camera_ws/lib/python3.10/site-packages/camera_ws
[1.651s] copying /home/jonathan/rob_ws/build/camera_ws/build/lib/camera_ws/image_subscriber.py -> /home/jonathan/rob_ws/install/camera_ws/lib/python3.10/site-packages/camera_ws
[1.651s] copying /home/jonathan/rob_ws/build/camera_ws/build/lib/camera_ws/__init__.py -> /home/jonathan/rob_ws/install/camera_ws/lib/python3.10/site-packages/camera_ws
[1.652s] byte-compiling /home/jonathan/rob_ws/install/camera_ws/lib/python3.10/site-packages/camera_ws/image_subscriber.py to image_subscriber.cpython-310.pyc
[1.652s] byte-compiling /home/jonathan/rob_ws/install/camera_ws/lib/python3.10/site-packages/camera_ws/__init__.py to __init__.cpython-310.pyc
[1.653s] running install_data
[1.653s] creating /home/jonathan/rob_ws/install/camera_ws/share/ament_index
[1.653s] creating /home/jonathan/rob_ws/install/camera_ws/share/ament_index/resource_index
[1.653s] creating /home/jonathan/rob_ws/install/camera_ws/share/ament_index/resource_index/packages
[1.653s] copying resource/camera_ws -> /home/jonathan/rob_ws/install/camera_ws/share/ament_index/resource_index/packages
[1.653s] copying package.xml -> /home/jonathan/rob_ws/install/camera_ws/share/camera_ws
[1.653s] running install_egg_info
[1.655s] Copying ../../build/camera_ws/camera_ws.egg-info to /home/jonathan/rob_ws/install/camera_ws/lib/python3.10/site-packages/camera_ws-0.0.0-py3.10.egg-info
[1.656s] running install_scripts
[1.685s] Installing image_subscriber script to /home/jonathan/rob_ws/install/camera_ws/lib/camera_ws
[1.685s] writing list of installed files to '/home/jonathan/rob_ws/build/camera_ws/install.log'
[1.724s] Invoked command in '/home/jonathan/rob_ws/src/camera_ws' returned '0': PYTHONPATH=/home/jonathan/rob_ws/build/camera_ws/prefix_override:/usr/lib/python3/dist-packages/colcon_core/task/python/colcon_distutils_commands:/home/jonathan/rob_ws/install/camera_ws/lib/python3.10/site-packages:${PYTHONPATH} /usr/bin/python3 -W ignore:setup.py install is deprecated setup.py egg_info --egg-base ../../build/camera_ws build --build-base /home/jonathan/rob_ws/build/camera_ws/build install --record /home/jonathan/rob_ws/build/camera_ws/install.log --single-version-externally-managed install_data
