[0.331s] DEBUG:colcon:Command line arguments: ['/usr/bin/colcon', 'build']
[0.331s] DEBUG:colcon:Parsed command line arguments: Namespace(log_base=None, log_level=None, verb_name='build', build_base='build', install_base='install', merge_install=False, symlink_install=False, test_result_base=None, continue_on_error=False, executor='parallel', parallel_workers=2, event_handlers=None, ignore_user_meta=False, metas=['./colcon.meta'], base_paths=['.'], packages_ignore=None, packages_ignore_regex=None, paths=None, packages_up_to=None, packages_up_to_regex=None, packages_above=None, packages_above_and_dependencies=None, packages_above_depth=None, packages_select_by_dep=None, packages_skip_by_dep=None, packages_skip_up_to=None, packages_select_build_failed=False, packages_skip_build_finished=False, packages_select_test_failures=False, packages_skip_test_passed=False, packages_select=None, packages_skip=None, packages_select_regex=None, packages_skip_regex=None, packages_start=None, packages_end=None, allow_overriding=[], cmake_args=None, cmake_target=None, cmake_target_skip_unavailable=False, cmake_clean_cache=False, cmake_clean_first=False, cmake_force_configure=False, ament_cmake_args=None, catkin_cmake_args=None, catkin_skip_building_tests=False, verb_parser=<colcon_defaults.argument_parser.defaults.DefaultArgumentsDecorator object at 0x7d25d6bc7fa0>, verb_extension=<colcon_core.verb.build.BuildVerb object at 0x7d25d6bc7b20>, main=<bound method BuildVerb.main of <colcon_core.verb.build.BuildVerb object at 0x7d25d6bc7b20>>)
[0.865s] Level 1:colcon.colcon_core.package_discovery:discover_packages(colcon_meta) check parameters
[0.865s] Level 1:colcon.colcon_core.package_discovery:discover_packages(recursive) check parameters
[0.865s] Level 1:colcon.colcon_core.package_discovery:discover_packages(ignore) check parameters
[0.865s] Level 1:colcon.colcon_core.package_discovery:discover_packages(path) check parameters
[0.865s] Level 1:colcon.colcon_core.package_discovery:discover_packages(colcon_meta) discover
[0.865s] Level 1:colcon.colcon_core.package_discovery:discover_packages(recursive) discover
[0.865s] INFO:colcon.colcon_core.package_discovery:Crawling recursively for packages in '/home/jonathan/rob_ws'
[0.865s] Level 1:colcon.colcon_core.package_identification:_identify(.) by extensions ['ignore', 'ignore_ament_install']
[0.865s] Level 1:colcon.colcon_core.package_identification:_identify(.) by extension 'ignore'
[0.866s] Level 1:colcon.colcon_core.package_identification:_identify(.) by extension 'ignore_ament_install'
[0.866s] Level 1:colcon.colcon_core.package_identification:_identify(.) by extensions ['colcon_pkg']
[0.866s] Level 1:colcon.colcon_core.package_identification:_identify(.) by extension 'colcon_pkg'
[0.866s] Level 1:colcon.colcon_core.package_identification:_identify(.) by extensions ['colcon_meta']
[0.866s] Level 1:colcon.colcon_core.package_identification:_identify(.) by extension 'colcon_meta'
[0.866s] Level 1:colcon.colcon_core.package_identification:_identify(.) by extensions ['ros']
[0.866s] Level 1:colcon.colcon_core.package_identification:_identify(.) by extension 'ros'
[0.890s] Level 1:colcon.colcon_core.package_identification:_identify(.) by extensions ['cmake', 'python']
[0.890s] Level 1:colcon.colcon_core.package_identification:_identify(.) by extension 'cmake'
[0.890s] Level 1:colcon.colcon_core.package_identification:_identify(.) by extension 'python'
[0.890s] Level 1:colcon.colcon_core.package_identification:_identify(.) by extensions ['python_setup_py']
[0.890s] Level 1:colcon.colcon_core.package_identification:_identify(.) by extension 'python_setup_py'
[0.890s] Level 1:colcon.colcon_core.package_identification:_identify(build) by extensions ['ignore', 'ignore_ament_install']
[0.890s] Level 1:colcon.colcon_core.package_identification:_identify(build) by extension 'ignore'
[0.891s] Level 1:colcon.colcon_core.package_identification:_identify(build) ignored
[0.891s] Level 1:colcon.colcon_core.package_identification:_identify(install) by extensions ['ignore', 'ignore_ament_install']
[0.891s] Level 1:colcon.colcon_core.package_identification:_identify(install) by extension 'ignore'
[0.891s] Level 1:colcon.colcon_core.package_identification:_identify(install) ignored
[0.891s] Level 1:colcon.colcon_core.package_identification:_identify(log) by extensions ['ignore', 'ignore_ament_install']
[0.891s] Level 1:colcon.colcon_core.package_identification:_identify(log) by extension 'ignore'
[0.892s] Level 1:colcon.colcon_core.package_identification:_identify(log) ignored
[0.892s] Level 1:colcon.colcon_core.package_identification:_identify(src) by extensions ['ignore', 'ignore_ament_install']
[0.892s] Level 1:colcon.colcon_core.package_identification:_identify(src) by extension 'ignore'
[0.893s] Level 1:colcon.colcon_core.package_identification:_identify(src) by extension 'ignore_ament_install'
[0.893s] Level 1:colcon.colcon_core.package_identification:_identify(src) by extensions ['colcon_pkg']
[0.893s] Level 1:colcon.colcon_core.package_identification:_identify(src) by extension 'colcon_pkg'
[0.893s] Level 1:colcon.colcon_core.package_identification:_identify(src) by extensions ['colcon_meta']
[0.893s] Level 1:colcon.colcon_core.package_identification:_identify(src) by extension 'colcon_meta'
[0.893s] Level 1:colcon.colcon_core.package_identification:_identify(src) by extensions ['ros']
[0.894s] Level 1:colcon.colcon_core.package_identification:_identify(src) by extension 'ros'
[0.894s] Level 1:colcon.colcon_core.package_identification:_identify(src) by extensions ['cmake', 'python']
[0.894s] Level 1:colcon.colcon_core.package_identification:_identify(src) by extension 'cmake'
[0.894s] Level 1:colcon.colcon_core.package_identification:_identify(src) by extension 'python'
[0.894s] Level 1:colcon.colcon_core.package_identification:_identify(src) by extensions ['python_setup_py']
[0.894s] Level 1:colcon.colcon_core.package_identification:_identify(src) by extension 'python_setup_py'
[0.894s] Level 1:colcon.colcon_core.package_identification:_identify(src/articubot_one) by extensions ['ignore', 'ignore_ament_install']
[0.894s] Level 1:colcon.colcon_core.package_identification:_identify(src/articubot_one) by extension 'ignore'
[0.895s] Level 1:colcon.colcon_core.package_identification:_identify(src/articubot_one) by extension 'ignore_ament_install'
[0.895s] Level 1:colcon.colcon_core.package_identification:_identify(src/articubot_one) by extensions ['colcon_pkg']
[0.895s] Level 1:colcon.colcon_core.package_identification:_identify(src/articubot_one) by extension 'colcon_pkg'
[0.895s] Level 1:colcon.colcon_core.package_identification:_identify(src/articubot_one) by extensions ['colcon_meta']
[0.895s] Level 1:colcon.colcon_core.package_identification:_identify(src/articubot_one) by extension 'colcon_meta'
[0.896s] Level 1:colcon.colcon_core.package_identification:_identify(src/articubot_one) by extensions ['ros']
[0.896s] Level 1:colcon.colcon_core.package_identification:_identify(src/articubot_one) by extension 'ros'
[0.903s] DEBUG:colcon.colcon_core.package_identification:Package 'src/articubot_one' with type 'ros.ament_cmake' and name 'articubot_one'
[0.903s] Level 1:colcon.colcon_core.package_identification:_identify(src/diffdrive_arduino) by extensions ['ignore', 'ignore_ament_install']
[0.903s] Level 1:colcon.colcon_core.package_identification:_identify(src/diffdrive_arduino) by extension 'ignore'
[0.903s] Level 1:colcon.colcon_core.package_identification:_identify(src/diffdrive_arduino) by extension 'ignore_ament_install'
[0.904s] Level 1:colcon.colcon_core.package_identification:_identify(src/diffdrive_arduino) by extensions ['colcon_pkg']
[0.904s] Level 1:colcon.colcon_core.package_identification:_identify(src/diffdrive_arduino) by extension 'colcon_pkg'
[0.904s] Level 1:colcon.colcon_core.package_identification:_identify(src/diffdrive_arduino) by extensions ['colcon_meta']
[0.904s] Level 1:colcon.colcon_core.package_identification:_identify(src/diffdrive_arduino) by extension 'colcon_meta'
[0.904s] Level 1:colcon.colcon_core.package_identification:_identify(src/diffdrive_arduino) by extensions ['ros']
[0.904s] Level 1:colcon.colcon_core.package_identification:_identify(src/diffdrive_arduino) by extension 'ros'
[0.906s] DEBUG:colcon.colcon_core.package_identification:Package 'src/diffdrive_arduino' with type 'ros.ament_cmake' and name 'diffdrive_arduino'
[0.906s] Level 1:colcon.colcon_core.package_identification:_identify(src/serial) by extensions ['ignore', 'ignore_ament_install']
[0.907s] Level 1:colcon.colcon_core.package_identification:_identify(src/serial) by extension 'ignore'
[0.907s] Level 1:colcon.colcon_core.package_identification:_identify(src/serial) by extension 'ignore_ament_install'
[0.907s] Level 1:colcon.colcon_core.package_identification:_identify(src/serial) by extensions ['colcon_pkg']
[0.907s] Level 1:colcon.colcon_core.package_identification:_identify(src/serial) by extension 'colcon_pkg'
[0.907s] Level 1:colcon.colcon_core.package_identification:_identify(src/serial) by extensions ['colcon_meta']
[0.907s] Level 1:colcon.colcon_core.package_identification:_identify(src/serial) by extension 'colcon_meta'
[0.907s] Level 1:colcon.colcon_core.package_identification:_identify(src/serial) by extensions ['ros']
[0.907s] Level 1:colcon.colcon_core.package_identification:_identify(src/serial) by extension 'ros'
[0.908s] DEBUG:colcon.colcon_core.package_identification:Package 'src/serial' with type 'ros.ament_cmake' and name 'serial'
[0.909s] Level 1:colcon.colcon_core.package_discovery:discover_packages(recursive) using defaults
[0.909s] Level 1:colcon.colcon_core.package_discovery:discover_packages(ignore) discover
[0.909s] Level 1:colcon.colcon_core.package_discovery:discover_packages(ignore) using defaults
[0.909s] Level 1:colcon.colcon_core.package_discovery:discover_packages(path) discover
[0.909s] Level 1:colcon.colcon_core.package_discovery:discover_packages(path) using defaults
[0.958s] Level 1:colcon.colcon_core.package_discovery:discover_packages(prefix_path) check parameters
[0.958s] Level 1:colcon.colcon_core.package_discovery:discover_packages(prefix_path) discover
[0.967s] DEBUG:colcon.colcon_installed_package_information.package_discovery:Found 322 installed packages in /opt/ros/humble
[0.971s] Level 1:colcon.colcon_core.package_discovery:discover_packages(prefix_path) using defaults
[1.087s] Level 5:colcon.colcon_core.verb:set package 'articubot_one' build argument 'cmake_args' from command line to 'None'
[1.087s] Level 5:colcon.colcon_core.verb:set package 'articubot_one' build argument 'cmake_target' from command line to 'None'
[1.087s] Level 5:colcon.colcon_core.verb:set package 'articubot_one' build argument 'cmake_target_skip_unavailable' from command line to 'False'
[1.087s] Level 5:colcon.colcon_core.verb:set package 'articubot_one' build argument 'cmake_clean_cache' from command line to 'False'
[1.087s] Level 5:colcon.colcon_core.verb:set package 'articubot_one' build argument 'cmake_clean_first' from command line to 'False'
[1.087s] Level 5:colcon.colcon_core.verb:set package 'articubot_one' build argument 'cmake_force_configure' from command line to 'False'
[1.087s] Level 5:colcon.colcon_core.verb:set package 'articubot_one' build argument 'ament_cmake_args' from command line to 'None'
[1.087s] Level 5:colcon.colcon_core.verb:set package 'articubot_one' build argument 'catkin_cmake_args' from command line to 'None'
[1.087s] Level 5:colcon.colcon_core.verb:set package 'articubot_one' build argument 'catkin_skip_building_tests' from command line to 'False'
[1.087s] DEBUG:colcon.colcon_core.verb:Building package 'articubot_one' with the following arguments: {'ament_cmake_args': None, 'build_base': '/home/jonathan/rob_ws/build/articubot_one', 'catkin_cmake_args': None, 'catkin_skip_building_tests': False, 'cmake_args': None, 'cmake_clean_cache': False, 'cmake_clean_first': False, 'cmake_force_configure': False, 'cmake_target': None, 'cmake_target_skip_unavailable': False, 'install_base': '/home/jonathan/rob_ws/install/articubot_one', 'merge_install': False, 'path': '/home/jonathan/rob_ws/src/articubot_one', 'symlink_install': False, 'test_result_base': None}
[1.088s] Level 5:colcon.colcon_core.verb:set package 'serial' build argument 'cmake_args' from command line to 'None'
[1.088s] Level 5:colcon.colcon_core.verb:set package 'serial' build argument 'cmake_target' from command line to 'None'
[1.088s] Level 5:colcon.colcon_core.verb:set package 'serial' build argument 'cmake_target_skip_unavailable' from command line to 'False'
[1.088s] Level 5:colcon.colcon_core.verb:set package 'serial' build argument 'cmake_clean_cache' from command line to 'False'
[1.088s] Level 5:colcon.colcon_core.verb:set package 'serial' build argument 'cmake_clean_first' from command line to 'False'
[1.088s] Level 5:colcon.colcon_core.verb:set package 'serial' build argument 'cmake_force_configure' from command line to 'False'
[1.088s] Level 5:colcon.colcon_core.verb:set package 'serial' build argument 'ament_cmake_args' from command line to 'None'
[1.088s] Level 5:colcon.colcon_core.verb:set package 'serial' build argument 'catkin_cmake_args' from command line to 'None'
[1.088s] Level 5:colcon.colcon_core.verb:set package 'serial' build argument 'catkin_skip_building_tests' from command line to 'False'
[1.088s] DEBUG:colcon.colcon_core.verb:Building package 'serial' with the following arguments: {'ament_cmake_args': None, 'build_base': '/home/jonathan/rob_ws/build/serial', 'catkin_cmake_args': None, 'catkin_skip_building_tests': False, 'cmake_args': None, 'cmake_clean_cache': False, 'cmake_clean_first': False, 'cmake_force_configure': False, 'cmake_target': None, 'cmake_target_skip_unavailable': False, 'install_base': '/home/jonathan/rob_ws/install/serial', 'merge_install': False, 'path': '/home/jonathan/rob_ws/src/serial', 'symlink_install': False, 'test_result_base': None}
[1.089s] Level 5:colcon.colcon_core.verb:set package 'diffdrive_arduino' build argument 'cmake_args' from command line to 'None'
[1.089s] Level 5:colcon.colcon_core.verb:set package 'diffdrive_arduino' build argument 'cmake_target' from command line to 'None'
[1.089s] Level 5:colcon.colcon_core.verb:set package 'diffdrive_arduino' build argument 'cmake_target_skip_unavailable' from command line to 'False'
[1.089s] Level 5:colcon.colcon_core.verb:set package 'diffdrive_arduino' build argument 'cmake_clean_cache' from command line to 'False'
[1.089s] Level 5:colcon.colcon_core.verb:set package 'diffdrive_arduino' build argument 'cmake_clean_first' from command line to 'False'
[1.089s] Level 5:colcon.colcon_core.verb:set package 'diffdrive_arduino' build argument 'cmake_force_configure' from command line to 'False'
[1.089s] Level 5:colcon.colcon_core.verb:set package 'diffdrive_arduino' build argument 'ament_cmake_args' from command line to 'None'
[1.089s] Level 5:colcon.colcon_core.verb:set package 'diffdrive_arduino' build argument 'catkin_cmake_args' from command line to 'None'
[1.090s] Level 5:colcon.colcon_core.verb:set package 'diffdrive_arduino' build argument 'catkin_skip_building_tests' from command line to 'False'
[1.090s] DEBUG:colcon.colcon_core.verb:Building package 'diffdrive_arduino' with the following arguments: {'ament_cmake_args': None, 'build_base': '/home/jonathan/rob_ws/build/diffdrive_arduino', 'catkin_cmake_args': None, 'catkin_skip_building_tests': False, 'cmake_args': None, 'cmake_clean_cache': False, 'cmake_clean_first': False, 'cmake_force_configure': False, 'cmake_target': None, 'cmake_target_skip_unavailable': False, 'install_base': '/home/jonathan/rob_ws/install/diffdrive_arduino', 'merge_install': False, 'path': '/home/jonathan/rob_ws/src/diffdrive_arduino', 'symlink_install': False, 'test_result_base': None}
[1.090s] INFO:colcon.colcon_core.executor:Executing jobs using 'parallel' executor
[1.093s] DEBUG:colcon.colcon_parallel_executor.executor.parallel:run_until_complete
[1.093s] INFO:colcon.colcon_ros.task.ament_cmake.build:Building ROS package in '/home/jonathan/rob_ws/src/serial' with build type 'ament_cmake'
[1.094s] INFO:colcon.colcon_cmake.task.cmake.build:Building CMake package in '/home/jonathan/rob_ws/src/serial'
[1.108s] INFO:colcon.colcon_core.plugin_system:Skipping extension 'colcon_core.shell.bat': Not used on non-Windows systems
[1.108s] INFO:colcon.colcon_core.shell:Skip shell extension 'powershell' for command environment: Not usable outside of PowerShell
[1.108s] DEBUG:colcon.colcon_core.shell:Skip shell extension 'dsv' for command environment
[1.118s] INFO:colcon.colcon_ros.task.ament_cmake.build:Building ROS package in '/home/jonathan/rob_ws/src/articubot_one' with build type 'ament_cmake'
[1.119s] INFO:colcon.colcon_cmake.task.cmake.build:Building CMake package in '/home/jonathan/rob_ws/src/articubot_one'
[1.119s] INFO:colcon.colcon_core.shell:Skip shell extension 'powershell' for command environment: Not usable outside of PowerShell
[1.119s] DEBUG:colcon.colcon_core.shell:Skip shell extension 'dsv' for command environment
[1.135s] DEBUG:colcon.colcon_core.event_handler.log_command:Invoking command in '/home/jonathan/rob_ws/build/serial': CMAKE_PREFIX_PATH=/opt/ros/humble /usr/bin/cmake --build /home/jonathan/rob_ws/build/serial -- -j2 -l2
[1.166s] DEBUG:colcon.colcon_core.event_handler.log_command:Invoking command in '/home/jonathan/rob_ws/build/articubot_one': CMAKE_PREFIX_PATH=/opt/ros/humble /usr/bin/cmake --build /home/jonathan/rob_ws/build/articubot_one -- -j2 -l2
[1.252s] DEBUG:colcon.colcon_core.event_handler.log_command:Invoked command in '/home/jonathan/rob_ws/build/articubot_one' returned '0': CMAKE_PREFIX_PATH=/opt/ros/humble /usr/bin/cmake --build /home/jonathan/rob_ws/build/articubot_one -- -j2 -l2
[1.338s] DEBUG:colcon.colcon_core.event_handler.log_command:Invoking command in '/home/jonathan/rob_ws/build/articubot_one': CMAKE_PREFIX_PATH=/opt/ros/humble /usr/bin/cmake --install /home/jonathan/rob_ws/build/articubot_one
[1.416s] Level 1:colcon.colcon_core.environment:create_environment_scripts_only(articubot_one)
[1.424s] DEBUG:colcon.colcon_core.event_handler.log_command:Invoked command in '/home/jonathan/rob_ws/build/articubot_one' returned '0': CMAKE_PREFIX_PATH=/opt/ros/humble /usr/bin/cmake --install /home/jonathan/rob_ws/build/articubot_one
[1.442s] Level 1:colcon.colcon_core.environment:checking '/home/jonathan/rob_ws/install/articubot_one' for CMake module files
[1.443s] Level 1:colcon.colcon_core.environment:checking '/home/jonathan/rob_ws/install/articubot_one' for CMake config files
[1.443s] Level 1:colcon.colcon_core.shell:create_environment_hook('articubot_one', 'cmake_prefix_path')
[1.446s] INFO:colcon.colcon_core.shell:Creating environment hook '/home/jonathan/rob_ws/install/articubot_one/share/articubot_one/hook/cmake_prefix_path.ps1'
[1.447s] INFO:colcon.colcon_core.shell:Creating environment descriptor '/home/jonathan/rob_ws/install/articubot_one/share/articubot_one/hook/cmake_prefix_path.dsv'
[1.449s] INFO:colcon.colcon_core.shell:Creating environment hook '/home/jonathan/rob_ws/install/articubot_one/share/articubot_one/hook/cmake_prefix_path.sh'
[1.451s] Level 1:colcon.colcon_core.environment:checking '/home/jonathan/rob_ws/install/articubot_one/bin'
[1.451s] Level 1:colcon.colcon_core.environment:checking '/home/jonathan/rob_ws/install/articubot_one/lib/pkgconfig/articubot_one.pc'
[1.451s] Level 1:colcon.colcon_core.environment:checking '/home/jonathan/rob_ws/install/articubot_one/lib/python3.10/site-packages'
[1.452s] Level 1:colcon.colcon_core.environment:checking '/home/jonathan/rob_ws/install/articubot_one/bin'
[1.452s] INFO:colcon.colcon_core.shell:Creating package script '/home/jonathan/rob_ws/install/articubot_one/share/articubot_one/package.ps1'
[1.455s] INFO:colcon.colcon_core.shell:Creating package descriptor '/home/jonathan/rob_ws/install/articubot_one/share/articubot_one/package.dsv'
[1.458s] INFO:colcon.colcon_core.shell:Creating package script '/home/jonathan/rob_ws/install/articubot_one/share/articubot_one/package.sh'
[1.461s] INFO:colcon.colcon_core.shell:Creating package script '/home/jonathan/rob_ws/install/articubot_one/share/articubot_one/package.bash'
[1.463s] INFO:colcon.colcon_core.shell:Creating package script '/home/jonathan/rob_ws/install/articubot_one/share/articubot_one/package.zsh'
[1.466s] Level 1:colcon.colcon_core.environment:create_file_with_runtime_dependencies(/home/jonathan/rob_ws/install/articubot_one/share/colcon-core/packages/articubot_one)
[1.482s] DEBUG:colcon.colcon_core.event_handler.log_command:Invoked command in '/home/jonathan/rob_ws/build/serial' returned '0': CMAKE_PREFIX_PATH=/opt/ros/humble /usr/bin/cmake --build /home/jonathan/rob_ws/build/serial -- -j2 -l2
[1.504s] Level 1:colcon.colcon_core.environment:create_environment_scripts_only(articubot_one)
[1.506s] Level 1:colcon.colcon_core.environment:checking '/home/jonathan/rob_ws/install/articubot_one' for CMake module files
[1.509s] Level 1:colcon.colcon_core.environment:checking '/home/jonathan/rob_ws/install/articubot_one' for CMake config files
[1.512s] Level 1:colcon.colcon_core.shell:create_environment_hook('articubot_one', 'cmake_prefix_path')
[1.515s] INFO:colcon.colcon_core.shell:Creating environment hook '/home/jonathan/rob_ws/install/articubot_one/share/articubot_one/hook/cmake_prefix_path.ps1'
[1.518s] INFO:colcon.colcon_core.shell:Creating environment descriptor '/home/jonathan/rob_ws/install/articubot_one/share/articubot_one/hook/cmake_prefix_path.dsv'
[1.519s] INFO:colcon.colcon_core.shell:Creating environment hook '/home/jonathan/rob_ws/install/articubot_one/share/articubot_one/hook/cmake_prefix_path.sh'
[1.522s] Level 1:colcon.colcon_core.environment:checking '/home/jonathan/rob_ws/install/articubot_one/bin'
[1.523s] Level 1:colcon.colcon_core.environment:checking '/home/jonathan/rob_ws/install/articubot_one/lib/pkgconfig/articubot_one.pc'
[1.524s] Level 1:colcon.colcon_core.environment:checking '/home/jonathan/rob_ws/install/articubot_one/lib/python3.10/site-packages'
[1.525s] Level 1:colcon.colcon_core.environment:checking '/home/jonathan/rob_ws/install/articubot_one/bin'
[1.526s] INFO:colcon.colcon_core.shell:Creating package script '/home/jonathan/rob_ws/install/articubot_one/share/articubot_one/package.ps1'
[1.530s] INFO:colcon.colcon_core.shell:Creating package descriptor '/home/jonathan/rob_ws/install/articubot_one/share/articubot_one/package.dsv'
[1.533s] INFO:colcon.colcon_core.shell:Creating package script '/home/jonathan/rob_ws/install/articubot_one/share/articubot_one/package.sh'
[1.535s] INFO:colcon.colcon_core.shell:Creating package script '/home/jonathan/rob_ws/install/articubot_one/share/articubot_one/package.bash'
[1.536s] INFO:colcon.colcon_core.shell:Creating package script '/home/jonathan/rob_ws/install/articubot_one/share/articubot_one/package.zsh'
[1.540s] Level 1:colcon.colcon_core.environment:create_file_with_runtime_dependencies(/home/jonathan/rob_ws/install/articubot_one/share/colcon-core/packages/articubot_one)
[1.557s] DEBUG:colcon.colcon_core.event_handler.log_command:Invoking command in '/home/jonathan/rob_ws/build/serial': CMAKE_PREFIX_PATH=/opt/ros/humble /usr/bin/cmake --install /home/jonathan/rob_ws/build/serial
[1.611s] Level 1:colcon.colcon_core.environment:create_environment_scripts_only(serial)
[1.611s] Level 1:colcon.colcon_core.environment:checking '/home/jonathan/rob_ws/install/serial' for CMake module files
[1.612s] DEBUG:colcon.colcon_core.event_handler.log_command:Invoked command in '/home/jonathan/rob_ws/build/serial' returned '0': CMAKE_PREFIX_PATH=/opt/ros/humble /usr/bin/cmake --install /home/jonathan/rob_ws/build/serial
[1.613s] Level 1:colcon.colcon_core.environment:checking '/home/jonathan/rob_ws/install/serial' for CMake config files
[1.616s] Level 1:colcon.colcon_core.shell:create_environment_hook('serial', 'cmake_prefix_path')
[1.616s] INFO:colcon.colcon_core.shell:Creating environment hook '/home/jonathan/rob_ws/install/serial/share/serial/hook/cmake_prefix_path.ps1'
[1.617s] INFO:colcon.colcon_core.shell:Creating environment descriptor '/home/jonathan/rob_ws/install/serial/share/serial/hook/cmake_prefix_path.dsv'
[1.618s] INFO:colcon.colcon_core.shell:Creating environment hook '/home/jonathan/rob_ws/install/serial/share/serial/hook/cmake_prefix_path.sh'
[1.620s] Level 1:colcon.colcon_core.environment:checking '/home/jonathan/rob_ws/install/serial/lib'
[1.620s] Level 1:colcon.colcon_core.environment:checking '/home/jonathan/rob_ws/install/serial/bin'
[1.620s] Level 1:colcon.colcon_core.environment:checking '/home/jonathan/rob_ws/install/serial/lib/pkgconfig/serial.pc'
[1.621s] Level 1:colcon.colcon_core.environment:checking '/home/jonathan/rob_ws/install/serial/lib/python3.10/site-packages'
[1.622s] Level 1:colcon.colcon_core.environment:checking '/home/jonathan/rob_ws/install/serial/bin'
[1.625s] INFO:colcon.colcon_core.shell:Creating package script '/home/jonathan/rob_ws/install/serial/share/serial/package.ps1'
[1.628s] INFO:colcon.colcon_core.shell:Creating package descriptor '/home/jonathan/rob_ws/install/serial/share/serial/package.dsv'
[1.630s] INFO:colcon.colcon_core.shell:Creating package script '/home/jonathan/rob_ws/install/serial/share/serial/package.sh'
[1.631s] INFO:colcon.colcon_core.shell:Creating package script '/home/jonathan/rob_ws/install/serial/share/serial/package.bash'
[1.631s] INFO:colcon.colcon_core.shell:Creating package script '/home/jonathan/rob_ws/install/serial/share/serial/package.zsh'
[1.632s] Level 1:colcon.colcon_core.environment:create_file_with_runtime_dependencies(/home/jonathan/rob_ws/install/serial/share/colcon-core/packages/serial)
[1.686s] Level 1:colcon.colcon_core.environment:create_environment_scripts_only(serial)
[1.687s] Level 1:colcon.colcon_core.environment:checking '/home/jonathan/rob_ws/install/serial' for CMake module files
[1.688s] Level 1:colcon.colcon_core.environment:checking '/home/jonathan/rob_ws/install/serial' for CMake config files
[1.688s] Level 1:colcon.colcon_core.shell:create_environment_hook('serial', 'cmake_prefix_path')
[1.689s] INFO:colcon.colcon_core.shell:Creating environment hook '/home/jonathan/rob_ws/install/serial/share/serial/hook/cmake_prefix_path.ps1'
[1.689s] INFO:colcon.colcon_core.shell:Creating environment descriptor '/home/jonathan/rob_ws/install/serial/share/serial/hook/cmake_prefix_path.dsv'
[1.690s] INFO:colcon.colcon_core.shell:Creating environment hook '/home/jonathan/rob_ws/install/serial/share/serial/hook/cmake_prefix_path.sh'
[1.690s] Level 1:colcon.colcon_core.environment:checking '/home/jonathan/rob_ws/install/serial/lib'
[1.690s] Level 1:colcon.colcon_core.environment:checking '/home/jonathan/rob_ws/install/serial/bin'
[1.691s] Level 1:colcon.colcon_core.environment:checking '/home/jonathan/rob_ws/install/serial/lib/pkgconfig/serial.pc'
[1.691s] Level 1:colcon.colcon_core.environment:checking '/home/jonathan/rob_ws/install/serial/lib/python3.10/site-packages'
[1.691s] Level 1:colcon.colcon_core.environment:checking '/home/jonathan/rob_ws/install/serial/bin'
[1.692s] INFO:colcon.colcon_core.shell:Creating package script '/home/jonathan/rob_ws/install/serial/share/serial/package.ps1'
[1.693s] INFO:colcon.colcon_core.shell:Creating package descriptor '/home/jonathan/rob_ws/install/serial/share/serial/package.dsv'
[1.693s] INFO:colcon.colcon_core.shell:Creating package script '/home/jonathan/rob_ws/install/serial/share/serial/package.sh'
[1.694s] INFO:colcon.colcon_core.shell:Creating package script '/home/jonathan/rob_ws/install/serial/share/serial/package.bash'
[1.694s] INFO:colcon.colcon_core.shell:Creating package script '/home/jonathan/rob_ws/install/serial/share/serial/package.zsh'
[1.695s] Level 1:colcon.colcon_core.environment:create_file_with_runtime_dependencies(/home/jonathan/rob_ws/install/serial/share/colcon-core/packages/serial)
[1.695s] INFO:colcon.colcon_ros.task.ament_cmake.build:Building ROS package in '/home/jonathan/rob_ws/src/diffdrive_arduino' with build type 'ament_cmake'
[1.695s] INFO:colcon.colcon_cmake.task.cmake.build:Building CMake package in '/home/jonathan/rob_ws/src/diffdrive_arduino'
[1.696s] INFO:colcon.colcon_core.shell:Skip shell extension 'powershell' for command environment: Not usable outside of PowerShell
[1.696s] DEBUG:colcon.colcon_core.shell:Skip shell extension 'dsv' for command environment
[1.718s] DEBUG:colcon.colcon_core.event_handler.log_command:Invoking command in '/home/jonathan/rob_ws/build/diffdrive_arduino': AMENT_PREFIX_PATH=/home/jonathan/rob_ws/install/serial:${AMENT_PREFIX_PATH} CMAKE_PREFIX_PATH=/home/jonathan/rob_ws/install/serial:/opt/ros/humble LD_LIBRARY_PATH=/home/jonathan/rob_ws/install/serial/lib:${LD_LIBRARY_PATH} /usr/bin/cmake --build /home/jonathan/rob_ws/build/diffdrive_arduino -- -j2 -l2
[1.909s] DEBUG:colcon.colcon_core.event_handler.log_command:Invoked command in '/home/jonathan/rob_ws/build/diffdrive_arduino' returned '0': AMENT_PREFIX_PATH=/home/jonathan/rob_ws/install/serial:${AMENT_PREFIX_PATH} CMAKE_PREFIX_PATH=/home/jonathan/rob_ws/install/serial:/opt/ros/humble LD_LIBRARY_PATH=/home/jonathan/rob_ws/install/serial/lib:${LD_LIBRARY_PATH} /usr/bin/cmake --build /home/jonathan/rob_ws/build/diffdrive_arduino -- -j2 -l2
[1.956s] DEBUG:colcon.colcon_core.event_handler.log_command:Invoking command in '/home/jonathan/rob_ws/build/diffdrive_arduino': AMENT_PREFIX_PATH=/home/jonathan/rob_ws/install/serial:${AMENT_PREFIX_PATH} CMAKE_PREFIX_PATH=/home/jonathan/rob_ws/install/serial:/opt/ros/humble LD_LIBRARY_PATH=/home/jonathan/rob_ws/install/serial/lib:${LD_LIBRARY_PATH} /usr/bin/cmake --install /home/jonathan/rob_ws/build/diffdrive_arduino
[1.992s] Level 1:colcon.colcon_core.environment:create_environment_scripts_only(diffdrive_arduino)
[1.992s] Level 1:colcon.colcon_core.environment:checking '/home/jonathan/rob_ws/install/diffdrive_arduino' for CMake module files
[1.993s] DEBUG:colcon.colcon_core.event_handler.log_command:Invoked command in '/home/jonathan/rob_ws/build/diffdrive_arduino' returned '0': AMENT_PREFIX_PATH=/home/jonathan/rob_ws/install/serial:${AMENT_PREFIX_PATH} CMAKE_PREFIX_PATH=/home/jonathan/rob_ws/install/serial:/opt/ros/humble LD_LIBRARY_PATH=/home/jonathan/rob_ws/install/serial/lib:${LD_LIBRARY_PATH} /usr/bin/cmake --install /home/jonathan/rob_ws/build/diffdrive_arduino
[1.995s] Level 1:colcon.colcon_core.environment:checking '/home/jonathan/rob_ws/install/diffdrive_arduino' for CMake config files
[1.995s] Level 1:colcon.colcon_core.shell:create_environment_hook('diffdrive_arduino', 'cmake_prefix_path')
[1.996s] INFO:colcon.colcon_core.shell:Creating environment hook '/home/jonathan/rob_ws/install/diffdrive_arduino/share/diffdrive_arduino/hook/cmake_prefix_path.ps1'
[1.996s] INFO:colcon.colcon_core.shell:Creating environment descriptor '/home/jonathan/rob_ws/install/diffdrive_arduino/share/diffdrive_arduino/hook/cmake_prefix_path.dsv'
[1.997s] INFO:colcon.colcon_core.shell:Creating environment hook '/home/jonathan/rob_ws/install/diffdrive_arduino/share/diffdrive_arduino/hook/cmake_prefix_path.sh'
[1.997s] Level 1:colcon.colcon_core.environment:checking '/home/jonathan/rob_ws/install/diffdrive_arduino/lib'
[1.997s] Level 1:colcon.colcon_core.shell:create_environment_hook('diffdrive_arduino', 'ld_library_path_lib')
[1.998s] INFO:colcon.colcon_core.shell:Creating environment hook '/home/jonathan/rob_ws/install/diffdrive_arduino/share/diffdrive_arduino/hook/ld_library_path_lib.ps1'
[1.998s] INFO:colcon.colcon_core.shell:Creating environment descriptor '/home/jonathan/rob_ws/install/diffdrive_arduino/share/diffdrive_arduino/hook/ld_library_path_lib.dsv'
[1.999s] INFO:colcon.colcon_core.shell:Creating environment hook '/home/jonathan/rob_ws/install/diffdrive_arduino/share/diffdrive_arduino/hook/ld_library_path_lib.sh'
[1.999s] Level 1:colcon.colcon_core.environment:checking '/home/jonathan/rob_ws/install/diffdrive_arduino/bin'
[1.999s] Level 1:colcon.colcon_core.environment:checking '/home/jonathan/rob_ws/install/diffdrive_arduino/lib/pkgconfig/diffdrive_arduino.pc'
[2.000s] Level 1:colcon.colcon_core.environment:checking '/home/jonathan/rob_ws/install/diffdrive_arduino/lib/python3.10/site-packages'
[2.000s] Level 1:colcon.colcon_core.environment:checking '/home/jonathan/rob_ws/install/diffdrive_arduino/bin'
[2.001s] INFO:colcon.colcon_core.shell:Creating package script '/home/jonathan/rob_ws/install/diffdrive_arduino/share/diffdrive_arduino/package.ps1'
[2.003s] INFO:colcon.colcon_core.shell:Creating package descriptor '/home/jonathan/rob_ws/install/diffdrive_arduino/share/diffdrive_arduino/package.dsv'
[2.004s] INFO:colcon.colcon_core.shell:Creating package script '/home/jonathan/rob_ws/install/diffdrive_arduino/share/diffdrive_arduino/package.sh'
[2.005s] INFO:colcon.colcon_core.shell:Creating package script '/home/jonathan/rob_ws/install/diffdrive_arduino/share/diffdrive_arduino/package.bash'
[2.005s] INFO:colcon.colcon_core.shell:Creating package script '/home/jonathan/rob_ws/install/diffdrive_arduino/share/diffdrive_arduino/package.zsh'
[2.006s] Level 1:colcon.colcon_core.environment:create_file_with_runtime_dependencies(/home/jonathan/rob_ws/install/diffdrive_arduino/share/colcon-core/packages/diffdrive_arduino)
[2.054s] Level 1:colcon.colcon_core.environment:create_environment_scripts_only(diffdrive_arduino)
[2.055s] Level 1:colcon.colcon_core.environment:checking '/home/jonathan/rob_ws/install/diffdrive_arduino' for CMake module files
[2.056s] Level 1:colcon.colcon_core.environment:checking '/home/jonathan/rob_ws/install/diffdrive_arduino' for CMake config files
[2.056s] Level 1:colcon.colcon_core.shell:create_environment_hook('diffdrive_arduino', 'cmake_prefix_path')
[2.057s] INFO:colcon.colcon_core.shell:Creating environment hook '/home/jonathan/rob_ws/install/diffdrive_arduino/share/diffdrive_arduino/hook/cmake_prefix_path.ps1'
[2.058s] INFO:colcon.colcon_core.shell:Creating environment descriptor '/home/jonathan/rob_ws/install/diffdrive_arduino/share/diffdrive_arduino/hook/cmake_prefix_path.dsv'
[2.059s] INFO:colcon.colcon_core.shell:Creating environment hook '/home/jonathan/rob_ws/install/diffdrive_arduino/share/diffdrive_arduino/hook/cmake_prefix_path.sh'
[2.059s] Level 1:colcon.colcon_core.environment:checking '/home/jonathan/rob_ws/install/diffdrive_arduino/lib'
[2.060s] Level 1:colcon.colcon_core.shell:create_environment_hook('diffdrive_arduino', 'ld_library_path_lib')
[2.060s] INFO:colcon.colcon_core.shell:Creating environment hook '/home/jonathan/rob_ws/install/diffdrive_arduino/share/diffdrive_arduino/hook/ld_library_path_lib.ps1'
[2.061s] INFO:colcon.colcon_core.shell:Creating environment descriptor '/home/jonathan/rob_ws/install/diffdrive_arduino/share/diffdrive_arduino/hook/ld_library_path_lib.dsv'
[2.061s] INFO:colcon.colcon_core.shell:Creating environment hook '/home/jonathan/rob_ws/install/diffdrive_arduino/share/diffdrive_arduino/hook/ld_library_path_lib.sh'
[2.062s] Level 1:colcon.colcon_core.environment:checking '/home/jonathan/rob_ws/install/diffdrive_arduino/bin'
[2.062s] Level 1:colcon.colcon_core.environment:checking '/home/jonathan/rob_ws/install/diffdrive_arduino/lib/pkgconfig/diffdrive_arduino.pc'
[2.062s] Level 1:colcon.colcon_core.environment:checking '/home/jonathan/rob_ws/install/diffdrive_arduino/lib/python3.10/site-packages'
[2.063s] Level 1:colcon.colcon_core.environment:checking '/home/jonathan/rob_ws/install/diffdrive_arduino/bin'
[2.063s] INFO:colcon.colcon_core.shell:Creating package script '/home/jonathan/rob_ws/install/diffdrive_arduino/share/diffdrive_arduino/package.ps1'
[2.064s] INFO:colcon.colcon_core.shell:Creating package descriptor '/home/jonathan/rob_ws/install/diffdrive_arduino/share/diffdrive_arduino/package.dsv'
[2.065s] INFO:colcon.colcon_core.shell:Creating package script '/home/jonathan/rob_ws/install/diffdrive_arduino/share/diffdrive_arduino/package.sh'
[2.065s] INFO:colcon.colcon_core.shell:Creating package script '/home/jonathan/rob_ws/install/diffdrive_arduino/share/diffdrive_arduino/package.bash'
[2.066s] INFO:colcon.colcon_core.shell:Creating package script '/home/jonathan/rob_ws/install/diffdrive_arduino/share/diffdrive_arduino/package.zsh'
[2.067s] Level 1:colcon.colcon_core.environment:create_file_with_runtime_dependencies(/home/jonathan/rob_ws/install/diffdrive_arduino/share/colcon-core/packages/diffdrive_arduino)
[2.067s] DEBUG:colcon.colcon_parallel_executor.executor.parallel:closing loop
[2.067s] DEBUG:colcon.colcon_parallel_executor.executor.parallel:loop closed
[2.067s] DEBUG:colcon.colcon_parallel_executor.executor.parallel:run_until_complete finished with '0'
[2.068s] DEBUG:colcon.colcon_core.event_reactor:joining thread
[2.084s] INFO:colcon.colcon_core.plugin_system:Skipping extension 'colcon_notification.desktop_notification.terminal_notifier': Not used on non-Darwin systems
[2.084s] INFO:colcon.colcon_core.plugin_system:Skipping extension 'colcon_notification.desktop_notification.win32': Not used on non-Windows systems
[2.084s] INFO:colcon.colcon_notification.desktop_notification:Sending desktop notification using 'notify2'
[2.129s] DEBUG:colcon.colcon_core.event_reactor:joined thread
[2.130s] INFO:colcon.colcon_core.shell:Creating prefix script '/home/jonathan/rob_ws/install/local_setup.ps1'
[2.133s] INFO:colcon.colcon_core.shell:Creating prefix util module '/home/jonathan/rob_ws/install/_local_setup_util_ps1.py'
[2.137s] INFO:colcon.colcon_core.shell:Creating prefix chain script '/home/jonathan/rob_ws/install/setup.ps1'
[2.140s] INFO:colcon.colcon_core.shell:Creating prefix script '/home/jonathan/rob_ws/install/local_setup.sh'
[2.141s] INFO:colcon.colcon_core.shell:Creating prefix util module '/home/jonathan/rob_ws/install/_local_setup_util_sh.py'
[2.142s] INFO:colcon.colcon_core.shell:Creating prefix chain script '/home/jonathan/rob_ws/install/setup.sh'
[2.145s] INFO:colcon.colcon_core.shell:Creating prefix script '/home/jonathan/rob_ws/install/local_setup.bash'
[2.147s] INFO:colcon.colcon_core.shell:Creating prefix chain script '/home/jonathan/rob_ws/install/setup.bash'
[2.151s] INFO:colcon.colcon_core.shell:Creating prefix script '/home/jonathan/rob_ws/install/local_setup.zsh'
[2.153s] INFO:colcon.colcon_core.shell:Creating prefix chain script '/home/jonathan/rob_ws/install/setup.zsh'
