[0.035s] Invoking command in '/home/jonathan/rob_ws/build/articubot_one': CMAKE_PREFIX_PATH=/opt/ros/humble /usr/bin/cmake /home/jonathan/rob_ws/src/articubot_one -DAMENT_CMAKE_SYMLINK_INSTALL=1 -DCMAKE_INSTALL_PREFIX=/home/jonathan/rob_ws/install/articubot_one
[0.351s] -- The C compiler identification is GNU 11.4.0
[0.471s] -- The CXX compiler identification is GNU 11.4.0
[0.484s] -- Detecting C compiler ABI info
[0.593s] -- Detecting C compiler ABI info - done
[0.612s] -- Check for working C compiler: /usr/bin/cc - skipped
[0.613s] -- Detecting C compile features
[0.613s] -- Detecting C compile features - done
[0.619s] -- Detecting CXX compiler ABI info
[0.752s] -- Detecting CXX compiler ABI info - done
[0.774s] -- Check for working CXX compiler: /usr/bin/c++ - skipped
[0.775s] -- Detecting CXX compile features
[0.775s] -- Detecting CXX compile features - done
[0.779s] -- Found ament_cmake: 1.3.10 (/opt/ros/humble/share/ament_cmake/cmake)
[1.025s] -- Found Python3: /usr/bin/python3 (found version "3.10.12") found components: Interpreter 
[1.126s] -- Override CMake install command with custom implementation using symlinks instead of copying resources
[1.168s] -- Found ament_lint_auto: 0.12.11 (/opt/ros/humble/share/ament_lint_auto/cmake)
[1.326s] -- Added test 'copyright' to check source files copyright and LICENSE
[1.339s] -- Added test 'flake8' to check Python code syntax and style conventions
[1.344s] -- Added test 'lint_cmake' to check CMake code style
[1.346s] -- Added test 'pep257' to check Python code against some of the docstring style conventions in PEP 257
[1.354s] -- Added test 'xmllint' to check XML markup files
[1.358s] -- Configuring done
[1.363s] -- Generating done
[1.367s] -- Build files have been written to: /home/jonathan/rob_ws/build/articubot_one
[1.371s] Invoked command in '/home/jonathan/rob_ws/build/articubot_one' returned '0': CMAKE_PREFIX_PATH=/opt/ros/humble /usr/bin/cmake /home/jonathan/rob_ws/src/articubot_one -DAMENT_CMAKE_SYMLINK_INSTALL=1 -DCMAKE_INSTALL_PREFIX=/home/jonathan/rob_ws/install/articubot_one
[1.377s] Invoking command in '/home/jonathan/rob_ws/build/articubot_one': CMAKE_PREFIX_PATH=/opt/ros/humble /usr/bin/cmake --build /home/jonathan/rob_ws/build/articubot_one -- -j2 -l2
[1.431s] Invoked command in '/home/jonathan/rob_ws/build/articubot_one' returned '0': CMAKE_PREFIX_PATH=/opt/ros/humble /usr/bin/cmake --build /home/jonathan/rob_ws/build/articubot_one -- -j2 -l2
[1.488s] Invoking command in '/home/jonathan/rob_ws/build/articubot_one': CMAKE_PREFIX_PATH=/opt/ros/humble /usr/bin/cmake --install /home/jonathan/rob_ws/build/articubot_one
[1.491s] -- Install configuration: ""
[1.493s] -- Execute custom install script
[1.494s] -- Symlinking: /home/jonathan/rob_ws/install/articubot_one/share/articubot_one/config/ball_tracker_params_robot.yaml
[1.507s] -- Symlinking: /home/jonathan/rob_ws/install/articubot_one/share/articubot_one/config/ball_tracker_params_sim.yaml
[1.525s] -- Symlinking: /home/jonathan/rob_ws/install/articubot_one/share/articubot_one/config/drive_bot.rviz
[1.544s] -- Symlinking: /home/jonathan/rob_ws/install/articubot_one/share/articubot_one/config/empty.yaml
[1.553s] -- Symlinking: /home/jonathan/rob_ws/install/articubot_one/share/articubot_one/config/gaz_ros2_ctl_use_sim.yaml
[1.565s] -- Symlinking: /home/jonathan/rob_ws/install/articubot_one/share/articubot_one/config/gazebo_params.yaml
[1.583s] -- Symlinking: /home/jonathan/rob_ws/install/articubot_one/share/articubot_one/config/joystick.yaml
[1.596s] -- Symlinking: /home/jonathan/rob_ws/install/articubot_one/share/articubot_one/config/main.rviz
[1.612s] -- Symlinking: /home/jonathan/rob_ws/install/articubot_one/share/articubot_one/config/map.rviz
[1.622s] -- Symlinking: /home/jonathan/rob_ws/install/articubot_one/share/articubot_one/config/mapper_params_online_async.yaml
[1.634s] -- Symlinking: /home/jonathan/rob_ws/install/articubot_one/share/articubot_one/config/my_controllers.yaml
[1.645s] -- Symlinking: /home/jonathan/rob_ws/install/articubot_one/share/articubot_one/config/nav2_params.yaml
[1.660s] -- Symlinking: /home/jonathan/rob_ws/install/articubot_one/share/articubot_one/config/twist_mux.yaml
[1.672s] -- Symlinking: /home/jonathan/rob_ws/install/articubot_one/share/articubot_one/config/view_bot.rviz
[1.685s] -- Symlinking: /home/jonathan/rob_ws/install/articubot_one/share/articubot_one/description/camera.xacro
[1.696s] -- Symlinking: /home/jonathan/rob_ws/install/articubot_one/share/articubot_one/description/depth_camera.xacro
[1.712s] -- Symlinking: /home/jonathan/rob_ws/install/articubot_one/share/articubot_one/description/face.xacro
[1.727s] -- Symlinking: /home/jonathan/rob_ws/install/articubot_one/share/articubot_one/description/gazebo_control.xacro
[1.742s] -- Symlinking: /home/jonathan/rob_ws/install/articubot_one/share/articubot_one/description/inertial_macros.xacro
[1.754s] -- Symlinking: /home/jonathan/rob_ws/install/articubot_one/share/articubot_one/description/lidar.xacro
[1.770s] -- Symlinking: /home/jonathan/rob_ws/install/articubot_one/share/articubot_one/description/robot.urdf.xacro
[1.789s] -- Symlinking: /home/jonathan/rob_ws/install/articubot_one/share/articubot_one/description/robot_core.xacro
[1.800s] -- Symlinking: /home/jonathan/rob_ws/install/articubot_one/share/articubot_one/description/ros2_control.xacro
[1.813s] -- Symlinking: /home/jonathan/rob_ws/install/articubot_one/share/articubot_one/launch/ball_tracker.launch.py
[1.825s] -- Symlinking: /home/jonathan/rob_ws/install/articubot_one/share/articubot_one/launch/camera.launch.py
[1.838s] -- Symlinking: /home/jonathan/rob_ws/install/articubot_one/share/articubot_one/launch/joystick.launch.py
[1.849s] -- Symlinking: /home/jonathan/rob_ws/install/articubot_one/share/articubot_one/launch/launch_robot.launch.py
[1.864s] -- Symlinking: /home/jonathan/rob_ws/install/articubot_one/share/articubot_one/launch/launch_sim.launch.py
[1.878s] -- Symlinking: /home/jonathan/rob_ws/install/articubot_one/share/articubot_one/launch/localization_launch.py
[1.891s] -- Symlinking: /home/jonathan/rob_ws/install/articubot_one/share/articubot_one/launch/navigation_launch.py
[1.903s] -- Symlinking: /home/jonathan/rob_ws/install/articubot_one/share/articubot_one/launch/online_async_launch.py
[1.913s] -- Symlinking: /home/jonathan/rob_ws/install/articubot_one/share/articubot_one/launch/rplidar.launch.py
[1.925s] -- Symlinking: /home/jonathan/rob_ws/install/articubot_one/share/articubot_one/launch/rsp.launch.py
[1.940s] -- Symlinking: /home/jonathan/rob_ws/install/articubot_one/share/articubot_one/worlds/empty.world
[1.954s] -- Symlinking: /home/jonathan/rob_ws/install/articubot_one/share/articubot_one/worlds/obstacles.world
[1.968s] -- Symlinking: /home/jonathan/rob_ws/install/articubot_one/share/ament_index/resource_index/package_run_dependencies/articubot_one
[1.982s] -- Symlinking: /home/jonathan/rob_ws/install/articubot_one/share/ament_index/resource_index/parent_prefix_path/articubot_one
[1.998s] -- Symlinking: /home/jonathan/rob_ws/install/articubot_one/share/articubot_one/environment/ament_prefix_path.sh
[2.010s] -- Symlinking: /home/jonathan/rob_ws/install/articubot_one/share/articubot_one/environment/ament_prefix_path.dsv
[2.024s] -- Symlinking: /home/jonathan/rob_ws/install/articubot_one/share/articubot_one/environment/path.sh
[2.037s] -- Symlinking: /home/jonathan/rob_ws/install/articubot_one/share/articubot_one/environment/path.dsv
[2.050s] -- Symlinking: /home/jonathan/rob_ws/install/articubot_one/share/articubot_one/local_setup.bash
[2.067s] -- Symlinking: /home/jonathan/rob_ws/install/articubot_one/share/articubot_one/local_setup.sh
[2.085s] -- Symlinking: /home/jonathan/rob_ws/install/articubot_one/share/articubot_one/local_setup.zsh
[2.100s] -- Symlinking: /home/jonathan/rob_ws/install/articubot_one/share/articubot_one/local_setup.dsv
[2.110s] -- Symlinking: /home/jonathan/rob_ws/install/articubot_one/share/articubot_one/package.dsv
[2.123s] -- Symlinking: /home/jonathan/rob_ws/install/articubot_one/share/ament_index/resource_index/packages/articubot_one
[2.138s] -- Symlinking: /home/jonathan/rob_ws/install/articubot_one/share/articubot_one/cmake/articubot_oneConfig.cmake
[2.154s] -- Symlinking: /home/jonathan/rob_ws/install/articubot_one/share/articubot_one/cmake/articubot_oneConfig-version.cmake
[2.170s] -- Symlinking: /home/jonathan/rob_ws/install/articubot_one/share/articubot_one/package.xml
[2.188s] Invoked command in '/home/jonathan/rob_ws/build/articubot_one' returned '0': CMAKE_PREFIX_PATH=/opt/ros/humble /usr/bin/cmake --install /home/jonathan/rob_ws/build/articubot_one
