running egg_info
writing ../../build/camera_ws/camera_ws.egg-info/PKG-INFO
writing dependency_links to ../../build/camera_ws/camera_ws.egg-info/dependency_links.txt
writing entry points to ../../build/camera_ws/camera_ws.egg-info/entry_points.txt
writing requirements to ../../build/camera_ws/camera_ws.egg-info/requires.txt
writing top-level names to ../../build/camera_ws/camera_ws.egg-info/top_level.txt
reading manifest file '../../build/camera_ws/camera_ws.egg-info/SOURCES.txt'
writing manifest file '../../build/camera_ws/camera_ws.egg-info/SOURCES.txt'
running build
running build_py
copying camera_ws/image_subscriber.py -> /home/jonathan/rob_ws/build/camera_ws/build/lib/camera_ws
running install
running install_lib
copying /home/jonathan/rob_ws/build/camera_ws/build/lib/camera_ws/image_subscriber.py -> /home/jonathan/rob_ws/install/camera_ws/lib/python3.10/site-packages/camera_ws
byte-compiling /home/jonathan/rob_ws/install/camera_ws/lib/python3.10/site-packages/camera_ws/image_subscriber.py to image_subscriber.cpython-310.pyc
running install_data
running install_egg_info
removing '/home/jonathan/rob_ws/install/camera_ws/lib/python3.10/site-packages/camera_ws-0.0.0-py3.10.egg-info' (and everything under it)
Copying ../../build/camera_ws/camera_ws.egg-info to /home/jonathan/rob_ws/install/camera_ws/lib/python3.10/site-packages/camera_ws-0.0.0-py3.10.egg-info
running install_scripts
Installing image_subscriber script to /home/jonathan/rob_ws/install/camera_ws/lib/camera_ws
writing list of installed files to '/home/jonathan/rob_ws/build/camera_ws/install.log'
