[0.108s] DEBUG:colcon:Command line arguments: ['/usr/bin/colcon', 'build']
[0.108s] DEBUG:colcon:Parsed command line arguments: Namespace(log_base=None, log_level=None, verb_name='build', build_base='build', install_base='install', merge_install=False, symlink_install=False, test_result_base=None, continue_on_error=False, executor='parallel', parallel_workers=8, event_handlers=None, ignore_user_meta=False, metas=['./colcon.meta'], base_paths=['.'], packages_ignore=None, packages_ignore_regex=None, paths=None, packages_up_to=None, packages_up_to_regex=None, packages_above=None, packages_above_and_dependencies=None, packages_above_depth=None, packages_select_by_dep=None, packages_skip_by_dep=None, packages_skip_up_to=None, packages_select_build_failed=False, packages_skip_build_finished=False, packages_select_test_failures=False, packages_skip_test_passed=False, packages_select=None, packages_skip=None, packages_select_regex=None, packages_skip_regex=None, packages_start=None, packages_end=None, allow_overriding=[], cmake_args=None, cmake_target=None, cmake_target_skip_unavailable=False, cmake_clean_cache=False, cmake_clean_first=False, cmake_force_configure=False, ament_cmake_args=None, catkin_cmake_args=None, catkin_skip_building_tests=False, mixin_files=None, mixin=None, verb_parser=<colcon_mixin.mixin.mixin_argument.MixinArgumentDecorator object at 0x73c20415a830>, verb_extension=<colcon_core.verb.build.BuildVerb object at 0x73c20415a290>, main=<bound method BuildVerb.main of <colcon_core.verb.build.BuildVerb object at 0x73c20415a290>>, mixin_verb=('build',))
[0.273s] Level 1:colcon.colcon_core.package_discovery:discover_packages(colcon_meta) check parameters
[0.273s] Level 1:colcon.colcon_core.package_discovery:discover_packages(recursive) check parameters
[0.273s] Level 1:colcon.colcon_core.package_discovery:discover_packages(ignore) check parameters
[0.273s] Level 1:colcon.colcon_core.package_discovery:discover_packages(path) check parameters
[0.273s] Level 1:colcon.colcon_core.package_discovery:discover_packages(colcon_meta) discover
[0.273s] Level 1:colcon.colcon_core.package_discovery:discover_packages(recursive) discover
[0.273s] INFO:colcon.colcon_core.package_discovery:Crawling recursively for packages in '/home/jonathan0209/casper_robot/rob_ws'
[0.274s] Level 1:colcon.colcon_core.package_identification:_identify(.) by extensions ['ignore', 'ignore_ament_install']
[0.274s] Level 1:colcon.colcon_core.package_identification:_identify(.) by extension 'ignore'
[0.274s] Level 1:colcon.colcon_core.package_identification:_identify(.) by extension 'ignore_ament_install'
[0.274s] Level 1:colcon.colcon_core.package_identification:_identify(.) by extensions ['colcon_pkg']
[0.274s] Level 1:colcon.colcon_core.package_identification:_identify(.) by extension 'colcon_pkg'
[0.274s] Level 1:colcon.colcon_core.package_identification:_identify(.) by extensions ['colcon_meta']
[0.274s] Level 1:colcon.colcon_core.package_identification:_identify(.) by extension 'colcon_meta'
[0.274s] Level 1:colcon.colcon_core.package_identification:_identify(.) by extensions ['ros']
[0.274s] Level 1:colcon.colcon_core.package_identification:_identify(.) by extension 'ros'
[0.284s] Level 1:colcon.colcon_core.package_identification:_identify(.) by extensions ['cmake', 'python']
[0.284s] Level 1:colcon.colcon_core.package_identification:_identify(.) by extension 'cmake'
[0.284s] Level 1:colcon.colcon_core.package_identification:_identify(.) by extension 'python'
[0.284s] Level 1:colcon.colcon_core.package_identification:_identify(.) by extensions ['python_setup_py']
[0.284s] Level 1:colcon.colcon_core.package_identification:_identify(.) by extension 'python_setup_py'
[0.284s] Level 1:colcon.colcon_core.package_identification:_identify(build) by extensions ['ignore', 'ignore_ament_install']
[0.285s] Level 1:colcon.colcon_core.package_identification:_identify(build) by extension 'ignore'
[0.285s] Level 1:colcon.colcon_core.package_identification:_identify(build) ignored
[0.285s] Level 1:colcon.colcon_core.package_identification:_identify(install) by extensions ['ignore', 'ignore_ament_install']
[0.285s] Level 1:colcon.colcon_core.package_identification:_identify(install) by extension 'ignore'
[0.285s] Level 1:colcon.colcon_core.package_identification:_identify(install) ignored
[0.285s] Level 1:colcon.colcon_core.package_identification:_identify(log) by extensions ['ignore', 'ignore_ament_install']
[0.285s] Level 1:colcon.colcon_core.package_identification:_identify(log) by extension 'ignore'
[0.285s] Level 1:colcon.colcon_core.package_identification:_identify(log) ignored
[0.285s] Level 1:colcon.colcon_core.package_identification:_identify(src) by extensions ['ignore', 'ignore_ament_install']
[0.285s] Level 1:colcon.colcon_core.package_identification:_identify(src) by extension 'ignore'
[0.286s] Level 1:colcon.colcon_core.package_identification:_identify(src) by extension 'ignore_ament_install'
[0.286s] Level 1:colcon.colcon_core.package_identification:_identify(src) by extensions ['colcon_pkg']
[0.286s] Level 1:colcon.colcon_core.package_identification:_identify(src) by extension 'colcon_pkg'
[0.286s] Level 1:colcon.colcon_core.package_identification:_identify(src) by extensions ['colcon_meta']
[0.286s] Level 1:colcon.colcon_core.package_identification:_identify(src) by extension 'colcon_meta'
[0.286s] Level 1:colcon.colcon_core.package_identification:_identify(src) by extensions ['ros']
[0.286s] Level 1:colcon.colcon_core.package_identification:_identify(src) by extension 'ros'
[0.286s] Level 1:colcon.colcon_core.package_identification:_identify(src) by extensions ['cmake', 'python']
[0.286s] Level 1:colcon.colcon_core.package_identification:_identify(src) by extension 'cmake'
[0.286s] Level 1:colcon.colcon_core.package_identification:_identify(src) by extension 'python'
[0.286s] Level 1:colcon.colcon_core.package_identification:_identify(src) by extensions ['python_setup_py']
[0.286s] Level 1:colcon.colcon_core.package_identification:_identify(src) by extension 'python_setup_py'
[0.286s] Level 1:colcon.colcon_core.package_identification:_identify(src/articubot_one) by extensions ['ignore', 'ignore_ament_install']
[0.286s] Level 1:colcon.colcon_core.package_identification:_identify(src/articubot_one) by extension 'ignore'
[0.286s] Level 1:colcon.colcon_core.package_identification:_identify(src/articubot_one) by extension 'ignore_ament_install'
[0.286s] Level 1:colcon.colcon_core.package_identification:_identify(src/articubot_one) by extensions ['colcon_pkg']
[0.286s] Level 1:colcon.colcon_core.package_identification:_identify(src/articubot_one) by extension 'colcon_pkg'
[0.286s] Level 1:colcon.colcon_core.package_identification:_identify(src/articubot_one) by extensions ['colcon_meta']
[0.287s] Level 1:colcon.colcon_core.package_identification:_identify(src/articubot_one) by extension 'colcon_meta'
[0.287s] Level 1:colcon.colcon_core.package_identification:_identify(src/articubot_one) by extensions ['ros']
[0.287s] Level 1:colcon.colcon_core.package_identification:_identify(src/articubot_one) by extension 'ros'
[0.289s] DEBUG:colcon.colcon_core.package_identification:Package 'src/articubot_one' with type 'ros.ament_cmake' and name 'articubot_one'
[0.289s] Level 1:colcon.colcon_core.package_identification:_identify(src/camera_stream) by extensions ['ignore', 'ignore_ament_install']
[0.289s] Level 1:colcon.colcon_core.package_identification:_identify(src/camera_stream) by extension 'ignore'
[0.289s] Level 1:colcon.colcon_core.package_identification:_identify(src/camera_stream) by extension 'ignore_ament_install'
[0.289s] Level 1:colcon.colcon_core.package_identification:_identify(src/camera_stream) by extensions ['colcon_pkg']
[0.289s] Level 1:colcon.colcon_core.package_identification:_identify(src/camera_stream) by extension 'colcon_pkg'
[0.289s] Level 1:colcon.colcon_core.package_identification:_identify(src/camera_stream) by extensions ['colcon_meta']
[0.289s] Level 1:colcon.colcon_core.package_identification:_identify(src/camera_stream) by extension 'colcon_meta'
[0.289s] Level 1:colcon.colcon_core.package_identification:_identify(src/camera_stream) by extensions ['ros']
[0.289s] Level 1:colcon.colcon_core.package_identification:_identify(src/camera_stream) by extension 'ros'
[0.290s] DEBUG:colcon.colcon_core.package_identification:Package 'src/camera_stream' with type 'ros.ament_python' and name 'camera_stream'
[0.290s] Level 1:colcon.colcon_core.package_identification:_identify(src/camera_ws) by extensions ['ignore', 'ignore_ament_install']
[0.290s] Level 1:colcon.colcon_core.package_identification:_identify(src/camera_ws) by extension 'ignore'
[0.290s] Level 1:colcon.colcon_core.package_identification:_identify(src/camera_ws) by extension 'ignore_ament_install'
[0.290s] Level 1:colcon.colcon_core.package_identification:_identify(src/camera_ws) by extensions ['colcon_pkg']
[0.290s] Level 1:colcon.colcon_core.package_identification:_identify(src/camera_ws) by extension 'colcon_pkg'
[0.290s] Level 1:colcon.colcon_core.package_identification:_identify(src/camera_ws) by extensions ['colcon_meta']
[0.290s] Level 1:colcon.colcon_core.package_identification:_identify(src/camera_ws) by extension 'colcon_meta'
[0.290s] Level 1:colcon.colcon_core.package_identification:_identify(src/camera_ws) by extensions ['ros']
[0.290s] Level 1:colcon.colcon_core.package_identification:_identify(src/camera_ws) by extension 'ros'
[0.291s] DEBUG:colcon.colcon_core.package_identification:Package 'src/camera_ws' with type 'ros.ament_python' and name 'camera_ws'
[0.291s] Level 1:colcon.colcon_core.package_identification:_identify(src/diffdrive_arduino) by extensions ['ignore', 'ignore_ament_install']
[0.291s] Level 1:colcon.colcon_core.package_identification:_identify(src/diffdrive_arduino) by extension 'ignore'
[0.291s] Level 1:colcon.colcon_core.package_identification:_identify(src/diffdrive_arduino) by extension 'ignore_ament_install'
[0.291s] Level 1:colcon.colcon_core.package_identification:_identify(src/diffdrive_arduino) by extensions ['colcon_pkg']
[0.291s] Level 1:colcon.colcon_core.package_identification:_identify(src/diffdrive_arduino) by extension 'colcon_pkg'
[0.292s] Level 1:colcon.colcon_core.package_identification:_identify(src/diffdrive_arduino) by extensions ['colcon_meta']
[0.292s] Level 1:colcon.colcon_core.package_identification:_identify(src/diffdrive_arduino) by extension 'colcon_meta'
[0.292s] Level 1:colcon.colcon_core.package_identification:_identify(src/diffdrive_arduino) by extensions ['ros']
[0.292s] Level 1:colcon.colcon_core.package_identification:_identify(src/diffdrive_arduino) by extension 'ros'
[0.292s] DEBUG:colcon.colcon_core.package_identification:Package 'src/diffdrive_arduino' with type 'ros.ament_cmake' and name 'diffdrive_arduino'
[0.293s] Level 1:colcon.colcon_core.package_identification:_identify(src/serial) by extensions ['ignore', 'ignore_ament_install']
[0.293s] Level 1:colcon.colcon_core.package_identification:_identify(src/serial) by extension 'ignore'
[0.293s] Level 1:colcon.colcon_core.package_identification:_identify(src/serial) by extension 'ignore_ament_install'
[0.293s] Level 1:colcon.colcon_core.package_identification:_identify(src/serial) by extensions ['colcon_pkg']
[0.293s] Level 1:colcon.colcon_core.package_identification:_identify(src/serial) by extension 'colcon_pkg'
[0.293s] Level 1:colcon.colcon_core.package_identification:_identify(src/serial) by extensions ['colcon_meta']
[0.293s] Level 1:colcon.colcon_core.package_identification:_identify(src/serial) by extension 'colcon_meta'
[0.293s] Level 1:colcon.colcon_core.package_identification:_identify(src/serial) by extensions ['ros']
[0.293s] Level 1:colcon.colcon_core.package_identification:_identify(src/serial) by extension 'ros'
[0.293s] DEBUG:colcon.colcon_core.package_identification:Package 'src/serial' with type 'ros.ament_cmake' and name 'serial'
[0.293s] Level 1:colcon.colcon_core.package_discovery:discover_packages(recursive) using defaults
[0.294s] Level 1:colcon.colcon_core.package_discovery:discover_packages(ignore) discover
[0.294s] Level 1:colcon.colcon_core.package_discovery:discover_packages(ignore) using defaults
[0.294s] Level 1:colcon.colcon_core.package_discovery:discover_packages(path) discover
[0.294s] Level 1:colcon.colcon_core.package_discovery:discover_packages(path) using defaults
[0.324s] Level 1:colcon.colcon_core.package_discovery:discover_packages(prefix_path) check parameters
[0.324s] Level 1:colcon.colcon_core.package_discovery:discover_packages(prefix_path) discover
[0.326s] DEBUG:colcon.colcon_installed_package_information.package_discovery:Found 5 installed packages in /home/jonathan0209/casper_robot/rob_ws/install
[0.327s] DEBUG:colcon.colcon_installed_package_information.package_discovery:Found 281 installed packages in /opt/ros/humble
[0.329s] Level 1:colcon.colcon_core.package_discovery:discover_packages(prefix_path) using defaults
[0.366s] Level 5:colcon.colcon_core.verb:set package 'articubot_one' build argument 'cmake_args' from command line to 'None'
[0.366s] Level 5:colcon.colcon_core.verb:set package 'articubot_one' build argument 'cmake_target' from command line to 'None'
[0.366s] Level 5:colcon.colcon_core.verb:set package 'articubot_one' build argument 'cmake_target_skip_unavailable' from command line to 'False'
[0.366s] Level 5:colcon.colcon_core.verb:set package 'articubot_one' build argument 'cmake_clean_cache' from command line to 'False'
[0.366s] Level 5:colcon.colcon_core.verb:set package 'articubot_one' build argument 'cmake_clean_first' from command line to 'False'
[0.366s] Level 5:colcon.colcon_core.verb:set package 'articubot_one' build argument 'cmake_force_configure' from command line to 'False'
[0.366s] Level 5:colcon.colcon_core.verb:set package 'articubot_one' build argument 'ament_cmake_args' from command line to 'None'
[0.366s] Level 5:colcon.colcon_core.verb:set package 'articubot_one' build argument 'catkin_cmake_args' from command line to 'None'
[0.366s] Level 5:colcon.colcon_core.verb:set package 'articubot_one' build argument 'catkin_skip_building_tests' from command line to 'False'
[0.366s] DEBUG:colcon.colcon_core.verb:Building package 'articubot_one' with the following arguments: {'ament_cmake_args': None, 'build_base': '/home/jonathan0209/casper_robot/rob_ws/build/articubot_one', 'catkin_cmake_args': None, 'catkin_skip_building_tests': False, 'cmake_args': None, 'cmake_clean_cache': False, 'cmake_clean_first': False, 'cmake_force_configure': False, 'cmake_target': None, 'cmake_target_skip_unavailable': False, 'install_base': '/home/jonathan0209/casper_robot/rob_ws/install/articubot_one', 'merge_install': False, 'path': '/home/jonathan0209/casper_robot/rob_ws/src/articubot_one', 'symlink_install': False, 'test_result_base': None}
[0.367s] Level 5:colcon.colcon_core.verb:set package 'camera_stream' build argument 'cmake_args' from command line to 'None'
[0.367s] Level 5:colcon.colcon_core.verb:set package 'camera_stream' build argument 'cmake_target' from command line to 'None'
[0.367s] Level 5:colcon.colcon_core.verb:set package 'camera_stream' build argument 'cmake_target_skip_unavailable' from command line to 'False'
[0.367s] Level 5:colcon.colcon_core.verb:set package 'camera_stream' build argument 'cmake_clean_cache' from command line to 'False'
[0.367s] Level 5:colcon.colcon_core.verb:set package 'camera_stream' build argument 'cmake_clean_first' from command line to 'False'
[0.367s] Level 5:colcon.colcon_core.verb:set package 'camera_stream' build argument 'cmake_force_configure' from command line to 'False'
[0.367s] Level 5:colcon.colcon_core.verb:set package 'camera_stream' build argument 'ament_cmake_args' from command line to 'None'
[0.367s] Level 5:colcon.colcon_core.verb:set package 'camera_stream' build argument 'catkin_cmake_args' from command line to 'None'
[0.367s] Level 5:colcon.colcon_core.verb:set package 'camera_stream' build argument 'catkin_skip_building_tests' from command line to 'False'
[0.367s] DEBUG:colcon.colcon_core.verb:Building package 'camera_stream' with the following arguments: {'ament_cmake_args': None, 'build_base': '/home/jonathan0209/casper_robot/rob_ws/build/camera_stream', 'catkin_cmake_args': None, 'catkin_skip_building_tests': False, 'cmake_args': None, 'cmake_clean_cache': False, 'cmake_clean_first': False, 'cmake_force_configure': False, 'cmake_target': None, 'cmake_target_skip_unavailable': False, 'install_base': '/home/jonathan0209/casper_robot/rob_ws/install/camera_stream', 'merge_install': False, 'path': '/home/jonathan0209/casper_robot/rob_ws/src/camera_stream', 'symlink_install': False, 'test_result_base': None}
[0.367s] Level 5:colcon.colcon_core.verb:set package 'camera_ws' build argument 'cmake_args' from command line to 'None'
[0.368s] Level 5:colcon.colcon_core.verb:set package 'camera_ws' build argument 'cmake_target' from command line to 'None'
[0.368s] Level 5:colcon.colcon_core.verb:set package 'camera_ws' build argument 'cmake_target_skip_unavailable' from command line to 'False'
[0.368s] Level 5:colcon.colcon_core.verb:set package 'camera_ws' build argument 'cmake_clean_cache' from command line to 'False'
[0.368s] Level 5:colcon.colcon_core.verb:set package 'camera_ws' build argument 'cmake_clean_first' from command line to 'False'
[0.368s] Level 5:colcon.colcon_core.verb:set package 'camera_ws' build argument 'cmake_force_configure' from command line to 'False'
[0.368s] Level 5:colcon.colcon_core.verb:set package 'camera_ws' build argument 'ament_cmake_args' from command line to 'None'
[0.368s] Level 5:colcon.colcon_core.verb:set package 'camera_ws' build argument 'catkin_cmake_args' from command line to 'None'
[0.368s] Level 5:colcon.colcon_core.verb:set package 'camera_ws' build argument 'catkin_skip_building_tests' from command line to 'False'
[0.368s] DEBUG:colcon.colcon_core.verb:Building package 'camera_ws' with the following arguments: {'ament_cmake_args': None, 'build_base': '/home/jonathan0209/casper_robot/rob_ws/build/camera_ws', 'catkin_cmake_args': None, 'catkin_skip_building_tests': False, 'cmake_args': None, 'cmake_clean_cache': False, 'cmake_clean_first': False, 'cmake_force_configure': False, 'cmake_target': None, 'cmake_target_skip_unavailable': False, 'install_base': '/home/jonathan0209/casper_robot/rob_ws/install/camera_ws', 'merge_install': False, 'path': '/home/jonathan0209/casper_robot/rob_ws/src/camera_ws', 'symlink_install': False, 'test_result_base': None}
[0.368s] Level 5:colcon.colcon_core.verb:set package 'serial' build argument 'cmake_args' from command line to 'None'
[0.368s] Level 5:colcon.colcon_core.verb:set package 'serial' build argument 'cmake_target' from command line to 'None'
[0.368s] Level 5:colcon.colcon_core.verb:set package 'serial' build argument 'cmake_target_skip_unavailable' from command line to 'False'
[0.368s] Level 5:colcon.colcon_core.verb:set package 'serial' build argument 'cmake_clean_cache' from command line to 'False'
[0.368s] Level 5:colcon.colcon_core.verb:set package 'serial' build argument 'cmake_clean_first' from command line to 'False'
[0.368s] Level 5:colcon.colcon_core.verb:set package 'serial' build argument 'cmake_force_configure' from command line to 'False'
[0.368s] Level 5:colcon.colcon_core.verb:set package 'serial' build argument 'ament_cmake_args' from command line to 'None'
[0.368s] Level 5:colcon.colcon_core.verb:set package 'serial' build argument 'catkin_cmake_args' from command line to 'None'
[0.368s] Level 5:colcon.colcon_core.verb:set package 'serial' build argument 'catkin_skip_building_tests' from command line to 'False'
[0.368s] DEBUG:colcon.colcon_core.verb:Building package 'serial' with the following arguments: {'ament_cmake_args': None, 'build_base': '/home/jonathan0209/casper_robot/rob_ws/build/serial', 'catkin_cmake_args': None, 'catkin_skip_building_tests': False, 'cmake_args': None, 'cmake_clean_cache': False, 'cmake_clean_first': False, 'cmake_force_configure': False, 'cmake_target': None, 'cmake_target_skip_unavailable': False, 'install_base': '/home/jonathan0209/casper_robot/rob_ws/install/serial', 'merge_install': False, 'path': '/home/jonathan0209/casper_robot/rob_ws/src/serial', 'symlink_install': False, 'test_result_base': None}
[0.369s] Level 5:colcon.colcon_core.verb:set package 'diffdrive_arduino' build argument 'cmake_args' from command line to 'None'
[0.369s] Level 5:colcon.colcon_core.verb:set package 'diffdrive_arduino' build argument 'cmake_target' from command line to 'None'
[0.369s] Level 5:colcon.colcon_core.verb:set package 'diffdrive_arduino' build argument 'cmake_target_skip_unavailable' from command line to 'False'
[0.369s] Level 5:colcon.colcon_core.verb:set package 'diffdrive_arduino' build argument 'cmake_clean_cache' from command line to 'False'
[0.369s] Level 5:colcon.colcon_core.verb:set package 'diffdrive_arduino' build argument 'cmake_clean_first' from command line to 'False'
[0.369s] Level 5:colcon.colcon_core.verb:set package 'diffdrive_arduino' build argument 'cmake_force_configure' from command line to 'False'
[0.369s] Level 5:colcon.colcon_core.verb:set package 'diffdrive_arduino' build argument 'ament_cmake_args' from command line to 'None'
[0.369s] Level 5:colcon.colcon_core.verb:set package 'diffdrive_arduino' build argument 'catkin_cmake_args' from command line to 'None'
[0.369s] Level 5:colcon.colcon_core.verb:set package 'diffdrive_arduino' build argument 'catkin_skip_building_tests' from command line to 'False'
[0.369s] DEBUG:colcon.colcon_core.verb:Building package 'diffdrive_arduino' with the following arguments: {'ament_cmake_args': None, 'build_base': '/home/jonathan0209/casper_robot/rob_ws/build/diffdrive_arduino', 'catkin_cmake_args': None, 'catkin_skip_building_tests': False, 'cmake_args': None, 'cmake_clean_cache': False, 'cmake_clean_first': False, 'cmake_force_configure': False, 'cmake_target': None, 'cmake_target_skip_unavailable': False, 'install_base': '/home/jonathan0209/casper_robot/rob_ws/install/diffdrive_arduino', 'merge_install': False, 'path': '/home/jonathan0209/casper_robot/rob_ws/src/diffdrive_arduino', 'symlink_install': False, 'test_result_base': None}
[0.369s] INFO:colcon.colcon_core.executor:Executing jobs using 'parallel' executor
[0.370s] DEBUG:colcon.colcon_parallel_executor.executor.parallel:run_until_complete
[0.370s] INFO:colcon.colcon_ros.task.ament_cmake.build:Building ROS package in '/home/jonathan0209/casper_robot/rob_ws/src/serial' with build type 'ament_cmake'
[0.370s] INFO:colcon.colcon_cmake.task.cmake.build:Building CMake package in '/home/jonathan0209/casper_robot/rob_ws/src/serial'
[0.372s] INFO:colcon.colcon_core.plugin_system:Skipping extension 'colcon_core.shell.bat': Not used on non-Windows systems
[0.373s] INFO:colcon.colcon_core.shell:Skip shell extension 'powershell' for command environment: Not usable outside of PowerShell
[0.373s] DEBUG:colcon.colcon_core.shell:Skip shell extension 'dsv' for command environment
[0.376s] INFO:colcon.colcon_ros.task.ament_cmake.build:Building ROS package in '/home/jonathan0209/casper_robot/rob_ws/src/articubot_one' with build type 'ament_cmake'
[0.376s] INFO:colcon.colcon_cmake.task.cmake.build:Building CMake package in '/home/jonathan0209/casper_robot/rob_ws/src/articubot_one'
[0.376s] INFO:colcon.colcon_core.shell:Skip shell extension 'powershell' for command environment: Not usable outside of PowerShell
[0.376s] DEBUG:colcon.colcon_core.shell:Skip shell extension 'dsv' for command environment
[0.379s] INFO:colcon.colcon_ros.task.ament_python.build:Building ROS package in '/home/jonathan0209/casper_robot/rob_ws/src/camera_stream' with build type 'ament_python'
[0.380s] Level 1:colcon.colcon_core.shell:create_environment_hook('camera_stream', 'ament_prefix_path')
[0.380s] INFO:colcon.colcon_core.shell:Creating environment hook '/home/jonathan0209/casper_robot/rob_ws/install/camera_stream/share/camera_stream/hook/ament_prefix_path.ps1'
[0.380s] INFO:colcon.colcon_core.shell:Creating environment descriptor '/home/jonathan0209/casper_robot/rob_ws/install/camera_stream/share/camera_stream/hook/ament_prefix_path.dsv'
[0.381s] INFO:colcon.colcon_core.shell:Creating environment hook '/home/jonathan0209/casper_robot/rob_ws/install/camera_stream/share/camera_stream/hook/ament_prefix_path.sh'
[0.382s] INFO:colcon.colcon_core.shell:Skip shell extension 'powershell' for command environment: Not usable outside of PowerShell
[0.382s] DEBUG:colcon.colcon_core.shell:Skip shell extension 'dsv' for command environment
[0.385s] INFO:colcon.colcon_ros.task.ament_python.build:Building ROS package in '/home/jonathan0209/casper_robot/rob_ws/src/camera_ws' with build type 'ament_python'
[0.385s] Level 1:colcon.colcon_core.shell:create_environment_hook('camera_ws', 'ament_prefix_path')
[0.385s] INFO:colcon.colcon_core.shell:Creating environment hook '/home/jonathan0209/casper_robot/rob_ws/install/camera_ws/share/camera_ws/hook/ament_prefix_path.ps1'
[0.386s] INFO:colcon.colcon_core.shell:Creating environment descriptor '/home/jonathan0209/casper_robot/rob_ws/install/camera_ws/share/camera_ws/hook/ament_prefix_path.dsv'
[0.386s] INFO:colcon.colcon_core.shell:Creating environment hook '/home/jonathan0209/casper_robot/rob_ws/install/camera_ws/share/camera_ws/hook/ament_prefix_path.sh'
[0.387s] INFO:colcon.colcon_core.shell:Skip shell extension 'powershell' for command environment: Not usable outside of PowerShell
[0.387s] DEBUG:colcon.colcon_core.shell:Skip shell extension 'dsv' for command environment
[0.396s] DEBUG:colcon.colcon_core.event_handler.log_command:Invoking command in '/home/jonathan0209/casper_robot/rob_ws/build/serial': CMAKE_PREFIX_PATH=${CMAKE_PREFIX_PATH}:/home/jonathan0209/casper_robot/rob_ws/install/camera_ws:/home/jonathan0209/casper_robot/rob_ws/install/camera_stream:/opt/ros/humble /usr/bin/cmake --build /home/jonathan0209/casper_robot/rob_ws/build/serial -- -j8 -l8
[0.400s] DEBUG:colcon.colcon_core.event_handler.log_command:Invoking command in '/home/jonathan0209/casper_robot/rob_ws/build/articubot_one': CMAKE_PREFIX_PATH=${CMAKE_PREFIX_PATH}:/home/jonathan0209/casper_robot/rob_ws/install/camera_ws:/home/jonathan0209/casper_robot/rob_ws/install/camera_stream:/opt/ros/humble /usr/bin/cmake --build /home/jonathan0209/casper_robot/rob_ws/build/articubot_one -- -j8 -l8
[0.667s] INFO:colcon.colcon_core.task.python.build:Building Python package in '/home/jonathan0209/casper_robot/rob_ws/src/camera_stream'
[0.668s] INFO:colcon.colcon_core.shell:Skip shell extension 'powershell' for command environment: Not usable outside of PowerShell
[0.668s] DEBUG:colcon.colcon_core.shell:Skip shell extension 'dsv' for command environment
[0.675s] DEBUG:colcon.colcon_core.event_handler.log_command:Invoked command in '/home/jonathan0209/casper_robot/rob_ws/build/serial' returned '0': CMAKE_PREFIX_PATH=${CMAKE_PREFIX_PATH}:/home/jonathan0209/casper_robot/rob_ws/install/camera_ws:/home/jonathan0209/casper_robot/rob_ws/install/camera_stream:/opt/ros/humble /usr/bin/cmake --build /home/jonathan0209/casper_robot/rob_ws/build/serial -- -j8 -l8
[0.686s] DEBUG:colcon.colcon_core.event_handler.log_command:Invoking command in '/home/jonathan0209/casper_robot/rob_ws/build/serial': CMAKE_PREFIX_PATH=${CMAKE_PREFIX_PATH}:/home/jonathan0209/casper_robot/rob_ws/install/camera_ws:/home/jonathan0209/casper_robot/rob_ws/install/camera_stream:/opt/ros/humble /usr/bin/cmake --install /home/jonathan0209/casper_robot/rob_ws/build/serial
[0.687s] DEBUG:colcon.colcon_core.event_handler.log_command:Invoked command in '/home/jonathan0209/casper_robot/rob_ws/build/articubot_one' returned '0': CMAKE_PREFIX_PATH=${CMAKE_PREFIX_PATH}:/home/jonathan0209/casper_robot/rob_ws/install/camera_ws:/home/jonathan0209/casper_robot/rob_ws/install/camera_stream:/opt/ros/humble /usr/bin/cmake --build /home/jonathan0209/casper_robot/rob_ws/build/articubot_one -- -j8 -l8
[0.690s] DEBUG:colcon.colcon_core.event_handler.log_command:Invoking command in '/home/jonathan0209/casper_robot/rob_ws/build/articubot_one': CMAKE_PREFIX_PATH=${CMAKE_PREFIX_PATH}:/home/jonathan0209/casper_robot/rob_ws/install/camera_ws:/home/jonathan0209/casper_robot/rob_ws/install/camera_stream:/opt/ros/humble /usr/bin/cmake --install /home/jonathan0209/casper_robot/rob_ws/build/articubot_one
[0.964s] INFO:colcon.colcon_core.task.python.build:Building Python package in '/home/jonathan0209/casper_robot/rob_ws/src/camera_ws'
[0.964s] INFO:colcon.colcon_core.shell:Skip shell extension 'powershell' for command environment: Not usable outside of PowerShell
[0.964s] DEBUG:colcon.colcon_core.shell:Skip shell extension 'dsv' for command environment
[0.973s] Level 1:colcon.colcon_core.environment:create_environment_scripts_only(serial)
[0.979s] DEBUG:colcon.colcon_core.event_handler.log_command:Invoked command in '/home/jonathan0209/casper_robot/rob_ws/build/serial' returned '0': CMAKE_PREFIX_PATH=${CMAKE_PREFIX_PATH}:/home/jonathan0209/casper_robot/rob_ws/install/camera_ws:/home/jonathan0209/casper_robot/rob_ws/install/camera_stream:/opt/ros/humble /usr/bin/cmake --install /home/jonathan0209/casper_robot/rob_ws/build/serial
[0.980s] Level 1:colcon.colcon_core.environment:checking '/home/jonathan0209/casper_robot/rob_ws/install/serial' for CMake module files
[0.981s] Level 1:colcon.colcon_core.environment:checking '/home/jonathan0209/casper_robot/rob_ws/install/serial' for CMake config files
[0.981s] Level 1:colcon.colcon_core.shell:create_environment_hook('serial', 'cmake_prefix_path')
[0.981s] INFO:colcon.colcon_core.shell:Creating environment hook '/home/jonathan0209/casper_robot/rob_ws/install/serial/share/serial/hook/cmake_prefix_path.ps1'
[0.982s] INFO:colcon.colcon_core.shell:Creating environment descriptor '/home/jonathan0209/casper_robot/rob_ws/install/serial/share/serial/hook/cmake_prefix_path.dsv'
[0.982s] INFO:colcon.colcon_core.shell:Creating environment hook '/home/jonathan0209/casper_robot/rob_ws/install/serial/share/serial/hook/cmake_prefix_path.sh'
[0.983s] Level 1:colcon.colcon_core.environment:checking '/home/jonathan0209/casper_robot/rob_ws/install/serial/lib'
[0.983s] Level 1:colcon.colcon_core.environment:checking '/home/jonathan0209/casper_robot/rob_ws/install/serial/bin'
[0.983s] Level 1:colcon.colcon_core.environment:checking '/home/jonathan0209/casper_robot/rob_ws/install/serial/lib/pkgconfig/serial.pc'
[0.983s] Level 1:colcon.colcon_core.environment:checking '/home/jonathan0209/casper_robot/rob_ws/install/serial/lib/python3.10/site-packages'
[0.984s] Level 1:colcon.colcon_core.environment:checking '/home/jonathan0209/casper_robot/rob_ws/install/serial/bin'
[0.984s] INFO:colcon.colcon_core.shell:Creating package script '/home/jonathan0209/casper_robot/rob_ws/install/serial/share/serial/package.ps1'
[0.985s] INFO:colcon.colcon_core.shell:Creating package descriptor '/home/jonathan0209/casper_robot/rob_ws/install/serial/share/serial/package.dsv'
[0.985s] INFO:colcon.colcon_core.shell:Creating package script '/home/jonathan0209/casper_robot/rob_ws/install/serial/share/serial/package.sh'
[0.986s] INFO:colcon.colcon_core.shell:Creating package script '/home/jonathan0209/casper_robot/rob_ws/install/serial/share/serial/package.bash'
[0.987s] INFO:colcon.colcon_core.shell:Creating package script '/home/jonathan0209/casper_robot/rob_ws/install/serial/share/serial/package.zsh'
[0.987s] Level 1:colcon.colcon_core.environment:create_file_with_runtime_dependencies(/home/jonathan0209/casper_robot/rob_ws/install/serial/share/colcon-core/packages/serial)
[0.988s] Level 1:colcon.colcon_core.environment:create_environment_scripts_only(serial)
[0.988s] Level 1:colcon.colcon_core.environment:checking '/home/jonathan0209/casper_robot/rob_ws/install/serial' for CMake module files
[0.988s] Level 1:colcon.colcon_core.environment:checking '/home/jonathan0209/casper_robot/rob_ws/install/serial' for CMake config files
[0.989s] Level 1:colcon.colcon_core.shell:create_environment_hook('serial', 'cmake_prefix_path')
[0.989s] INFO:colcon.colcon_core.shell:Creating environment hook '/home/jonathan0209/casper_robot/rob_ws/install/serial/share/serial/hook/cmake_prefix_path.ps1'
[0.989s] INFO:colcon.colcon_core.shell:Creating environment descriptor '/home/jonathan0209/casper_robot/rob_ws/install/serial/share/serial/hook/cmake_prefix_path.dsv'
[0.990s] INFO:colcon.colcon_core.shell:Creating environment hook '/home/jonathan0209/casper_robot/rob_ws/install/serial/share/serial/hook/cmake_prefix_path.sh'
[0.990s] Level 1:colcon.colcon_core.environment:checking '/home/jonathan0209/casper_robot/rob_ws/install/serial/lib'
[0.990s] Level 1:colcon.colcon_core.environment:checking '/home/jonathan0209/casper_robot/rob_ws/install/serial/bin'
[0.990s] Level 1:colcon.colcon_core.environment:checking '/home/jonathan0209/casper_robot/rob_ws/install/serial/lib/pkgconfig/serial.pc'
[0.990s] Level 1:colcon.colcon_core.environment:checking '/home/jonathan0209/casper_robot/rob_ws/install/serial/lib/python3.10/site-packages'
[0.991s] Level 1:colcon.colcon_core.environment:checking '/home/jonathan0209/casper_robot/rob_ws/install/serial/bin'
[0.991s] INFO:colcon.colcon_core.shell:Creating package script '/home/jonathan0209/casper_robot/rob_ws/install/serial/share/serial/package.ps1'
[0.992s] INFO:colcon.colcon_core.shell:Creating package descriptor '/home/jonathan0209/casper_robot/rob_ws/install/serial/share/serial/package.dsv'
[0.992s] INFO:colcon.colcon_core.shell:Creating package script '/home/jonathan0209/casper_robot/rob_ws/install/serial/share/serial/package.sh'
[0.992s] INFO:colcon.colcon_core.shell:Creating package script '/home/jonathan0209/casper_robot/rob_ws/install/serial/share/serial/package.bash'
[0.993s] INFO:colcon.colcon_core.shell:Creating package script '/home/jonathan0209/casper_robot/rob_ws/install/serial/share/serial/package.zsh'
[0.993s] Level 1:colcon.colcon_core.environment:create_file_with_runtime_dependencies(/home/jonathan0209/casper_robot/rob_ws/install/serial/share/colcon-core/packages/serial)
[0.994s] INFO:colcon.colcon_ros.task.ament_cmake.build:Building ROS package in '/home/jonathan0209/casper_robot/rob_ws/src/diffdrive_arduino' with build type 'ament_cmake'
[0.994s] INFO:colcon.colcon_cmake.task.cmake.build:Building CMake package in '/home/jonathan0209/casper_robot/rob_ws/src/diffdrive_arduino'
[0.994s] INFO:colcon.colcon_core.shell:Skip shell extension 'powershell' for command environment: Not usable outside of PowerShell
[0.994s] DEBUG:colcon.colcon_core.shell:Skip shell extension 'dsv' for command environment
[1.000s] Level 1:colcon.colcon_core.environment:create_environment_scripts_only(articubot_one)
[1.000s] Level 1:colcon.colcon_core.environment:checking '/home/jonathan0209/casper_robot/rob_ws/install/articubot_one' for CMake module files
[1.001s] DEBUG:colcon.colcon_core.event_handler.log_command:Invoked command in '/home/jonathan0209/casper_robot/rob_ws/build/articubot_one' returned '0': CMAKE_PREFIX_PATH=${CMAKE_PREFIX_PATH}:/home/jonathan0209/casper_robot/rob_ws/install/camera_ws:/home/jonathan0209/casper_robot/rob_ws/install/camera_stream:/opt/ros/humble /usr/bin/cmake --install /home/jonathan0209/casper_robot/rob_ws/build/articubot_one
[1.002s] Level 1:colcon.colcon_core.environment:checking '/home/jonathan0209/casper_robot/rob_ws/install/articubot_one' for CMake config files
[1.002s] Level 1:colcon.colcon_core.shell:create_environment_hook('articubot_one', 'cmake_prefix_path')
[1.003s] INFO:colcon.colcon_core.shell:Creating environment hook '/home/jonathan0209/casper_robot/rob_ws/install/articubot_one/share/articubot_one/hook/cmake_prefix_path.ps1'
[1.003s] INFO:colcon.colcon_core.shell:Creating environment descriptor '/home/jonathan0209/casper_robot/rob_ws/install/articubot_one/share/articubot_one/hook/cmake_prefix_path.dsv'
[1.003s] INFO:colcon.colcon_core.shell:Creating environment hook '/home/jonathan0209/casper_robot/rob_ws/install/articubot_one/share/articubot_one/hook/cmake_prefix_path.sh'
[1.004s] Level 1:colcon.colcon_core.environment:checking '/home/jonathan0209/casper_robot/rob_ws/install/articubot_one/bin'
[1.004s] Level 1:colcon.colcon_core.environment:checking '/home/jonathan0209/casper_robot/rob_ws/install/articubot_one/lib/pkgconfig/articubot_one.pc'
[1.005s] Level 1:colcon.colcon_core.environment:checking '/home/jonathan0209/casper_robot/rob_ws/install/articubot_one/lib/python3.10/site-packages'
[1.005s] Level 1:colcon.colcon_core.environment:checking '/home/jonathan0209/casper_robot/rob_ws/install/articubot_one/bin'
[1.005s] INFO:colcon.colcon_core.shell:Creating package script '/home/jonathan0209/casper_robot/rob_ws/install/articubot_one/share/articubot_one/package.ps1'
[1.006s] INFO:colcon.colcon_core.shell:Creating package descriptor '/home/jonathan0209/casper_robot/rob_ws/install/articubot_one/share/articubot_one/package.dsv'
[1.006s] INFO:colcon.colcon_core.shell:Creating package script '/home/jonathan0209/casper_robot/rob_ws/install/articubot_one/share/articubot_one/package.sh'
[1.007s] INFO:colcon.colcon_core.shell:Creating package script '/home/jonathan0209/casper_robot/rob_ws/install/articubot_one/share/articubot_one/package.bash'
[1.007s] INFO:colcon.colcon_core.shell:Creating package script '/home/jonathan0209/casper_robot/rob_ws/install/articubot_one/share/articubot_one/package.zsh'
[1.008s] Level 1:colcon.colcon_core.environment:create_file_with_runtime_dependencies(/home/jonathan0209/casper_robot/rob_ws/install/articubot_one/share/colcon-core/packages/articubot_one)
[1.008s] Level 1:colcon.colcon_core.environment:create_environment_scripts_only(articubot_one)
[1.009s] Level 1:colcon.colcon_core.environment:checking '/home/jonathan0209/casper_robot/rob_ws/install/articubot_one' for CMake module files
[1.009s] Level 1:colcon.colcon_core.environment:checking '/home/jonathan0209/casper_robot/rob_ws/install/articubot_one' for CMake config files
[1.010s] Level 1:colcon.colcon_core.shell:create_environment_hook('articubot_one', 'cmake_prefix_path')
[1.010s] INFO:colcon.colcon_core.shell:Creating environment hook '/home/jonathan0209/casper_robot/rob_ws/install/articubot_one/share/articubot_one/hook/cmake_prefix_path.ps1'
[1.010s] INFO:colcon.colcon_core.shell:Creating environment descriptor '/home/jonathan0209/casper_robot/rob_ws/install/articubot_one/share/articubot_one/hook/cmake_prefix_path.dsv'
[1.011s] INFO:colcon.colcon_core.shell:Creating environment hook '/home/jonathan0209/casper_robot/rob_ws/install/articubot_one/share/articubot_one/hook/cmake_prefix_path.sh'
[1.011s] Level 1:colcon.colcon_core.environment:checking '/home/jonathan0209/casper_robot/rob_ws/install/articubot_one/bin'
[1.011s] Level 1:colcon.colcon_core.environment:checking '/home/jonathan0209/casper_robot/rob_ws/install/articubot_one/lib/pkgconfig/articubot_one.pc'
[1.012s] Level 1:colcon.colcon_core.environment:checking '/home/jonathan0209/casper_robot/rob_ws/install/articubot_one/lib/python3.10/site-packages'
[1.012s] Level 1:colcon.colcon_core.environment:checking '/home/jonathan0209/casper_robot/rob_ws/install/articubot_one/bin'
[1.012s] INFO:colcon.colcon_core.shell:Creating package script '/home/jonathan0209/casper_robot/rob_ws/install/articubot_one/share/articubot_one/package.ps1'
[1.013s] INFO:colcon.colcon_core.shell:Creating package descriptor '/home/jonathan0209/casper_robot/rob_ws/install/articubot_one/share/articubot_one/package.dsv'
[1.013s] INFO:colcon.colcon_core.shell:Creating package script '/home/jonathan0209/casper_robot/rob_ws/install/articubot_one/share/articubot_one/package.sh'
[1.014s] INFO:colcon.colcon_core.shell:Creating package script '/home/jonathan0209/casper_robot/rob_ws/install/articubot_one/share/articubot_one/package.bash'
[1.014s] INFO:colcon.colcon_core.shell:Creating package script '/home/jonathan0209/casper_robot/rob_ws/install/articubot_one/share/articubot_one/package.zsh'
[1.015s] Level 1:colcon.colcon_core.environment:create_file_with_runtime_dependencies(/home/jonathan0209/casper_robot/rob_ws/install/articubot_one/share/colcon-core/packages/articubot_one)
[1.019s] DEBUG:colcon.colcon_core.event_handler.log_command:Invoking command in '/home/jonathan0209/casper_robot/rob_ws/build/diffdrive_arduino': CMAKE_PREFIX_PATH=${CMAKE_PREFIX_PATH}:/home/jonathan0209/casper_robot/rob_ws/install/camera_ws:/home/jonathan0209/casper_robot/rob_ws/install/camera_stream:/opt/ros/humble /usr/bin/cmake /home/jonathan0209/casper_robot/rob_ws/src/diffdrive_arduino -DCMAKE_INSTALL_PREFIX=/home/jonathan0209/casper_robot/rob_ws/install/diffdrive_arduino
[1.175s] DEBUG:colcon.colcon_core.event_handler.log_command:Invoked command in '/home/jonathan0209/casper_robot/rob_ws/build/diffdrive_arduino' returned '1': CMAKE_PREFIX_PATH=${CMAKE_PREFIX_PATH}:/home/jonathan0209/casper_robot/rob_ws/install/camera_ws:/home/jonathan0209/casper_robot/rob_ws/install/camera_stream:/opt/ros/humble /usr/bin/cmake /home/jonathan0209/casper_robot/rob_ws/src/diffdrive_arduino -DCMAKE_INSTALL_PREFIX=/home/jonathan0209/casper_robot/rob_ws/install/diffdrive_arduino
[1.186s] Level 1:colcon.colcon_core.environment:create_environment_scripts_only(diffdrive_arduino)
[1.187s] Level 1:colcon.colcon_core.environment:checking '/home/jonathan0209/casper_robot/rob_ws/install/diffdrive_arduino' for CMake module files
[1.187s] Level 1:colcon.colcon_core.environment:checking '/home/jonathan0209/casper_robot/rob_ws/install/diffdrive_arduino' for CMake config files
[1.187s] Level 1:colcon.colcon_core.environment:checking '/home/jonathan0209/casper_robot/rob_ws/install/diffdrive_arduino/bin'
[1.187s] Level 1:colcon.colcon_core.environment:checking '/home/jonathan0209/casper_robot/rob_ws/install/diffdrive_arduino/lib/pkgconfig/diffdrive_arduino.pc'
[1.188s] Level 1:colcon.colcon_core.environment:checking '/home/jonathan0209/casper_robot/rob_ws/install/diffdrive_arduino/lib/python3.10/site-packages'
[1.188s] Level 1:colcon.colcon_core.environment:checking '/home/jonathan0209/casper_robot/rob_ws/install/diffdrive_arduino/bin'
[1.188s] INFO:colcon.colcon_core.shell:Creating package script '/home/jonathan0209/casper_robot/rob_ws/install/diffdrive_arduino/share/diffdrive_arduino/package.ps1'
[1.189s] INFO:colcon.colcon_core.shell:Creating package descriptor '/home/jonathan0209/casper_robot/rob_ws/install/diffdrive_arduino/share/diffdrive_arduino/package.dsv'
[1.189s] INFO:colcon.colcon_core.shell:Creating package script '/home/jonathan0209/casper_robot/rob_ws/install/diffdrive_arduino/share/diffdrive_arduino/package.sh'
[1.189s] INFO:colcon.colcon_core.shell:Creating package script '/home/jonathan0209/casper_robot/rob_ws/install/diffdrive_arduino/share/diffdrive_arduino/package.bash'
[1.190s] INFO:colcon.colcon_core.shell:Creating package script '/home/jonathan0209/casper_robot/rob_ws/install/diffdrive_arduino/share/diffdrive_arduino/package.zsh'
[1.190s] Level 1:colcon.colcon_core.environment:create_file_with_runtime_dependencies(/home/jonathan0209/casper_robot/rob_ws/install/diffdrive_arduino/share/colcon-core/packages/diffdrive_arduino)
[1.381s] DEBUG:colcon.colcon_parallel_executor.executor.parallel:closing loop
[1.381s] DEBUG:colcon.colcon_parallel_executor.executor.parallel:loop closed
[1.381s] DEBUG:colcon.colcon_parallel_executor.executor.parallel:run_until_complete finished with '1'
[1.381s] DEBUG:colcon.colcon_core.event_reactor:joining thread
[1.387s] INFO:colcon.colcon_core.plugin_system:Skipping extension 'colcon_notification.desktop_notification.terminal_notifier': Not used on non-Darwin systems
[1.387s] INFO:colcon.colcon_core.plugin_system:Skipping extension 'colcon_notification.desktop_notification.win32': Not used on non-Windows systems
[1.387s] INFO:colcon.colcon_notification.desktop_notification:Sending desktop notification using 'notify2'
[1.399s] DEBUG:colcon.colcon_core.event_reactor:joined thread
[1.399s] INFO:colcon.colcon_core.shell:Creating prefix script '/home/jonathan0209/casper_robot/rob_ws/install/local_setup.ps1'
[1.401s] INFO:colcon.colcon_core.shell:Creating prefix util module '/home/jonathan0209/casper_robot/rob_ws/install/_local_setup_util_ps1.py'
[1.402s] INFO:colcon.colcon_core.shell:Creating prefix chain script '/home/jonathan0209/casper_robot/rob_ws/install/setup.ps1'
[1.403s] INFO:colcon.colcon_core.shell:Creating prefix script '/home/jonathan0209/casper_robot/rob_ws/install/local_setup.sh'
[1.404s] INFO:colcon.colcon_core.shell:Creating prefix util module '/home/jonathan0209/casper_robot/rob_ws/install/_local_setup_util_sh.py'
[1.404s] INFO:colcon.colcon_core.shell:Creating prefix chain script '/home/jonathan0209/casper_robot/rob_ws/install/setup.sh'
[1.406s] INFO:colcon.colcon_core.shell:Creating prefix script '/home/jonathan0209/casper_robot/rob_ws/install/local_setup.bash'
[1.406s] INFO:colcon.colcon_core.shell:Creating prefix chain script '/home/jonathan0209/casper_robot/rob_ws/install/setup.bash'
[1.408s] INFO:colcon.colcon_core.shell:Creating prefix script '/home/jonathan0209/casper_robot/rob_ws/install/local_setup.zsh'
[1.409s] INFO:colcon.colcon_core.shell:Creating prefix chain script '/home/jonathan0209/casper_robot/rob_ws/install/setup.zsh'
