[0.029s] Invoking command in '/home/jonathan0209/casper_robot/rob_ws/build/serial': CMAKE_PREFIX_PATH=${CMAKE_PREFIX_PATH}:/home/jonathan0209/casper_robot/rob_ws/install/camera_ws:/home/jonathan0209/casper_robot/rob_ws/install/camera_stream:/opt/ros/humble /usr/bin/cmake --build /home/jonathan0209/casper_robot/rob_ws/build/serial -- -j8 -l8
[0.337s] [35m[1mConsolidate compiler generated dependencies of target gtest_main[0m
[0.338s] [35m[1mConsolidate compiler generated dependencies of target serial[0m
[0.338s] [35m[1mConsolidate compiler generated dependencies of target gtest[0m
[0.338s] [ 14%] Built target gtest_main
[0.339s] [ 42%] Built target serial
[0.339s] [ 57%] Built target gtest
[0.339s] [35m[1mConsolidate compiler generated dependencies of target serial_example[0m
[0.339s] [35m[1mConsolidate compiler generated dependencies of target serial-test[0m
[0.339s] [35m[1mConsolidate compiler generated dependencies of target serial-test-timer[0m
[0.339s] [ 71%] Built target serial_example
[0.339s] [100%] Built target serial-test
[0.339s] [100%] Built target serial-test-timer
[0.351s] Invoked command in '/home/jonathan0209/casper_robot/rob_ws/build/serial' returned '0': CMAKE_PREFIX_PATH=${CMAKE_PREFIX_PATH}:/home/jonathan0209/casper_robot/rob_ws/install/camera_ws:/home/jonathan0209/casper_robot/rob_ws/install/camera_stream:/opt/ros/humble /usr/bin/cmake --build /home/jonathan0209/casper_robot/rob_ws/build/serial -- -j8 -l8
[0.352s] Invoking command in '/home/jonathan0209/casper_robot/rob_ws/build/serial': CMAKE_PREFIX_PATH=${CMAKE_PREFIX_PATH}:/home/jonathan0209/casper_robot/rob_ws/install/camera_ws:/home/jonathan0209/casper_robot/rob_ws/install/camera_stream:/opt/ros/humble /usr/bin/cmake --install /home/jonathan0209/casper_robot/rob_ws/build/serial
[0.617s] -- Install configuration: ""
[0.617s] -- Up-to-date: /home/jonathan0209/casper_robot/rob_ws/install/serial/lib/libserial.a
[0.617s] -- Up-to-date: /home/jonathan0209/casper_robot/rob_ws/install/serial/include/serial/serial.h
[0.618s] -- Up-to-date: /home/jonathan0209/casper_robot/rob_ws/install/serial/include/serial/v8stdint.h
[0.618s] -- Up-to-date: /home/jonathan0209/casper_robot/rob_ws/install/serial/share/serial/environment/library_path.sh
[0.618s] -- Up-to-date: /home/jonathan0209/casper_robot/rob_ws/install/serial/share/serial/environment/library_path.dsv
[0.618s] -- Up-to-date: /home/jonathan0209/casper_robot/rob_ws/install/serial/share/ament_index/resource_index/package_run_dependencies/serial
[0.618s] -- Up-to-date: /home/jonathan0209/casper_robot/rob_ws/install/serial/share/ament_index/resource_index/parent_prefix_path/serial
[0.618s] -- Up-to-date: /home/jonathan0209/casper_robot/rob_ws/install/serial/share/serial/environment/ament_prefix_path.sh
[0.618s] -- Up-to-date: /home/jonathan0209/casper_robot/rob_ws/install/serial/share/serial/environment/ament_prefix_path.dsv
[0.618s] -- Up-to-date: /home/jonathan0209/casper_robot/rob_ws/install/serial/share/serial/environment/path.sh
[0.618s] -- Up-to-date: /home/jonathan0209/casper_robot/rob_ws/install/serial/share/serial/environment/path.dsv
[0.618s] -- Up-to-date: /home/jonathan0209/casper_robot/rob_ws/install/serial/share/serial/local_setup.bash
[0.618s] -- Up-to-date: /home/jonathan0209/casper_robot/rob_ws/install/serial/share/serial/local_setup.sh
[0.619s] -- Up-to-date: /home/jonathan0209/casper_robot/rob_ws/install/serial/share/serial/local_setup.zsh
[0.619s] -- Up-to-date: /home/jonathan0209/casper_robot/rob_ws/install/serial/share/serial/local_setup.dsv
[0.619s] -- Installing: /home/jonathan0209/casper_robot/rob_ws/install/serial/share/serial/package.dsv
[0.619s] -- Up-to-date: /home/jonathan0209/casper_robot/rob_ws/install/serial/share/ament_index/resource_index/packages/serial
[0.619s] -- Up-to-date: /home/jonathan0209/casper_robot/rob_ws/install/serial/share/serial/cmake/ament_cmake_export_include_directories-extras.cmake
[0.619s] -- Up-to-date: /home/jonathan0209/casper_robot/rob_ws/install/serial/share/serial/cmake/ament_cmake_export_libraries-extras.cmake
[0.619s] -- Up-to-date: /home/jonathan0209/casper_robot/rob_ws/install/serial/share/serial/cmake/serialConfig.cmake
[0.619s] -- Up-to-date: /home/jonathan0209/casper_robot/rob_ws/install/serial/share/serial/cmake/serialConfig-version.cmake
[0.619s] -- Up-to-date: /home/jonathan0209/casper_robot/rob_ws/install/serial/share/serial/package.xml
[0.646s] Invoked command in '/home/jonathan0209/casper_robot/rob_ws/build/serial' returned '0': CMAKE_PREFIX_PATH=${CMAKE_PREFIX_PATH}:/home/jonathan0209/casper_robot/rob_ws/install/camera_ws:/home/jonathan0209/casper_robot/rob_ws/install/camera_stream:/opt/ros/humble /usr/bin/cmake --install /home/jonathan0209/casper_robot/rob_ws/build/serial
