[0.022s] Invoking command in '/home/jonathan/rob_ws/build/diffdrive_arduino': AMENT_PREFIX_PATH=/home/jonathan/rob_ws/install/serial:${AMENT_PREFIX_PATH} CMAKE_PREFIX_PATH=/home/jonathan/rob_ws/install/serial:/opt/ros/humble LD_LIBRARY_PATH=/home/jonathan/rob_ws/install/serial/lib:${LD_LIBRARY_PATH} /usr/bin/cmake --build /home/jonathan/rob_ws/build/diffdrive_arduino -- -j2 -l2
[0.115s] -- Found ament_cmake: 1.3.10 (/opt/ros/humble/share/ament_cmake/cmake)
[0.412s] -- Override CMake install command with custom implementation using symlinks instead of copying resources
[0.462s] -- Found serial: 1.2.1 (/home/jonathan/rob_ws/install/serial/share/serial/cmake)
[0.467s] -- Found hardware_interface: 2.43.1 (/opt/ros/humble/share/hardware_interface/cmake)
[0.568s] -- Found rosidl_generator_c: 3.1.5 (/opt/ros/humble/share/rosidl_generator_c/cmake)
[0.578s] -- Found rosidl_adapter: 3.1.5 (/opt/ros/humble/share/rosidl_adapter/cmake)
[0.609s] -- Found rosidl_generator_cpp: 3.1.5 (/opt/ros/humble/share/rosidl_generator_cpp/cmake)
[0.648s] -- Using all available rosidl_typesupport_c: rosidl_typesupport_fastrtps_c;rosidl_typesupport_introspection_c
[0.700s] -- Using all available rosidl_typesupport_cpp: rosidl_typesupport_fastrtps_cpp;rosidl_typesupport_introspection_cpp
[1.485s] -- Found rmw_implementation_cmake: 6.1.2 (/opt/ros/humble/share/rmw_implementation_cmake/cmake)
[1.494s] -- Found rmw_fastrtps_cpp: 6.2.7 (/opt/ros/humble/share/rmw_fastrtps_cpp/cmake)
[1.587s] -- Found TinyXML2 via Config file: TinyXML2_DIR-NOTFOUND
[1.618s] -- Found TinyXML2 via Config file: TinyXML2_DIR-NOTFOUND
[1.660s] -- Found TinyXML2 via Config file: TinyXML2_DIR-NOTFOUND
[1.686s] -- Found TinyXML2 via Config file: TinyXML2_DIR-NOTFOUND
[1.718s] -- Using RMW implementation 'rmw_fastrtps_cpp' as default
[1.913s] -- Found controller_manager: 2.43.1 (/opt/ros/humble/share/controller_manager/cmake)
[2.378s] -- Configuring done
[2.701s] -- Generating done
[2.709s] -- Build files have been written to: /home/jonathan/rob_ws/build/diffdrive_arduino
[2.785s] [35m[1mConsolidate compiler generated dependencies of target diffdrive_arduino[0m
[2.786s] [35m[1mConsolidate compiler generated dependencies of target fake_robot[0m
[2.820s] [ 14%] [32mBuilding CXX object CMakeFiles/fake_robot.dir/src/fake_robot.cpp.o[0m
[2.854s] [ 28%] [32mBuilding CXX object CMakeFiles/diffdrive_arduino.dir/src/diffdrive_arduino.cpp.o[0m
[11.909s] [ 42%] [32mBuilding CXX object CMakeFiles/diffdrive_arduino.dir/src/wheel.cpp.o[0m
[12.170s] [ 57%] [32mBuilding CXX object CMakeFiles/fake_robot.dir/src/wheel.cpp.o[0m
[12.862s] [ 71%] [32mBuilding CXX object CMakeFiles/diffdrive_arduino.dir/src/arduino_comms.cpp.o[0m
[13.304s] [ 85%] [32m[1mLinking CXX shared library libfake_robot.so[0m
[14.395s] [ 85%] Built target fake_robot
[22.114s] [100%] [32m[1mLinking CXX shared library libdiffdrive_arduino.so[0m
[22.678s] [100%] Built target diffdrive_arduino
[22.708s] Invoked command in '/home/jonathan/rob_ws/build/diffdrive_arduino' returned '0': AMENT_PREFIX_PATH=/home/jonathan/rob_ws/install/serial:${AMENT_PREFIX_PATH} CMAKE_PREFIX_PATH=/home/jonathan/rob_ws/install/serial:/opt/ros/humble LD_LIBRARY_PATH=/home/jonathan/rob_ws/install/serial/lib:${LD_LIBRARY_PATH} /usr/bin/cmake --build /home/jonathan/rob_ws/build/diffdrive_arduino -- -j2 -l2
[22.773s] Invoking command in '/home/jonathan/rob_ws/build/diffdrive_arduino': AMENT_PREFIX_PATH=/home/jonathan/rob_ws/install/serial:${AMENT_PREFIX_PATH} CMAKE_PREFIX_PATH=/home/jonathan/rob_ws/install/serial:/opt/ros/humble LD_LIBRARY_PATH=/home/jonathan/rob_ws/install/serial/lib:${LD_LIBRARY_PATH} /usr/bin/cmake --install /home/jonathan/rob_ws/build/diffdrive_arduino
[22.798s] -- Install configuration: ""
[22.801s] -- Execute custom install script
[22.805s] -- Up-to-date symlink: /home/jonathan/rob_ws/install/diffdrive_arduino/share/diffdrive_arduino//robot_hardware.xml
[22.808s] -- Up-to-date symlink: /home/jonathan/rob_ws/install/diffdrive_arduino/share/diffdrive_arduino//fake_robot_hardware.xml
[22.808s] -- Up-to-date symlink: /home/jonathan/rob_ws/install/diffdrive_arduino/lib/libdiffdrive_arduino.so
[22.809s] -- Up-to-date symlink: /home/jonathan/rob_ws/install/diffdrive_arduino/lib/libfake_robot.so
[22.809s] -- Up-to-date symlink: /home/jonathan/rob_ws/install/diffdrive_arduino/share/diffdrive_arduino/controllers/robot_controller_example.yaml
[22.809s] -- Up-to-date symlink: /home/jonathan/rob_ws/install/diffdrive_arduino/share/diffdrive_arduino/fake_robot.launch.py
[22.812s] -- Up-to-date symlink: /home/jonathan/rob_ws/install/diffdrive_arduino/share/diffdrive_arduino/test_robot.launch.py
[22.812s] -- Up-to-date symlink: /home/jonathan/rob_ws/install/diffdrive_arduino/share/diffdrive_arduino/environment/library_path.sh
[22.815s] -- Up-to-date symlink: /home/jonathan/rob_ws/install/diffdrive_arduino/share/diffdrive_arduino/environment/library_path.dsv
[22.815s] -- Up-to-date symlink: /home/jonathan/rob_ws/install/diffdrive_arduino/share/ament_index/resource_index/package_run_dependencies/diffdrive_arduino
[22.815s] -- Up-to-date symlink: /home/jonathan/rob_ws/install/diffdrive_arduino/share/ament_index/resource_index/parent_prefix_path/diffdrive_arduino
[22.815s] -- Up-to-date symlink: /home/jonathan/rob_ws/install/diffdrive_arduino/share/diffdrive_arduino/environment/ament_prefix_path.sh
[22.818s] -- Up-to-date symlink: /home/jonathan/rob_ws/install/diffdrive_arduino/share/diffdrive_arduino/environment/ament_prefix_path.dsv
[22.818s] -- Up-to-date symlink: /home/jonathan/rob_ws/install/diffdrive_arduino/share/diffdrive_arduino/environment/path.sh
[22.819s] -- Up-to-date symlink: /home/jonathan/rob_ws/install/diffdrive_arduino/share/diffdrive_arduino/environment/path.dsv
[22.819s] -- Up-to-date symlink: /home/jonathan/rob_ws/install/diffdrive_arduino/share/diffdrive_arduino/local_setup.bash
[22.825s] -- Up-to-date symlink: /home/jonathan/rob_ws/install/diffdrive_arduino/share/diffdrive_arduino/local_setup.sh
[22.826s] -- Up-to-date symlink: /home/jonathan/rob_ws/install/diffdrive_arduino/share/diffdrive_arduino/local_setup.zsh
[22.826s] -- Up-to-date symlink: /home/jonathan/rob_ws/install/diffdrive_arduino/share/diffdrive_arduino/local_setup.dsv
[22.826s] -- Symlinking: /home/jonathan/rob_ws/install/diffdrive_arduino/share/diffdrive_arduino/package.dsv
[22.835s] -- Up-to-date symlink: /home/jonathan/rob_ws/install/diffdrive_arduino/share/ament_index/resource_index/packages/diffdrive_arduino
[22.835s] -- Up-to-date symlink: /home/jonathan/rob_ws/install/diffdrive_arduino/share/ament_index/resource_index/hardware_interface__pluginlib__plugin/diffdrive_arduino
[22.835s] -- Up-to-date symlink: /home/jonathan/rob_ws/install/diffdrive_arduino/share/diffdrive_arduino/cmake/ament_cmake_export_libraries-extras.cmake
[22.835s] -- Up-to-date symlink: /home/jonathan/rob_ws/install/diffdrive_arduino/share/diffdrive_arduino/cmake/ament_cmake_export_dependencies-extras.cmake
[22.835s] -- Up-to-date symlink: /home/jonathan/rob_ws/install/diffdrive_arduino/share/diffdrive_arduino/cmake/diffdrive_arduinoConfig.cmake
[22.837s] -- Up-to-date symlink: /home/jonathan/rob_ws/install/diffdrive_arduino/share/diffdrive_arduino/cmake/diffdrive_arduinoConfig-version.cmake
[22.838s] -- Up-to-date symlink: /home/jonathan/rob_ws/install/diffdrive_arduino/share/diffdrive_arduino/package.xml
[22.840s] Invoked command in '/home/jonathan/rob_ws/build/diffdrive_arduino' returned '0': AMENT_PREFIX_PATH=/home/jonathan/rob_ws/install/serial:${AMENT_PREFIX_PATH} CMAKE_PREFIX_PATH=/home/jonathan/rob_ws/install/serial:/opt/ros/humble LD_LIBRARY_PATH=/home/jonathan/rob_ws/install/serial/lib:${LD_LIBRARY_PATH} /usr/bin/cmake --install /home/jonathan/rob_ws/build/diffdrive_arduino
