[1.710s] Invoking command in '/home/jonathan0209/casper_robot/rob_ws/src/camera_ws': PYTHONPATH=/home/jonathan0209/casper_robot/rob_ws/build/camera_ws/prefix_override:/usr/lib/python3/dist-packages/colcon_core/task/python/colcon_distutils_commands:/home/jonathan0209/casper_robot/rob_ws/install/camera_ws/lib/python3.10/site-packages:${PYTHONPATH} /usr/bin/python3 -W ignore:setup.py install is deprecated -W ignore:easy_install command is deprecated setup.py egg_info --egg-base ../../build/camera_ws build --build-base /home/jonathan0209/casper_robot/rob_ws/build/camera_ws/build install --record /home/jonathan0209/casper_robot/rob_ws/build/camera_ws/install.log --single-version-externally-managed install_data
[2.117s] running egg_info
[2.118s] creating ../../build/camera_ws/camera_ws.egg-info
[2.118s] writing ../../build/camera_ws/camera_ws.egg-info/PKG-INFO
[2.118s] writing dependency_links to ../../build/camera_ws/camera_ws.egg-info/dependency_links.txt
[2.118s] writing entry points to ../../build/camera_ws/camera_ws.egg-info/entry_points.txt
[2.119s] writing requirements to ../../build/camera_ws/camera_ws.egg-info/requires.txt
[2.119s] writing top-level names to ../../build/camera_ws/camera_ws.egg-info/top_level.txt
[2.119s] writing manifest file '../../build/camera_ws/camera_ws.egg-info/SOURCES.txt'
[2.120s] reading manifest file '../../build/camera_ws/camera_ws.egg-info/SOURCES.txt'
[2.122s] writing manifest file '../../build/camera_ws/camera_ws.egg-info/SOURCES.txt'
[2.122s] running build
[2.122s] running build_py
[2.123s] creating /home/jonathan0209/casper_robot/rob_ws/build/camera_ws/build
[2.123s] creating /home/jonathan0209/casper_robot/rob_ws/build/camera_ws/build/lib
[2.125s] creating /home/jonathan0209/casper_robot/rob_ws/build/camera_ws/build/lib/camera_ws
[2.125s] copying camera_ws/image_subscriber.py -> /home/jonathan0209/casper_robot/rob_ws/build/camera_ws/build/lib/camera_ws
[2.125s] copying camera_ws/__init__.py -> /home/jonathan0209/casper_robot/rob_ws/build/camera_ws/build/lib/camera_ws
[2.125s] running install
[2.126s] running install_lib
[2.126s] creating /home/jonathan0209/casper_robot/rob_ws/install/camera_ws/lib/python3.10/site-packages/camera_ws
[2.126s] copying /home/jonathan0209/casper_robot/rob_ws/build/camera_ws/build/lib/camera_ws/image_subscriber.py -> /home/jonathan0209/casper_robot/rob_ws/install/camera_ws/lib/python3.10/site-packages/camera_ws
[2.126s] copying /home/jonathan0209/casper_robot/rob_ws/build/camera_ws/build/lib/camera_ws/__init__.py -> /home/jonathan0209/casper_robot/rob_ws/install/camera_ws/lib/python3.10/site-packages/camera_ws
[2.126s] byte-compiling /home/jonathan0209/casper_robot/rob_ws/install/camera_ws/lib/python3.10/site-packages/camera_ws/image_subscriber.py to image_subscriber.cpython-310.pyc
[2.126s] byte-compiling /home/jonathan0209/casper_robot/rob_ws/install/camera_ws/lib/python3.10/site-packages/camera_ws/__init__.py to __init__.cpython-310.pyc
[2.127s] running install_data
[2.127s] creating /home/jonathan0209/casper_robot/rob_ws/install/camera_ws/share/ament_index
[2.127s] creating /home/jonathan0209/casper_robot/rob_ws/install/camera_ws/share/ament_index/resource_index
[2.127s] creating /home/jonathan0209/casper_robot/rob_ws/install/camera_ws/share/ament_index/resource_index/packages
[2.127s] copying resource/camera_ws -> /home/jonathan0209/casper_robot/rob_ws/install/camera_ws/share/ament_index/resource_index/packages
[2.128s] copying package.xml -> /home/jonathan0209/casper_robot/rob_ws/install/camera_ws/share/camera_ws
[2.129s] running install_egg_info
[2.130s] Copying ../../build/camera_ws/camera_ws.egg-info to /home/jonathan0209/casper_robot/rob_ws/install/camera_ws/lib/python3.10/site-packages/camera_ws-0.0.0-py3.10.egg-info
[2.132s] running install_scripts
[2.155s] Installing image_subscriber script to /home/jonathan0209/casper_robot/rob_ws/install/camera_ws/lib/camera_ws
[2.156s] writing list of installed files to '/home/jonathan0209/casper_robot/rob_ws/build/camera_ws/install.log'
[2.188s] Invoked command in '/home/jonathan0209/casper_robot/rob_ws/src/camera_ws' returned '0': PYTHONPATH=/home/jonathan0209/casper_robot/rob_ws/build/camera_ws/prefix_override:/usr/lib/python3/dist-packages/colcon_core/task/python/colcon_distutils_commands:/home/jonathan0209/casper_robot/rob_ws/install/camera_ws/lib/python3.10/site-packages:${PYTHONPATH} /usr/bin/python3 -W ignore:setup.py install is deprecated -W ignore:easy_install command is deprecated setup.py egg_info --egg-base ../../build/camera_ws build --build-base /home/jonathan0209/casper_robot/rob_ws/build/camera_ws/build install --record /home/jonathan0209/casper_robot/rob_ws/build/camera_ws/install.log --single-version-externally-managed install_data
