[0.033s] Invoking command in '/home/jonathan/rob_ws/build/diffdrive_arduino': AMENT_PREFIX_PATH=/home/jonathan/rob_ws/install/serial:${AMENT_PREFIX_PATH} CMAKE_PREFIX_PATH=/home/jonathan/rob_ws/install/serial:/opt/ros/humble LD_LIBRARY_PATH=/home/jonathan/rob_ws/install/serial/lib:${LD_LIBRARY_PATH} /usr/bin/cmake /home/jonathan/rob_ws/src/diffdrive_arduino -DCMAKE_INSTALL_PREFIX=/home/jonathan/rob_ws/install/diffdrive_arduino
[0.076s] -- Found ament_cmake: 1.3.10 (/opt/ros/humble/share/ament_cmake/cmake)
[0.310s] -- Override CMake install command with custom implementation using symlinks instead of copying resources
[0.323s] -- Found serial: 1.2.1 (/home/jonathan/rob_ws/install/serial/share/serial/cmake)
[0.331s] -- Found hardware_interface: 2.43.1 (/opt/ros/humble/share/hardware_interface/cmake)
[0.443s] -- Found rosidl_generator_c: 3.1.5 (/opt/ros/humble/share/rosidl_generator_c/cmake)
[0.454s] -- Found rosidl_adapter: 3.1.5 (/opt/ros/humble/share/rosidl_adapter/cmake)
[0.484s] -- Found rosidl_generator_cpp: 3.1.5 (/opt/ros/humble/share/rosidl_generator_cpp/cmake)
[0.525s] -- Using all available rosidl_typesupport_c: rosidl_typesupport_fastrtps_c;rosidl_typesupport_introspection_c
[0.572s] -- Using all available rosidl_typesupport_cpp: rosidl_typesupport_fastrtps_cpp;rosidl_typesupport_introspection_cpp
[1.248s] -- Found rmw_implementation_cmake: 6.1.2 (/opt/ros/humble/share/rmw_implementation_cmake/cmake)
[1.259s] -- Found rmw_fastrtps_cpp: 6.2.7 (/opt/ros/humble/share/rmw_fastrtps_cpp/cmake)
[1.341s] -- Found TinyXML2 via Config file: TinyXML2_DIR-NOTFOUND
[1.366s] -- Found TinyXML2 via Config file: TinyXML2_DIR-NOTFOUND
[1.409s] -- Found TinyXML2 via Config file: TinyXML2_DIR-NOTFOUND
[1.428s] -- Found TinyXML2 via Config file: TinyXML2_DIR-NOTFOUND
[1.449s] -- Using RMW implementation 'rmw_fastrtps_cpp' as default
[1.625s] -- Found controller_manager: 2.43.1 (/opt/ros/humble/share/controller_manager/cmake)
[2.026s] -- Configuring done
[2.301s] -- Generating done
[2.306s] -- Build files have been written to: /home/jonathan/rob_ws/build/diffdrive_arduino
[2.321s] Invoked command in '/home/jonathan/rob_ws/build/diffdrive_arduino' returned '0': AMENT_PREFIX_PATH=/home/jonathan/rob_ws/install/serial:${AMENT_PREFIX_PATH} CMAKE_PREFIX_PATH=/home/jonathan/rob_ws/install/serial:/opt/ros/humble LD_LIBRARY_PATH=/home/jonathan/rob_ws/install/serial/lib:${LD_LIBRARY_PATH} /usr/bin/cmake /home/jonathan/rob_ws/src/diffdrive_arduino -DCMAKE_INSTALL_PREFIX=/home/jonathan/rob_ws/install/diffdrive_arduino
[2.324s] Invoking command in '/home/jonathan/rob_ws/build/diffdrive_arduino': AMENT_PREFIX_PATH=/home/jonathan/rob_ws/install/serial:${AMENT_PREFIX_PATH} CMAKE_PREFIX_PATH=/home/jonathan/rob_ws/install/serial:/opt/ros/humble LD_LIBRARY_PATH=/home/jonathan/rob_ws/install/serial/lib:${LD_LIBRARY_PATH} /usr/bin/cmake --build /home/jonathan/rob_ws/build/diffdrive_arduino -- -j2 -l2
[2.406s] [35m[1mConsolidate compiler generated dependencies of target fake_robot[0m
[2.417s] [35m[1mConsolidate compiler generated dependencies of target diffdrive_arduino[0m
[2.489s] [ 28%] [32mBuilding CXX object CMakeFiles/diffdrive_arduino.dir/src/diffdrive_arduino.cpp.o[0m
[2.489s] [ 57%] Built target fake_robot
[10.348s] [ 71%] [32m[1mLinking CXX shared library libdiffdrive_arduino.so[0m
[10.902s] [100%] Built target diffdrive_arduino
[10.928s] Invoked command in '/home/jonathan/rob_ws/build/diffdrive_arduino' returned '0': AMENT_PREFIX_PATH=/home/jonathan/rob_ws/install/serial:${AMENT_PREFIX_PATH} CMAKE_PREFIX_PATH=/home/jonathan/rob_ws/install/serial:/opt/ros/humble LD_LIBRARY_PATH=/home/jonathan/rob_ws/install/serial/lib:${LD_LIBRARY_PATH} /usr/bin/cmake --build /home/jonathan/rob_ws/build/diffdrive_arduino -- -j2 -l2
[10.984s] Invoking command in '/home/jonathan/rob_ws/build/diffdrive_arduino': AMENT_PREFIX_PATH=/home/jonathan/rob_ws/install/serial:${AMENT_PREFIX_PATH} CMAKE_PREFIX_PATH=/home/jonathan/rob_ws/install/serial:/opt/ros/humble LD_LIBRARY_PATH=/home/jonathan/rob_ws/install/serial/lib:${LD_LIBRARY_PATH} /usr/bin/cmake --install /home/jonathan/rob_ws/build/diffdrive_arduino
[10.996s] -- Install configuration: ""
[10.999s] -- Execute custom install script
[11.000s] -- Up-to-date symlink: /home/jonathan/rob_ws/install/diffdrive_arduino/share/diffdrive_arduino//robot_hardware.xml
[11.000s] -- Up-to-date symlink: /home/jonathan/rob_ws/install/diffdrive_arduino/share/diffdrive_arduino//fake_robot_hardware.xml
[11.001s] -- Up-to-date symlink: /home/jonathan/rob_ws/install/diffdrive_arduino/lib/libdiffdrive_arduino.so
[11.001s] -- Up-to-date symlink: /home/jonathan/rob_ws/install/diffdrive_arduino/lib/libfake_robot.so
[11.007s] -- Up-to-date symlink: /home/jonathan/rob_ws/install/diffdrive_arduino/share/diffdrive_arduino/controllers/robot_controller_example.yaml
[11.007s] -- Up-to-date symlink: /home/jonathan/rob_ws/install/diffdrive_arduino/share/diffdrive_arduino/fake_robot.launch.py
[11.007s] -- Up-to-date symlink: /home/jonathan/rob_ws/install/diffdrive_arduino/share/diffdrive_arduino/test_robot.launch.py
[11.007s] -- Up-to-date symlink: /home/jonathan/rob_ws/install/diffdrive_arduino/share/diffdrive_arduino/environment/library_path.sh
[11.007s] -- Up-to-date symlink: /home/jonathan/rob_ws/install/diffdrive_arduino/share/diffdrive_arduino/environment/library_path.dsv
[11.009s] -- Up-to-date symlink: /home/jonathan/rob_ws/install/diffdrive_arduino/share/ament_index/resource_index/package_run_dependencies/diffdrive_arduino
[11.009s] -- Up-to-date symlink: /home/jonathan/rob_ws/install/diffdrive_arduino/share/ament_index/resource_index/parent_prefix_path/diffdrive_arduino
[11.012s] -- Up-to-date symlink: /home/jonathan/rob_ws/install/diffdrive_arduino/share/diffdrive_arduino/environment/ament_prefix_path.sh
[11.012s] -- Up-to-date symlink: /home/jonathan/rob_ws/install/diffdrive_arduino/share/diffdrive_arduino/environment/ament_prefix_path.dsv
[11.012s] -- Up-to-date symlink: /home/jonathan/rob_ws/install/diffdrive_arduino/share/diffdrive_arduino/environment/path.sh
[11.012s] -- Up-to-date symlink: /home/jonathan/rob_ws/install/diffdrive_arduino/share/diffdrive_arduino/environment/path.dsv
[11.012s] -- Up-to-date symlink: /home/jonathan/rob_ws/install/diffdrive_arduino/share/diffdrive_arduino/local_setup.bash
[11.015s] -- Up-to-date symlink: /home/jonathan/rob_ws/install/diffdrive_arduino/share/diffdrive_arduino/local_setup.sh
[11.015s] -- Up-to-date symlink: /home/jonathan/rob_ws/install/diffdrive_arduino/share/diffdrive_arduino/local_setup.zsh
[11.015s] -- Up-to-date symlink: /home/jonathan/rob_ws/install/diffdrive_arduino/share/diffdrive_arduino/local_setup.dsv
[11.015s] -- Symlinking: /home/jonathan/rob_ws/install/diffdrive_arduino/share/diffdrive_arduino/package.dsv
[11.031s] -- Up-to-date symlink: /home/jonathan/rob_ws/install/diffdrive_arduino/share/ament_index/resource_index/packages/diffdrive_arduino
[11.031s] -- Up-to-date symlink: /home/jonathan/rob_ws/install/diffdrive_arduino/share/ament_index/resource_index/hardware_interface__pluginlib__plugin/diffdrive_arduino
[11.031s] -- Up-to-date symlink: /home/jonathan/rob_ws/install/diffdrive_arduino/share/diffdrive_arduino/cmake/ament_cmake_export_libraries-extras.cmake
[11.031s] -- Up-to-date symlink: /home/jonathan/rob_ws/install/diffdrive_arduino/share/diffdrive_arduino/cmake/ament_cmake_export_dependencies-extras.cmake
[11.032s] -- Up-to-date symlink: /home/jonathan/rob_ws/install/diffdrive_arduino/share/diffdrive_arduino/cmake/diffdrive_arduinoConfig.cmake
[11.032s] -- Up-to-date symlink: /home/jonathan/rob_ws/install/diffdrive_arduino/share/diffdrive_arduino/cmake/diffdrive_arduinoConfig-version.cmake
[11.032s] -- Up-to-date symlink: /home/jonathan/rob_ws/install/diffdrive_arduino/share/diffdrive_arduino/package.xml
[11.040s] Invoked command in '/home/jonathan/rob_ws/build/diffdrive_arduino' returned '0': AMENT_PREFIX_PATH=/home/jonathan/rob_ws/install/serial:${AMENT_PREFIX_PATH} CMAKE_PREFIX_PATH=/home/jonathan/rob_ws/install/serial:/opt/ros/humble LD_LIBRARY_PATH=/home/jonathan/rob_ws/install/serial/lib:${LD_LIBRARY_PATH} /usr/bin/cmake --install /home/jonathan/rob_ws/build/diffdrive_arduino
