[0.036s] Invoking command in '/home/jonathan/rob_ws/build/serial': CMAKE_PREFIX_PATH=/opt/ros/humble /usr/bin/cmake --build /home/jonathan/rob_ws/build/serial -- -j2 -l2
[0.244s] [ 28%] Built target serial
[0.248s] [ 42%] Built target gtest
[0.313s] [ 57%] Built target serial_example
[0.363s] [ 71%] Built target gtest_main
[0.497s] [ 85%] Built target serial-test-timer
[0.503s] [100%] Built target serial-test
[0.527s] Invoked command in '/home/jonathan/rob_ws/build/serial' returned '0': CMAKE_PREFIX_PATH=/opt/ros/humble /usr/bin/cmake --build /home/jonathan/rob_ws/build/serial -- -j2 -l2
[0.598s] Invoking command in '/home/jonathan/rob_ws/build/serial': CMAKE_PREFIX_PATH=/opt/ros/humble /usr/bin/cmake --install /home/jonathan/rob_ws/build/serial
[0.614s] -- Install configuration: ""
[0.616s] -- Execute custom install script
[0.618s] -- Up-to-date symlink: /home/jonathan/rob_ws/install/serial/lib/libserial.a
[0.619s] -- Up-to-date symlink: /home/jonathan/rob_ws/install/serial/include/serial/serial.h
[0.622s] -- Up-to-date symlink: /home/jonathan/rob_ws/install/serial/include/serial/v8stdint.h
[0.623s] -- Up-to-date symlink: /home/jonathan/rob_ws/install/serial/share/serial/environment/library_path.sh
[0.623s] -- Up-to-date symlink: /home/jonathan/rob_ws/install/serial/share/serial/environment/library_path.dsv
[0.623s] -- Up-to-date symlink: /home/jonathan/rob_ws/install/serial/share/ament_index/resource_index/package_run_dependencies/serial
[0.623s] -- Up-to-date symlink: /home/jonathan/rob_ws/install/serial/share/ament_index/resource_index/parent_prefix_path/serial
[0.623s] -- Up-to-date symlink: /home/jonathan/rob_ws/install/serial/share/serial/environment/ament_prefix_path.sh
[0.623s] -- Up-to-date symlink: /home/jonathan/rob_ws/install/serial/share/serial/environment/ament_prefix_path.dsv
[0.624s] -- Up-to-date symlink: /home/jonathan/rob_ws/install/serial/share/serial/environment/path.sh
[0.624s] -- Up-to-date symlink: /home/jonathan/rob_ws/install/serial/share/serial/environment/path.dsv
[0.624s] -- Up-to-date symlink: /home/jonathan/rob_ws/install/serial/share/serial/local_setup.bash
[0.624s] -- Up-to-date symlink: /home/jonathan/rob_ws/install/serial/share/serial/local_setup.sh
[0.624s] -- Up-to-date symlink: /home/jonathan/rob_ws/install/serial/share/serial/local_setup.zsh
[0.629s] -- Up-to-date symlink: /home/jonathan/rob_ws/install/serial/share/serial/local_setup.dsv
[0.629s] -- Symlinking: /home/jonathan/rob_ws/install/serial/share/serial/package.dsv
[0.644s] -- Up-to-date symlink: /home/jonathan/rob_ws/install/serial/share/ament_index/resource_index/packages/serial
[0.644s] -- Up-to-date symlink: /home/jonathan/rob_ws/install/serial/share/serial/cmake/ament_cmake_export_include_directories-extras.cmake
[0.644s] -- Up-to-date symlink: /home/jonathan/rob_ws/install/serial/share/serial/cmake/ament_cmake_export_libraries-extras.cmake
[0.644s] -- Up-to-date symlink: /home/jonathan/rob_ws/install/serial/share/serial/cmake/serialConfig.cmake
[0.645s] -- Up-to-date symlink: /home/jonathan/rob_ws/install/serial/share/serial/cmake/serialConfig-version.cmake
[0.645s] -- Up-to-date symlink: /home/jonathan/rob_ws/install/serial/share/serial/package.xml
[0.652s] Invoked command in '/home/jonathan/rob_ws/build/serial' returned '0': CMAKE_PREFIX_PATH=/opt/ros/humble /usr/bin/cmake --install /home/jonathan/rob_ws/build/serial
