[0.032s] Invoking command in '/home/jonathan0209/casper_robot/rob_ws/build/serial': CMAKE_PREFIX_PATH=${CMAKE_PREFIX_PATH}:/home/jonathan0209/casper_robot/rob_ws/install/camera_ws:/opt/ros/humble /usr/bin/cmake --build /home/jonathan0209/casper_robot/rob_ws/build/serial -- -j8 -l8
[0.652s] [  7%] [32mBuilding CXX object CMakeFiles/serial.dir/src/impl/unix.cc.o[0m
[0.653s] [ 28%] [32mBuilding CXX object CMakeFiles/serial.dir/src/impl/list_ports/list_ports_linux.cc.o[0m
[0.653s] [ 28%] [32mBuilding CXX object gtest/CMakeFiles/gtest.dir/src/gtest-all.cc.o[0m
[0.653s] [ 28%] [32mBuilding CXX object CMakeFiles/serial.dir/src/serial.cc.o[0m
[0.654s] [ 35%] [32mBuilding CXX object gtest/CMakeFiles/gtest_main.dir/src/gtest_main.cc.o[0m
[1.362s] [ 42%] [32m[1mLinking CXX static library libserial.a[0m
[1.749s] [ 42%] Built target serial
[1.772s] [ 50%] [32mBuilding CXX object CMakeFiles/serial_example.dir/examples/serial_example.cc.o[0m
[2.012s] [ 57%] [32m[1mLinking CXX static library libgtest_main.a[0m
[2.140s] [ 57%] Built target gtest_main
[2.251s] [ 64%] [32m[1mLinking CXX executable serial_example[0m
[2.348s] [ 64%] Built target serial_example
[11.957s] [ 71%] [32m[1mLinking CXX static library libgtest.a[0m
[12.054s] [ 71%] Built target gtest
[12.075s] [ 85%] [32mBuilding CXX object tests/CMakeFiles/serial-test-timer.dir/unit/unix_timer_tests.cc.o[0m
[12.076s] [ 85%] [32mBuilding CXX object tests/CMakeFiles/serial-test.dir/unix_serial_tests.cc.o[0m
[12.977s] In file included from [01m[K/usr/include/boost/bind.hpp:30[m[K,
[12.978s]                  from [01m[K/home/jonathan0209/casper_robot/rob_ws/src/serial/tests/unix_serial_tests.cc:23[m[K:
[12.978s] [01m[K/usr/include/boost/bind.hpp:36:1:[m[K [01;36m[Knote: [m[K‘[01m[K#pragma message: The practice of declaring the Bind placeholders (_1, _2, ...) in the global namespace is deprecated. Please use <boost/bind/bind.hpp> + using namespace boost::placeholders, or define BOOST_BIND_GLOBAL_PLACEHOLDERS to retain the current behavior.[m[K’
[12.978s]    36 | [01;36m[KBOOST_PRAGMA_MESSAGE[m[K(
[12.978s]       | [01;36m[K^~~~~~~~~~~~~~~~~~~~[m[K
[13.063s] [ 92%] [32m[1mLinking CXX executable serial-test-timer[0m
[13.209s] [100%] [32m[1mLinking CXX executable serial-test[0m
[13.220s] [100%] Built target serial-test-timer
[13.358s] [100%] Built target serial-test
[13.370s] Invoked command in '/home/jonathan0209/casper_robot/rob_ws/build/serial' returned '0': CMAKE_PREFIX_PATH=${CMAKE_PREFIX_PATH}:/home/jonathan0209/casper_robot/rob_ws/install/camera_ws:/opt/ros/humble /usr/bin/cmake --build /home/jonathan0209/casper_robot/rob_ws/build/serial -- -j8 -l8
[13.372s] Invoking command in '/home/jonathan0209/casper_robot/rob_ws/build/serial': CMAKE_PREFIX_PATH=${CMAKE_PREFIX_PATH}:/home/jonathan0209/casper_robot/rob_ws/install/camera_ws:/opt/ros/humble /usr/bin/cmake --install /home/jonathan0209/casper_robot/rob_ws/build/serial
[13.380s] -- Install configuration: ""
[13.380s] -- Installing: /home/jonathan0209/casper_robot/rob_ws/install/serial/lib/libserial.a
[13.381s] -- Installing: /home/jonathan0209/casper_robot/rob_ws/install/serial/include/serial/serial.h
[13.381s] -- Installing: /home/jonathan0209/casper_robot/rob_ws/install/serial/include/serial/v8stdint.h
[13.382s] -- Installing: /home/jonathan0209/casper_robot/rob_ws/install/serial/share/serial/environment/library_path.sh
[13.382s] -- Installing: /home/jonathan0209/casper_robot/rob_ws/install/serial/share/serial/environment/library_path.dsv
[13.382s] -- Installing: /home/jonathan0209/casper_robot/rob_ws/install/serial/share/ament_index/resource_index/package_run_dependencies/serial
[13.382s] -- Installing: /home/jonathan0209/casper_robot/rob_ws/install/serial/share/ament_index/resource_index/parent_prefix_path/serial
[13.382s] -- Installing: /home/jonathan0209/casper_robot/rob_ws/install/serial/share/serial/environment/ament_prefix_path.sh
[13.383s] -- Installing: /home/jonathan0209/casper_robot/rob_ws/install/serial/share/serial/environment/ament_prefix_path.dsv
[13.383s] -- Installing: /home/jonathan0209/casper_robot/rob_ws/install/serial/share/serial/environment/path.sh
[13.383s] -- Installing: /home/jonathan0209/casper_robot/rob_ws/install/serial/share/serial/environment/path.dsv
[13.383s] -- Installing: /home/jonathan0209/casper_robot/rob_ws/install/serial/share/serial/local_setup.bash
[13.383s] -- Installing: /home/jonathan0209/casper_robot/rob_ws/install/serial/share/serial/local_setup.sh
[13.384s] -- Installing: /home/jonathan0209/casper_robot/rob_ws/install/serial/share/serial/local_setup.zsh
[13.384s] -- Installing: /home/jonathan0209/casper_robot/rob_ws/install/serial/share/serial/local_setup.dsv
[13.384s] -- Installing: /home/jonathan0209/casper_robot/rob_ws/install/serial/share/serial/package.dsv
[13.384s] -- Installing: /home/jonathan0209/casper_robot/rob_ws/install/serial/share/ament_index/resource_index/packages/serial
[13.385s] -- Installing: /home/jonathan0209/casper_robot/rob_ws/install/serial/share/serial/cmake/ament_cmake_export_include_directories-extras.cmake
[13.385s] -- Installing: /home/jonathan0209/casper_robot/rob_ws/install/serial/share/serial/cmake/ament_cmake_export_libraries-extras.cmake
[13.385s] -- Installing: /home/jonathan0209/casper_robot/rob_ws/install/serial/share/serial/cmake/serialConfig.cmake
[13.385s] -- Installing: /home/jonathan0209/casper_robot/rob_ws/install/serial/share/serial/cmake/serialConfig-version.cmake
[13.386s] -- Installing: /home/jonathan0209/casper_robot/rob_ws/install/serial/share/serial/package.xml
[13.389s] Invoked command in '/home/jonathan0209/casper_robot/rob_ws/build/serial' returned '0': CMAKE_PREFIX_PATH=${CMAKE_PREFIX_PATH}:/home/jonathan0209/casper_robot/rob_ws/install/camera_ws:/opt/ros/humble /usr/bin/cmake --install /home/jonathan0209/casper_robot/rob_ws/build/serial
