[0.024s] Invoking command in '/home/jonathan0209/casper_robot/rob_ws/build/diffdrive_arduino': CMAKE_PREFIX_PATH=${CMAKE_PREFIX_PATH}:/home/jonathan0209/casper_robot/rob_ws/install/camera_ws:/home/jonathan0209/casper_robot/rob_ws/install/camera_stream:/opt/ros/humble /usr/bin/cmake /home/jonathan0209/casper_robot/rob_ws/src/diffdrive_arduino -DCMAKE_INSTALL_PREFIX=/home/jonathan0209/casper_robot/rob_ws/install/diffdrive_arduino
[0.037s] -- Found ament_cmake: 1.3.11 (/opt/ros/humble/share/ament_cmake/cmake)
[0.165s] -- Found serial: 1.2.1 (/home/jonathan0209/casper_robot/rob_ws/install/serial/share/serial/cmake)
[0.176s] [31mCMake Error at CMakeLists.txt:16 (find_package):
[0.176s]   By not providing "Findhardware_interface.cmake" in CMAKE_MODULE_PATH this
[0.176s]   project has asked CMake to find a package configuration file provided by
[0.177s]   "hardware_interface", but CMake did not find one.
[0.177s] 
[0.177s]   Could not find a package configuration file provided by
[0.177s]   "hardware_interface" with any of the following names:
[0.177s] 
[0.177s]     hardware_interfaceConfig.cmake
[0.177s]     hardware_interface-config.cmake
[0.178s] 
[0.178s]   Add the installation prefix of "hardware_interface" to CMAKE_PREFIX_PATH or
[0.178s]   set "hardware_interface_DIR" to a directory containing one of the above
[0.178s]   files.  If "hardware_interface" provides a separate development package or
[0.178s]   SDK, be sure it has been installed.
[0.178s] 
[0.178s] [0m
[0.178s] -- Configuring incomplete, errors occurred!
[0.178s] See also "/home/jonathan0209/casper_robot/rob_ws/build/diffdrive_arduino/CMakeFiles/CMakeOutput.log".
[0.180s] Invoked command in '/home/jonathan0209/casper_robot/rob_ws/build/diffdrive_arduino' returned '1': CMAKE_PREFIX_PATH=${CMAKE_PREFIX_PATH}:/home/jonathan0209/casper_robot/rob_ws/install/camera_ws:/home/jonathan0209/casper_robot/rob_ws/install/camera_stream:/opt/ros/humble /usr/bin/cmake /home/jonathan0209/casper_robot/rob_ws/src/diffdrive_arduino -DCMAKE_INSTALL_PREFIX=/home/jonathan0209/casper_robot/rob_ws/install/diffdrive_arduino
