[01m[K/home/jonathan0209/casper_robot/rob_ws/src/diffdrive_arduino/src/arduino_comms.cpp:1:10:[m[K [01;31m[Kfatal error: [m[Kdiffdrive_arduino/arduino_comms.h: No such file or directory
    1 | #include [01;31m[K"diffdrive_arduino/arduino_comms.h"[m[K
      |          [01;31m[K^~~~~~~~~~~~~~~~~~~~~~~~~~~~~~~~~~~[m[K
[01m[K/home/jonathan0209/casper_robot/rob_ws/src/diffdrive_arduino/src/wheel.cpp:1:10:[m[K [01;31m[Kfatal error: [m[Kdiffdrive_arduino/wheel.h: No such file or directory
    1 | #include [01;31m[K"diffdrive_arduino/wheel.h"[m[K
      |          [01;31m[K^~~~~~~~~~~~~~~~~~~~~~~~~~~[m[K
[01m[K/home/jonathan0209/casper_robot/rob_ws/src/diffdrive_arduino/src/diffdrive_arduino.cpp:1:10:[m[K [01;31m[Kfatal error: [m[Kdiffdrive_arduino/diffdrive_arduino.h: No such file or directory
    1 | #include [01;31m[K"diffdrive_arduino/diffdrive_arduino.h"[m[K
      |          [01;31m[K^~~~~~~~~~~~~~~~~~~~~~~~~~~~~~~~~~~~~~~[m[K
[01m[K/home/jonathan0209/casper_robot/rob_ws/src/diffdrive_arduino/src/fake_robot.cpp:1:10:[m[K [01;31m[Kfatal error: [m[Kdiffdrive_arduino/fake_robot.h: No such file or directory
    1 | #include [01;31m[K"diffdrive_arduino/fake_robot.h"[m[K
      |          [01;31m[K^~~~~~~~~~~~~~~~~~~~~~~~~~~~~~~~[m[K
[01m[K/home/jonathan0209/casper_robot/rob_ws/src/diffdrive_arduino/src/wheel.cpp:1:10:[m[K [01;31m[Kfatal error: [m[Kdiffdrive_arduino/wheel.h: No such file or directory
    1 | #include [01;31m[K"diffdrive_arduino/wheel.h"[m[K
      |          [01;31m[K^~~~~~~~~~~~~~~~~~~~~~~~~~~[m[K
compilation terminated.
compilation terminated.
compilation terminated.
compilation terminated.
compilation terminated.
gmake[2]: *** [CMakeFiles/diffdrive_arduino.dir/build.make:76: CMakeFiles/diffdrive_arduino.dir/src/diffdrive_arduino.cpp.o] Error 1
gmake[2]: *** Waiting for unfinished jobs....
gmake[2]: *** [CMakeFiles/diffdrive_arduino.dir/build.make:104: CMakeFiles/diffdrive_arduino.dir/src/arduino_comms.cpp.o] Error 1
gmake[2]: *** [CMakeFiles/diffdrive_arduino.dir/build.make:90: CMakeFiles/diffdrive_arduino.dir/src/wheel.cpp.o] Error 1
gmake[2]: *** [CMakeFiles/fake_robot.dir/build.make:90: CMakeFiles/fake_robot.dir/src/wheel.cpp.o] Error 1
gmake[2]: *** Waiting for unfinished jobs....
gmake[2]: *** [CMakeFiles/fake_robot.dir/build.make:76: CMakeFiles/fake_robot.dir/src/fake_robot.cpp.o] Error 1
gmake[1]: *** [CMakeFiles/Makefile2:139: CMakeFiles/diffdrive_arduino.dir/all] Error 2
gmake[1]: *** Waiting for unfinished jobs....
gmake[1]: *** [CMakeFiles/Makefile2:165: CMakeFiles/fake_robot.dir/all] Error 2
gmake: *** [Makefile:146: all] Error 2
