[1.101s] Invoking command in '/home/jonathan/rob_ws/src/camera_ws': PYTHONPATH=/home/jonathan/rob_ws/build/camera_ws/prefix_override:/usr/lib/python3/dist-packages/colcon_core/task/python/colcon_distutils_commands:/home/jonathan/rob_ws/install/camera_ws/lib/python3.10/site-packages:${PYTHONPATH} /usr/bin/python3 -W ignore:setup.py install is deprecated setup.py egg_info --egg-base ../../build/camera_ws build --build-base /home/jonathan/rob_ws/build/camera_ws/build install --record /home/jonathan/rob_ws/build/camera_ws/install.log --single-version-externally-managed install_data
[1.540s] running egg_info
[1.541s] writing ../../build/camera_ws/camera_ws.egg-info/PKG-INFO
[1.541s] writing dependency_links to ../../build/camera_ws/camera_ws.egg-info/dependency_links.txt
[1.541s] writing entry points to ../../build/camera_ws/camera_ws.egg-info/entry_points.txt
[1.541s] writing requirements to ../../build/camera_ws/camera_ws.egg-info/requires.txt
[1.541s] writing top-level names to ../../build/camera_ws/camera_ws.egg-info/top_level.txt
[1.545s] reading manifest file '../../build/camera_ws/camera_ws.egg-info/SOURCES.txt'
[1.546s] writing manifest file '../../build/camera_ws/camera_ws.egg-info/SOURCES.txt'
[1.547s] running build
[1.548s] running build_py
[1.548s] copying camera_ws/image_subscriber.py -> /home/jonathan/rob_ws/build/camera_ws/build/lib/camera_ws
[1.548s] running install
[1.549s] running install_lib
[1.552s] copying /home/jonathan/rob_ws/build/camera_ws/build/lib/camera_ws/image_subscriber.py -> /home/jonathan/rob_ws/install/camera_ws/lib/python3.10/site-packages/camera_ws
[1.553s] byte-compiling /home/jonathan/rob_ws/install/camera_ws/lib/python3.10/site-packages/camera_ws/image_subscriber.py to image_subscriber.cpython-310.pyc
[1.553s] running install_data
[1.554s] running install_egg_info
[1.557s] removing '/home/jonathan/rob_ws/install/camera_ws/lib/python3.10/site-packages/camera_ws-0.0.0-py3.10.egg-info' (and everything under it)
[1.557s] Copying ../../build/camera_ws/camera_ws.egg-info to /home/jonathan/rob_ws/install/camera_ws/lib/python3.10/site-packages/camera_ws-0.0.0-py3.10.egg-info
[1.558s] running install_scripts
[1.592s] Installing image_subscriber script to /home/jonathan/rob_ws/install/camera_ws/lib/camera_ws
[1.592s] writing list of installed files to '/home/jonathan/rob_ws/build/camera_ws/install.log'
[1.632s] Invoked command in '/home/jonathan/rob_ws/src/camera_ws' returned '0': PYTHONPATH=/home/jonathan/rob_ws/build/camera_ws/prefix_override:/usr/lib/python3/dist-packages/colcon_core/task/python/colcon_distutils_commands:/home/jonathan/rob_ws/install/camera_ws/lib/python3.10/site-packages:${PYTHONPATH} /usr/bin/python3 -W ignore:setup.py install is deprecated setup.py egg_info --egg-base ../../build/camera_ws build --build-base /home/jonathan/rob_ws/build/camera_ws/build install --record /home/jonathan/rob_ws/build/camera_ws/install.log --single-version-externally-managed install_data
