[0.143s] DEBUG:colcon:Command line arguments: ['/usr/bin/colcon', 'build']
[0.143s] DEBUG:colcon:Parsed command line arguments: Namespace(log_base=None, log_level=None, verb_name='build', build_base='build', install_base='install', merge_install=False, symlink_install=False, test_result_base=None, continue_on_error=False, executor='parallel', parallel_workers=8, event_handlers=None, ignore_user_meta=False, metas=['./colcon.meta'], base_paths=['.'], packages_ignore=None, packages_ignore_regex=None, paths=None, packages_up_to=None, packages_up_to_regex=None, packages_above=None, packages_above_and_dependencies=None, packages_above_depth=None, packages_select_by_dep=None, packages_skip_by_dep=None, packages_skip_up_to=None, packages_select_build_failed=False, packages_skip_build_finished=False, packages_select_test_failures=False, packages_skip_test_passed=False, packages_select=None, packages_skip=None, packages_select_regex=None, packages_skip_regex=None, packages_start=None, packages_end=None, allow_overriding=[], cmake_args=None, cmake_target=None, cmake_target_skip_unavailable=False, cmake_clean_cache=False, cmake_clean_first=False, cmake_force_configure=False, ament_cmake_args=None, catkin_cmake_args=None, catkin_skip_building_tests=False, mixin_files=None, mixin=None, verb_parser=<colcon_mixin.mixin.mixin_argument.MixinArgumentDecorator object at 0x714c4361e830>, verb_extension=<colcon_core.verb.build.BuildVerb object at 0x714c4361e290>, main=<bound method BuildVerb.main of <colcon_core.verb.build.BuildVerb object at 0x714c4361e290>>, mixin_verb=('build',))
[0.565s] Level 1:colcon.colcon_core.package_discovery:discover_packages(colcon_meta) check parameters
[0.565s] Level 1:colcon.colcon_core.package_discovery:discover_packages(recursive) check parameters
[0.565s] Level 1:colcon.colcon_core.package_discovery:discover_packages(ignore) check parameters
[0.565s] Level 1:colcon.colcon_core.package_discovery:discover_packages(path) check parameters
[0.565s] Level 1:colcon.colcon_core.package_discovery:discover_packages(colcon_meta) discover
[0.566s] Level 1:colcon.colcon_core.package_discovery:discover_packages(recursive) discover
[0.566s] INFO:colcon.colcon_core.package_discovery:Crawling recursively for packages in '/home/jonathan0209/casper_robot/rob_ws'
[0.566s] Level 1:colcon.colcon_core.package_identification:_identify(.) by extensions ['ignore', 'ignore_ament_install']
[0.566s] Level 1:colcon.colcon_core.package_identification:_identify(.) by extension 'ignore'
[0.566s] Level 1:colcon.colcon_core.package_identification:_identify(.) by extension 'ignore_ament_install'
[0.566s] Level 1:colcon.colcon_core.package_identification:_identify(.) by extensions ['colcon_pkg']
[0.566s] Level 1:colcon.colcon_core.package_identification:_identify(.) by extension 'colcon_pkg'
[0.566s] Level 1:colcon.colcon_core.package_identification:_identify(.) by extensions ['colcon_meta']
[0.566s] Level 1:colcon.colcon_core.package_identification:_identify(.) by extension 'colcon_meta'
[0.566s] Level 1:colcon.colcon_core.package_identification:_identify(.) by extensions ['ros']
[0.566s] Level 1:colcon.colcon_core.package_identification:_identify(.) by extension 'ros'
[0.576s] Level 1:colcon.colcon_core.package_identification:_identify(.) by extensions ['cmake', 'python']
[0.576s] Level 1:colcon.colcon_core.package_identification:_identify(.) by extension 'cmake'
[0.576s] Level 1:colcon.colcon_core.package_identification:_identify(.) by extension 'python'
[0.576s] Level 1:colcon.colcon_core.package_identification:_identify(.) by extensions ['python_setup_py']
[0.576s] Level 1:colcon.colcon_core.package_identification:_identify(.) by extension 'python_setup_py'
[0.576s] Level 1:colcon.colcon_core.package_identification:_identify(build) by extensions ['ignore', 'ignore_ament_install']
[0.577s] Level 1:colcon.colcon_core.package_identification:_identify(build) by extension 'ignore'
[0.577s] Level 1:colcon.colcon_core.package_identification:_identify(build) ignored
[0.577s] Level 1:colcon.colcon_core.package_identification:_identify(install) by extensions ['ignore', 'ignore_ament_install']
[0.577s] Level 1:colcon.colcon_core.package_identification:_identify(install) by extension 'ignore'
[0.577s] Level 1:colcon.colcon_core.package_identification:_identify(install) ignored
[0.577s] Level 1:colcon.colcon_core.package_identification:_identify(log) by extensions ['ignore', 'ignore_ament_install']
[0.577s] Level 1:colcon.colcon_core.package_identification:_identify(log) by extension 'ignore'
[0.577s] Level 1:colcon.colcon_core.package_identification:_identify(log) ignored
[0.577s] Level 1:colcon.colcon_core.package_identification:_identify(src) by extensions ['ignore', 'ignore_ament_install']
[0.577s] Level 1:colcon.colcon_core.package_identification:_identify(src) by extension 'ignore'
[0.577s] Level 1:colcon.colcon_core.package_identification:_identify(src) by extension 'ignore_ament_install'
[0.577s] Level 1:colcon.colcon_core.package_identification:_identify(src) by extensions ['colcon_pkg']
[0.578s] Level 1:colcon.colcon_core.package_identification:_identify(src) by extension 'colcon_pkg'
[0.578s] Level 1:colcon.colcon_core.package_identification:_identify(src) by extensions ['colcon_meta']
[0.578s] Level 1:colcon.colcon_core.package_identification:_identify(src) by extension 'colcon_meta'
[0.578s] Level 1:colcon.colcon_core.package_identification:_identify(src) by extensions ['ros']
[0.578s] Level 1:colcon.colcon_core.package_identification:_identify(src) by extension 'ros'
[0.578s] Level 1:colcon.colcon_core.package_identification:_identify(src) by extensions ['cmake', 'python']
[0.578s] Level 1:colcon.colcon_core.package_identification:_identify(src) by extension 'cmake'
[0.578s] Level 1:colcon.colcon_core.package_identification:_identify(src) by extension 'python'
[0.578s] Level 1:colcon.colcon_core.package_identification:_identify(src) by extensions ['python_setup_py']
[0.578s] Level 1:colcon.colcon_core.package_identification:_identify(src) by extension 'python_setup_py'
[0.578s] Level 1:colcon.colcon_core.package_identification:_identify(src/articubot_one) by extensions ['ignore', 'ignore_ament_install']
[0.578s] Level 1:colcon.colcon_core.package_identification:_identify(src/articubot_one) by extension 'ignore'
[0.578s] Level 1:colcon.colcon_core.package_identification:_identify(src/articubot_one) by extension 'ignore_ament_install'
[0.578s] Level 1:colcon.colcon_core.package_identification:_identify(src/articubot_one) by extensions ['colcon_pkg']
[0.578s] Level 1:colcon.colcon_core.package_identification:_identify(src/articubot_one) by extension 'colcon_pkg'
[0.578s] Level 1:colcon.colcon_core.package_identification:_identify(src/articubot_one) by extensions ['colcon_meta']
[0.578s] Level 1:colcon.colcon_core.package_identification:_identify(src/articubot_one) by extension 'colcon_meta'
[0.578s] Level 1:colcon.colcon_core.package_identification:_identify(src/articubot_one) by extensions ['ros']
[0.578s] Level 1:colcon.colcon_core.package_identification:_identify(src/articubot_one) by extension 'ros'
[0.580s] DEBUG:colcon.colcon_core.package_identification:Package 'src/articubot_one' with type 'ros.ament_cmake' and name 'articubot_one'
[0.581s] Level 1:colcon.colcon_core.package_identification:_identify(src/camera_stream) by extensions ['ignore', 'ignore_ament_install']
[0.581s] Level 1:colcon.colcon_core.package_identification:_identify(src/camera_stream) by extension 'ignore'
[0.581s] Level 1:colcon.colcon_core.package_identification:_identify(src/camera_stream) by extension 'ignore_ament_install'
[0.581s] Level 1:colcon.colcon_core.package_identification:_identify(src/camera_stream) by extensions ['colcon_pkg']
[0.581s] Level 1:colcon.colcon_core.package_identification:_identify(src/camera_stream) by extension 'colcon_pkg'
[0.581s] Level 1:colcon.colcon_core.package_identification:_identify(src/camera_stream) by extensions ['colcon_meta']
[0.581s] Level 1:colcon.colcon_core.package_identification:_identify(src/camera_stream) by extension 'colcon_meta'
[0.581s] Level 1:colcon.colcon_core.package_identification:_identify(src/camera_stream) by extensions ['ros']
[0.581s] Level 1:colcon.colcon_core.package_identification:_identify(src/camera_stream) by extension 'ros'
[0.581s] DEBUG:colcon.colcon_core.package_identification:Package 'src/camera_stream' with type 'ros.ament_python' and name 'camera_stream'
[0.582s] Level 1:colcon.colcon_core.package_identification:_identify(src/camera_ws) by extensions ['ignore', 'ignore_ament_install']
[0.582s] Level 1:colcon.colcon_core.package_identification:_identify(src/camera_ws) by extension 'ignore'
[0.582s] Level 1:colcon.colcon_core.package_identification:_identify(src/camera_ws) by extension 'ignore_ament_install'
[0.582s] Level 1:colcon.colcon_core.package_identification:_identify(src/camera_ws) by extensions ['colcon_pkg']
[0.582s] Level 1:colcon.colcon_core.package_identification:_identify(src/camera_ws) by extension 'colcon_pkg'
[0.582s] Level 1:colcon.colcon_core.package_identification:_identify(src/camera_ws) by extensions ['colcon_meta']
[0.582s] Level 1:colcon.colcon_core.package_identification:_identify(src/camera_ws) by extension 'colcon_meta'
[0.582s] Level 1:colcon.colcon_core.package_identification:_identify(src/camera_ws) by extensions ['ros']
[0.582s] Level 1:colcon.colcon_core.package_identification:_identify(src/camera_ws) by extension 'ros'
[0.583s] DEBUG:colcon.colcon_core.package_identification:Package 'src/camera_ws' with type 'ros.ament_python' and name 'camera_ws'
[0.583s] Level 1:colcon.colcon_core.package_identification:_identify(src/diffdrive_arduino) by extensions ['ignore', 'ignore_ament_install']
[0.583s] Level 1:colcon.colcon_core.package_identification:_identify(src/diffdrive_arduino) by extension 'ignore'
[0.583s] Level 1:colcon.colcon_core.package_identification:_identify(src/diffdrive_arduino) by extension 'ignore_ament_install'
[0.583s] Level 1:colcon.colcon_core.package_identification:_identify(src/diffdrive_arduino) by extensions ['colcon_pkg']
[0.583s] Level 1:colcon.colcon_core.package_identification:_identify(src/diffdrive_arduino) by extension 'colcon_pkg'
[0.583s] Level 1:colcon.colcon_core.package_identification:_identify(src/diffdrive_arduino) by extensions ['colcon_meta']
[0.583s] Level 1:colcon.colcon_core.package_identification:_identify(src/diffdrive_arduino) by extension 'colcon_meta'
[0.583s] Level 1:colcon.colcon_core.package_identification:_identify(src/diffdrive_arduino) by extensions ['ros']
[0.583s] Level 1:colcon.colcon_core.package_identification:_identify(src/diffdrive_arduino) by extension 'ros'
[0.584s] DEBUG:colcon.colcon_core.package_identification:Package 'src/diffdrive_arduino' with type 'ros.ament_cmake' and name 'diffdrive_arduino'
[0.584s] Level 1:colcon.colcon_core.package_identification:_identify(src/serial) by extensions ['ignore', 'ignore_ament_install']
[0.584s] Level 1:colcon.colcon_core.package_identification:_identify(src/serial) by extension 'ignore'
[0.584s] Level 1:colcon.colcon_core.package_identification:_identify(src/serial) by extension 'ignore_ament_install'
[0.584s] Level 1:colcon.colcon_core.package_identification:_identify(src/serial) by extensions ['colcon_pkg']
[0.584s] Level 1:colcon.colcon_core.package_identification:_identify(src/serial) by extension 'colcon_pkg'
[0.584s] Level 1:colcon.colcon_core.package_identification:_identify(src/serial) by extensions ['colcon_meta']
[0.584s] Level 1:colcon.colcon_core.package_identification:_identify(src/serial) by extension 'colcon_meta'
[0.584s] Level 1:colcon.colcon_core.package_identification:_identify(src/serial) by extensions ['ros']
[0.584s] Level 1:colcon.colcon_core.package_identification:_identify(src/serial) by extension 'ros'
[0.585s] DEBUG:colcon.colcon_core.package_identification:Package 'src/serial' with type 'ros.ament_cmake' and name 'serial'
[0.585s] Level 1:colcon.colcon_core.package_discovery:discover_packages(recursive) using defaults
[0.585s] Level 1:colcon.colcon_core.package_discovery:discover_packages(ignore) discover
[0.585s] Level 1:colcon.colcon_core.package_discovery:discover_packages(ignore) using defaults
[0.585s] Level 1:colcon.colcon_core.package_discovery:discover_packages(path) discover
[0.585s] Level 1:colcon.colcon_core.package_discovery:discover_packages(path) using defaults
[0.641s] Level 1:colcon.colcon_core.package_discovery:discover_packages(prefix_path) check parameters
[0.641s] Level 1:colcon.colcon_core.package_discovery:discover_packages(prefix_path) discover
[0.645s] DEBUG:colcon.colcon_installed_package_information.package_discovery:Found 5 installed packages in /home/jonathan0209/casper_robot/rob_ws/install
[0.647s] DEBUG:colcon.colcon_installed_package_information.package_discovery:Found 281 installed packages in /opt/ros/humble
[0.648s] Level 1:colcon.colcon_core.package_discovery:discover_packages(prefix_path) using defaults
[0.687s] Level 5:colcon.colcon_core.verb:set package 'articubot_one' build argument 'cmake_args' from command line to 'None'
[0.687s] Level 5:colcon.colcon_core.verb:set package 'articubot_one' build argument 'cmake_target' from command line to 'None'
[0.687s] Level 5:colcon.colcon_core.verb:set package 'articubot_one' build argument 'cmake_target_skip_unavailable' from command line to 'False'
[0.687s] Level 5:colcon.colcon_core.verb:set package 'articubot_one' build argument 'cmake_clean_cache' from command line to 'False'
[0.687s] Level 5:colcon.colcon_core.verb:set package 'articubot_one' build argument 'cmake_clean_first' from command line to 'False'
[0.687s] Level 5:colcon.colcon_core.verb:set package 'articubot_one' build argument 'cmake_force_configure' from command line to 'False'
[0.687s] Level 5:colcon.colcon_core.verb:set package 'articubot_one' build argument 'ament_cmake_args' from command line to 'None'
[0.687s] Level 5:colcon.colcon_core.verb:set package 'articubot_one' build argument 'catkin_cmake_args' from command line to 'None'
[0.687s] Level 5:colcon.colcon_core.verb:set package 'articubot_one' build argument 'catkin_skip_building_tests' from command line to 'False'
[0.687s] DEBUG:colcon.colcon_core.verb:Building package 'articubot_one' with the following arguments: {'ament_cmake_args': None, 'build_base': '/home/jonathan0209/casper_robot/rob_ws/build/articubot_one', 'catkin_cmake_args': None, 'catkin_skip_building_tests': False, 'cmake_args': None, 'cmake_clean_cache': False, 'cmake_clean_first': False, 'cmake_force_configure': False, 'cmake_target': None, 'cmake_target_skip_unavailable': False, 'install_base': '/home/jonathan0209/casper_robot/rob_ws/install/articubot_one', 'merge_install': False, 'path': '/home/jonathan0209/casper_robot/rob_ws/src/articubot_one', 'symlink_install': False, 'test_result_base': None}
[0.688s] Level 5:colcon.colcon_core.verb:set package 'camera_stream' build argument 'cmake_args' from command line to 'None'
[0.688s] Level 5:colcon.colcon_core.verb:set package 'camera_stream' build argument 'cmake_target' from command line to 'None'
[0.688s] Level 5:colcon.colcon_core.verb:set package 'camera_stream' build argument 'cmake_target_skip_unavailable' from command line to 'False'
[0.688s] Level 5:colcon.colcon_core.verb:set package 'camera_stream' build argument 'cmake_clean_cache' from command line to 'False'
[0.688s] Level 5:colcon.colcon_core.verb:set package 'camera_stream' build argument 'cmake_clean_first' from command line to 'False'
[0.688s] Level 5:colcon.colcon_core.verb:set package 'camera_stream' build argument 'cmake_force_configure' from command line to 'False'
[0.688s] Level 5:colcon.colcon_core.verb:set package 'camera_stream' build argument 'ament_cmake_args' from command line to 'None'
[0.688s] Level 5:colcon.colcon_core.verb:set package 'camera_stream' build argument 'catkin_cmake_args' from command line to 'None'
[0.688s] Level 5:colcon.colcon_core.verb:set package 'camera_stream' build argument 'catkin_skip_building_tests' from command line to 'False'
[0.688s] DEBUG:colcon.colcon_core.verb:Building package 'camera_stream' with the following arguments: {'ament_cmake_args': None, 'build_base': '/home/jonathan0209/casper_robot/rob_ws/build/camera_stream', 'catkin_cmake_args': None, 'catkin_skip_building_tests': False, 'cmake_args': None, 'cmake_clean_cache': False, 'cmake_clean_first': False, 'cmake_force_configure': False, 'cmake_target': None, 'cmake_target_skip_unavailable': False, 'install_base': '/home/jonathan0209/casper_robot/rob_ws/install/camera_stream', 'merge_install': False, 'path': '/home/jonathan0209/casper_robot/rob_ws/src/camera_stream', 'symlink_install': False, 'test_result_base': None}
[0.688s] Level 5:colcon.colcon_core.verb:set package 'camera_ws' build argument 'cmake_args' from command line to 'None'
[0.688s] Level 5:colcon.colcon_core.verb:set package 'camera_ws' build argument 'cmake_target' from command line to 'None'
[0.688s] Level 5:colcon.colcon_core.verb:set package 'camera_ws' build argument 'cmake_target_skip_unavailable' from command line to 'False'
[0.688s] Level 5:colcon.colcon_core.verb:set package 'camera_ws' build argument 'cmake_clean_cache' from command line to 'False'
[0.688s] Level 5:colcon.colcon_core.verb:set package 'camera_ws' build argument 'cmake_clean_first' from command line to 'False'
[0.688s] Level 5:colcon.colcon_core.verb:set package 'camera_ws' build argument 'cmake_force_configure' from command line to 'False'
[0.689s] Level 5:colcon.colcon_core.verb:set package 'camera_ws' build argument 'ament_cmake_args' from command line to 'None'
[0.689s] Level 5:colcon.colcon_core.verb:set package 'camera_ws' build argument 'catkin_cmake_args' from command line to 'None'
[0.689s] Level 5:colcon.colcon_core.verb:set package 'camera_ws' build argument 'catkin_skip_building_tests' from command line to 'False'
[0.689s] DEBUG:colcon.colcon_core.verb:Building package 'camera_ws' with the following arguments: {'ament_cmake_args': None, 'build_base': '/home/jonathan0209/casper_robot/rob_ws/build/camera_ws', 'catkin_cmake_args': None, 'catkin_skip_building_tests': False, 'cmake_args': None, 'cmake_clean_cache': False, 'cmake_clean_first': False, 'cmake_force_configure': False, 'cmake_target': None, 'cmake_target_skip_unavailable': False, 'install_base': '/home/jonathan0209/casper_robot/rob_ws/install/camera_ws', 'merge_install': False, 'path': '/home/jonathan0209/casper_robot/rob_ws/src/camera_ws', 'symlink_install': False, 'test_result_base': None}
[0.689s] Level 5:colcon.colcon_core.verb:set package 'serial' build argument 'cmake_args' from command line to 'None'
[0.689s] Level 5:colcon.colcon_core.verb:set package 'serial' build argument 'cmake_target' from command line to 'None'
[0.689s] Level 5:colcon.colcon_core.verb:set package 'serial' build argument 'cmake_target_skip_unavailable' from command line to 'False'
[0.689s] Level 5:colcon.colcon_core.verb:set package 'serial' build argument 'cmake_clean_cache' from command line to 'False'
[0.689s] Level 5:colcon.colcon_core.verb:set package 'serial' build argument 'cmake_clean_first' from command line to 'False'
[0.689s] Level 5:colcon.colcon_core.verb:set package 'serial' build argument 'cmake_force_configure' from command line to 'False'
[0.689s] Level 5:colcon.colcon_core.verb:set package 'serial' build argument 'ament_cmake_args' from command line to 'None'
[0.689s] Level 5:colcon.colcon_core.verb:set package 'serial' build argument 'catkin_cmake_args' from command line to 'None'
[0.689s] Level 5:colcon.colcon_core.verb:set package 'serial' build argument 'catkin_skip_building_tests' from command line to 'False'
[0.689s] DEBUG:colcon.colcon_core.verb:Building package 'serial' with the following arguments: {'ament_cmake_args': None, 'build_base': '/home/jonathan0209/casper_robot/rob_ws/build/serial', 'catkin_cmake_args': None, 'catkin_skip_building_tests': False, 'cmake_args': None, 'cmake_clean_cache': False, 'cmake_clean_first': False, 'cmake_force_configure': False, 'cmake_target': None, 'cmake_target_skip_unavailable': False, 'install_base': '/home/jonathan0209/casper_robot/rob_ws/install/serial', 'merge_install': False, 'path': '/home/jonathan0209/casper_robot/rob_ws/src/serial', 'symlink_install': False, 'test_result_base': None}
[0.690s] Level 5:colcon.colcon_core.verb:set package 'diffdrive_arduino' build argument 'cmake_args' from command line to 'None'
[0.690s] Level 5:colcon.colcon_core.verb:set package 'diffdrive_arduino' build argument 'cmake_target' from command line to 'None'
[0.690s] Level 5:colcon.colcon_core.verb:set package 'diffdrive_arduino' build argument 'cmake_target_skip_unavailable' from command line to 'False'
[0.690s] Level 5:colcon.colcon_core.verb:set package 'diffdrive_arduino' build argument 'cmake_clean_cache' from command line to 'False'
[0.690s] Level 5:colcon.colcon_core.verb:set package 'diffdrive_arduino' build argument 'cmake_clean_first' from command line to 'False'
[0.690s] Level 5:colcon.colcon_core.verb:set package 'diffdrive_arduino' build argument 'cmake_force_configure' from command line to 'False'
[0.690s] Level 5:colcon.colcon_core.verb:set package 'diffdrive_arduino' build argument 'ament_cmake_args' from command line to 'None'
[0.690s] Level 5:colcon.colcon_core.verb:set package 'diffdrive_arduino' build argument 'catkin_cmake_args' from command line to 'None'
[0.690s] Level 5:colcon.colcon_core.verb:set package 'diffdrive_arduino' build argument 'catkin_skip_building_tests' from command line to 'False'
[0.690s] DEBUG:colcon.colcon_core.verb:Building package 'diffdrive_arduino' with the following arguments: {'ament_cmake_args': None, 'build_base': '/home/jonathan0209/casper_robot/rob_ws/build/diffdrive_arduino', 'catkin_cmake_args': None, 'catkin_skip_building_tests': False, 'cmake_args': None, 'cmake_clean_cache': False, 'cmake_clean_first': False, 'cmake_force_configure': False, 'cmake_target': None, 'cmake_target_skip_unavailable': False, 'install_base': '/home/jonathan0209/casper_robot/rob_ws/install/diffdrive_arduino', 'merge_install': False, 'path': '/home/jonathan0209/casper_robot/rob_ws/src/diffdrive_arduino', 'symlink_install': False, 'test_result_base': None}
[0.690s] INFO:colcon.colcon_core.executor:Executing jobs using 'parallel' executor
[0.691s] DEBUG:colcon.colcon_parallel_executor.executor.parallel:run_until_complete
[0.692s] INFO:colcon.colcon_ros.task.ament_cmake.build:Building ROS package in '/home/jonathan0209/casper_robot/rob_ws/src/serial' with build type 'ament_cmake'
[0.692s] INFO:colcon.colcon_cmake.task.cmake.build:Building CMake package in '/home/jonathan0209/casper_robot/rob_ws/src/serial'
[0.696s] INFO:colcon.colcon_core.plugin_system:Skipping extension 'colcon_core.shell.bat': Not used on non-Windows systems
[0.696s] INFO:colcon.colcon_core.shell:Skip shell extension 'powershell' for command environment: Not usable outside of PowerShell
[0.696s] DEBUG:colcon.colcon_core.shell:Skip shell extension 'dsv' for command environment
[0.700s] INFO:colcon.colcon_ros.task.ament_cmake.build:Building ROS package in '/home/jonathan0209/casper_robot/rob_ws/src/articubot_one' with build type 'ament_cmake'
[0.700s] INFO:colcon.colcon_cmake.task.cmake.build:Building CMake package in '/home/jonathan0209/casper_robot/rob_ws/src/articubot_one'
[0.700s] INFO:colcon.colcon_core.shell:Skip shell extension 'powershell' for command environment: Not usable outside of PowerShell
[0.700s] DEBUG:colcon.colcon_core.shell:Skip shell extension 'dsv' for command environment
[0.704s] INFO:colcon.colcon_ros.task.ament_python.build:Building ROS package in '/home/jonathan0209/casper_robot/rob_ws/src/camera_stream' with build type 'ament_python'
[0.704s] Level 1:colcon.colcon_core.shell:create_environment_hook('camera_stream', 'ament_prefix_path')
[0.704s] INFO:colcon.colcon_core.shell:Creating environment hook '/home/jonathan0209/casper_robot/rob_ws/install/camera_stream/share/camera_stream/hook/ament_prefix_path.ps1'
[0.705s] INFO:colcon.colcon_core.shell:Creating environment descriptor '/home/jonathan0209/casper_robot/rob_ws/install/camera_stream/share/camera_stream/hook/ament_prefix_path.dsv'
[0.706s] INFO:colcon.colcon_core.shell:Creating environment hook '/home/jonathan0209/casper_robot/rob_ws/install/camera_stream/share/camera_stream/hook/ament_prefix_path.sh'
[0.707s] INFO:colcon.colcon_core.shell:Skip shell extension 'powershell' for command environment: Not usable outside of PowerShell
[0.707s] DEBUG:colcon.colcon_core.shell:Skip shell extension 'dsv' for command environment
[0.710s] INFO:colcon.colcon_ros.task.ament_python.build:Building ROS package in '/home/jonathan0209/casper_robot/rob_ws/src/camera_ws' with build type 'ament_python'
[0.710s] Level 1:colcon.colcon_core.shell:create_environment_hook('camera_ws', 'ament_prefix_path')
[0.710s] INFO:colcon.colcon_core.shell:Creating environment hook '/home/jonathan0209/casper_robot/rob_ws/install/camera_ws/share/camera_ws/hook/ament_prefix_path.ps1'
[0.710s] INFO:colcon.colcon_core.shell:Creating environment descriptor '/home/jonathan0209/casper_robot/rob_ws/install/camera_ws/share/camera_ws/hook/ament_prefix_path.dsv'
[0.711s] INFO:colcon.colcon_core.shell:Creating environment hook '/home/jonathan0209/casper_robot/rob_ws/install/camera_ws/share/camera_ws/hook/ament_prefix_path.sh'
[0.711s] INFO:colcon.colcon_core.shell:Skip shell extension 'powershell' for command environment: Not usable outside of PowerShell
[0.711s] DEBUG:colcon.colcon_core.shell:Skip shell extension 'dsv' for command environment
[0.721s] DEBUG:colcon.colcon_core.event_handler.log_command:Invoking command in '/home/jonathan0209/casper_robot/rob_ws/build/serial': CMAKE_PREFIX_PATH=${CMAKE_PREFIX_PATH}:/home/jonathan0209/casper_robot/rob_ws/install/camera_ws:/home/jonathan0209/casper_robot/rob_ws/install/camera_stream:/opt/ros/humble /usr/bin/cmake --build /home/jonathan0209/casper_robot/rob_ws/build/serial -- -j8 -l8
[0.725s] DEBUG:colcon.colcon_core.event_handler.log_command:Invoking command in '/home/jonathan0209/casper_robot/rob_ws/build/articubot_one': CMAKE_PREFIX_PATH=${CMAKE_PREFIX_PATH}:/home/jonathan0209/casper_robot/rob_ws/install/camera_ws:/home/jonathan0209/casper_robot/rob_ws/install/camera_stream:/opt/ros/humble /usr/bin/cmake --build /home/jonathan0209/casper_robot/rob_ws/build/articubot_one -- -j8 -l8
[1.024s] INFO:colcon.colcon_core.task.python.build:Building Python package in '/home/jonathan0209/casper_robot/rob_ws/src/camera_stream'
[1.024s] INFO:colcon.colcon_core.shell:Skip shell extension 'powershell' for command environment: Not usable outside of PowerShell
[1.024s] DEBUG:colcon.colcon_core.shell:Skip shell extension 'dsv' for command environment
[1.031s] DEBUG:colcon.colcon_core.event_handler.log_command:Invoked command in '/home/jonathan0209/casper_robot/rob_ws/build/articubot_one' returned '0': CMAKE_PREFIX_PATH=${CMAKE_PREFIX_PATH}:/home/jonathan0209/casper_robot/rob_ws/install/camera_ws:/home/jonathan0209/casper_robot/rob_ws/install/camera_stream:/opt/ros/humble /usr/bin/cmake --build /home/jonathan0209/casper_robot/rob_ws/build/articubot_one -- -j8 -l8
[1.041s] DEBUG:colcon.colcon_core.event_handler.log_command:Invoking command in '/home/jonathan0209/casper_robot/rob_ws/build/articubot_one': CMAKE_PREFIX_PATH=${CMAKE_PREFIX_PATH}:/home/jonathan0209/casper_robot/rob_ws/install/camera_ws:/home/jonathan0209/casper_robot/rob_ws/install/camera_stream:/opt/ros/humble /usr/bin/cmake --install /home/jonathan0209/casper_robot/rob_ws/build/articubot_one
[1.042s] DEBUG:colcon.colcon_core.event_handler.log_command:Invoked command in '/home/jonathan0209/casper_robot/rob_ws/build/serial' returned '0': CMAKE_PREFIX_PATH=${CMAKE_PREFIX_PATH}:/home/jonathan0209/casper_robot/rob_ws/install/camera_ws:/home/jonathan0209/casper_robot/rob_ws/install/camera_stream:/opt/ros/humble /usr/bin/cmake --build /home/jonathan0209/casper_robot/rob_ws/build/serial -- -j8 -l8
[1.044s] DEBUG:colcon.colcon_core.event_handler.log_command:Invoking command in '/home/jonathan0209/casper_robot/rob_ws/build/serial': CMAKE_PREFIX_PATH=${CMAKE_PREFIX_PATH}:/home/jonathan0209/casper_robot/rob_ws/install/camera_ws:/home/jonathan0209/casper_robot/rob_ws/install/camera_stream:/opt/ros/humble /usr/bin/cmake --install /home/jonathan0209/casper_robot/rob_ws/build/serial
[1.303s] INFO:colcon.colcon_core.task.python.build:Building Python package in '/home/jonathan0209/casper_robot/rob_ws/src/camera_ws'
[1.304s] INFO:colcon.colcon_core.shell:Skip shell extension 'powershell' for command environment: Not usable outside of PowerShell
[1.304s] DEBUG:colcon.colcon_core.shell:Skip shell extension 'dsv' for command environment
[1.317s] Level 1:colcon.colcon_core.environment:create_environment_scripts_only(articubot_one)
[1.318s] DEBUG:colcon.colcon_core.event_handler.log_command:Invoked command in '/home/jonathan0209/casper_robot/rob_ws/build/articubot_one' returned '0': CMAKE_PREFIX_PATH=${CMAKE_PREFIX_PATH}:/home/jonathan0209/casper_robot/rob_ws/install/camera_ws:/home/jonathan0209/casper_robot/rob_ws/install/camera_stream:/opt/ros/humble /usr/bin/cmake --install /home/jonathan0209/casper_robot/rob_ws/build/articubot_one
[1.323s] Level 1:colcon.colcon_core.environment:checking '/home/jonathan0209/casper_robot/rob_ws/install/articubot_one' for CMake module files
[1.323s] Level 1:colcon.colcon_core.environment:checking '/home/jonathan0209/casper_robot/rob_ws/install/articubot_one' for CMake config files
[1.324s] Level 1:colcon.colcon_core.shell:create_environment_hook('articubot_one', 'cmake_prefix_path')
[1.324s] INFO:colcon.colcon_core.shell:Creating environment hook '/home/jonathan0209/casper_robot/rob_ws/install/articubot_one/share/articubot_one/hook/cmake_prefix_path.ps1'
[1.324s] INFO:colcon.colcon_core.shell:Creating environment descriptor '/home/jonathan0209/casper_robot/rob_ws/install/articubot_one/share/articubot_one/hook/cmake_prefix_path.dsv'
[1.324s] INFO:colcon.colcon_core.shell:Creating environment hook '/home/jonathan0209/casper_robot/rob_ws/install/articubot_one/share/articubot_one/hook/cmake_prefix_path.sh'
[1.325s] Level 1:colcon.colcon_core.environment:checking '/home/jonathan0209/casper_robot/rob_ws/install/articubot_one/bin'
[1.325s] Level 1:colcon.colcon_core.environment:checking '/home/jonathan0209/casper_robot/rob_ws/install/articubot_one/lib/pkgconfig/articubot_one.pc'
[1.325s] Level 1:colcon.colcon_core.environment:checking '/home/jonathan0209/casper_robot/rob_ws/install/articubot_one/lib/python3.10/site-packages'
[1.325s] Level 1:colcon.colcon_core.environment:checking '/home/jonathan0209/casper_robot/rob_ws/install/articubot_one/bin'
[1.326s] INFO:colcon.colcon_core.shell:Creating package script '/home/jonathan0209/casper_robot/rob_ws/install/articubot_one/share/articubot_one/package.ps1'
[1.327s] INFO:colcon.colcon_core.shell:Creating package descriptor '/home/jonathan0209/casper_robot/rob_ws/install/articubot_one/share/articubot_one/package.dsv'
[1.327s] INFO:colcon.colcon_core.shell:Creating package script '/home/jonathan0209/casper_robot/rob_ws/install/articubot_one/share/articubot_one/package.sh'
[1.328s] INFO:colcon.colcon_core.shell:Creating package script '/home/jonathan0209/casper_robot/rob_ws/install/articubot_one/share/articubot_one/package.bash'
[1.329s] INFO:colcon.colcon_core.shell:Creating package script '/home/jonathan0209/casper_robot/rob_ws/install/articubot_one/share/articubot_one/package.zsh'
[1.330s] Level 1:colcon.colcon_core.environment:create_file_with_runtime_dependencies(/home/jonathan0209/casper_robot/rob_ws/install/articubot_one/share/colcon-core/packages/articubot_one)
[1.330s] Level 1:colcon.colcon_core.environment:create_environment_scripts_only(articubot_one)
[1.331s] Level 1:colcon.colcon_core.environment:checking '/home/jonathan0209/casper_robot/rob_ws/install/articubot_one' for CMake module files
[1.331s] Level 1:colcon.colcon_core.environment:checking '/home/jonathan0209/casper_robot/rob_ws/install/articubot_one' for CMake config files
[1.331s] Level 1:colcon.colcon_core.shell:create_environment_hook('articubot_one', 'cmake_prefix_path')
[1.331s] INFO:colcon.colcon_core.shell:Creating environment hook '/home/jonathan0209/casper_robot/rob_ws/install/articubot_one/share/articubot_one/hook/cmake_prefix_path.ps1'
[1.332s] INFO:colcon.colcon_core.shell:Creating environment descriptor '/home/jonathan0209/casper_robot/rob_ws/install/articubot_one/share/articubot_one/hook/cmake_prefix_path.dsv'
[1.332s] INFO:colcon.colcon_core.shell:Creating environment hook '/home/jonathan0209/casper_robot/rob_ws/install/articubot_one/share/articubot_one/hook/cmake_prefix_path.sh'
[1.333s] Level 1:colcon.colcon_core.environment:checking '/home/jonathan0209/casper_robot/rob_ws/install/articubot_one/bin'
[1.333s] Level 1:colcon.colcon_core.environment:checking '/home/jonathan0209/casper_robot/rob_ws/install/articubot_one/lib/pkgconfig/articubot_one.pc'
[1.333s] Level 1:colcon.colcon_core.environment:checking '/home/jonathan0209/casper_robot/rob_ws/install/articubot_one/lib/python3.10/site-packages'
[1.334s] Level 1:colcon.colcon_core.environment:checking '/home/jonathan0209/casper_robot/rob_ws/install/articubot_one/bin'
[1.334s] INFO:colcon.colcon_core.shell:Creating package script '/home/jonathan0209/casper_robot/rob_ws/install/articubot_one/share/articubot_one/package.ps1'
[1.335s] INFO:colcon.colcon_core.shell:Creating package descriptor '/home/jonathan0209/casper_robot/rob_ws/install/articubot_one/share/articubot_one/package.dsv'
[1.335s] INFO:colcon.colcon_core.shell:Creating package script '/home/jonathan0209/casper_robot/rob_ws/install/articubot_one/share/articubot_one/package.sh'
[1.335s] INFO:colcon.colcon_core.shell:Creating package script '/home/jonathan0209/casper_robot/rob_ws/install/articubot_one/share/articubot_one/package.bash'
[1.336s] INFO:colcon.colcon_core.shell:Creating package script '/home/jonathan0209/casper_robot/rob_ws/install/articubot_one/share/articubot_one/package.zsh'
[1.336s] Level 1:colcon.colcon_core.environment:create_file_with_runtime_dependencies(/home/jonathan0209/casper_robot/rob_ws/install/articubot_one/share/colcon-core/packages/articubot_one)
[1.336s] Level 1:colcon.colcon_core.environment:create_environment_scripts_only(serial)
[1.337s] Level 1:colcon.colcon_core.environment:checking '/home/jonathan0209/casper_robot/rob_ws/install/serial' for CMake module files
[1.338s] DEBUG:colcon.colcon_core.event_handler.log_command:Invoked command in '/home/jonathan0209/casper_robot/rob_ws/build/serial' returned '0': CMAKE_PREFIX_PATH=${CMAKE_PREFIX_PATH}:/home/jonathan0209/casper_robot/rob_ws/install/camera_ws:/home/jonathan0209/casper_robot/rob_ws/install/camera_stream:/opt/ros/humble /usr/bin/cmake --install /home/jonathan0209/casper_robot/rob_ws/build/serial
[1.338s] Level 1:colcon.colcon_core.environment:checking '/home/jonathan0209/casper_robot/rob_ws/install/serial' for CMake config files
[1.338s] Level 1:colcon.colcon_core.shell:create_environment_hook('serial', 'cmake_prefix_path')
[1.339s] INFO:colcon.colcon_core.shell:Creating environment hook '/home/jonathan0209/casper_robot/rob_ws/install/serial/share/serial/hook/cmake_prefix_path.ps1'
[1.339s] INFO:colcon.colcon_core.shell:Creating environment descriptor '/home/jonathan0209/casper_robot/rob_ws/install/serial/share/serial/hook/cmake_prefix_path.dsv'
[1.339s] INFO:colcon.colcon_core.shell:Creating environment hook '/home/jonathan0209/casper_robot/rob_ws/install/serial/share/serial/hook/cmake_prefix_path.sh'
[1.340s] Level 1:colcon.colcon_core.environment:checking '/home/jonathan0209/casper_robot/rob_ws/install/serial/lib'
[1.340s] Level 1:colcon.colcon_core.environment:checking '/home/jonathan0209/casper_robot/rob_ws/install/serial/bin'
[1.341s] Level 1:colcon.colcon_core.environment:checking '/home/jonathan0209/casper_robot/rob_ws/install/serial/lib/pkgconfig/serial.pc'
[1.341s] Level 1:colcon.colcon_core.environment:checking '/home/jonathan0209/casper_robot/rob_ws/install/serial/lib/python3.10/site-packages'
[1.341s] Level 1:colcon.colcon_core.environment:checking '/home/jonathan0209/casper_robot/rob_ws/install/serial/bin'
[1.342s] INFO:colcon.colcon_core.shell:Creating package script '/home/jonathan0209/casper_robot/rob_ws/install/serial/share/serial/package.ps1'
[1.342s] INFO:colcon.colcon_core.shell:Creating package descriptor '/home/jonathan0209/casper_robot/rob_ws/install/serial/share/serial/package.dsv'
[1.343s] INFO:colcon.colcon_core.shell:Creating package script '/home/jonathan0209/casper_robot/rob_ws/install/serial/share/serial/package.sh'
[1.343s] INFO:colcon.colcon_core.shell:Creating package script '/home/jonathan0209/casper_robot/rob_ws/install/serial/share/serial/package.bash'
[1.344s] INFO:colcon.colcon_core.shell:Creating package script '/home/jonathan0209/casper_robot/rob_ws/install/serial/share/serial/package.zsh'
[1.344s] Level 1:colcon.colcon_core.environment:create_file_with_runtime_dependencies(/home/jonathan0209/casper_robot/rob_ws/install/serial/share/colcon-core/packages/serial)
[1.345s] Level 1:colcon.colcon_core.environment:create_environment_scripts_only(serial)
[1.345s] Level 1:colcon.colcon_core.environment:checking '/home/jonathan0209/casper_robot/rob_ws/install/serial' for CMake module files
[1.346s] Level 1:colcon.colcon_core.environment:checking '/home/jonathan0209/casper_robot/rob_ws/install/serial' for CMake config files
[1.346s] Level 1:colcon.colcon_core.shell:create_environment_hook('serial', 'cmake_prefix_path')
[1.346s] INFO:colcon.colcon_core.shell:Creating environment hook '/home/jonathan0209/casper_robot/rob_ws/install/serial/share/serial/hook/cmake_prefix_path.ps1'
[1.347s] INFO:colcon.colcon_core.shell:Creating environment descriptor '/home/jonathan0209/casper_robot/rob_ws/install/serial/share/serial/hook/cmake_prefix_path.dsv'
[1.347s] INFO:colcon.colcon_core.shell:Creating environment hook '/home/jonathan0209/casper_robot/rob_ws/install/serial/share/serial/hook/cmake_prefix_path.sh'
[1.348s] Level 1:colcon.colcon_core.environment:checking '/home/jonathan0209/casper_robot/rob_ws/install/serial/lib'
[1.348s] Level 1:colcon.colcon_core.environment:checking '/home/jonathan0209/casper_robot/rob_ws/install/serial/bin'
[1.348s] Level 1:colcon.colcon_core.environment:checking '/home/jonathan0209/casper_robot/rob_ws/install/serial/lib/pkgconfig/serial.pc'
[1.348s] Level 1:colcon.colcon_core.environment:checking '/home/jonathan0209/casper_robot/rob_ws/install/serial/lib/python3.10/site-packages'
[1.349s] Level 1:colcon.colcon_core.environment:checking '/home/jonathan0209/casper_robot/rob_ws/install/serial/bin'
[1.349s] INFO:colcon.colcon_core.shell:Creating package script '/home/jonathan0209/casper_robot/rob_ws/install/serial/share/serial/package.ps1'
[1.350s] INFO:colcon.colcon_core.shell:Creating package descriptor '/home/jonathan0209/casper_robot/rob_ws/install/serial/share/serial/package.dsv'
[1.350s] INFO:colcon.colcon_core.shell:Creating package script '/home/jonathan0209/casper_robot/rob_ws/install/serial/share/serial/package.sh'
[1.351s] INFO:colcon.colcon_core.shell:Creating package script '/home/jonathan0209/casper_robot/rob_ws/install/serial/share/serial/package.bash'
[1.352s] INFO:colcon.colcon_core.shell:Creating package script '/home/jonathan0209/casper_robot/rob_ws/install/serial/share/serial/package.zsh'
[1.352s] Level 1:colcon.colcon_core.environment:create_file_with_runtime_dependencies(/home/jonathan0209/casper_robot/rob_ws/install/serial/share/colcon-core/packages/serial)
[1.353s] INFO:colcon.colcon_ros.task.ament_cmake.build:Building ROS package in '/home/jonathan0209/casper_robot/rob_ws/src/diffdrive_arduino' with build type 'ament_cmake'
[1.353s] INFO:colcon.colcon_cmake.task.cmake.build:Building CMake package in '/home/jonathan0209/casper_robot/rob_ws/src/diffdrive_arduino'
[1.353s] INFO:colcon.colcon_core.shell:Skip shell extension 'powershell' for command environment: Not usable outside of PowerShell
[1.353s] DEBUG:colcon.colcon_core.shell:Skip shell extension 'dsv' for command environment
[1.365s] DEBUG:colcon.colcon_core.event_handler.log_command:Invoking command in '/home/jonathan0209/casper_robot/rob_ws/build/diffdrive_arduino': CMAKE_PREFIX_PATH=${CMAKE_PREFIX_PATH}:/home/jonathan0209/casper_robot/rob_ws/install/camera_ws:/home/jonathan0209/casper_robot/rob_ws/install/camera_stream:/opt/ros/humble /usr/bin/cmake /home/jonathan0209/casper_robot/rob_ws/src/diffdrive_arduino -DCMAKE_INSTALL_PREFIX=/home/jonathan0209/casper_robot/rob_ws/install/diffdrive_arduino
[1.544s] DEBUG:colcon.colcon_core.event_handler.log_command:Invoked command in '/home/jonathan0209/casper_robot/rob_ws/build/diffdrive_arduino' returned '1': CMAKE_PREFIX_PATH=${CMAKE_PREFIX_PATH}:/home/jonathan0209/casper_robot/rob_ws/install/camera_ws:/home/jonathan0209/casper_robot/rob_ws/install/camera_stream:/opt/ros/humble /usr/bin/cmake /home/jonathan0209/casper_robot/rob_ws/src/diffdrive_arduino -DCMAKE_INSTALL_PREFIX=/home/jonathan0209/casper_robot/rob_ws/install/diffdrive_arduino
[1.557s] Level 1:colcon.colcon_core.environment:create_environment_scripts_only(diffdrive_arduino)
[1.558s] Level 1:colcon.colcon_core.environment:checking '/home/jonathan0209/casper_robot/rob_ws/install/diffdrive_arduino' for CMake module files
[1.558s] Level 1:colcon.colcon_core.environment:checking '/home/jonathan0209/casper_robot/rob_ws/install/diffdrive_arduino' for CMake config files
[1.559s] Level 1:colcon.colcon_core.environment:checking '/home/jonathan0209/casper_robot/rob_ws/install/diffdrive_arduino/bin'
[1.559s] Level 1:colcon.colcon_core.environment:checking '/home/jonathan0209/casper_robot/rob_ws/install/diffdrive_arduino/lib/pkgconfig/diffdrive_arduino.pc'
[1.559s] Level 1:colcon.colcon_core.environment:checking '/home/jonathan0209/casper_robot/rob_ws/install/diffdrive_arduino/lib/python3.10/site-packages'
[1.560s] Level 1:colcon.colcon_core.environment:checking '/home/jonathan0209/casper_robot/rob_ws/install/diffdrive_arduino/bin'
[1.560s] INFO:colcon.colcon_core.shell:Creating package script '/home/jonathan0209/casper_robot/rob_ws/install/diffdrive_arduino/share/diffdrive_arduino/package.ps1'
[1.561s] INFO:colcon.colcon_core.shell:Creating package descriptor '/home/jonathan0209/casper_robot/rob_ws/install/diffdrive_arduino/share/diffdrive_arduino/package.dsv'
[1.561s] INFO:colcon.colcon_core.shell:Creating package script '/home/jonathan0209/casper_robot/rob_ws/install/diffdrive_arduino/share/diffdrive_arduino/package.sh'
[1.562s] INFO:colcon.colcon_core.shell:Creating package script '/home/jonathan0209/casper_robot/rob_ws/install/diffdrive_arduino/share/diffdrive_arduino/package.bash'
[1.562s] INFO:colcon.colcon_core.shell:Creating package script '/home/jonathan0209/casper_robot/rob_ws/install/diffdrive_arduino/share/diffdrive_arduino/package.zsh'
[1.563s] Level 1:colcon.colcon_core.environment:create_file_with_runtime_dependencies(/home/jonathan0209/casper_robot/rob_ws/install/diffdrive_arduino/share/colcon-core/packages/diffdrive_arduino)
[1.765s] DEBUG:colcon.colcon_parallel_executor.executor.parallel:closing loop
[1.765s] DEBUG:colcon.colcon_parallel_executor.executor.parallel:loop closed
[1.765s] DEBUG:colcon.colcon_parallel_executor.executor.parallel:run_until_complete finished with '1'
[1.765s] DEBUG:colcon.colcon_core.event_reactor:joining thread
[1.772s] INFO:colcon.colcon_core.plugin_system:Skipping extension 'colcon_notification.desktop_notification.terminal_notifier': Not used on non-Darwin systems
[1.772s] INFO:colcon.colcon_core.plugin_system:Skipping extension 'colcon_notification.desktop_notification.win32': Not used on non-Windows systems
[1.772s] INFO:colcon.colcon_notification.desktop_notification:Sending desktop notification using 'notify2'
[1.785s] DEBUG:colcon.colcon_core.event_reactor:joined thread
[1.786s] INFO:colcon.colcon_core.shell:Creating prefix script '/home/jonathan0209/casper_robot/rob_ws/install/local_setup.ps1'
[1.787s] INFO:colcon.colcon_core.shell:Creating prefix util module '/home/jonathan0209/casper_robot/rob_ws/install/_local_setup_util_ps1.py'
[1.789s] INFO:colcon.colcon_core.shell:Creating prefix chain script '/home/jonathan0209/casper_robot/rob_ws/install/setup.ps1'
[1.790s] INFO:colcon.colcon_core.shell:Creating prefix script '/home/jonathan0209/casper_robot/rob_ws/install/local_setup.sh'
[1.791s] INFO:colcon.colcon_core.shell:Creating prefix util module '/home/jonathan0209/casper_robot/rob_ws/install/_local_setup_util_sh.py'
[1.792s] INFO:colcon.colcon_core.shell:Creating prefix chain script '/home/jonathan0209/casper_robot/rob_ws/install/setup.sh'
[1.793s] INFO:colcon.colcon_core.shell:Creating prefix script '/home/jonathan0209/casper_robot/rob_ws/install/local_setup.bash'
[1.794s] INFO:colcon.colcon_core.shell:Creating prefix chain script '/home/jonathan0209/casper_robot/rob_ws/install/setup.bash'
[1.795s] INFO:colcon.colcon_core.shell:Creating prefix script '/home/jonathan0209/casper_robot/rob_ws/install/local_setup.zsh'
[1.796s] INFO:colcon.colcon_core.shell:Creating prefix chain script '/home/jonathan0209/casper_robot/rob_ws/install/setup.zsh'
