[0.060s] Invoking command in '/home/jonathan/rob_ws/build/diffdrive_arduino': AMENT_PREFIX_PATH=/home/jonathan/rob_ws/install/serial:${AMENT_PREFIX_PATH} CMAKE_PREFIX_PATH=/home/jonathan/rob_ws/install/serial:/opt/ros/humble LD_LIBRARY_PATH=/home/jonathan/rob_ws/install/serial/lib:${LD_LIBRARY_PATH} /usr/bin/cmake --build /home/jonathan/rob_ws/build/diffdrive_arduino -- -j2 -l2
[0.439s] -- The C compiler identification is GNU 11.4.0
[0.475s] -- Detecting C compiler ABI info
[0.738s] -- Detecting C compiler ABI info - done
[0.783s] -- Check for working C compiler: /usr/bin/cc - skipped
[0.785s] -- Detecting C compile features
[0.788s] -- Detecting C compile features - done
[0.795s] -- Found ament_cmake: 1.3.10 (/opt/ros/humble/share/ament_cmake/cmake)
[1.254s] -- Override CMake install command with custom implementation using symlinks instead of copying resources
[1.286s] -- Found serial: 1.2.1 (/home/jonathan/rob_ws/install/serial/share/serial/cmake)
[1.291s] -- Found hardware_interface: 2.43.1 (/opt/ros/humble/share/hardware_interface/cmake)
[1.427s] -- Found rosidl_generator_c: 3.1.5 (/opt/ros/humble/share/rosidl_generator_c/cmake)
[1.445s] -- Found rosidl_adapter: 3.1.5 (/opt/ros/humble/share/rosidl_adapter/cmake)
[1.472s] -- Found rosidl_generator_cpp: 3.1.5 (/opt/ros/humble/share/rosidl_generator_cpp/cmake)
[1.512s] -- Using all available rosidl_typesupport_c: rosidl_typesupport_fastrtps_c;rosidl_typesupport_introspection_c
[1.561s] -- Using all available rosidl_typesupport_cpp: rosidl_typesupport_fastrtps_cpp;rosidl_typesupport_introspection_cpp
[2.224s] -- Found rmw_implementation_cmake: 6.1.2 (/opt/ros/humble/share/rmw_implementation_cmake/cmake)
[2.228s] -- Found rmw_fastrtps_cpp: 6.2.7 (/opt/ros/humble/share/rmw_fastrtps_cpp/cmake)
[2.296s] -- Found TinyXML2 via Config file: TinyXML2_DIR-NOTFOUND
[2.328s] -- Found TinyXML2 via Config file: TinyXML2_DIR-NOTFOUND
[2.370s] -- Found TinyXML2 via Config file: TinyXML2_DIR-NOTFOUND
[2.388s] -- Found TinyXML2 via Config file: TinyXML2_DIR-NOTFOUND
[2.412s] -- Using RMW implementation 'rmw_fastrtps_cpp' as default
[2.567s] -- Found controller_manager: 2.43.1 (/opt/ros/humble/share/controller_manager/cmake)
[2.987s] -- Configuring done
[3.218s] -- Generating done
[3.225s] -- Build files have been written to: /home/jonathan/rob_ws/build/diffdrive_arduino
[3.343s] [ 14%] [32mBuilding CXX object CMakeFiles/diffdrive_arduino.dir/src/diffdrive_arduino.cpp.o[0m
[3.343s] [ 28%] [32mBuilding CXX object CMakeFiles/fake_robot.dir/src/fake_robot.cpp.o[0m
[18.216s] [ 42%] [32mBuilding CXX object CMakeFiles/fake_robot.dir/src/wheel.cpp.o[0m
[18.872s] [ 57%] [32mBuilding CXX object CMakeFiles/diffdrive_arduino.dir/src/wheel.cpp.o[0m
[19.477s] [ 71%] [32m[1mLinking CXX shared library libfake_robot.so[0m
[20.242s] [ 85%] [32mBuilding CXX object CMakeFiles/diffdrive_arduino.dir/src/arduino_comms.cpp.o[0m
[20.661s] [ 85%] Built target fake_robot
[28.744s] [100%] [32m[1mLinking CXX shared library libdiffdrive_arduino.so[0m
[29.577s] [100%] Built target diffdrive_arduino
[29.622s] Invoked command in '/home/jonathan/rob_ws/build/diffdrive_arduino' returned '0': AMENT_PREFIX_PATH=/home/jonathan/rob_ws/install/serial:${AMENT_PREFIX_PATH} CMAKE_PREFIX_PATH=/home/jonathan/rob_ws/install/serial:/opt/ros/humble LD_LIBRARY_PATH=/home/jonathan/rob_ws/install/serial/lib:${LD_LIBRARY_PATH} /usr/bin/cmake --build /home/jonathan/rob_ws/build/diffdrive_arduino -- -j2 -l2
[29.783s] Invoking command in '/home/jonathan/rob_ws/build/diffdrive_arduino': AMENT_PREFIX_PATH=/home/jonathan/rob_ws/install/serial:${AMENT_PREFIX_PATH} CMAKE_PREFIX_PATH=/home/jonathan/rob_ws/install/serial:/opt/ros/humble LD_LIBRARY_PATH=/home/jonathan/rob_ws/install/serial/lib:${LD_LIBRARY_PATH} /usr/bin/cmake --install /home/jonathan/rob_ws/build/diffdrive_arduino
[29.826s] -- Install configuration: ""
[29.827s] -- Execute custom install script
[29.828s] -- Symlinking: /home/jonathan/rob_ws/install/diffdrive_arduino/share/diffdrive_arduino//robot_hardware.xml
[29.874s] -- Symlinking: /home/jonathan/rob_ws/install/diffdrive_arduino/share/diffdrive_arduino//fake_robot_hardware.xml
[29.921s] -- Symlinking: /home/jonathan/rob_ws/install/diffdrive_arduino/lib/libdiffdrive_arduino.so
[29.952s] -- Symlinking: /home/jonathan/rob_ws/install/diffdrive_arduino/lib/libfake_robot.so
[29.988s] -- Symlinking: /home/jonathan/rob_ws/install/diffdrive_arduino/share/diffdrive_arduino/controllers/robot_controller_example.yaml
[30.038s] -- Symlinking: /home/jonathan/rob_ws/install/diffdrive_arduino/share/diffdrive_arduino/fake_robot.launch.py
[30.074s] -- Symlinking: /home/jonathan/rob_ws/install/diffdrive_arduino/share/diffdrive_arduino/test_robot.launch.py
[30.114s] -- Symlinking: /home/jonathan/rob_ws/install/diffdrive_arduino/share/diffdrive_arduino/environment/library_path.sh
[30.144s] -- Symlinking: /home/jonathan/rob_ws/install/diffdrive_arduino/share/diffdrive_arduino/environment/library_path.dsv
[30.175s] -- Symlinking: /home/jonathan/rob_ws/install/diffdrive_arduino/share/ament_index/resource_index/package_run_dependencies/diffdrive_arduino
[30.209s] -- Symlinking: /home/jonathan/rob_ws/install/diffdrive_arduino/share/ament_index/resource_index/parent_prefix_path/diffdrive_arduino
[30.239s] -- Symlinking: /home/jonathan/rob_ws/install/diffdrive_arduino/share/diffdrive_arduino/environment/ament_prefix_path.sh
[30.275s] -- Symlinking: /home/jonathan/rob_ws/install/diffdrive_arduino/share/diffdrive_arduino/environment/ament_prefix_path.dsv
[30.309s] -- Symlinking: /home/jonathan/rob_ws/install/diffdrive_arduino/share/diffdrive_arduino/environment/path.sh
[30.345s] -- Symlinking: /home/jonathan/rob_ws/install/diffdrive_arduino/share/diffdrive_arduino/environment/path.dsv
[30.378s] -- Symlinking: /home/jonathan/rob_ws/install/diffdrive_arduino/share/diffdrive_arduino/local_setup.bash
[30.404s] -- Symlinking: /home/jonathan/rob_ws/install/diffdrive_arduino/share/diffdrive_arduino/local_setup.sh
[30.432s] -- Symlinking: /home/jonathan/rob_ws/install/diffdrive_arduino/share/diffdrive_arduino/local_setup.zsh
[30.462s] -- Symlinking: /home/jonathan/rob_ws/install/diffdrive_arduino/share/diffdrive_arduino/local_setup.dsv
[30.498s] -- Symlinking: /home/jonathan/rob_ws/install/diffdrive_arduino/share/diffdrive_arduino/package.dsv
[30.532s] -- Symlinking: /home/jonathan/rob_ws/install/diffdrive_arduino/share/ament_index/resource_index/packages/diffdrive_arduino
[30.561s] -- Symlinking: /home/jonathan/rob_ws/install/diffdrive_arduino/share/ament_index/resource_index/hardware_interface__pluginlib__plugin/diffdrive_arduino
[30.590s] -- Symlinking: /home/jonathan/rob_ws/install/diffdrive_arduino/share/diffdrive_arduino/cmake/ament_cmake_export_libraries-extras.cmake
[30.621s] -- Symlinking: /home/jonathan/rob_ws/install/diffdrive_arduino/share/diffdrive_arduino/cmake/ament_cmake_export_dependencies-extras.cmake
[30.652s] -- Symlinking: /home/jonathan/rob_ws/install/diffdrive_arduino/share/diffdrive_arduino/cmake/diffdrive_arduinoConfig.cmake
[30.687s] -- Symlinking: /home/jonathan/rob_ws/install/diffdrive_arduino/share/diffdrive_arduino/cmake/diffdrive_arduinoConfig-version.cmake
[30.718s] -- Symlinking: /home/jonathan/rob_ws/install/diffdrive_arduino/share/diffdrive_arduino/package.xml
[30.752s] Invoked command in '/home/jonathan/rob_ws/build/diffdrive_arduino' returned '0': AMENT_PREFIX_PATH=/home/jonathan/rob_ws/install/serial:${AMENT_PREFIX_PATH} CMAKE_PREFIX_PATH=/home/jonathan/rob_ws/install/serial:/opt/ros/humble LD_LIBRARY_PATH=/home/jonathan/rob_ws/install/serial/lib:${LD_LIBRARY_PATH} /usr/bin/cmake --install /home/jonathan/rob_ws/build/diffdrive_arduino
