running egg_info
creating ../../build/camera_stream/camera_stream.egg-info
writing ../../build/camera_stream/camera_stream.egg-info/PKG-INFO
writing dependency_links to ../../build/camera_stream/camera_stream.egg-info/dependency_links.txt
writing entry points to ../../build/camera_stream/camera_stream.egg-info/entry_points.txt
writing requirements to ../../build/camera_stream/camera_stream.egg-info/requires.txt
writing top-level names to ../../build/camera_stream/camera_stream.egg-info/top_level.txt
writing manifest file '../../build/camera_stream/camera_stream.egg-info/SOURCES.txt'
reading manifest file '../../build/camera_stream/camera_stream.egg-info/SOURCES.txt'
writing manifest file '../../build/camera_stream/camera_stream.egg-info/SOURCES.txt'
running build
running build_py
creating /home/jonathan0209/casper_robot/rob_ws/build/camera_stream/build
creating /home/jonathan0209/casper_robot/rob_ws/build/camera_stream/build/lib
creating /home/jonathan0209/casper_robot/rob_ws/build/camera_stream/build/lib/camera_stream
copying camera_stream/stream.py -> /home/jonathan0209/casper_robot/rob_ws/build/camera_stream/build/lib/camera_stream
copying camera_stream/__init__.py -> /home/jonathan0209/casper_robot/rob_ws/build/camera_stream/build/lib/camera_stream
running install
running install_lib
creating /home/jonathan0209/casper_robot/rob_ws/install/camera_stream/lib/python3.10/site-packages/camera_stream
copying /home/jonathan0209/casper_robot/rob_ws/build/camera_stream/build/lib/camera_stream/stream.py -> /home/jonathan0209/casper_robot/rob_ws/install/camera_stream/lib/python3.10/site-packages/camera_stream
copying /home/jonathan0209/casper_robot/rob_ws/build/camera_stream/build/lib/camera_stream/__init__.py -> /home/jonathan0209/casper_robot/rob_ws/install/camera_stream/lib/python3.10/site-packages/camera_stream
byte-compiling /home/jonathan0209/casper_robot/rob_ws/install/camera_stream/lib/python3.10/site-packages/camera_stream/stream.py to stream.cpython-310.pyc
byte-compiling /home/jonathan0209/casper_robot/rob_ws/install/camera_stream/lib/python3.10/site-packages/camera_stream/__init__.py to __init__.cpython-310.pyc
running install_data
creating /home/jonathan0209/casper_robot/rob_ws/install/camera_stream/share/ament_index
creating /home/jonathan0209/casper_robot/rob_ws/install/camera_stream/share/ament_index/resource_index
creating /home/jonathan0209/casper_robot/rob_ws/install/camera_stream/share/ament_index/resource_index/packages
copying resource/camera_stream -> /home/jonathan0209/casper_robot/rob_ws/install/camera_stream/share/ament_index/resource_index/packages
copying package.xml -> /home/jonathan0209/casper_robot/rob_ws/install/camera_stream/share/camera_stream
running install_egg_info
Copying ../../build/camera_stream/camera_stream.egg-info to /home/jonathan0209/casper_robot/rob_ws/install/camera_stream/lib/python3.10/site-packages/camera_stream-0.0.0-py3.10.egg-info
running install_scripts
writing list of installed files to '/home/jonathan0209/casper_robot/rob_ws/build/camera_stream/install.log'
