[1.712s] Invoking command in '/home/jonathan0209/casper_robot/rob_ws/src/camera_stream': PYTHONPATH=/home/jonathan0209/casper_robot/rob_ws/build/camera_stream/prefix_override:/usr/lib/python3/dist-packages/colcon_core/task/python/colcon_distutils_commands:/home/jonathan0209/casper_robot/rob_ws/install/camera_stream/lib/python3.10/site-packages:${PYTHONPATH} /usr/bin/python3 -W ignore:setup.py install is deprecated -W ignore:easy_install command is deprecated setup.py egg_info --egg-base ../../build/camera_stream build --build-base /home/jonathan0209/casper_robot/rob_ws/build/camera_stream/build install --record /home/jonathan0209/casper_robot/rob_ws/build/camera_stream/install.log --single-version-externally-managed install_data
[1.999s] running egg_info
[2.000s] creating ../../build/camera_stream/camera_stream.egg-info
[2.001s] writing ../../build/camera_stream/camera_stream.egg-info/PKG-INFO
[2.003s] writing dependency_links to ../../build/camera_stream/camera_stream.egg-info/dependency_links.txt
[2.003s] writing entry points to ../../build/camera_stream/camera_stream.egg-info/entry_points.txt
[2.008s] writing requirements to ../../build/camera_stream/camera_stream.egg-info/requires.txt
[2.009s] writing top-level names to ../../build/camera_stream/camera_stream.egg-info/top_level.txt
[2.010s] writing manifest file '../../build/camera_stream/camera_stream.egg-info/SOURCES.txt'
[2.017s] reading manifest file '../../build/camera_stream/camera_stream.egg-info/SOURCES.txt'
[2.020s] writing manifest file '../../build/camera_stream/camera_stream.egg-info/SOURCES.txt'
[2.022s] running build
[2.022s] running build_py
[2.023s] creating /home/jonathan0209/casper_robot/rob_ws/build/camera_stream/build
[2.023s] creating /home/jonathan0209/casper_robot/rob_ws/build/camera_stream/build/lib
[2.024s] creating /home/jonathan0209/casper_robot/rob_ws/build/camera_stream/build/lib/camera_stream
[2.024s] copying camera_stream/stream.py -> /home/jonathan0209/casper_robot/rob_ws/build/camera_stream/build/lib/camera_stream
[2.024s] copying camera_stream/__init__.py -> /home/jonathan0209/casper_robot/rob_ws/build/camera_stream/build/lib/camera_stream
[2.025s] running install
[2.025s] running install_lib
[2.027s] creating /home/jonathan0209/casper_robot/rob_ws/install/camera_stream/lib/python3.10/site-packages/camera_stream
[2.027s] copying /home/jonathan0209/casper_robot/rob_ws/build/camera_stream/build/lib/camera_stream/stream.py -> /home/jonathan0209/casper_robot/rob_ws/install/camera_stream/lib/python3.10/site-packages/camera_stream
[2.028s] copying /home/jonathan0209/casper_robot/rob_ws/build/camera_stream/build/lib/camera_stream/__init__.py -> /home/jonathan0209/casper_robot/rob_ws/install/camera_stream/lib/python3.10/site-packages/camera_stream
[2.029s] byte-compiling /home/jonathan0209/casper_robot/rob_ws/install/camera_stream/lib/python3.10/site-packages/camera_stream/stream.py to stream.cpython-310.pyc
[2.030s] byte-compiling /home/jonathan0209/casper_robot/rob_ws/install/camera_stream/lib/python3.10/site-packages/camera_stream/__init__.py to __init__.cpython-310.pyc
[2.030s] running install_data
[2.031s] creating /home/jonathan0209/casper_robot/rob_ws/install/camera_stream/share/ament_index
[2.031s] creating /home/jonathan0209/casper_robot/rob_ws/install/camera_stream/share/ament_index/resource_index
[2.031s] creating /home/jonathan0209/casper_robot/rob_ws/install/camera_stream/share/ament_index/resource_index/packages
[2.032s] copying resource/camera_stream -> /home/jonathan0209/casper_robot/rob_ws/install/camera_stream/share/ament_index/resource_index/packages
[2.032s] copying package.xml -> /home/jonathan0209/casper_robot/rob_ws/install/camera_stream/share/camera_stream
[2.035s] running install_egg_info
[2.037s] Copying ../../build/camera_stream/camera_stream.egg-info to /home/jonathan0209/casper_robot/rob_ws/install/camera_stream/lib/python3.10/site-packages/camera_stream-0.0.0-py3.10.egg-info
[2.040s] running install_scripts
[2.072s] writing list of installed files to '/home/jonathan0209/casper_robot/rob_ws/build/camera_stream/install.log'
[2.116s] Invoked command in '/home/jonathan0209/casper_robot/rob_ws/src/camera_stream' returned '0': PYTHONPATH=/home/jonathan0209/casper_robot/rob_ws/build/camera_stream/prefix_override:/usr/lib/python3/dist-packages/colcon_core/task/python/colcon_distutils_commands:/home/jonathan0209/casper_robot/rob_ws/install/camera_stream/lib/python3.10/site-packages:${PYTHONPATH} /usr/bin/python3 -W ignore:setup.py install is deprecated -W ignore:easy_install command is deprecated setup.py egg_info --egg-base ../../build/camera_stream build --build-base /home/jonathan0209/casper_robot/rob_ws/build/camera_stream/build install --record /home/jonathan0209/casper_robot/rob_ws/build/camera_stream/install.log --single-version-externally-managed install_data
