[0.018s] Invoking command in '/home/jonathan0209/casper_robot/rob_ws/build/articubot_one': CMAKE_PREFIX_PATH=${CMAKE_PREFIX_PATH}:/home/jonathan0209/casper_robot/rob_ws/install/camera_ws:/opt/ros/humble /usr/bin/cmake /home/jonathan0209/casper_robot/rob_ws/src/articubot_one -DCMAKE_INSTALL_PREFIX=/home/jonathan0209/casper_robot/rob_ws/install/articubot_one
[0.340s] -- The C compiler identification is GNU 11.4.0
[0.340s] -- The CXX compiler identification is GNU 11.4.0
[0.341s] -- Detecting C compiler ABI info
[0.385s] -- Detecting C compiler ABI info - done
[0.395s] -- Check for working C compiler: /usr/bin/cc - skipped
[0.398s] -- Detecting C compile features
[0.399s] -- Detecting C compile features - done
[0.404s] -- Detecting CXX compiler ABI info
[0.520s] -- Detecting CXX compiler ABI info - done
[0.537s] -- Check for working CXX compiler: /usr/bin/c++ - skipped
[0.537s] -- Detecting CXX compile features
[0.538s] -- Detecting CXX compile features - done
[0.541s] -- Found ament_cmake: 1.3.11 (/opt/ros/humble/share/ament_cmake/cmake)
[0.751s] -- Found Python3: /usr/bin/python3 (found version "3.10.12") found components: Interpreter 
[0.918s] [31mCMake Error at CMakeLists.txt:25 (find_package):
[0.919s]   By not providing "Findament_lint_auto.cmake" in CMAKE_MODULE_PATH this
[0.919s]   project has asked CMake to find a package configuration file provided by
[0.920s]   "ament_lint_auto", but CMake did not find one.
[0.920s] 
[0.921s]   Could not find a package configuration file provided by "ament_lint_auto"
[0.921s]   with any of the following names:
[0.921s] 
[0.921s]     ament_lint_autoConfig.cmake
[0.922s]     ament_lint_auto-config.cmake
[0.922s] 
[0.922s]   Add the installation prefix of "ament_lint_auto" to CMAKE_PREFIX_PATH or
[0.923s]   set "ament_lint_auto_DIR" to a directory containing one of the above files.
[0.923s]   If "ament_lint_auto" provides a separate development package or SDK, be
[0.923s]   sure it has been installed.
[0.924s] 
[0.924s] [0m
[0.924s] -- Configuring incomplete, errors occurred!
[0.925s] See also "/home/jonathan0209/casper_robot/rob_ws/build/articubot_one/CMakeFiles/CMakeOutput.log".
[0.932s] Invoked command in '/home/jonathan0209/casper_robot/rob_ws/build/articubot_one' returned '1': CMAKE_PREFIX_PATH=${CMAKE_PREFIX_PATH}:/home/jonathan0209/casper_robot/rob_ws/install/camera_ws:/opt/ros/humble /usr/bin/cmake /home/jonathan0209/casper_robot/rob_ws/src/articubot_one -DCMAKE_INSTALL_PREFIX=/home/jonathan0209/casper_robot/rob_ws/install/articubot_one
