[0.008s] Invoking command in '/home/jonathan0209/casper_robot/rob_ws/build/diffdrive_arduino': AMENT_PREFIX_PATH=/home/jonathan0209/casper_robot/rob_ws/install/serial:${AMENT_PREFIX_PATH} CMAKE_PREFIX_PATH=/home/jonathan0209/casper_robot/rob_ws/install/serial:/home/jonathan0209/casper_robot/rob_ws/install/diffdrive_arduino:/home/jonathan0209/casper_robot/rob_ws/install/articubot_one:/home/jonathan0209/casper_robot/rob_ws/install/camera_ws:/opt/ros/humble LD_LIBRARY_PATH=/home/jonathan0209/casper_robot/rob_ws/install/serial/lib:${LD_LIBRARY_PATH} /usr/bin/cmake /home/jonathan0209/casper_robot/rob_ws/src/diffdrive_arduino -DCMAKE_INSTALL_PREFIX=/home/jonathan0209/casper_robot/rob_ws/install/diffdrive_arduino
[0.063s] -- The C compiler identification is GNU 11.4.0
[0.121s] -- The CXX compiler identification is GNU 11.4.0
[0.128s] -- Detecting C compiler ABI info
[0.195s] -- Detecting C compiler ABI info - done
[0.204s] -- Check for working C compiler: /usr/bin/cc - skipped
[0.204s] -- Detecting C compile features
[0.205s] -- Detecting C compile features - done
[0.208s] -- Detecting CXX compiler ABI info
[0.289s] -- Detecting CXX compiler ABI info - done
[0.296s] -- Check for working CXX compiler: /usr/bin/c++ - skipped
[0.297s] -- Detecting CXX compile features
[0.297s] -- Detecting CXX compile features - done
[0.299s] -- Found ament_cmake: 1.3.11 (/opt/ros/humble/share/ament_cmake/cmake)
[0.437s] -- Found Python3: /usr/bin/python3 (found version "3.10.12") found components: Interpreter 
[0.522s] -- Found serial: 1.2.1 (/home/jonathan0209/casper_robot/rob_ws/install/serial/share/serial/cmake)
[0.531s] [31mCMake Error at CMakeLists.txt:16 (find_package):
[0.531s]   By not providing "Findhardware_interface.cmake" in CMAKE_MODULE_PATH this
[0.531s]   project has asked CMake to find a package configuration file provided by
[0.531s]   "hardware_interface", but CMake did not find one.
[0.531s] 
[0.531s]   Could not find a package configuration file provided by
[0.531s]   "hardware_interface" with any of the following names:
[0.531s] 
[0.531s]     hardware_interfaceConfig.cmake
[0.531s]     hardware_interface-config.cmake
[0.531s] 
[0.531s]   Add the installation prefix of "hardware_interface" to CMAKE_PREFIX_PATH or
[0.531s]   set "hardware_interface_DIR" to a directory containing one of the above
[0.531s]   files.  If "hardware_interface" provides a separate development package or
[0.531s]   SDK, be sure it has been installed.
[0.531s] 
[0.532s] [0m
[0.532s] -- Configuring incomplete, errors occurred!
[0.532s] See also "/home/jonathan0209/casper_robot/rob_ws/build/diffdrive_arduino/CMakeFiles/CMakeOutput.log".
[0.535s] Invoked command in '/home/jonathan0209/casper_robot/rob_ws/build/diffdrive_arduino' returned '1': AMENT_PREFIX_PATH=/home/jonathan0209/casper_robot/rob_ws/install/serial:${AMENT_PREFIX_PATH} CMAKE_PREFIX_PATH=/home/jonathan0209/casper_robot/rob_ws/install/serial:/home/jonathan0209/casper_robot/rob_ws/install/diffdrive_arduino:/home/jonathan0209/casper_robot/rob_ws/install/articubot_one:/home/jonathan0209/casper_robot/rob_ws/install/camera_ws:/opt/ros/humble LD_LIBRARY_PATH=/home/jonathan0209/casper_robot/rob_ws/install/serial/lib:${LD_LIBRARY_PATH} /usr/bin/cmake /home/jonathan0209/casper_robot/rob_ws/src/diffdrive_arduino -DCMAKE_INSTALL_PREFIX=/home/jonathan0209/casper_robot/rob_ws/install/diffdrive_arduino
