[0.326s] DEBUG:colcon:Command line arguments: ['/usr/bin/colcon', 'build']
[0.326s] DEBUG:colcon:Parsed command line arguments: Namespace(log_base=None, log_level=None, verb_name='build', build_base='build', install_base='install', merge_install=False, symlink_install=False, test_result_base=None, continue_on_error=False, executor='parallel', parallel_workers=2, event_handlers=None, ignore_user_meta=False, metas=['./colcon.meta'], base_paths=['.'], packages_ignore=None, packages_ignore_regex=None, paths=None, packages_up_to=None, packages_up_to_regex=None, packages_above=None, packages_above_and_dependencies=None, packages_above_depth=None, packages_select_by_dep=None, packages_skip_by_dep=None, packages_skip_up_to=None, packages_select_build_failed=False, packages_skip_build_finished=False, packages_select_test_failures=False, packages_skip_test_passed=False, packages_select=None, packages_skip=None, packages_select_regex=None, packages_skip_regex=None, packages_start=None, packages_end=None, allow_overriding=[], cmake_args=None, cmake_target=None, cmake_target_skip_unavailable=False, cmake_clean_cache=False, cmake_clean_first=False, cmake_force_configure=False, ament_cmake_args=None, catkin_cmake_args=None, catkin_skip_building_tests=False, verb_parser=<colcon_defaults.argument_parser.defaults.DefaultArgumentsDecorator object at 0x7291e58effa0>, verb_extension=<colcon_core.verb.build.BuildVerb object at 0x7291e58efb20>, main=<bound method BuildVerb.main of <colcon_core.verb.build.BuildVerb object at 0x7291e58efb20>>)
[0.844s] Level 1:colcon.colcon_core.package_discovery:discover_packages(colcon_meta) check parameters
[0.844s] Level 1:colcon.colcon_core.package_discovery:discover_packages(recursive) check parameters
[0.844s] Level 1:colcon.colcon_core.package_discovery:discover_packages(ignore) check parameters
[0.844s] Level 1:colcon.colcon_core.package_discovery:discover_packages(path) check parameters
[0.844s] Level 1:colcon.colcon_core.package_discovery:discover_packages(colcon_meta) discover
[0.844s] Level 1:colcon.colcon_core.package_discovery:discover_packages(recursive) discover
[0.845s] INFO:colcon.colcon_core.package_discovery:Crawling recursively for packages in '/home/jonathan/rob_ws'
[0.845s] Level 1:colcon.colcon_core.package_identification:_identify(.) by extensions ['ignore', 'ignore_ament_install']
[0.845s] Level 1:colcon.colcon_core.package_identification:_identify(.) by extension 'ignore'
[0.845s] Level 1:colcon.colcon_core.package_identification:_identify(.) by extension 'ignore_ament_install'
[0.845s] Level 1:colcon.colcon_core.package_identification:_identify(.) by extensions ['colcon_pkg']
[0.845s] Level 1:colcon.colcon_core.package_identification:_identify(.) by extension 'colcon_pkg'
[0.845s] Level 1:colcon.colcon_core.package_identification:_identify(.) by extensions ['colcon_meta']
[0.845s] Level 1:colcon.colcon_core.package_identification:_identify(.) by extension 'colcon_meta'
[0.845s] Level 1:colcon.colcon_core.package_identification:_identify(.) by extensions ['ros']
[0.845s] Level 1:colcon.colcon_core.package_identification:_identify(.) by extension 'ros'
[0.869s] Level 1:colcon.colcon_core.package_identification:_identify(.) by extensions ['cmake', 'python']
[0.869s] Level 1:colcon.colcon_core.package_identification:_identify(.) by extension 'cmake'
[0.869s] Level 1:colcon.colcon_core.package_identification:_identify(.) by extension 'python'
[0.869s] Level 1:colcon.colcon_core.package_identification:_identify(.) by extensions ['python_setup_py']
[0.869s] Level 1:colcon.colcon_core.package_identification:_identify(.) by extension 'python_setup_py'
[0.869s] Level 1:colcon.colcon_core.package_identification:_identify(build) by extensions ['ignore', 'ignore_ament_install']
[0.869s] Level 1:colcon.colcon_core.package_identification:_identify(build) by extension 'ignore'
[0.870s] Level 1:colcon.colcon_core.package_identification:_identify(build) ignored
[0.870s] Level 1:colcon.colcon_core.package_identification:_identify(install) by extensions ['ignore', 'ignore_ament_install']
[0.870s] Level 1:colcon.colcon_core.package_identification:_identify(install) by extension 'ignore'
[0.870s] Level 1:colcon.colcon_core.package_identification:_identify(install) ignored
[0.870s] Level 1:colcon.colcon_core.package_identification:_identify(log) by extensions ['ignore', 'ignore_ament_install']
[0.870s] Level 1:colcon.colcon_core.package_identification:_identify(log) by extension 'ignore'
[0.870s] Level 1:colcon.colcon_core.package_identification:_identify(log) ignored
[0.870s] Level 1:colcon.colcon_core.package_identification:_identify(src) by extensions ['ignore', 'ignore_ament_install']
[0.871s] Level 1:colcon.colcon_core.package_identification:_identify(src) by extension 'ignore'
[0.871s] Level 1:colcon.colcon_core.package_identification:_identify(src) by extension 'ignore_ament_install'
[0.871s] Level 1:colcon.colcon_core.package_identification:_identify(src) by extensions ['colcon_pkg']
[0.871s] Level 1:colcon.colcon_core.package_identification:_identify(src) by extension 'colcon_pkg'
[0.871s] Level 1:colcon.colcon_core.package_identification:_identify(src) by extensions ['colcon_meta']
[0.871s] Level 1:colcon.colcon_core.package_identification:_identify(src) by extension 'colcon_meta'
[0.871s] Level 1:colcon.colcon_core.package_identification:_identify(src) by extensions ['ros']
[0.871s] Level 1:colcon.colcon_core.package_identification:_identify(src) by extension 'ros'
[0.871s] Level 1:colcon.colcon_core.package_identification:_identify(src) by extensions ['cmake', 'python']
[0.871s] Level 1:colcon.colcon_core.package_identification:_identify(src) by extension 'cmake'
[0.871s] Level 1:colcon.colcon_core.package_identification:_identify(src) by extension 'python'
[0.871s] Level 1:colcon.colcon_core.package_identification:_identify(src) by extensions ['python_setup_py']
[0.872s] Level 1:colcon.colcon_core.package_identification:_identify(src) by extension 'python_setup_py'
[0.872s] Level 1:colcon.colcon_core.package_identification:_identify(src/articubot_one) by extensions ['ignore', 'ignore_ament_install']
[0.872s] Level 1:colcon.colcon_core.package_identification:_identify(src/articubot_one) by extension 'ignore'
[0.872s] Level 1:colcon.colcon_core.package_identification:_identify(src/articubot_one) by extension 'ignore_ament_install'
[0.872s] Level 1:colcon.colcon_core.package_identification:_identify(src/articubot_one) by extensions ['colcon_pkg']
[0.872s] Level 1:colcon.colcon_core.package_identification:_identify(src/articubot_one) by extension 'colcon_pkg'
[0.872s] Level 1:colcon.colcon_core.package_identification:_identify(src/articubot_one) by extensions ['colcon_meta']
[0.872s] Level 1:colcon.colcon_core.package_identification:_identify(src/articubot_one) by extension 'colcon_meta'
[0.872s] Level 1:colcon.colcon_core.package_identification:_identify(src/articubot_one) by extensions ['ros']
[0.872s] Level 1:colcon.colcon_core.package_identification:_identify(src/articubot_one) by extension 'ros'
[0.878s] DEBUG:colcon.colcon_core.package_identification:Package 'src/articubot_one' with type 'ros.ament_cmake' and name 'articubot_one'
[0.878s] Level 1:colcon.colcon_core.package_identification:_identify(src/diffdrive_arduino) by extensions ['ignore', 'ignore_ament_install']
[0.879s] Level 1:colcon.colcon_core.package_identification:_identify(src/diffdrive_arduino) by extension 'ignore'
[0.879s] Level 1:colcon.colcon_core.package_identification:_identify(src/diffdrive_arduino) by extension 'ignore_ament_install'
[0.879s] Level 1:colcon.colcon_core.package_identification:_identify(src/diffdrive_arduino) by extensions ['colcon_pkg']
[0.879s] Level 1:colcon.colcon_core.package_identification:_identify(src/diffdrive_arduino) by extension 'colcon_pkg'
[0.879s] Level 1:colcon.colcon_core.package_identification:_identify(src/diffdrive_arduino) by extensions ['colcon_meta']
[0.879s] Level 1:colcon.colcon_core.package_identification:_identify(src/diffdrive_arduino) by extension 'colcon_meta'
[0.879s] Level 1:colcon.colcon_core.package_identification:_identify(src/diffdrive_arduino) by extensions ['ros']
[0.879s] Level 1:colcon.colcon_core.package_identification:_identify(src/diffdrive_arduino) by extension 'ros'
[0.881s] DEBUG:colcon.colcon_core.package_identification:Package 'src/diffdrive_arduino' with type 'ros.ament_cmake' and name 'diffdrive_arduino'
[0.882s] Level 1:colcon.colcon_core.package_identification:_identify(src/serial) by extensions ['ignore', 'ignore_ament_install']
[0.882s] Level 1:colcon.colcon_core.package_identification:_identify(src/serial) by extension 'ignore'
[0.882s] Level 1:colcon.colcon_core.package_identification:_identify(src/serial) by extension 'ignore_ament_install'
[0.882s] Level 1:colcon.colcon_core.package_identification:_identify(src/serial) by extensions ['colcon_pkg']
[0.882s] Level 1:colcon.colcon_core.package_identification:_identify(src/serial) by extension 'colcon_pkg'
[0.883s] Level 1:colcon.colcon_core.package_identification:_identify(src/serial) by extensions ['colcon_meta']
[0.883s] Level 1:colcon.colcon_core.package_identification:_identify(src/serial) by extension 'colcon_meta'
[0.883s] Level 1:colcon.colcon_core.package_identification:_identify(src/serial) by extensions ['ros']
[0.883s] Level 1:colcon.colcon_core.package_identification:_identify(src/serial) by extension 'ros'
[0.884s] DEBUG:colcon.colcon_core.package_identification:Package 'src/serial' with type 'ros.ament_cmake' and name 'serial'
[0.884s] Level 1:colcon.colcon_core.package_discovery:discover_packages(recursive) using defaults
[0.884s] Level 1:colcon.colcon_core.package_discovery:discover_packages(ignore) discover
[0.884s] Level 1:colcon.colcon_core.package_discovery:discover_packages(ignore) using defaults
[0.884s] Level 1:colcon.colcon_core.package_discovery:discover_packages(path) discover
[0.884s] Level 1:colcon.colcon_core.package_discovery:discover_packages(path) using defaults
[0.945s] Level 1:colcon.colcon_core.package_discovery:discover_packages(prefix_path) check parameters
[0.947s] Level 1:colcon.colcon_core.package_discovery:discover_packages(prefix_path) discover
[0.958s] DEBUG:colcon.colcon_installed_package_information.package_discovery:Found 322 installed packages in /opt/ros/humble
[0.964s] Level 1:colcon.colcon_core.package_discovery:discover_packages(prefix_path) using defaults
[1.106s] Level 5:colcon.colcon_core.verb:set package 'articubot_one' build argument 'cmake_args' from command line to 'None'
[1.107s] Level 5:colcon.colcon_core.verb:set package 'articubot_one' build argument 'cmake_target' from command line to 'None'
[1.107s] Level 5:colcon.colcon_core.verb:set package 'articubot_one' build argument 'cmake_target_skip_unavailable' from command line to 'False'
[1.107s] Level 5:colcon.colcon_core.verb:set package 'articubot_one' build argument 'cmake_clean_cache' from command line to 'False'
[1.107s] Level 5:colcon.colcon_core.verb:set package 'articubot_one' build argument 'cmake_clean_first' from command line to 'False'
[1.107s] Level 5:colcon.colcon_core.verb:set package 'articubot_one' build argument 'cmake_force_configure' from command line to 'False'
[1.107s] Level 5:colcon.colcon_core.verb:set package 'articubot_one' build argument 'ament_cmake_args' from command line to 'None'
[1.107s] Level 5:colcon.colcon_core.verb:set package 'articubot_one' build argument 'catkin_cmake_args' from command line to 'None'
[1.107s] Level 5:colcon.colcon_core.verb:set package 'articubot_one' build argument 'catkin_skip_building_tests' from command line to 'False'
[1.107s] DEBUG:colcon.colcon_core.verb:Building package 'articubot_one' with the following arguments: {'ament_cmake_args': None, 'build_base': '/home/jonathan/rob_ws/build/articubot_one', 'catkin_cmake_args': None, 'catkin_skip_building_tests': False, 'cmake_args': None, 'cmake_clean_cache': False, 'cmake_clean_first': False, 'cmake_force_configure': False, 'cmake_target': None, 'cmake_target_skip_unavailable': False, 'install_base': '/home/jonathan/rob_ws/install/articubot_one', 'merge_install': False, 'path': '/home/jonathan/rob_ws/src/articubot_one', 'symlink_install': False, 'test_result_base': None}
[1.109s] Level 5:colcon.colcon_core.verb:set package 'serial' build argument 'cmake_args' from command line to 'None'
[1.109s] Level 5:colcon.colcon_core.verb:set package 'serial' build argument 'cmake_target' from command line to 'None'
[1.109s] Level 5:colcon.colcon_core.verb:set package 'serial' build argument 'cmake_target_skip_unavailable' from command line to 'False'
[1.109s] Level 5:colcon.colcon_core.verb:set package 'serial' build argument 'cmake_clean_cache' from command line to 'False'
[1.109s] Level 5:colcon.colcon_core.verb:set package 'serial' build argument 'cmake_clean_first' from command line to 'False'
[1.109s] Level 5:colcon.colcon_core.verb:set package 'serial' build argument 'cmake_force_configure' from command line to 'False'
[1.109s] Level 5:colcon.colcon_core.verb:set package 'serial' build argument 'ament_cmake_args' from command line to 'None'
[1.109s] Level 5:colcon.colcon_core.verb:set package 'serial' build argument 'catkin_cmake_args' from command line to 'None'
[1.109s] Level 5:colcon.colcon_core.verb:set package 'serial' build argument 'catkin_skip_building_tests' from command line to 'False'
[1.110s] DEBUG:colcon.colcon_core.verb:Building package 'serial' with the following arguments: {'ament_cmake_args': None, 'build_base': '/home/jonathan/rob_ws/build/serial', 'catkin_cmake_args': None, 'catkin_skip_building_tests': False, 'cmake_args': None, 'cmake_clean_cache': False, 'cmake_clean_first': False, 'cmake_force_configure': False, 'cmake_target': None, 'cmake_target_skip_unavailable': False, 'install_base': '/home/jonathan/rob_ws/install/serial', 'merge_install': False, 'path': '/home/jonathan/rob_ws/src/serial', 'symlink_install': False, 'test_result_base': None}
[1.111s] Level 5:colcon.colcon_core.verb:set package 'diffdrive_arduino' build argument 'cmake_args' from command line to 'None'
[1.111s] Level 5:colcon.colcon_core.verb:set package 'diffdrive_arduino' build argument 'cmake_target' from command line to 'None'
[1.111s] Level 5:colcon.colcon_core.verb:set package 'diffdrive_arduino' build argument 'cmake_target_skip_unavailable' from command line to 'False'
[1.111s] Level 5:colcon.colcon_core.verb:set package 'diffdrive_arduino' build argument 'cmake_clean_cache' from command line to 'False'
[1.111s] Level 5:colcon.colcon_core.verb:set package 'diffdrive_arduino' build argument 'cmake_clean_first' from command line to 'False'
[1.111s] Level 5:colcon.colcon_core.verb:set package 'diffdrive_arduino' build argument 'cmake_force_configure' from command line to 'False'
[1.111s] Level 5:colcon.colcon_core.verb:set package 'diffdrive_arduino' build argument 'ament_cmake_args' from command line to 'None'
[1.112s] Level 5:colcon.colcon_core.verb:set package 'diffdrive_arduino' build argument 'catkin_cmake_args' from command line to 'None'
[1.112s] Level 5:colcon.colcon_core.verb:set package 'diffdrive_arduino' build argument 'catkin_skip_building_tests' from command line to 'False'
[1.112s] DEBUG:colcon.colcon_core.verb:Building package 'diffdrive_arduino' with the following arguments: {'ament_cmake_args': None, 'build_base': '/home/jonathan/rob_ws/build/diffdrive_arduino', 'catkin_cmake_args': None, 'catkin_skip_building_tests': False, 'cmake_args': None, 'cmake_clean_cache': False, 'cmake_clean_first': False, 'cmake_force_configure': False, 'cmake_target': None, 'cmake_target_skip_unavailable': False, 'install_base': '/home/jonathan/rob_ws/install/diffdrive_arduino', 'merge_install': False, 'path': '/home/jonathan/rob_ws/src/diffdrive_arduino', 'symlink_install': False, 'test_result_base': None}
[1.112s] INFO:colcon.colcon_core.executor:Executing jobs using 'parallel' executor
[1.115s] DEBUG:colcon.colcon_parallel_executor.executor.parallel:run_until_complete
[1.115s] INFO:colcon.colcon_ros.task.ament_cmake.build:Building ROS package in '/home/jonathan/rob_ws/src/serial' with build type 'ament_cmake'
[1.115s] INFO:colcon.colcon_cmake.task.cmake.build:Building CMake package in '/home/jonathan/rob_ws/src/serial'
[1.130s] INFO:colcon.colcon_core.plugin_system:Skipping extension 'colcon_core.shell.bat': Not used on non-Windows systems
[1.131s] INFO:colcon.colcon_core.shell:Skip shell extension 'powershell' for command environment: Not usable outside of PowerShell
[1.132s] DEBUG:colcon.colcon_core.shell:Skip shell extension 'dsv' for command environment
[1.150s] INFO:colcon.colcon_ros.task.ament_cmake.build:Building ROS package in '/home/jonathan/rob_ws/src/articubot_one' with build type 'ament_cmake'
[1.151s] INFO:colcon.colcon_cmake.task.cmake.build:Building CMake package in '/home/jonathan/rob_ws/src/articubot_one'
[1.152s] INFO:colcon.colcon_core.shell:Skip shell extension 'powershell' for command environment: Not usable outside of PowerShell
[1.152s] DEBUG:colcon.colcon_core.shell:Skip shell extension 'dsv' for command environment
[1.176s] DEBUG:colcon.colcon_core.event_handler.log_command:Invoking command in '/home/jonathan/rob_ws/build/serial': CMAKE_PREFIX_PATH=/opt/ros/humble /usr/bin/cmake /home/jonathan/rob_ws/src/serial -DCMAKE_INSTALL_PREFIX=/home/jonathan/rob_ws/install/serial
[1.203s] DEBUG:colcon.colcon_core.event_handler.log_command:Invoking command in '/home/jonathan/rob_ws/build/articubot_one': CMAKE_PREFIX_PATH=/opt/ros/humble /usr/bin/cmake /home/jonathan/rob_ws/src/articubot_one -DCMAKE_INSTALL_PREFIX=/home/jonathan/rob_ws/install/articubot_one
[1.997s] DEBUG:colcon.colcon_core.event_handler.log_command:Invoked command in '/home/jonathan/rob_ws/build/articubot_one' returned '0': CMAKE_PREFIX_PATH=/opt/ros/humble /usr/bin/cmake /home/jonathan/rob_ws/src/articubot_one -DCMAKE_INSTALL_PREFIX=/home/jonathan/rob_ws/install/articubot_one
[1.998s] DEBUG:colcon.colcon_core.event_handler.log_command:Invoking command in '/home/jonathan/rob_ws/build/articubot_one': CMAKE_PREFIX_PATH=/opt/ros/humble /usr/bin/cmake --build /home/jonathan/rob_ws/build/articubot_one -- -j2 -l2
[2.042s] DEBUG:colcon.colcon_core.event_handler.log_command:Invoked command in '/home/jonathan/rob_ws/build/serial' returned '0': CMAKE_PREFIX_PATH=/opt/ros/humble /usr/bin/cmake /home/jonathan/rob_ws/src/serial -DCMAKE_INSTALL_PREFIX=/home/jonathan/rob_ws/install/serial
[2.045s] DEBUG:colcon.colcon_core.event_handler.log_command:Invoking command in '/home/jonathan/rob_ws/build/serial': CMAKE_PREFIX_PATH=/opt/ros/humble /usr/bin/cmake --build /home/jonathan/rob_ws/build/serial -- -j2 -l2
[2.135s] DEBUG:colcon.colcon_core.event_handler.log_command:Invoked command in '/home/jonathan/rob_ws/build/articubot_one' returned '0': CMAKE_PREFIX_PATH=/opt/ros/humble /usr/bin/cmake --build /home/jonathan/rob_ws/build/articubot_one -- -j2 -l2
[2.251s] DEBUG:colcon.colcon_core.event_handler.log_command:Invoking command in '/home/jonathan/rob_ws/build/articubot_one': CMAKE_PREFIX_PATH=/opt/ros/humble /usr/bin/cmake --install /home/jonathan/rob_ws/build/articubot_one
[2.450s] Level 1:colcon.colcon_core.environment:create_environment_scripts_only(articubot_one)
[2.451s] DEBUG:colcon.colcon_core.event_handler.log_command:Invoked command in '/home/jonathan/rob_ws/build/articubot_one' returned '0': CMAKE_PREFIX_PATH=/opt/ros/humble /usr/bin/cmake --install /home/jonathan/rob_ws/build/articubot_one
[2.489s] Level 1:colcon.colcon_core.environment:checking '/home/jonathan/rob_ws/install/articubot_one' for CMake module files
[2.494s] Level 1:colcon.colcon_core.environment:checking '/home/jonathan/rob_ws/install/articubot_one' for CMake config files
[2.499s] Level 1:colcon.colcon_core.shell:create_environment_hook('articubot_one', 'cmake_prefix_path')
[2.502s] INFO:colcon.colcon_core.shell:Creating environment hook '/home/jonathan/rob_ws/install/articubot_one/share/articubot_one/hook/cmake_prefix_path.ps1'
[2.506s] INFO:colcon.colcon_core.shell:Creating environment descriptor '/home/jonathan/rob_ws/install/articubot_one/share/articubot_one/hook/cmake_prefix_path.dsv'
[2.510s] INFO:colcon.colcon_core.shell:Creating environment hook '/home/jonathan/rob_ws/install/articubot_one/share/articubot_one/hook/cmake_prefix_path.sh'
[2.515s] Level 1:colcon.colcon_core.environment:checking '/home/jonathan/rob_ws/install/articubot_one/bin'
[2.515s] Level 1:colcon.colcon_core.environment:checking '/home/jonathan/rob_ws/install/articubot_one/lib/pkgconfig/articubot_one.pc'
[2.516s] Level 1:colcon.colcon_core.environment:checking '/home/jonathan/rob_ws/install/articubot_one/lib/python3.10/site-packages'
[2.516s] Level 1:colcon.colcon_core.environment:checking '/home/jonathan/rob_ws/install/articubot_one/bin'
[2.517s] INFO:colcon.colcon_core.shell:Creating package script '/home/jonathan/rob_ws/install/articubot_one/share/articubot_one/package.ps1'
[2.527s] INFO:colcon.colcon_core.shell:Creating package descriptor '/home/jonathan/rob_ws/install/articubot_one/share/articubot_one/package.dsv'
[2.533s] INFO:colcon.colcon_core.shell:Creating package script '/home/jonathan/rob_ws/install/articubot_one/share/articubot_one/package.sh'
[2.537s] INFO:colcon.colcon_core.shell:Creating package script '/home/jonathan/rob_ws/install/articubot_one/share/articubot_one/package.bash'
[2.539s] INFO:colcon.colcon_core.shell:Creating package script '/home/jonathan/rob_ws/install/articubot_one/share/articubot_one/package.zsh'
[2.545s] Level 1:colcon.colcon_core.environment:create_file_with_runtime_dependencies(/home/jonathan/rob_ws/install/articubot_one/share/colcon-core/packages/articubot_one)
[2.598s] DEBUG:colcon.colcon_core.event_handler.log_command:Invoked command in '/home/jonathan/rob_ws/build/serial' returned '0': CMAKE_PREFIX_PATH=/opt/ros/humble /usr/bin/cmake --build /home/jonathan/rob_ws/build/serial -- -j2 -l2
[2.614s] Level 1:colcon.colcon_core.environment:create_environment_scripts_only(articubot_one)
[2.615s] Level 1:colcon.colcon_core.environment:checking '/home/jonathan/rob_ws/install/articubot_one' for CMake module files
[2.616s] Level 1:colcon.colcon_core.environment:checking '/home/jonathan/rob_ws/install/articubot_one' for CMake config files
[2.617s] Level 1:colcon.colcon_core.shell:create_environment_hook('articubot_one', 'cmake_prefix_path')
[2.618s] INFO:colcon.colcon_core.shell:Creating environment hook '/home/jonathan/rob_ws/install/articubot_one/share/articubot_one/hook/cmake_prefix_path.ps1'
[2.620s] INFO:colcon.colcon_core.shell:Creating environment descriptor '/home/jonathan/rob_ws/install/articubot_one/share/articubot_one/hook/cmake_prefix_path.dsv'
[2.621s] INFO:colcon.colcon_core.shell:Creating environment hook '/home/jonathan/rob_ws/install/articubot_one/share/articubot_one/hook/cmake_prefix_path.sh'
[2.624s] Level 1:colcon.colcon_core.environment:checking '/home/jonathan/rob_ws/install/articubot_one/bin'
[2.624s] Level 1:colcon.colcon_core.environment:checking '/home/jonathan/rob_ws/install/articubot_one/lib/pkgconfig/articubot_one.pc'
[2.624s] Level 1:colcon.colcon_core.environment:checking '/home/jonathan/rob_ws/install/articubot_one/lib/python3.10/site-packages'
[2.625s] Level 1:colcon.colcon_core.environment:checking '/home/jonathan/rob_ws/install/articubot_one/bin'
[2.626s] INFO:colcon.colcon_core.shell:Creating package script '/home/jonathan/rob_ws/install/articubot_one/share/articubot_one/package.ps1'
[2.628s] INFO:colcon.colcon_core.shell:Creating package descriptor '/home/jonathan/rob_ws/install/articubot_one/share/articubot_one/package.dsv'
[2.631s] INFO:colcon.colcon_core.shell:Creating package script '/home/jonathan/rob_ws/install/articubot_one/share/articubot_one/package.sh'
[2.633s] INFO:colcon.colcon_core.shell:Creating package script '/home/jonathan/rob_ws/install/articubot_one/share/articubot_one/package.bash'
[2.635s] INFO:colcon.colcon_core.shell:Creating package script '/home/jonathan/rob_ws/install/articubot_one/share/articubot_one/package.zsh'
[2.636s] Level 1:colcon.colcon_core.environment:create_file_with_runtime_dependencies(/home/jonathan/rob_ws/install/articubot_one/share/colcon-core/packages/articubot_one)
[2.708s] DEBUG:colcon.colcon_core.event_handler.log_command:Invoking command in '/home/jonathan/rob_ws/build/serial': CMAKE_PREFIX_PATH=/opt/ros/humble /usr/bin/cmake --install /home/jonathan/rob_ws/build/serial
[2.780s] Level 1:colcon.colcon_core.environment:create_environment_scripts_only(serial)
[2.781s] Level 1:colcon.colcon_core.environment:checking '/home/jonathan/rob_ws/install/serial' for CMake module files
[2.782s] DEBUG:colcon.colcon_core.event_handler.log_command:Invoked command in '/home/jonathan/rob_ws/build/serial' returned '0': CMAKE_PREFIX_PATH=/opt/ros/humble /usr/bin/cmake --install /home/jonathan/rob_ws/build/serial
[2.786s] Level 1:colcon.colcon_core.environment:checking '/home/jonathan/rob_ws/install/serial' for CMake config files
[2.787s] Level 1:colcon.colcon_core.shell:create_environment_hook('serial', 'cmake_prefix_path')
[2.788s] INFO:colcon.colcon_core.shell:Creating environment hook '/home/jonathan/rob_ws/install/serial/share/serial/hook/cmake_prefix_path.ps1'
[2.791s] INFO:colcon.colcon_core.shell:Creating environment descriptor '/home/jonathan/rob_ws/install/serial/share/serial/hook/cmake_prefix_path.dsv'
[2.797s] INFO:colcon.colcon_core.shell:Creating environment hook '/home/jonathan/rob_ws/install/serial/share/serial/hook/cmake_prefix_path.sh'
[2.802s] Level 1:colcon.colcon_core.environment:checking '/home/jonathan/rob_ws/install/serial/lib'
[2.802s] Level 1:colcon.colcon_core.environment:checking '/home/jonathan/rob_ws/install/serial/bin'
[2.802s] Level 1:colcon.colcon_core.environment:checking '/home/jonathan/rob_ws/install/serial/lib/pkgconfig/serial.pc'
[2.803s] Level 1:colcon.colcon_core.environment:checking '/home/jonathan/rob_ws/install/serial/lib/python3.10/site-packages'
[2.804s] Level 1:colcon.colcon_core.environment:checking '/home/jonathan/rob_ws/install/serial/bin'
[2.805s] INFO:colcon.colcon_core.shell:Creating package script '/home/jonathan/rob_ws/install/serial/share/serial/package.ps1'
[2.808s] INFO:colcon.colcon_core.shell:Creating package descriptor '/home/jonathan/rob_ws/install/serial/share/serial/package.dsv'
[2.811s] INFO:colcon.colcon_core.shell:Creating package script '/home/jonathan/rob_ws/install/serial/share/serial/package.sh'
[2.813s] INFO:colcon.colcon_core.shell:Creating package script '/home/jonathan/rob_ws/install/serial/share/serial/package.bash'
[2.815s] INFO:colcon.colcon_core.shell:Creating package script '/home/jonathan/rob_ws/install/serial/share/serial/package.zsh'
[2.816s] Level 1:colcon.colcon_core.environment:create_file_with_runtime_dependencies(/home/jonathan/rob_ws/install/serial/share/colcon-core/packages/serial)
[2.887s] Level 1:colcon.colcon_core.environment:create_environment_scripts_only(serial)
[2.887s] Level 1:colcon.colcon_core.environment:checking '/home/jonathan/rob_ws/install/serial' for CMake module files
[2.889s] Level 1:colcon.colcon_core.environment:checking '/home/jonathan/rob_ws/install/serial' for CMake config files
[2.890s] Level 1:colcon.colcon_core.shell:create_environment_hook('serial', 'cmake_prefix_path')
[2.894s] INFO:colcon.colcon_core.shell:Creating environment hook '/home/jonathan/rob_ws/install/serial/share/serial/hook/cmake_prefix_path.ps1'
[2.896s] INFO:colcon.colcon_core.shell:Creating environment descriptor '/home/jonathan/rob_ws/install/serial/share/serial/hook/cmake_prefix_path.dsv'
[2.897s] INFO:colcon.colcon_core.shell:Creating environment hook '/home/jonathan/rob_ws/install/serial/share/serial/hook/cmake_prefix_path.sh'
[2.898s] Level 1:colcon.colcon_core.environment:checking '/home/jonathan/rob_ws/install/serial/lib'
[2.898s] Level 1:colcon.colcon_core.environment:checking '/home/jonathan/rob_ws/install/serial/bin'
[2.898s] Level 1:colcon.colcon_core.environment:checking '/home/jonathan/rob_ws/install/serial/lib/pkgconfig/serial.pc'
[2.899s] Level 1:colcon.colcon_core.environment:checking '/home/jonathan/rob_ws/install/serial/lib/python3.10/site-packages'
[2.900s] Level 1:colcon.colcon_core.environment:checking '/home/jonathan/rob_ws/install/serial/bin'
[2.901s] INFO:colcon.colcon_core.shell:Creating package script '/home/jonathan/rob_ws/install/serial/share/serial/package.ps1'
[2.902s] INFO:colcon.colcon_core.shell:Creating package descriptor '/home/jonathan/rob_ws/install/serial/share/serial/package.dsv'
[2.903s] INFO:colcon.colcon_core.shell:Creating package script '/home/jonathan/rob_ws/install/serial/share/serial/package.sh'
[2.908s] INFO:colcon.colcon_core.shell:Creating package script '/home/jonathan/rob_ws/install/serial/share/serial/package.bash'
[2.909s] INFO:colcon.colcon_core.shell:Creating package script '/home/jonathan/rob_ws/install/serial/share/serial/package.zsh'
[2.910s] Level 1:colcon.colcon_core.environment:create_file_with_runtime_dependencies(/home/jonathan/rob_ws/install/serial/share/colcon-core/packages/serial)
[2.911s] INFO:colcon.colcon_ros.task.ament_cmake.build:Building ROS package in '/home/jonathan/rob_ws/src/diffdrive_arduino' with build type 'ament_cmake'
[2.911s] INFO:colcon.colcon_cmake.task.cmake.build:Building CMake package in '/home/jonathan/rob_ws/src/diffdrive_arduino'
[2.912s] INFO:colcon.colcon_core.shell:Skip shell extension 'powershell' for command environment: Not usable outside of PowerShell
[2.912s] DEBUG:colcon.colcon_core.shell:Skip shell extension 'dsv' for command environment
[2.948s] DEBUG:colcon.colcon_core.event_handler.log_command:Invoking command in '/home/jonathan/rob_ws/build/diffdrive_arduino': AMENT_PREFIX_PATH=/home/jonathan/rob_ws/install/serial:${AMENT_PREFIX_PATH} CMAKE_PREFIX_PATH=/home/jonathan/rob_ws/install/serial:/opt/ros/humble LD_LIBRARY_PATH=/home/jonathan/rob_ws/install/serial/lib:${LD_LIBRARY_PATH} /usr/bin/cmake /home/jonathan/rob_ws/src/diffdrive_arduino -DCMAKE_INSTALL_PREFIX=/home/jonathan/rob_ws/install/diffdrive_arduino
[5.236s] DEBUG:colcon.colcon_core.event_handler.log_command:Invoked command in '/home/jonathan/rob_ws/build/diffdrive_arduino' returned '0': AMENT_PREFIX_PATH=/home/jonathan/rob_ws/install/serial:${AMENT_PREFIX_PATH} CMAKE_PREFIX_PATH=/home/jonathan/rob_ws/install/serial:/opt/ros/humble LD_LIBRARY_PATH=/home/jonathan/rob_ws/install/serial/lib:${LD_LIBRARY_PATH} /usr/bin/cmake /home/jonathan/rob_ws/src/diffdrive_arduino -DCMAKE_INSTALL_PREFIX=/home/jonathan/rob_ws/install/diffdrive_arduino
[5.241s] DEBUG:colcon.colcon_core.event_handler.log_command:Invoking command in '/home/jonathan/rob_ws/build/diffdrive_arduino': AMENT_PREFIX_PATH=/home/jonathan/rob_ws/install/serial:${AMENT_PREFIX_PATH} CMAKE_PREFIX_PATH=/home/jonathan/rob_ws/install/serial:/opt/ros/humble LD_LIBRARY_PATH=/home/jonathan/rob_ws/install/serial/lib:${LD_LIBRARY_PATH} /usr/bin/cmake --build /home/jonathan/rob_ws/build/diffdrive_arduino -- -j2 -l2
[13.843s] DEBUG:colcon.colcon_core.event_handler.log_command:Invoked command in '/home/jonathan/rob_ws/build/diffdrive_arduino' returned '0': AMENT_PREFIX_PATH=/home/jonathan/rob_ws/install/serial:${AMENT_PREFIX_PATH} CMAKE_PREFIX_PATH=/home/jonathan/rob_ws/install/serial:/opt/ros/humble LD_LIBRARY_PATH=/home/jonathan/rob_ws/install/serial/lib:${LD_LIBRARY_PATH} /usr/bin/cmake --build /home/jonathan/rob_ws/build/diffdrive_arduino -- -j2 -l2
[13.899s] DEBUG:colcon.colcon_core.event_handler.log_command:Invoking command in '/home/jonathan/rob_ws/build/diffdrive_arduino': AMENT_PREFIX_PATH=/home/jonathan/rob_ws/install/serial:${AMENT_PREFIX_PATH} CMAKE_PREFIX_PATH=/home/jonathan/rob_ws/install/serial:/opt/ros/humble LD_LIBRARY_PATH=/home/jonathan/rob_ws/install/serial/lib:${LD_LIBRARY_PATH} /usr/bin/cmake --install /home/jonathan/rob_ws/build/diffdrive_arduino
[13.950s] Level 1:colcon.colcon_core.environment:create_environment_scripts_only(diffdrive_arduino)
[13.951s] Level 1:colcon.colcon_core.environment:checking '/home/jonathan/rob_ws/install/diffdrive_arduino' for CMake module files
[13.952s] Level 1:colcon.colcon_core.environment:checking '/home/jonathan/rob_ws/install/diffdrive_arduino' for CMake config files
[13.953s] Level 1:colcon.colcon_core.shell:create_environment_hook('diffdrive_arduino', 'cmake_prefix_path')
[13.953s] INFO:colcon.colcon_core.shell:Creating environment hook '/home/jonathan/rob_ws/install/diffdrive_arduino/share/diffdrive_arduino/hook/cmake_prefix_path.ps1'
[13.955s] DEBUG:colcon.colcon_core.event_handler.log_command:Invoked command in '/home/jonathan/rob_ws/build/diffdrive_arduino' returned '0': AMENT_PREFIX_PATH=/home/jonathan/rob_ws/install/serial:${AMENT_PREFIX_PATH} CMAKE_PREFIX_PATH=/home/jonathan/rob_ws/install/serial:/opt/ros/humble LD_LIBRARY_PATH=/home/jonathan/rob_ws/install/serial/lib:${LD_LIBRARY_PATH} /usr/bin/cmake --install /home/jonathan/rob_ws/build/diffdrive_arduino
[13.955s] INFO:colcon.colcon_core.shell:Creating environment descriptor '/home/jonathan/rob_ws/install/diffdrive_arduino/share/diffdrive_arduino/hook/cmake_prefix_path.dsv'
[13.956s] INFO:colcon.colcon_core.shell:Creating environment hook '/home/jonathan/rob_ws/install/diffdrive_arduino/share/diffdrive_arduino/hook/cmake_prefix_path.sh'
[13.957s] Level 1:colcon.colcon_core.environment:checking '/home/jonathan/rob_ws/install/diffdrive_arduino/lib'
[13.957s] Level 1:colcon.colcon_core.shell:create_environment_hook('diffdrive_arduino', 'ld_library_path_lib')
[13.958s] INFO:colcon.colcon_core.shell:Creating environment hook '/home/jonathan/rob_ws/install/diffdrive_arduino/share/diffdrive_arduino/hook/ld_library_path_lib.ps1'
[13.960s] INFO:colcon.colcon_core.shell:Creating environment descriptor '/home/jonathan/rob_ws/install/diffdrive_arduino/share/diffdrive_arduino/hook/ld_library_path_lib.dsv'
[13.960s] INFO:colcon.colcon_core.shell:Creating environment hook '/home/jonathan/rob_ws/install/diffdrive_arduino/share/diffdrive_arduino/hook/ld_library_path_lib.sh'
[13.962s] Level 1:colcon.colcon_core.environment:checking '/home/jonathan/rob_ws/install/diffdrive_arduino/bin'
[13.962s] Level 1:colcon.colcon_core.environment:checking '/home/jonathan/rob_ws/install/diffdrive_arduino/lib/pkgconfig/diffdrive_arduino.pc'
[13.963s] Level 1:colcon.colcon_core.environment:checking '/home/jonathan/rob_ws/install/diffdrive_arduino/lib/python3.10/site-packages'
[13.963s] Level 1:colcon.colcon_core.environment:checking '/home/jonathan/rob_ws/install/diffdrive_arduino/bin'
[13.964s] INFO:colcon.colcon_core.shell:Creating package script '/home/jonathan/rob_ws/install/diffdrive_arduino/share/diffdrive_arduino/package.ps1'
[13.965s] INFO:colcon.colcon_core.shell:Creating package descriptor '/home/jonathan/rob_ws/install/diffdrive_arduino/share/diffdrive_arduino/package.dsv'
[13.966s] INFO:colcon.colcon_core.shell:Creating package script '/home/jonathan/rob_ws/install/diffdrive_arduino/share/diffdrive_arduino/package.sh'
[13.966s] INFO:colcon.colcon_core.shell:Creating package script '/home/jonathan/rob_ws/install/diffdrive_arduino/share/diffdrive_arduino/package.bash'
[13.967s] INFO:colcon.colcon_core.shell:Creating package script '/home/jonathan/rob_ws/install/diffdrive_arduino/share/diffdrive_arduino/package.zsh'
[13.967s] Level 1:colcon.colcon_core.environment:create_file_with_runtime_dependencies(/home/jonathan/rob_ws/install/diffdrive_arduino/share/colcon-core/packages/diffdrive_arduino)
[14.036s] Level 1:colcon.colcon_core.environment:create_environment_scripts_only(diffdrive_arduino)
[14.037s] Level 1:colcon.colcon_core.environment:checking '/home/jonathan/rob_ws/install/diffdrive_arduino' for CMake module files
[14.039s] Level 1:colcon.colcon_core.environment:checking '/home/jonathan/rob_ws/install/diffdrive_arduino' for CMake config files
[14.040s] Level 1:colcon.colcon_core.shell:create_environment_hook('diffdrive_arduino', 'cmake_prefix_path')
[14.041s] INFO:colcon.colcon_core.shell:Creating environment hook '/home/jonathan/rob_ws/install/diffdrive_arduino/share/diffdrive_arduino/hook/cmake_prefix_path.ps1'
[14.043s] INFO:colcon.colcon_core.shell:Creating environment descriptor '/home/jonathan/rob_ws/install/diffdrive_arduino/share/diffdrive_arduino/hook/cmake_prefix_path.dsv'
[14.044s] INFO:colcon.colcon_core.shell:Creating environment hook '/home/jonathan/rob_ws/install/diffdrive_arduino/share/diffdrive_arduino/hook/cmake_prefix_path.sh'
[14.045s] Level 1:colcon.colcon_core.environment:checking '/home/jonathan/rob_ws/install/diffdrive_arduino/lib'
[14.045s] Level 1:colcon.colcon_core.shell:create_environment_hook('diffdrive_arduino', 'ld_library_path_lib')
[14.045s] INFO:colcon.colcon_core.shell:Creating environment hook '/home/jonathan/rob_ws/install/diffdrive_arduino/share/diffdrive_arduino/hook/ld_library_path_lib.ps1'
[14.046s] INFO:colcon.colcon_core.shell:Creating environment descriptor '/home/jonathan/rob_ws/install/diffdrive_arduino/share/diffdrive_arduino/hook/ld_library_path_lib.dsv'
[14.047s] INFO:colcon.colcon_core.shell:Creating environment hook '/home/jonathan/rob_ws/install/diffdrive_arduino/share/diffdrive_arduino/hook/ld_library_path_lib.sh'
[14.047s] Level 1:colcon.colcon_core.environment:checking '/home/jonathan/rob_ws/install/diffdrive_arduino/bin'
[14.048s] Level 1:colcon.colcon_core.environment:checking '/home/jonathan/rob_ws/install/diffdrive_arduino/lib/pkgconfig/diffdrive_arduino.pc'
[14.048s] Level 1:colcon.colcon_core.environment:checking '/home/jonathan/rob_ws/install/diffdrive_arduino/lib/python3.10/site-packages'
[14.049s] Level 1:colcon.colcon_core.environment:checking '/home/jonathan/rob_ws/install/diffdrive_arduino/bin'
[14.049s] INFO:colcon.colcon_core.shell:Creating package script '/home/jonathan/rob_ws/install/diffdrive_arduino/share/diffdrive_arduino/package.ps1'
[14.051s] INFO:colcon.colcon_core.shell:Creating package descriptor '/home/jonathan/rob_ws/install/diffdrive_arduino/share/diffdrive_arduino/package.dsv'
[14.052s] INFO:colcon.colcon_core.shell:Creating package script '/home/jonathan/rob_ws/install/diffdrive_arduino/share/diffdrive_arduino/package.sh'
[14.053s] INFO:colcon.colcon_core.shell:Creating package script '/home/jonathan/rob_ws/install/diffdrive_arduino/share/diffdrive_arduino/package.bash'
[14.053s] INFO:colcon.colcon_core.shell:Creating package script '/home/jonathan/rob_ws/install/diffdrive_arduino/share/diffdrive_arduino/package.zsh'
[14.054s] Level 1:colcon.colcon_core.environment:create_file_with_runtime_dependencies(/home/jonathan/rob_ws/install/diffdrive_arduino/share/colcon-core/packages/diffdrive_arduino)
[14.055s] DEBUG:colcon.colcon_parallel_executor.executor.parallel:closing loop
[14.055s] DEBUG:colcon.colcon_parallel_executor.executor.parallel:loop closed
[14.055s] DEBUG:colcon.colcon_parallel_executor.executor.parallel:run_until_complete finished with '0'
[14.055s] DEBUG:colcon.colcon_core.event_reactor:joining thread
[14.072s] INFO:colcon.colcon_core.plugin_system:Skipping extension 'colcon_notification.desktop_notification.terminal_notifier': Not used on non-Darwin systems
[14.072s] INFO:colcon.colcon_core.plugin_system:Skipping extension 'colcon_notification.desktop_notification.win32': Not used on non-Windows systems
[14.072s] INFO:colcon.colcon_notification.desktop_notification:Sending desktop notification using 'notify2'
[14.126s] DEBUG:colcon.colcon_core.event_reactor:joined thread
[14.127s] INFO:colcon.colcon_core.shell:Creating prefix script '/home/jonathan/rob_ws/install/local_setup.ps1'
[14.130s] INFO:colcon.colcon_core.shell:Creating prefix util module '/home/jonathan/rob_ws/install/_local_setup_util_ps1.py'
[14.139s] INFO:colcon.colcon_core.shell:Creating prefix chain script '/home/jonathan/rob_ws/install/setup.ps1'
[14.143s] INFO:colcon.colcon_core.shell:Creating prefix script '/home/jonathan/rob_ws/install/local_setup.sh'
[14.145s] INFO:colcon.colcon_core.shell:Creating prefix util module '/home/jonathan/rob_ws/install/_local_setup_util_sh.py'
[14.146s] INFO:colcon.colcon_core.shell:Creating prefix chain script '/home/jonathan/rob_ws/install/setup.sh'
[14.150s] INFO:colcon.colcon_core.shell:Creating prefix script '/home/jonathan/rob_ws/install/local_setup.bash'
[14.152s] INFO:colcon.colcon_core.shell:Creating prefix chain script '/home/jonathan/rob_ws/install/setup.bash'
[14.156s] INFO:colcon.colcon_core.shell:Creating prefix script '/home/jonathan/rob_ws/install/local_setup.zsh'
[14.159s] INFO:colcon.colcon_core.shell:Creating prefix chain script '/home/jonathan/rob_ws/install/setup.zsh'
