[0.019s] Invoking command in '/home/jonathan/rob_ws/build/diffdrive_arduino': AMENT_PREFIX_PATH=/home/jonathan/rob_ws/install/serial:${AMENT_PREFIX_PATH} CMAKE_PREFIX_PATH=/home/jonathan/rob_ws/install/serial:/opt/ros/humble LD_LIBRARY_PATH=/home/jonathan/rob_ws/install/serial/lib:${LD_LIBRARY_PATH} /usr/bin/cmake --build /home/jonathan/rob_ws/build/diffdrive_arduino -- -j2 -l2
[0.140s] [35m[1mConsolidate compiler generated dependencies of target diffdrive_arduino[0m
[0.194s] [ 42%] Built target fake_robot
[0.196s] [100%] Built target diffdrive_arduino
[0.210s] Invoked command in '/home/jonathan/rob_ws/build/diffdrive_arduino' returned '0': AMENT_PREFIX_PATH=/home/jonathan/rob_ws/install/serial:${AMENT_PREFIX_PATH} CMAKE_PREFIX_PATH=/home/jonathan/rob_ws/install/serial:/opt/ros/humble LD_LIBRARY_PATH=/home/jonathan/rob_ws/install/serial/lib:${LD_LIBRARY_PATH} /usr/bin/cmake --build /home/jonathan/rob_ws/build/diffdrive_arduino -- -j2 -l2
[0.256s] Invoking command in '/home/jonathan/rob_ws/build/diffdrive_arduino': AMENT_PREFIX_PATH=/home/jonathan/rob_ws/install/serial:${AMENT_PREFIX_PATH} CMAKE_PREFIX_PATH=/home/jonathan/rob_ws/install/serial:/opt/ros/humble LD_LIBRARY_PATH=/home/jonathan/rob_ws/install/serial/lib:${LD_LIBRARY_PATH} /usr/bin/cmake --install /home/jonathan/rob_ws/build/diffdrive_arduino
[0.269s] -- Install configuration: ""
[0.270s] -- Execute custom install script
[0.270s] -- Up-to-date symlink: /home/jonathan/rob_ws/install/diffdrive_arduino/share/diffdrive_arduino//robot_hardware.xml
[0.271s] -- Up-to-date symlink: /home/jonathan/rob_ws/install/diffdrive_arduino/share/diffdrive_arduino//fake_robot_hardware.xml
[0.271s] -- Up-to-date symlink: /home/jonathan/rob_ws/install/diffdrive_arduino/lib/libdiffdrive_arduino.so
[0.274s] -- Up-to-date symlink: /home/jonathan/rob_ws/install/diffdrive_arduino/lib/libfake_robot.so
[0.274s] -- Up-to-date symlink: /home/jonathan/rob_ws/install/diffdrive_arduino/share/diffdrive_arduino/controllers/robot_controller_example.yaml
[0.274s] -- Up-to-date symlink: /home/jonathan/rob_ws/install/diffdrive_arduino/share/diffdrive_arduino/fake_robot.launch.py
[0.274s] -- Up-to-date symlink: /home/jonathan/rob_ws/install/diffdrive_arduino/share/diffdrive_arduino/test_robot.launch.py
[0.274s] -- Up-to-date symlink: /home/jonathan/rob_ws/install/diffdrive_arduino/share/diffdrive_arduino/environment/library_path.sh
[0.276s] -- Up-to-date symlink: /home/jonathan/rob_ws/install/diffdrive_arduino/share/diffdrive_arduino/environment/library_path.dsv
[0.277s] -- Up-to-date symlink: /home/jonathan/rob_ws/install/diffdrive_arduino/share/ament_index/resource_index/package_run_dependencies/diffdrive_arduino
[0.277s] -- Up-to-date symlink: /home/jonathan/rob_ws/install/diffdrive_arduino/share/ament_index/resource_index/parent_prefix_path/diffdrive_arduino
[0.277s] -- Up-to-date symlink: /home/jonathan/rob_ws/install/diffdrive_arduino/share/diffdrive_arduino/environment/ament_prefix_path.sh
[0.277s] -- Up-to-date symlink: /home/jonathan/rob_ws/install/diffdrive_arduino/share/diffdrive_arduino/environment/ament_prefix_path.dsv
[0.279s] -- Up-to-date symlink: /home/jonathan/rob_ws/install/diffdrive_arduino/share/diffdrive_arduino/environment/path.sh
[0.279s] -- Up-to-date symlink: /home/jonathan/rob_ws/install/diffdrive_arduino/share/diffdrive_arduino/environment/path.dsv
[0.279s] -- Up-to-date symlink: /home/jonathan/rob_ws/install/diffdrive_arduino/share/diffdrive_arduino/local_setup.bash
[0.279s] -- Up-to-date symlink: /home/jonathan/rob_ws/install/diffdrive_arduino/share/diffdrive_arduino/local_setup.sh
[0.280s] -- Up-to-date symlink: /home/jonathan/rob_ws/install/diffdrive_arduino/share/diffdrive_arduino/local_setup.zsh
[0.280s] -- Up-to-date symlink: /home/jonathan/rob_ws/install/diffdrive_arduino/share/diffdrive_arduino/local_setup.dsv
[0.280s] -- Symlinking: /home/jonathan/rob_ws/install/diffdrive_arduino/share/diffdrive_arduino/package.dsv
[0.288s] -- Up-to-date symlink: /home/jonathan/rob_ws/install/diffdrive_arduino/share/ament_index/resource_index/packages/diffdrive_arduino
[0.290s] -- Up-to-date symlink: /home/jonathan/rob_ws/install/diffdrive_arduino/share/ament_index/resource_index/hardware_interface__pluginlib__plugin/diffdrive_arduino
[0.290s] -- Up-to-date symlink: /home/jonathan/rob_ws/install/diffdrive_arduino/share/diffdrive_arduino/cmake/ament_cmake_export_libraries-extras.cmake
[0.290s] -- Up-to-date symlink: /home/jonathan/rob_ws/install/diffdrive_arduino/share/diffdrive_arduino/cmake/ament_cmake_export_dependencies-extras.cmake
[0.291s] -- Up-to-date symlink: /home/jonathan/rob_ws/install/diffdrive_arduino/share/diffdrive_arduino/cmake/diffdrive_arduinoConfig.cmake
[0.291s] -- Up-to-date symlink: /home/jonathan/rob_ws/install/diffdrive_arduino/share/diffdrive_arduino/cmake/diffdrive_arduinoConfig-version.cmake
[0.291s] -- Up-to-date symlink: /home/jonathan/rob_ws/install/diffdrive_arduino/share/diffdrive_arduino/package.xml
[0.294s] Invoked command in '/home/jonathan/rob_ws/build/diffdrive_arduino' returned '0': AMENT_PREFIX_PATH=/home/jonathan/rob_ws/install/serial:${AMENT_PREFIX_PATH} CMAKE_PREFIX_PATH=/home/jonathan/rob_ws/install/serial:/opt/ros/humble LD_LIBRARY_PATH=/home/jonathan/rob_ws/install/serial/lib:${LD_LIBRARY_PATH} /usr/bin/cmake --install /home/jonathan/rob_ws/build/diffdrive_arduino
