[0.022s] Invoking command in '/home/jonathan/rob_ws/build/serial': CMAKE_PREFIX_PATH=/opt/ros/humble /usr/bin/cmake --build /home/jonathan/rob_ws/build/serial -- -j2 -l2
[0.083s] -- Found ament_cmake: 1.3.10 (/opt/ros/humble/share/ament_cmake/cmake)
[0.302s] -- Override CMake install command with custom implementation using symlinks instead of copying resources
[0.319s] -- Found ament_cmake_gtest: 1.3.10 (/opt/ros/humble/share/ament_cmake_gtest/cmake)
[0.327s] -- Found gtest sources under '/opt/ros/humble/src/gtest_vendor': C++ tests using 'Google Test' will be built
[0.460s] -- Configuring done
[0.486s] -- Generating done
[0.490s] -- Build files have been written to: /home/jonathan/rob_ws/build/serial
[0.543s] [  7%] [32mBuilding CXX object CMakeFiles/serial.dir/src/serial.cc.o[0m
[0.545s] [ 14%] [32mBuilding CXX object gtest/CMakeFiles/gtest.dir/src/gtest-all.cc.o[0m
[1.460s] [ 21%] [32mBuilding CXX object CMakeFiles/serial.dir/src/impl/unix.cc.o[0m
[2.341s] [ 28%] [32mBuilding CXX object CMakeFiles/serial.dir/src/impl/list_ports/list_ports_linux.cc.o[0m
[3.391s] [ 35%] [32m[1mLinking CXX static library libserial.a[0m
[3.476s] [ 35%] Built target serial
[3.521s] [ 42%] [32mBuilding CXX object gtest/CMakeFiles/gtest_main.dir/src/gtest_main.cc.o[0m
[6.114s] [ 50%] [32m[1mLinking CXX static library libgtest_main.a[0m
[6.175s] [ 50%] Built target gtest_main
[6.213s] [ 57%] [32mBuilding CXX object CMakeFiles/serial_example.dir/examples/serial_example.cc.o[0m
[6.962s] [ 64%] [32m[1mLinking CXX executable serial_example[0m
[7.166s] [ 64%] Built target serial_example
[8.177s] [ 71%] [32m[1mLinking CXX static library libgtest.a[0m
[8.281s] [ 71%] Built target gtest
[8.315s] [ 85%] [32mBuilding CXX object tests/CMakeFiles/serial-test.dir/unix_serial_tests.cc.o[0m
[8.320s] [ 85%] [32mBuilding CXX object tests/CMakeFiles/serial-test-timer.dir/unit/unix_timer_tests.cc.o[0m
[10.483s] In file included from [01m[K/usr/include/boost/bind.hpp:30[m[K,
[10.484s]                  from [01m[K/home/jonathan/rob_ws/src/serial/tests/unix_serial_tests.cc:23[m[K:
[10.484s] [01m[K/usr/include/boost/bind.hpp:36:1:[m[K [01;36m[Knote: [m[K‘[01m[K#pragma message: The practice of declaring the Bind placeholders (_1, _2, ...) in the global namespace is deprecated. Please use <boost/bind/bind.hpp> + using namespace boost::placeholders, or define BOOST_BIND_GLOBAL_PLACEHOLDERS to retain the current behavior.[m[K’
[10.484s]    36 | [01;36m[KBOOST_PRAGMA_MESSAGE[m[K(
[10.484s]       | [01;36m[K^~~~~~~~~~~~~~~~~~~~[m[K
[10.821s] [ 92%] [32m[1mLinking CXX executable serial-test-timer[0m
[11.124s] [100%] [32m[1mLinking CXX executable serial-test[0m
[11.233s] [100%] Built target serial-test-timer
[11.863s] [100%] Built target serial-test
[11.898s] Invoked command in '/home/jonathan/rob_ws/build/serial' returned '0': CMAKE_PREFIX_PATH=/opt/ros/humble /usr/bin/cmake --build /home/jonathan/rob_ws/build/serial -- -j2 -l2
[12.062s] Invoking command in '/home/jonathan/rob_ws/build/serial': CMAKE_PREFIX_PATH=/opt/ros/humble /usr/bin/cmake --install /home/jonathan/rob_ws/build/serial
[12.098s] -- Install configuration: ""
[12.099s] -- Execute custom install script
[12.106s] -- Symlinking: /home/jonathan/rob_ws/install/serial/lib/libserial.a
[12.137s] -- Symlinking: /home/jonathan/rob_ws/install/serial/include/serial/serial.h
[12.171s] -- Symlinking: /home/jonathan/rob_ws/install/serial/include/serial/v8stdint.h
[12.205s] -- Symlinking: /home/jonathan/rob_ws/install/serial/share/serial/environment/library_path.sh
[12.249s] -- Symlinking: /home/jonathan/rob_ws/install/serial/share/serial/environment/library_path.dsv
[12.287s] -- Symlinking: /home/jonathan/rob_ws/install/serial/share/ament_index/resource_index/package_run_dependencies/serial
[12.326s] -- Symlinking: /home/jonathan/rob_ws/install/serial/share/ament_index/resource_index/parent_prefix_path/serial
[12.354s] -- Symlinking: /home/jonathan/rob_ws/install/serial/share/serial/environment/ament_prefix_path.sh
[12.387s] -- Symlinking: /home/jonathan/rob_ws/install/serial/share/serial/environment/ament_prefix_path.dsv
[12.426s] -- Symlinking: /home/jonathan/rob_ws/install/serial/share/serial/environment/path.sh
[12.483s] -- Symlinking: /home/jonathan/rob_ws/install/serial/share/serial/environment/path.dsv
[12.530s] -- Symlinking: /home/jonathan/rob_ws/install/serial/share/serial/local_setup.bash
[12.569s] -- Symlinking: /home/jonathan/rob_ws/install/serial/share/serial/local_setup.sh
[12.599s] -- Symlinking: /home/jonathan/rob_ws/install/serial/share/serial/local_setup.zsh
[12.629s] -- Symlinking: /home/jonathan/rob_ws/install/serial/share/serial/local_setup.dsv
[12.680s] -- Symlinking: /home/jonathan/rob_ws/install/serial/share/serial/package.dsv
[12.727s] -- Symlinking: /home/jonathan/rob_ws/install/serial/share/ament_index/resource_index/packages/serial
[12.765s] -- Symlinking: /home/jonathan/rob_ws/install/serial/share/serial/cmake/ament_cmake_export_include_directories-extras.cmake
[12.800s] -- Symlinking: /home/jonathan/rob_ws/install/serial/share/serial/cmake/ament_cmake_export_libraries-extras.cmake
[12.857s] -- Symlinking: /home/jonathan/rob_ws/install/serial/share/serial/cmake/serialConfig.cmake
[12.896s] -- Symlinking: /home/jonathan/rob_ws/install/serial/share/serial/cmake/serialConfig-version.cmake
[12.933s] -- Symlinking: /home/jonathan/rob_ws/install/serial/share/serial/package.xml
[12.993s] Invoked command in '/home/jonathan/rob_ws/build/serial' returned '0': CMAKE_PREFIX_PATH=/opt/ros/humble /usr/bin/cmake --install /home/jonathan/rob_ws/build/serial
