[0.177s] DEBUG:colcon:Command line arguments: ['/usr/bin/colcon', 'build', '--symlink-install']
[0.177s] DEBUG:colcon:Parsed command line arguments: Namespace(log_base=None, log_level=None, verb_name='build', build_base='build', install_base='install', merge_install=False, symlink_install=True, test_result_base=None, continue_on_error=False, executor='parallel', parallel_workers=2, event_handlers=None, ignore_user_meta=False, metas=['./colcon.meta'], base_paths=['.'], packages_ignore=None, packages_ignore_regex=None, paths=None, packages_up_to=None, packages_up_to_regex=None, packages_above=None, packages_above_and_dependencies=None, packages_above_depth=None, packages_select_by_dep=None, packages_skip_by_dep=None, packages_skip_up_to=None, packages_select_build_failed=False, packages_skip_build_finished=False, packages_select_test_failures=False, packages_skip_test_passed=False, packages_select=None, packages_skip=None, packages_select_regex=None, packages_skip_regex=None, packages_start=None, packages_end=None, allow_overriding=[], cmake_args=None, cmake_target=None, cmake_target_skip_unavailable=False, cmake_clean_cache=False, cmake_clean_first=False, cmake_force_configure=False, ament_cmake_args=None, catkin_cmake_args=None, catkin_skip_building_tests=False, verb_parser=<colcon_defaults.argument_parser.defaults.DefaultArgumentsDecorator object at 0x77933c9fff70>, verb_extension=<colcon_core.verb.build.BuildVerb object at 0x77933c9ffaf0>, main=<bound method BuildVerb.main of <colcon_core.verb.build.BuildVerb object at 0x77933c9ffaf0>>)
[0.432s] Level 1:colcon.colcon_core.package_discovery:discover_packages(colcon_meta) check parameters
[0.432s] Level 1:colcon.colcon_core.package_discovery:discover_packages(recursive) check parameters
[0.432s] Level 1:colcon.colcon_core.package_discovery:discover_packages(ignore) check parameters
[0.432s] Level 1:colcon.colcon_core.package_discovery:discover_packages(path) check parameters
[0.432s] Level 1:colcon.colcon_core.package_discovery:discover_packages(colcon_meta) discover
[0.432s] Level 1:colcon.colcon_core.package_discovery:discover_packages(recursive) discover
[0.433s] INFO:colcon.colcon_core.package_discovery:Crawling recursively for packages in '/home/jonathan/rob_ws'
[0.433s] Level 1:colcon.colcon_core.package_identification:_identify(.) by extensions ['ignore', 'ignore_ament_install']
[0.433s] Level 1:colcon.colcon_core.package_identification:_identify(.) by extension 'ignore'
[0.433s] Level 1:colcon.colcon_core.package_identification:_identify(.) by extension 'ignore_ament_install'
[0.433s] Level 1:colcon.colcon_core.package_identification:_identify(.) by extensions ['colcon_pkg']
[0.433s] Level 1:colcon.colcon_core.package_identification:_identify(.) by extension 'colcon_pkg'
[0.433s] Level 1:colcon.colcon_core.package_identification:_identify(.) by extensions ['colcon_meta']
[0.433s] Level 1:colcon.colcon_core.package_identification:_identify(.) by extension 'colcon_meta'
[0.433s] Level 1:colcon.colcon_core.package_identification:_identify(.) by extensions ['ros']
[0.433s] Level 1:colcon.colcon_core.package_identification:_identify(.) by extension 'ros'
[0.451s] Level 1:colcon.colcon_core.package_identification:_identify(.) by extensions ['cmake', 'python']
[0.451s] Level 1:colcon.colcon_core.package_identification:_identify(.) by extension 'cmake'
[0.451s] Level 1:colcon.colcon_core.package_identification:_identify(.) by extension 'python'
[0.451s] Level 1:colcon.colcon_core.package_identification:_identify(.) by extensions ['python_setup_py']
[0.451s] Level 1:colcon.colcon_core.package_identification:_identify(.) by extension 'python_setup_py'
[0.452s] Level 1:colcon.colcon_core.package_identification:_identify(build) by extensions ['ignore', 'ignore_ament_install']
[0.452s] Level 1:colcon.colcon_core.package_identification:_identify(build) by extension 'ignore'
[0.452s] Level 1:colcon.colcon_core.package_identification:_identify(build) ignored
[0.452s] Level 1:colcon.colcon_core.package_identification:_identify(install) by extensions ['ignore', 'ignore_ament_install']
[0.452s] Level 1:colcon.colcon_core.package_identification:_identify(install) by extension 'ignore'
[0.452s] Level 1:colcon.colcon_core.package_identification:_identify(install) ignored
[0.453s] Level 1:colcon.colcon_core.package_identification:_identify(log) by extensions ['ignore', 'ignore_ament_install']
[0.453s] Level 1:colcon.colcon_core.package_identification:_identify(log) by extension 'ignore'
[0.453s] Level 1:colcon.colcon_core.package_identification:_identify(log) ignored
[0.453s] Level 1:colcon.colcon_core.package_identification:_identify(src) by extensions ['ignore', 'ignore_ament_install']
[0.453s] Level 1:colcon.colcon_core.package_identification:_identify(src) by extension 'ignore'
[0.453s] Level 1:colcon.colcon_core.package_identification:_identify(src) by extension 'ignore_ament_install'
[0.453s] Level 1:colcon.colcon_core.package_identification:_identify(src) by extensions ['colcon_pkg']
[0.453s] Level 1:colcon.colcon_core.package_identification:_identify(src) by extension 'colcon_pkg'
[0.453s] Level 1:colcon.colcon_core.package_identification:_identify(src) by extensions ['colcon_meta']
[0.453s] Level 1:colcon.colcon_core.package_identification:_identify(src) by extension 'colcon_meta'
[0.453s] Level 1:colcon.colcon_core.package_identification:_identify(src) by extensions ['ros']
[0.453s] Level 1:colcon.colcon_core.package_identification:_identify(src) by extension 'ros'
[0.453s] Level 1:colcon.colcon_core.package_identification:_identify(src) by extensions ['cmake', 'python']
[0.453s] Level 1:colcon.colcon_core.package_identification:_identify(src) by extension 'cmake'
[0.454s] Level 1:colcon.colcon_core.package_identification:_identify(src) by extension 'python'
[0.454s] Level 1:colcon.colcon_core.package_identification:_identify(src) by extensions ['python_setup_py']
[0.454s] Level 1:colcon.colcon_core.package_identification:_identify(src) by extension 'python_setup_py'
[0.454s] Level 1:colcon.colcon_core.package_identification:_identify(src/articubot_one) by extensions ['ignore', 'ignore_ament_install']
[0.454s] Level 1:colcon.colcon_core.package_identification:_identify(src/articubot_one) by extension 'ignore'
[0.454s] Level 1:colcon.colcon_core.package_identification:_identify(src/articubot_one) by extension 'ignore_ament_install'
[0.454s] Level 1:colcon.colcon_core.package_identification:_identify(src/articubot_one) by extensions ['colcon_pkg']
[0.454s] Level 1:colcon.colcon_core.package_identification:_identify(src/articubot_one) by extension 'colcon_pkg'
[0.454s] Level 1:colcon.colcon_core.package_identification:_identify(src/articubot_one) by extensions ['colcon_meta']
[0.454s] Level 1:colcon.colcon_core.package_identification:_identify(src/articubot_one) by extension 'colcon_meta'
[0.454s] Level 1:colcon.colcon_core.package_identification:_identify(src/articubot_one) by extensions ['ros']
[0.454s] Level 1:colcon.colcon_core.package_identification:_identify(src/articubot_one) by extension 'ros'
[0.458s] DEBUG:colcon.colcon_core.package_identification:Package 'src/articubot_one' with type 'ros.ament_cmake' and name 'articubot_one'
[0.458s] Level 1:colcon.colcon_core.package_identification:_identify(src/diffdrive_arduino) by extensions ['ignore', 'ignore_ament_install']
[0.458s] Level 1:colcon.colcon_core.package_identification:_identify(src/diffdrive_arduino) by extension 'ignore'
[0.458s] Level 1:colcon.colcon_core.package_identification:_identify(src/diffdrive_arduino) by extension 'ignore_ament_install'
[0.458s] Level 1:colcon.colcon_core.package_identification:_identify(src/diffdrive_arduino) by extensions ['colcon_pkg']
[0.458s] Level 1:colcon.colcon_core.package_identification:_identify(src/diffdrive_arduino) by extension 'colcon_pkg'
[0.458s] Level 1:colcon.colcon_core.package_identification:_identify(src/diffdrive_arduino) by extensions ['colcon_meta']
[0.458s] Level 1:colcon.colcon_core.package_identification:_identify(src/diffdrive_arduino) by extension 'colcon_meta'
[0.459s] Level 1:colcon.colcon_core.package_identification:_identify(src/diffdrive_arduino) by extensions ['ros']
[0.459s] Level 1:colcon.colcon_core.package_identification:_identify(src/diffdrive_arduino) by extension 'ros'
[0.460s] DEBUG:colcon.colcon_core.package_identification:Package 'src/diffdrive_arduino' with type 'ros.ament_cmake' and name 'diffdrive_arduino'
[0.460s] Level 1:colcon.colcon_core.package_identification:_identify(src/serial) by extensions ['ignore', 'ignore_ament_install']
[0.461s] Level 1:colcon.colcon_core.package_identification:_identify(src/serial) by extension 'ignore'
[0.461s] Level 1:colcon.colcon_core.package_identification:_identify(src/serial) by extension 'ignore_ament_install'
[0.461s] Level 1:colcon.colcon_core.package_identification:_identify(src/serial) by extensions ['colcon_pkg']
[0.461s] Level 1:colcon.colcon_core.package_identification:_identify(src/serial) by extension 'colcon_pkg'
[0.461s] Level 1:colcon.colcon_core.package_identification:_identify(src/serial) by extensions ['colcon_meta']
[0.461s] Level 1:colcon.colcon_core.package_identification:_identify(src/serial) by extension 'colcon_meta'
[0.461s] Level 1:colcon.colcon_core.package_identification:_identify(src/serial) by extensions ['ros']
[0.461s] Level 1:colcon.colcon_core.package_identification:_identify(src/serial) by extension 'ros'
[0.462s] DEBUG:colcon.colcon_core.package_identification:Package 'src/serial' with type 'ros.ament_cmake' and name 'serial'
[0.462s] Level 1:colcon.colcon_core.package_discovery:discover_packages(recursive) using defaults
[0.462s] Level 1:colcon.colcon_core.package_discovery:discover_packages(ignore) discover
[0.462s] Level 1:colcon.colcon_core.package_discovery:discover_packages(ignore) using defaults
[0.462s] Level 1:colcon.colcon_core.package_discovery:discover_packages(path) discover
[0.462s] Level 1:colcon.colcon_core.package_discovery:discover_packages(path) using defaults
[0.493s] Level 1:colcon.colcon_core.package_discovery:discover_packages(prefix_path) check parameters
[0.493s] Level 1:colcon.colcon_core.package_discovery:discover_packages(prefix_path) discover
[0.497s] DEBUG:colcon.colcon_installed_package_information.package_discovery:Found 322 installed packages in /opt/ros/humble
[0.501s] Level 1:colcon.colcon_core.package_discovery:discover_packages(prefix_path) using defaults
[0.605s] Level 5:colcon.colcon_core.verb:set package 'articubot_one' build argument 'cmake_args' from command line to 'None'
[0.605s] Level 5:colcon.colcon_core.verb:set package 'articubot_one' build argument 'cmake_target' from command line to 'None'
[0.605s] Level 5:colcon.colcon_core.verb:set package 'articubot_one' build argument 'cmake_target_skip_unavailable' from command line to 'False'
[0.605s] Level 5:colcon.colcon_core.verb:set package 'articubot_one' build argument 'cmake_clean_cache' from command line to 'False'
[0.605s] Level 5:colcon.colcon_core.verb:set package 'articubot_one' build argument 'cmake_clean_first' from command line to 'False'
[0.605s] Level 5:colcon.colcon_core.verb:set package 'articubot_one' build argument 'cmake_force_configure' from command line to 'False'
[0.606s] Level 5:colcon.colcon_core.verb:set package 'articubot_one' build argument 'ament_cmake_args' from command line to 'None'
[0.606s] Level 5:colcon.colcon_core.verb:set package 'articubot_one' build argument 'catkin_cmake_args' from command line to 'None'
[0.606s] Level 5:colcon.colcon_core.verb:set package 'articubot_one' build argument 'catkin_skip_building_tests' from command line to 'False'
[0.606s] DEBUG:colcon.colcon_core.verb:Building package 'articubot_one' with the following arguments: {'ament_cmake_args': None, 'build_base': '/home/jonathan/rob_ws/build/articubot_one', 'catkin_cmake_args': None, 'catkin_skip_building_tests': False, 'cmake_args': None, 'cmake_clean_cache': False, 'cmake_clean_first': False, 'cmake_force_configure': False, 'cmake_target': None, 'cmake_target_skip_unavailable': False, 'install_base': '/home/jonathan/rob_ws/install/articubot_one', 'merge_install': False, 'path': '/home/jonathan/rob_ws/src/articubot_one', 'symlink_install': True, 'test_result_base': None}
[0.606s] Level 5:colcon.colcon_core.verb:set package 'serial' build argument 'cmake_args' from command line to 'None'
[0.606s] Level 5:colcon.colcon_core.verb:set package 'serial' build argument 'cmake_target' from command line to 'None'
[0.606s] Level 5:colcon.colcon_core.verb:set package 'serial' build argument 'cmake_target_skip_unavailable' from command line to 'False'
[0.606s] Level 5:colcon.colcon_core.verb:set package 'serial' build argument 'cmake_clean_cache' from command line to 'False'
[0.607s] Level 5:colcon.colcon_core.verb:set package 'serial' build argument 'cmake_clean_first' from command line to 'False'
[0.607s] Level 5:colcon.colcon_core.verb:set package 'serial' build argument 'cmake_force_configure' from command line to 'False'
[0.607s] Level 5:colcon.colcon_core.verb:set package 'serial' build argument 'ament_cmake_args' from command line to 'None'
[0.607s] Level 5:colcon.colcon_core.verb:set package 'serial' build argument 'catkin_cmake_args' from command line to 'None'
[0.607s] Level 5:colcon.colcon_core.verb:set package 'serial' build argument 'catkin_skip_building_tests' from command line to 'False'
[0.607s] DEBUG:colcon.colcon_core.verb:Building package 'serial' with the following arguments: {'ament_cmake_args': None, 'build_base': '/home/jonathan/rob_ws/build/serial', 'catkin_cmake_args': None, 'catkin_skip_building_tests': False, 'cmake_args': None, 'cmake_clean_cache': False, 'cmake_clean_first': False, 'cmake_force_configure': False, 'cmake_target': None, 'cmake_target_skip_unavailable': False, 'install_base': '/home/jonathan/rob_ws/install/serial', 'merge_install': False, 'path': '/home/jonathan/rob_ws/src/serial', 'symlink_install': True, 'test_result_base': None}
[0.607s] Level 5:colcon.colcon_core.verb:set package 'diffdrive_arduino' build argument 'cmake_args' from command line to 'None'
[0.607s] Level 5:colcon.colcon_core.verb:set package 'diffdrive_arduino' build argument 'cmake_target' from command line to 'None'
[0.608s] Level 5:colcon.colcon_core.verb:set package 'diffdrive_arduino' build argument 'cmake_target_skip_unavailable' from command line to 'False'
[0.608s] Level 5:colcon.colcon_core.verb:set package 'diffdrive_arduino' build argument 'cmake_clean_cache' from command line to 'False'
[0.608s] Level 5:colcon.colcon_core.verb:set package 'diffdrive_arduino' build argument 'cmake_clean_first' from command line to 'False'
[0.608s] Level 5:colcon.colcon_core.verb:set package 'diffdrive_arduino' build argument 'cmake_force_configure' from command line to 'False'
[0.608s] Level 5:colcon.colcon_core.verb:set package 'diffdrive_arduino' build argument 'ament_cmake_args' from command line to 'None'
[0.608s] Level 5:colcon.colcon_core.verb:set package 'diffdrive_arduino' build argument 'catkin_cmake_args' from command line to 'None'
[0.608s] Level 5:colcon.colcon_core.verb:set package 'diffdrive_arduino' build argument 'catkin_skip_building_tests' from command line to 'False'
[0.608s] DEBUG:colcon.colcon_core.verb:Building package 'diffdrive_arduino' with the following arguments: {'ament_cmake_args': None, 'build_base': '/home/jonathan/rob_ws/build/diffdrive_arduino', 'catkin_cmake_args': None, 'catkin_skip_building_tests': False, 'cmake_args': None, 'cmake_clean_cache': False, 'cmake_clean_first': False, 'cmake_force_configure': False, 'cmake_target': None, 'cmake_target_skip_unavailable': False, 'install_base': '/home/jonathan/rob_ws/install/diffdrive_arduino', 'merge_install': False, 'path': '/home/jonathan/rob_ws/src/diffdrive_arduino', 'symlink_install': True, 'test_result_base': None}
[0.608s] INFO:colcon.colcon_core.executor:Executing jobs using 'parallel' executor
[0.609s] DEBUG:colcon.colcon_parallel_executor.executor.parallel:run_until_complete
[0.610s] INFO:colcon.colcon_ros.task.ament_cmake.build:Building ROS package in '/home/jonathan/rob_ws/src/serial' with build type 'ament_cmake'
[0.610s] INFO:colcon.colcon_cmake.task.cmake.build:Building CMake package in '/home/jonathan/rob_ws/src/serial'
[0.613s] INFO:colcon.colcon_core.plugin_system:Skipping extension 'colcon_core.shell.bat': Not used on non-Windows systems
[0.613s] INFO:colcon.colcon_core.shell:Skip shell extension 'powershell' for command environment: Not usable outside of PowerShell
[0.613s] DEBUG:colcon.colcon_core.shell:Skip shell extension 'dsv' for command environment
[0.620s] INFO:colcon.colcon_ros.task.ament_cmake.build:Building ROS package in '/home/jonathan/rob_ws/src/articubot_one' with build type 'ament_cmake'
[0.620s] INFO:colcon.colcon_cmake.task.cmake.build:Building CMake package in '/home/jonathan/rob_ws/src/articubot_one'
[0.621s] INFO:colcon.colcon_core.shell:Skip shell extension 'powershell' for command environment: Not usable outside of PowerShell
[0.621s] DEBUG:colcon.colcon_core.shell:Skip shell extension 'dsv' for command environment
[0.633s] DEBUG:colcon.colcon_core.event_handler.log_command:Invoking command in '/home/jonathan/rob_ws/build/serial': CMAKE_PREFIX_PATH=/opt/ros/humble /usr/bin/cmake --build /home/jonathan/rob_ws/build/serial -- -j2 -l2
[0.647s] DEBUG:colcon.colcon_core.event_handler.log_command:Invoking command in '/home/jonathan/rob_ws/build/articubot_one': CMAKE_PREFIX_PATH=/opt/ros/humble /usr/bin/cmake --build /home/jonathan/rob_ws/build/articubot_one -- -j2 -l2
[0.709s] DEBUG:colcon.colcon_core.event_handler.log_command:Invoked command in '/home/jonathan/rob_ws/build/articubot_one' returned '0': CMAKE_PREFIX_PATH=/opt/ros/humble /usr/bin/cmake --build /home/jonathan/rob_ws/build/articubot_one -- -j2 -l2
[0.782s] DEBUG:colcon.colcon_core.event_handler.log_command:Invoking command in '/home/jonathan/rob_ws/build/articubot_one': CMAKE_PREFIX_PATH=/opt/ros/humble /usr/bin/cmake --install /home/jonathan/rob_ws/build/articubot_one
[0.830s] Level 1:colcon.colcon_core.environment:create_environment_scripts_only(articubot_one)
[0.831s] DEBUG:colcon.colcon_core.event_handler.log_command:Invoked command in '/home/jonathan/rob_ws/build/articubot_one' returned '0': CMAKE_PREFIX_PATH=/opt/ros/humble /usr/bin/cmake --install /home/jonathan/rob_ws/build/articubot_one
[0.833s] Level 1:colcon.colcon_core.environment:checking '/home/jonathan/rob_ws/install/articubot_one' for CMake module files
[0.834s] Level 1:colcon.colcon_core.environment:checking '/home/jonathan/rob_ws/install/articubot_one' for CMake config files
[0.835s] Level 1:colcon.colcon_core.shell:create_environment_hook('articubot_one', 'cmake_prefix_path')
[0.835s] INFO:colcon.colcon_core.shell:Creating environment hook '/home/jonathan/rob_ws/install/articubot_one/share/articubot_one/hook/cmake_prefix_path.ps1'
[0.836s] INFO:colcon.colcon_core.shell:Creating environment descriptor '/home/jonathan/rob_ws/install/articubot_one/share/articubot_one/hook/cmake_prefix_path.dsv'
[0.837s] INFO:colcon.colcon_core.shell:Creating environment hook '/home/jonathan/rob_ws/install/articubot_one/share/articubot_one/hook/cmake_prefix_path.sh'
[0.838s] Level 1:colcon.colcon_core.environment:checking '/home/jonathan/rob_ws/install/articubot_one/bin'
[0.839s] Level 1:colcon.colcon_core.environment:checking '/home/jonathan/rob_ws/install/articubot_one/lib/pkgconfig/articubot_one.pc'
[0.839s] Level 1:colcon.colcon_core.environment:checking '/home/jonathan/rob_ws/install/articubot_one/lib/python3.10/site-packages'
[0.839s] Level 1:colcon.colcon_core.environment:checking '/home/jonathan/rob_ws/install/articubot_one/bin'
[0.840s] INFO:colcon.colcon_core.shell:Creating package script '/home/jonathan/rob_ws/install/articubot_one/share/articubot_one/package.ps1'
[0.845s] INFO:colcon.colcon_core.shell:Creating package descriptor '/home/jonathan/rob_ws/install/articubot_one/share/articubot_one/package.dsv'
[0.848s] INFO:colcon.colcon_core.shell:Creating package script '/home/jonathan/rob_ws/install/articubot_one/share/articubot_one/package.sh'
[0.849s] INFO:colcon.colcon_core.shell:Creating package script '/home/jonathan/rob_ws/install/articubot_one/share/articubot_one/package.bash'
[0.851s] INFO:colcon.colcon_core.shell:Creating package script '/home/jonathan/rob_ws/install/articubot_one/share/articubot_one/package.zsh'
[0.852s] Level 1:colcon.colcon_core.environment:create_file_with_runtime_dependencies(/home/jonathan/rob_ws/install/articubot_one/share/colcon-core/packages/articubot_one)
[0.887s] Level 1:colcon.colcon_core.environment:create_environment_scripts_only(articubot_one)
[0.888s] Level 1:colcon.colcon_core.environment:checking '/home/jonathan/rob_ws/install/articubot_one' for CMake module files
[0.889s] Level 1:colcon.colcon_core.environment:checking '/home/jonathan/rob_ws/install/articubot_one' for CMake config files
[0.889s] Level 1:colcon.colcon_core.shell:create_environment_hook('articubot_one', 'cmake_prefix_path')
[0.890s] INFO:colcon.colcon_core.shell:Creating environment hook '/home/jonathan/rob_ws/install/articubot_one/share/articubot_one/hook/cmake_prefix_path.ps1'
[0.890s] INFO:colcon.colcon_core.shell:Creating environment descriptor '/home/jonathan/rob_ws/install/articubot_one/share/articubot_one/hook/cmake_prefix_path.dsv'
[0.891s] INFO:colcon.colcon_core.shell:Creating environment hook '/home/jonathan/rob_ws/install/articubot_one/share/articubot_one/hook/cmake_prefix_path.sh'
[0.892s] Level 1:colcon.colcon_core.environment:checking '/home/jonathan/rob_ws/install/articubot_one/bin'
[0.892s] Level 1:colcon.colcon_core.environment:checking '/home/jonathan/rob_ws/install/articubot_one/lib/pkgconfig/articubot_one.pc'
[0.892s] Level 1:colcon.colcon_core.environment:checking '/home/jonathan/rob_ws/install/articubot_one/lib/python3.10/site-packages'
[0.892s] Level 1:colcon.colcon_core.environment:checking '/home/jonathan/rob_ws/install/articubot_one/bin'
[0.893s] INFO:colcon.colcon_core.shell:Creating package script '/home/jonathan/rob_ws/install/articubot_one/share/articubot_one/package.ps1'
[0.894s] INFO:colcon.colcon_core.shell:Creating package descriptor '/home/jonathan/rob_ws/install/articubot_one/share/articubot_one/package.dsv'
[0.894s] INFO:colcon.colcon_core.shell:Creating package script '/home/jonathan/rob_ws/install/articubot_one/share/articubot_one/package.sh'
[0.895s] INFO:colcon.colcon_core.shell:Creating package script '/home/jonathan/rob_ws/install/articubot_one/share/articubot_one/package.bash'
[0.896s] INFO:colcon.colcon_core.shell:Creating package script '/home/jonathan/rob_ws/install/articubot_one/share/articubot_one/package.zsh'
[0.896s] Level 1:colcon.colcon_core.environment:create_file_with_runtime_dependencies(/home/jonathan/rob_ws/install/articubot_one/share/colcon-core/packages/articubot_one)
[12.509s] DEBUG:colcon.colcon_core.event_handler.log_command:Invoked command in '/home/jonathan/rob_ws/build/serial' returned '0': CMAKE_PREFIX_PATH=/opt/ros/humble /usr/bin/cmake --build /home/jonathan/rob_ws/build/serial -- -j2 -l2
[12.674s] DEBUG:colcon.colcon_core.event_handler.log_command:Invoking command in '/home/jonathan/rob_ws/build/serial': CMAKE_PREFIX_PATH=/opt/ros/humble /usr/bin/cmake --install /home/jonathan/rob_ws/build/serial
[13.594s] Level 1:colcon.colcon_core.environment:create_environment_scripts_only(serial)
[13.597s] Level 1:colcon.colcon_core.environment:checking '/home/jonathan/rob_ws/install/serial' for CMake module files
[13.604s] DEBUG:colcon.colcon_core.event_handler.log_command:Invoked command in '/home/jonathan/rob_ws/build/serial' returned '0': CMAKE_PREFIX_PATH=/opt/ros/humble /usr/bin/cmake --install /home/jonathan/rob_ws/build/serial
[13.606s] Level 1:colcon.colcon_core.environment:checking '/home/jonathan/rob_ws/install/serial' for CMake config files
[13.607s] Level 1:colcon.colcon_core.shell:create_environment_hook('serial', 'cmake_prefix_path')
[13.609s] INFO:colcon.colcon_core.shell:Creating environment hook '/home/jonathan/rob_ws/install/serial/share/serial/hook/cmake_prefix_path.ps1'
[13.611s] INFO:colcon.colcon_core.shell:Creating environment descriptor '/home/jonathan/rob_ws/install/serial/share/serial/hook/cmake_prefix_path.dsv'
[13.611s] INFO:colcon.colcon_core.shell:Creating environment hook '/home/jonathan/rob_ws/install/serial/share/serial/hook/cmake_prefix_path.sh'
[13.613s] Level 1:colcon.colcon_core.environment:checking '/home/jonathan/rob_ws/install/serial/lib'
[13.614s] Level 1:colcon.colcon_core.environment:checking '/home/jonathan/rob_ws/install/serial/bin'
[13.616s] Level 1:colcon.colcon_core.environment:checking '/home/jonathan/rob_ws/install/serial/lib/pkgconfig/serial.pc'
[13.618s] Level 1:colcon.colcon_core.environment:checking '/home/jonathan/rob_ws/install/serial/lib/python3.10/site-packages'
[13.619s] Level 1:colcon.colcon_core.environment:checking '/home/jonathan/rob_ws/install/serial/bin'
[13.620s] INFO:colcon.colcon_core.shell:Creating package script '/home/jonathan/rob_ws/install/serial/share/serial/package.ps1'
[13.621s] INFO:colcon.colcon_core.shell:Creating package descriptor '/home/jonathan/rob_ws/install/serial/share/serial/package.dsv'
[13.624s] INFO:colcon.colcon_core.shell:Creating package script '/home/jonathan/rob_ws/install/serial/share/serial/package.sh'
[13.627s] INFO:colcon.colcon_core.shell:Creating package script '/home/jonathan/rob_ws/install/serial/share/serial/package.bash'
[13.628s] INFO:colcon.colcon_core.shell:Creating package script '/home/jonathan/rob_ws/install/serial/share/serial/package.zsh'
[13.629s] Level 1:colcon.colcon_core.environment:create_file_with_runtime_dependencies(/home/jonathan/rob_ws/install/serial/share/colcon-core/packages/serial)
[13.790s] Level 1:colcon.colcon_core.environment:create_environment_scripts_only(serial)
[13.791s] Level 1:colcon.colcon_core.environment:checking '/home/jonathan/rob_ws/install/serial' for CMake module files
[13.793s] Level 1:colcon.colcon_core.environment:checking '/home/jonathan/rob_ws/install/serial' for CMake config files
[13.797s] Level 1:colcon.colcon_core.shell:create_environment_hook('serial', 'cmake_prefix_path')
[13.802s] INFO:colcon.colcon_core.shell:Creating environment hook '/home/jonathan/rob_ws/install/serial/share/serial/hook/cmake_prefix_path.ps1'
[13.804s] INFO:colcon.colcon_core.shell:Creating environment descriptor '/home/jonathan/rob_ws/install/serial/share/serial/hook/cmake_prefix_path.dsv'
[13.807s] INFO:colcon.colcon_core.shell:Creating environment hook '/home/jonathan/rob_ws/install/serial/share/serial/hook/cmake_prefix_path.sh'
[13.810s] Level 1:colcon.colcon_core.environment:checking '/home/jonathan/rob_ws/install/serial/lib'
[13.810s] Level 1:colcon.colcon_core.environment:checking '/home/jonathan/rob_ws/install/serial/bin'
[13.811s] Level 1:colcon.colcon_core.environment:checking '/home/jonathan/rob_ws/install/serial/lib/pkgconfig/serial.pc'
[13.812s] Level 1:colcon.colcon_core.environment:checking '/home/jonathan/rob_ws/install/serial/lib/python3.10/site-packages'
[13.813s] Level 1:colcon.colcon_core.environment:checking '/home/jonathan/rob_ws/install/serial/bin'
[13.816s] INFO:colcon.colcon_core.shell:Creating package script '/home/jonathan/rob_ws/install/serial/share/serial/package.ps1'
[13.819s] INFO:colcon.colcon_core.shell:Creating package descriptor '/home/jonathan/rob_ws/install/serial/share/serial/package.dsv'
[13.821s] INFO:colcon.colcon_core.shell:Creating package script '/home/jonathan/rob_ws/install/serial/share/serial/package.sh'
[13.824s] INFO:colcon.colcon_core.shell:Creating package script '/home/jonathan/rob_ws/install/serial/share/serial/package.bash'
[13.827s] INFO:colcon.colcon_core.shell:Creating package script '/home/jonathan/rob_ws/install/serial/share/serial/package.zsh'
[13.828s] Level 1:colcon.colcon_core.environment:create_file_with_runtime_dependencies(/home/jonathan/rob_ws/install/serial/share/colcon-core/packages/serial)
[13.829s] INFO:colcon.colcon_ros.task.ament_cmake.build:Building ROS package in '/home/jonathan/rob_ws/src/diffdrive_arduino' with build type 'ament_cmake'
[13.830s] INFO:colcon.colcon_cmake.task.cmake.build:Building CMake package in '/home/jonathan/rob_ws/src/diffdrive_arduino'
[13.833s] INFO:colcon.colcon_core.shell:Skip shell extension 'powershell' for command environment: Not usable outside of PowerShell
[13.836s] DEBUG:colcon.colcon_core.shell:Skip shell extension 'dsv' for command environment
[13.903s] DEBUG:colcon.colcon_core.event_handler.log_command:Invoking command in '/home/jonathan/rob_ws/build/diffdrive_arduino': AMENT_PREFIX_PATH=/home/jonathan/rob_ws/install/serial:${AMENT_PREFIX_PATH} CMAKE_PREFIX_PATH=/home/jonathan/rob_ws/install/serial:/opt/ros/humble LD_LIBRARY_PATH=/home/jonathan/rob_ws/install/serial/lib:${LD_LIBRARY_PATH} /usr/bin/cmake --build /home/jonathan/rob_ws/build/diffdrive_arduino -- -j2 -l2
[43.464s] DEBUG:colcon.colcon_core.event_handler.log_command:Invoked command in '/home/jonathan/rob_ws/build/diffdrive_arduino' returned '0': AMENT_PREFIX_PATH=/home/jonathan/rob_ws/install/serial:${AMENT_PREFIX_PATH} CMAKE_PREFIX_PATH=/home/jonathan/rob_ws/install/serial:/opt/ros/humble LD_LIBRARY_PATH=/home/jonathan/rob_ws/install/serial/lib:${LD_LIBRARY_PATH} /usr/bin/cmake --build /home/jonathan/rob_ws/build/diffdrive_arduino -- -j2 -l2
[43.625s] DEBUG:colcon.colcon_core.event_handler.log_command:Invoking command in '/home/jonathan/rob_ws/build/diffdrive_arduino': AMENT_PREFIX_PATH=/home/jonathan/rob_ws/install/serial:${AMENT_PREFIX_PATH} CMAKE_PREFIX_PATH=/home/jonathan/rob_ws/install/serial:/opt/ros/humble LD_LIBRARY_PATH=/home/jonathan/rob_ws/install/serial/lib:${LD_LIBRARY_PATH} /usr/bin/cmake --install /home/jonathan/rob_ws/build/diffdrive_arduino
[44.592s] Level 1:colcon.colcon_core.environment:create_environment_scripts_only(diffdrive_arduino)
[44.593s] DEBUG:colcon.colcon_core.event_handler.log_command:Invoked command in '/home/jonathan/rob_ws/build/diffdrive_arduino' returned '0': AMENT_PREFIX_PATH=/home/jonathan/rob_ws/install/serial:${AMENT_PREFIX_PATH} CMAKE_PREFIX_PATH=/home/jonathan/rob_ws/install/serial:/opt/ros/humble LD_LIBRARY_PATH=/home/jonathan/rob_ws/install/serial/lib:${LD_LIBRARY_PATH} /usr/bin/cmake --install /home/jonathan/rob_ws/build/diffdrive_arduino
[44.595s] Level 1:colcon.colcon_core.environment:checking '/home/jonathan/rob_ws/install/diffdrive_arduino' for CMake module files
[44.598s] Level 1:colcon.colcon_core.environment:checking '/home/jonathan/rob_ws/install/diffdrive_arduino' for CMake config files
[44.604s] Level 1:colcon.colcon_core.shell:create_environment_hook('diffdrive_arduino', 'cmake_prefix_path')
[44.605s] INFO:colcon.colcon_core.shell:Creating environment hook '/home/jonathan/rob_ws/install/diffdrive_arduino/share/diffdrive_arduino/hook/cmake_prefix_path.ps1'
[44.608s] INFO:colcon.colcon_core.shell:Creating environment descriptor '/home/jonathan/rob_ws/install/diffdrive_arduino/share/diffdrive_arduino/hook/cmake_prefix_path.dsv'
[44.610s] INFO:colcon.colcon_core.shell:Creating environment hook '/home/jonathan/rob_ws/install/diffdrive_arduino/share/diffdrive_arduino/hook/cmake_prefix_path.sh'
[44.611s] Level 1:colcon.colcon_core.environment:checking '/home/jonathan/rob_ws/install/diffdrive_arduino/lib'
[44.611s] Level 1:colcon.colcon_core.shell:create_environment_hook('diffdrive_arduino', 'ld_library_path_lib')
[44.612s] INFO:colcon.colcon_core.shell:Creating environment hook '/home/jonathan/rob_ws/install/diffdrive_arduino/share/diffdrive_arduino/hook/ld_library_path_lib.ps1'
[44.613s] INFO:colcon.colcon_core.shell:Creating environment descriptor '/home/jonathan/rob_ws/install/diffdrive_arduino/share/diffdrive_arduino/hook/ld_library_path_lib.dsv'
[44.613s] INFO:colcon.colcon_core.shell:Creating environment hook '/home/jonathan/rob_ws/install/diffdrive_arduino/share/diffdrive_arduino/hook/ld_library_path_lib.sh'
[44.614s] Level 1:colcon.colcon_core.environment:checking '/home/jonathan/rob_ws/install/diffdrive_arduino/bin'
[44.614s] Level 1:colcon.colcon_core.environment:checking '/home/jonathan/rob_ws/install/diffdrive_arduino/lib/pkgconfig/diffdrive_arduino.pc'
[44.615s] Level 1:colcon.colcon_core.environment:checking '/home/jonathan/rob_ws/install/diffdrive_arduino/lib/python3.10/site-packages'
[44.615s] Level 1:colcon.colcon_core.environment:checking '/home/jonathan/rob_ws/install/diffdrive_arduino/bin'
[44.616s] INFO:colcon.colcon_core.shell:Creating package script '/home/jonathan/rob_ws/install/diffdrive_arduino/share/diffdrive_arduino/package.ps1'
[44.618s] INFO:colcon.colcon_core.shell:Creating package descriptor '/home/jonathan/rob_ws/install/diffdrive_arduino/share/diffdrive_arduino/package.dsv'
[44.620s] INFO:colcon.colcon_core.shell:Creating package script '/home/jonathan/rob_ws/install/diffdrive_arduino/share/diffdrive_arduino/package.sh'
[44.626s] INFO:colcon.colcon_core.shell:Creating package script '/home/jonathan/rob_ws/install/diffdrive_arduino/share/diffdrive_arduino/package.bash'
[44.628s] INFO:colcon.colcon_core.shell:Creating package script '/home/jonathan/rob_ws/install/diffdrive_arduino/share/diffdrive_arduino/package.zsh'
[44.629s] Level 1:colcon.colcon_core.environment:create_file_with_runtime_dependencies(/home/jonathan/rob_ws/install/diffdrive_arduino/share/colcon-core/packages/diffdrive_arduino)
[44.744s] Level 1:colcon.colcon_core.environment:create_environment_scripts_only(diffdrive_arduino)
[44.745s] Level 1:colcon.colcon_core.environment:checking '/home/jonathan/rob_ws/install/diffdrive_arduino' for CMake module files
[44.747s] Level 1:colcon.colcon_core.environment:checking '/home/jonathan/rob_ws/install/diffdrive_arduino' for CMake config files
[44.747s] Level 1:colcon.colcon_core.shell:create_environment_hook('diffdrive_arduino', 'cmake_prefix_path')
[44.748s] INFO:colcon.colcon_core.shell:Creating environment hook '/home/jonathan/rob_ws/install/diffdrive_arduino/share/diffdrive_arduino/hook/cmake_prefix_path.ps1'
[44.749s] INFO:colcon.colcon_core.shell:Creating environment descriptor '/home/jonathan/rob_ws/install/diffdrive_arduino/share/diffdrive_arduino/hook/cmake_prefix_path.dsv'
[44.750s] INFO:colcon.colcon_core.shell:Creating environment hook '/home/jonathan/rob_ws/install/diffdrive_arduino/share/diffdrive_arduino/hook/cmake_prefix_path.sh'
[44.751s] Level 1:colcon.colcon_core.environment:checking '/home/jonathan/rob_ws/install/diffdrive_arduino/lib'
[44.751s] Level 1:colcon.colcon_core.shell:create_environment_hook('diffdrive_arduino', 'ld_library_path_lib')
[44.752s] INFO:colcon.colcon_core.shell:Creating environment hook '/home/jonathan/rob_ws/install/diffdrive_arduino/share/diffdrive_arduino/hook/ld_library_path_lib.ps1'
[44.753s] INFO:colcon.colcon_core.shell:Creating environment descriptor '/home/jonathan/rob_ws/install/diffdrive_arduino/share/diffdrive_arduino/hook/ld_library_path_lib.dsv'
[44.757s] INFO:colcon.colcon_core.shell:Creating environment hook '/home/jonathan/rob_ws/install/diffdrive_arduino/share/diffdrive_arduino/hook/ld_library_path_lib.sh'
[44.761s] Level 1:colcon.colcon_core.environment:checking '/home/jonathan/rob_ws/install/diffdrive_arduino/bin'
[44.762s] Level 1:colcon.colcon_core.environment:checking '/home/jonathan/rob_ws/install/diffdrive_arduino/lib/pkgconfig/diffdrive_arduino.pc'
[44.762s] Level 1:colcon.colcon_core.environment:checking '/home/jonathan/rob_ws/install/diffdrive_arduino/lib/python3.10/site-packages'
[44.763s] Level 1:colcon.colcon_core.environment:checking '/home/jonathan/rob_ws/install/diffdrive_arduino/bin'
[44.764s] INFO:colcon.colcon_core.shell:Creating package script '/home/jonathan/rob_ws/install/diffdrive_arduino/share/diffdrive_arduino/package.ps1'
[44.765s] INFO:colcon.colcon_core.shell:Creating package descriptor '/home/jonathan/rob_ws/install/diffdrive_arduino/share/diffdrive_arduino/package.dsv'
[44.766s] INFO:colcon.colcon_core.shell:Creating package script '/home/jonathan/rob_ws/install/diffdrive_arduino/share/diffdrive_arduino/package.sh'
[44.767s] INFO:colcon.colcon_core.shell:Creating package script '/home/jonathan/rob_ws/install/diffdrive_arduino/share/diffdrive_arduino/package.bash'
[44.767s] INFO:colcon.colcon_core.shell:Creating package script '/home/jonathan/rob_ws/install/diffdrive_arduino/share/diffdrive_arduino/package.zsh'
[44.768s] Level 1:colcon.colcon_core.environment:create_file_with_runtime_dependencies(/home/jonathan/rob_ws/install/diffdrive_arduino/share/colcon-core/packages/diffdrive_arduino)
[44.769s] DEBUG:colcon.colcon_parallel_executor.executor.parallel:closing loop
[44.772s] DEBUG:colcon.colcon_parallel_executor.executor.parallel:loop closed
[44.772s] DEBUG:colcon.colcon_parallel_executor.executor.parallel:run_until_complete finished with '0'
[44.772s] DEBUG:colcon.colcon_core.event_reactor:joining thread
[44.786s] INFO:colcon.colcon_core.plugin_system:Skipping extension 'colcon_notification.desktop_notification.terminal_notifier': Not used on non-Darwin systems
[44.786s] INFO:colcon.colcon_core.plugin_system:Skipping extension 'colcon_notification.desktop_notification.win32': Not used on non-Windows systems
[44.787s] INFO:colcon.colcon_notification.desktop_notification:Sending desktop notification using 'notify2'
[44.868s] DEBUG:colcon.colcon_core.event_reactor:joined thread
[44.870s] INFO:colcon.colcon_core.shell:Creating prefix script '/home/jonathan/rob_ws/install/local_setup.ps1'
[44.879s] INFO:colcon.colcon_core.shell:Creating prefix util module '/home/jonathan/rob_ws/install/_local_setup_util_ps1.py'
[44.887s] INFO:colcon.colcon_core.shell:Creating prefix chain script '/home/jonathan/rob_ws/install/setup.ps1'
[44.893s] INFO:colcon.colcon_core.shell:Creating prefix script '/home/jonathan/rob_ws/install/local_setup.sh'
[44.897s] INFO:colcon.colcon_core.shell:Creating prefix util module '/home/jonathan/rob_ws/install/_local_setup_util_sh.py'
[44.898s] INFO:colcon.colcon_core.shell:Creating prefix chain script '/home/jonathan/rob_ws/install/setup.sh'
[44.900s] INFO:colcon.colcon_core.shell:Creating prefix script '/home/jonathan/rob_ws/install/local_setup.bash'
[44.901s] INFO:colcon.colcon_core.shell:Creating prefix chain script '/home/jonathan/rob_ws/install/setup.bash'
[44.907s] INFO:colcon.colcon_core.shell:Creating prefix script '/home/jonathan/rob_ws/install/local_setup.zsh'
[44.911s] INFO:colcon.colcon_core.shell:Creating prefix chain script '/home/jonathan/rob_ws/install/setup.zsh'
