[0.193s] DEBUG:colcon:Command line arguments: ['/usr/bin/colcon', 'build', '--symlink-install']
[0.194s] DEBUG:colcon:Parsed command line arguments: Namespace(log_base=None, log_level=None, verb_name='build', build_base='build', install_base='install', merge_install=False, symlink_install=True, test_result_base=None, continue_on_error=False, executor='parallel', parallel_workers=8, event_handlers=None, ignore_user_meta=False, metas=['./colcon.meta'], base_paths=['.'], packages_ignore=None, packages_ignore_regex=None, paths=None, packages_up_to=None, packages_up_to_regex=None, packages_above=None, packages_above_and_dependencies=None, packages_above_depth=None, packages_select_by_dep=None, packages_skip_by_dep=None, packages_skip_up_to=None, packages_select_build_failed=False, packages_skip_build_finished=False, packages_select_test_failures=False, packages_skip_test_passed=False, packages_select=None, packages_skip=None, packages_select_regex=None, packages_skip_regex=None, packages_start=None, packages_end=None, allow_overriding=[], cmake_args=None, cmake_target=None, cmake_target_skip_unavailable=False, cmake_clean_cache=False, cmake_clean_first=False, cmake_force_configure=False, ament_cmake_args=None, catkin_cmake_args=None, catkin_skip_building_tests=False, mixin_files=None, mixin=None, verb_parser=<colcon_mixin.mixin.mixin_argument.MixinArgumentDecorator object at 0x7419a37cafb0>, verb_extension=<colcon_core.verb.build.BuildVerb object at 0x7419a37caa40>, main=<bound method BuildVerb.main of <colcon_core.verb.build.BuildVerb object at 0x7419a37caa40>>, mixin_verb=('build',))
[0.553s] Level 1:colcon.colcon_core.package_discovery:discover_packages(colcon_meta) check parameters
[0.554s] Level 1:colcon.colcon_core.package_discovery:discover_packages(recursive) check parameters
[0.554s] Level 1:colcon.colcon_core.package_discovery:discover_packages(ignore) check parameters
[0.554s] Level 1:colcon.colcon_core.package_discovery:discover_packages(path) check parameters
[0.554s] Level 1:colcon.colcon_core.package_discovery:discover_packages(colcon_meta) discover
[0.554s] Level 1:colcon.colcon_core.package_discovery:discover_packages(recursive) discover
[0.554s] INFO:colcon.colcon_core.package_discovery:Crawling recursively for packages in '/home/jonathan0209/casper_robot/rob_ws'
[0.554s] Level 1:colcon.colcon_core.package_identification:_identify(.) by extensions ['ignore', 'ignore_ament_install']
[0.554s] Level 1:colcon.colcon_core.package_identification:_identify(.) by extension 'ignore'
[0.554s] Level 1:colcon.colcon_core.package_identification:_identify(.) by extension 'ignore_ament_install'
[0.554s] Level 1:colcon.colcon_core.package_identification:_identify(.) by extensions ['colcon_pkg']
[0.554s] Level 1:colcon.colcon_core.package_identification:_identify(.) by extension 'colcon_pkg'
[0.554s] Level 1:colcon.colcon_core.package_identification:_identify(.) by extensions ['colcon_meta']
[0.554s] Level 1:colcon.colcon_core.package_identification:_identify(.) by extension 'colcon_meta'
[0.554s] Level 1:colcon.colcon_core.package_identification:_identify(.) by extensions ['ros']
[0.555s] Level 1:colcon.colcon_core.package_identification:_identify(.) by extension 'ros'
[0.566s] Level 1:colcon.colcon_core.package_identification:_identify(.) by extensions ['cmake', 'python']
[0.566s] Level 1:colcon.colcon_core.package_identification:_identify(.) by extension 'cmake'
[0.566s] Level 1:colcon.colcon_core.package_identification:_identify(.) by extension 'python'
[0.566s] Level 1:colcon.colcon_core.package_identification:_identify(.) by extensions ['python_setup_py']
[0.566s] Level 1:colcon.colcon_core.package_identification:_identify(.) by extension 'python_setup_py'
[0.567s] Level 1:colcon.colcon_core.package_identification:_identify(build) by extensions ['ignore', 'ignore_ament_install']
[0.567s] Level 1:colcon.colcon_core.package_identification:_identify(build) by extension 'ignore'
[0.567s] Level 1:colcon.colcon_core.package_identification:_identify(build) ignored
[0.567s] Level 1:colcon.colcon_core.package_identification:_identify(install) by extensions ['ignore', 'ignore_ament_install']
[0.567s] Level 1:colcon.colcon_core.package_identification:_identify(install) by extension 'ignore'
[0.567s] Level 1:colcon.colcon_core.package_identification:_identify(install) ignored
[0.567s] Level 1:colcon.colcon_core.package_identification:_identify(log) by extensions ['ignore', 'ignore_ament_install']
[0.567s] Level 1:colcon.colcon_core.package_identification:_identify(log) by extension 'ignore'
[0.567s] Level 1:colcon.colcon_core.package_identification:_identify(log) ignored
[0.567s] Level 1:colcon.colcon_core.package_identification:_identify(src) by extensions ['ignore', 'ignore_ament_install']
[0.567s] Level 1:colcon.colcon_core.package_identification:_identify(src) by extension 'ignore'
[0.567s] Level 1:colcon.colcon_core.package_identification:_identify(src) by extension 'ignore_ament_install'
[0.567s] Level 1:colcon.colcon_core.package_identification:_identify(src) by extensions ['colcon_pkg']
[0.568s] Level 1:colcon.colcon_core.package_identification:_identify(src) by extension 'colcon_pkg'
[0.568s] Level 1:colcon.colcon_core.package_identification:_identify(src) by extensions ['colcon_meta']
[0.568s] Level 1:colcon.colcon_core.package_identification:_identify(src) by extension 'colcon_meta'
[0.568s] Level 1:colcon.colcon_core.package_identification:_identify(src) by extensions ['ros']
[0.568s] Level 1:colcon.colcon_core.package_identification:_identify(src) by extension 'ros'
[0.568s] Level 1:colcon.colcon_core.package_identification:_identify(src) by extensions ['cmake', 'python']
[0.568s] Level 1:colcon.colcon_core.package_identification:_identify(src) by extension 'cmake'
[0.568s] Level 1:colcon.colcon_core.package_identification:_identify(src) by extension 'python'
[0.568s] Level 1:colcon.colcon_core.package_identification:_identify(src) by extensions ['python_setup_py']
[0.568s] Level 1:colcon.colcon_core.package_identification:_identify(src) by extension 'python_setup_py'
[0.568s] Level 1:colcon.colcon_core.package_identification:_identify(src/articubot_one) by extensions ['ignore', 'ignore_ament_install']
[0.568s] Level 1:colcon.colcon_core.package_identification:_identify(src/articubot_one) by extension 'ignore'
[0.568s] Level 1:colcon.colcon_core.package_identification:_identify(src/articubot_one) by extension 'ignore_ament_install'
[0.568s] Level 1:colcon.colcon_core.package_identification:_identify(src/articubot_one) by extensions ['colcon_pkg']
[0.568s] Level 1:colcon.colcon_core.package_identification:_identify(src/articubot_one) by extension 'colcon_pkg'
[0.568s] Level 1:colcon.colcon_core.package_identification:_identify(src/articubot_one) by extensions ['colcon_meta']
[0.568s] Level 1:colcon.colcon_core.package_identification:_identify(src/articubot_one) by extension 'colcon_meta'
[0.568s] Level 1:colcon.colcon_core.package_identification:_identify(src/articubot_one) by extensions ['ros']
[0.568s] Level 1:colcon.colcon_core.package_identification:_identify(src/articubot_one) by extension 'ros'
[0.572s] DEBUG:colcon.colcon_core.package_identification:Package 'src/articubot_one' with type 'ros.ament_cmake' and name 'articubot_one'
[0.572s] Level 1:colcon.colcon_core.package_identification:_identify(src/camera_stream) by extensions ['ignore', 'ignore_ament_install']
[0.572s] Level 1:colcon.colcon_core.package_identification:_identify(src/camera_stream) by extension 'ignore'
[0.572s] Level 1:colcon.colcon_core.package_identification:_identify(src/camera_stream) by extension 'ignore_ament_install'
[0.572s] Level 1:colcon.colcon_core.package_identification:_identify(src/camera_stream) by extensions ['colcon_pkg']
[0.572s] Level 1:colcon.colcon_core.package_identification:_identify(src/camera_stream) by extension 'colcon_pkg'
[0.572s] Level 1:colcon.colcon_core.package_identification:_identify(src/camera_stream) by extensions ['colcon_meta']
[0.572s] Level 1:colcon.colcon_core.package_identification:_identify(src/camera_stream) by extension 'colcon_meta'
[0.572s] Level 1:colcon.colcon_core.package_identification:_identify(src/camera_stream) by extensions ['ros']
[0.572s] Level 1:colcon.colcon_core.package_identification:_identify(src/camera_stream) by extension 'ros'
[0.573s] DEBUG:colcon.colcon_core.package_identification:Package 'src/camera_stream' with type 'ros.ament_python' and name 'camera_stream'
[0.574s] Level 1:colcon.colcon_core.package_identification:_identify(src/camera_ws) by extensions ['ignore', 'ignore_ament_install']
[0.574s] Level 1:colcon.colcon_core.package_identification:_identify(src/camera_ws) by extension 'ignore'
[0.574s] Level 1:colcon.colcon_core.package_identification:_identify(src/camera_ws) by extension 'ignore_ament_install'
[0.574s] Level 1:colcon.colcon_core.package_identification:_identify(src/camera_ws) by extensions ['colcon_pkg']
[0.574s] Level 1:colcon.colcon_core.package_identification:_identify(src/camera_ws) by extension 'colcon_pkg'
[0.574s] Level 1:colcon.colcon_core.package_identification:_identify(src/camera_ws) by extensions ['colcon_meta']
[0.574s] Level 1:colcon.colcon_core.package_identification:_identify(src/camera_ws) by extension 'colcon_meta'
[0.574s] Level 1:colcon.colcon_core.package_identification:_identify(src/camera_ws) by extensions ['ros']
[0.574s] Level 1:colcon.colcon_core.package_identification:_identify(src/camera_ws) by extension 'ros'
[0.576s] DEBUG:colcon.colcon_core.package_identification:Package 'src/camera_ws' with type 'ros.ament_python' and name 'camera_ws'
[0.576s] Level 1:colcon.colcon_core.package_identification:_identify(src/diffdrive_arduino) by extensions ['ignore', 'ignore_ament_install']
[0.576s] Level 1:colcon.colcon_core.package_identification:_identify(src/diffdrive_arduino) by extension 'ignore'
[0.576s] Level 1:colcon.colcon_core.package_identification:_identify(src/diffdrive_arduino) by extension 'ignore_ament_install'
[0.576s] Level 1:colcon.colcon_core.package_identification:_identify(src/diffdrive_arduino) by extensions ['colcon_pkg']
[0.576s] Level 1:colcon.colcon_core.package_identification:_identify(src/diffdrive_arduino) by extension 'colcon_pkg'
[0.577s] Level 1:colcon.colcon_core.package_identification:_identify(src/diffdrive_arduino) by extensions ['colcon_meta']
[0.577s] Level 1:colcon.colcon_core.package_identification:_identify(src/diffdrive_arduino) by extension 'colcon_meta'
[0.577s] Level 1:colcon.colcon_core.package_identification:_identify(src/diffdrive_arduino) by extensions ['ros']
[0.577s] Level 1:colcon.colcon_core.package_identification:_identify(src/diffdrive_arduino) by extension 'ros'
[0.578s] DEBUG:colcon.colcon_core.package_identification:Package 'src/diffdrive_arduino' with type 'ros.ament_cmake' and name 'diffdrive_arduino'
[0.578s] Level 1:colcon.colcon_core.package_identification:_identify(src/serial) by extensions ['ignore', 'ignore_ament_install']
[0.578s] Level 1:colcon.colcon_core.package_identification:_identify(src/serial) by extension 'ignore'
[0.578s] Level 1:colcon.colcon_core.package_identification:_identify(src/serial) by extension 'ignore_ament_install'
[0.578s] Level 1:colcon.colcon_core.package_identification:_identify(src/serial) by extensions ['colcon_pkg']
[0.578s] Level 1:colcon.colcon_core.package_identification:_identify(src/serial) by extension 'colcon_pkg'
[0.578s] Level 1:colcon.colcon_core.package_identification:_identify(src/serial) by extensions ['colcon_meta']
[0.578s] Level 1:colcon.colcon_core.package_identification:_identify(src/serial) by extension 'colcon_meta'
[0.578s] Level 1:colcon.colcon_core.package_identification:_identify(src/serial) by extensions ['ros']
[0.578s] Level 1:colcon.colcon_core.package_identification:_identify(src/serial) by extension 'ros'
[0.579s] DEBUG:colcon.colcon_core.package_identification:Package 'src/serial' with type 'ros.ament_cmake' and name 'serial'
[0.579s] Level 1:colcon.colcon_core.package_discovery:discover_packages(recursive) using defaults
[0.579s] Level 1:colcon.colcon_core.package_discovery:discover_packages(ignore) discover
[0.579s] Level 1:colcon.colcon_core.package_discovery:discover_packages(ignore) using defaults
[0.579s] Level 1:colcon.colcon_core.package_discovery:discover_packages(path) discover
[0.579s] Level 1:colcon.colcon_core.package_discovery:discover_packages(path) using defaults
[0.631s] Level 1:colcon.colcon_core.package_discovery:discover_packages(prefix_path) check parameters
[0.631s] Level 1:colcon.colcon_core.package_discovery:discover_packages(prefix_path) discover
[0.636s] DEBUG:colcon.colcon_installed_package_information.package_discovery:Found 5 installed packages in /home/jonathan0209/casper_robot/rob_ws/install
[0.638s] DEBUG:colcon.colcon_installed_package_information.package_discovery:Found 323 installed packages in /opt/ros/humble
[0.639s] Level 1:colcon.colcon_core.package_discovery:discover_packages(prefix_path) using defaults
[0.684s] Level 5:colcon.colcon_core.verb:set package 'articubot_one' build argument 'cmake_args' from command line to 'None'
[0.684s] Level 5:colcon.colcon_core.verb:set package 'articubot_one' build argument 'cmake_target' from command line to 'None'
[0.684s] Level 5:colcon.colcon_core.verb:set package 'articubot_one' build argument 'cmake_target_skip_unavailable' from command line to 'False'
[0.684s] Level 5:colcon.colcon_core.verb:set package 'articubot_one' build argument 'cmake_clean_cache' from command line to 'False'
[0.684s] Level 5:colcon.colcon_core.verb:set package 'articubot_one' build argument 'cmake_clean_first' from command line to 'False'
[0.685s] Level 5:colcon.colcon_core.verb:set package 'articubot_one' build argument 'cmake_force_configure' from command line to 'False'
[0.685s] Level 5:colcon.colcon_core.verb:set package 'articubot_one' build argument 'ament_cmake_args' from command line to 'None'
[0.685s] Level 5:colcon.colcon_core.verb:set package 'articubot_one' build argument 'catkin_cmake_args' from command line to 'None'
[0.685s] Level 5:colcon.colcon_core.verb:set package 'articubot_one' build argument 'catkin_skip_building_tests' from command line to 'False'
[0.685s] DEBUG:colcon.colcon_core.verb:Building package 'articubot_one' with the following arguments: {'ament_cmake_args': None, 'build_base': '/home/jonathan0209/casper_robot/rob_ws/build/articubot_one', 'catkin_cmake_args': None, 'catkin_skip_building_tests': False, 'cmake_args': None, 'cmake_clean_cache': False, 'cmake_clean_first': False, 'cmake_force_configure': False, 'cmake_target': None, 'cmake_target_skip_unavailable': False, 'install_base': '/home/jonathan0209/casper_robot/rob_ws/install/articubot_one', 'merge_install': False, 'path': '/home/jonathan0209/casper_robot/rob_ws/src/articubot_one', 'symlink_install': True, 'test_result_base': None}
[0.685s] Level 5:colcon.colcon_core.verb:set package 'camera_stream' build argument 'cmake_args' from command line to 'None'
[0.685s] Level 5:colcon.colcon_core.verb:set package 'camera_stream' build argument 'cmake_target' from command line to 'None'
[0.685s] Level 5:colcon.colcon_core.verb:set package 'camera_stream' build argument 'cmake_target_skip_unavailable' from command line to 'False'
[0.685s] Level 5:colcon.colcon_core.verb:set package 'camera_stream' build argument 'cmake_clean_cache' from command line to 'False'
[0.685s] Level 5:colcon.colcon_core.verb:set package 'camera_stream' build argument 'cmake_clean_first' from command line to 'False'
[0.685s] Level 5:colcon.colcon_core.verb:set package 'camera_stream' build argument 'cmake_force_configure' from command line to 'False'
[0.685s] Level 5:colcon.colcon_core.verb:set package 'camera_stream' build argument 'ament_cmake_args' from command line to 'None'
[0.685s] Level 5:colcon.colcon_core.verb:set package 'camera_stream' build argument 'catkin_cmake_args' from command line to 'None'
[0.685s] Level 5:colcon.colcon_core.verb:set package 'camera_stream' build argument 'catkin_skip_building_tests' from command line to 'False'
[0.685s] DEBUG:colcon.colcon_core.verb:Building package 'camera_stream' with the following arguments: {'ament_cmake_args': None, 'build_base': '/home/jonathan0209/casper_robot/rob_ws/build/camera_stream', 'catkin_cmake_args': None, 'catkin_skip_building_tests': False, 'cmake_args': None, 'cmake_clean_cache': False, 'cmake_clean_first': False, 'cmake_force_configure': False, 'cmake_target': None, 'cmake_target_skip_unavailable': False, 'install_base': '/home/jonathan0209/casper_robot/rob_ws/install/camera_stream', 'merge_install': False, 'path': '/home/jonathan0209/casper_robot/rob_ws/src/camera_stream', 'symlink_install': True, 'test_result_base': None}
[0.685s] Level 5:colcon.colcon_core.verb:set package 'camera_ws' build argument 'cmake_args' from command line to 'None'
[0.685s] Level 5:colcon.colcon_core.verb:set package 'camera_ws' build argument 'cmake_target' from command line to 'None'
[0.686s] Level 5:colcon.colcon_core.verb:set package 'camera_ws' build argument 'cmake_target_skip_unavailable' from command line to 'False'
[0.686s] Level 5:colcon.colcon_core.verb:set package 'camera_ws' build argument 'cmake_clean_cache' from command line to 'False'
[0.686s] Level 5:colcon.colcon_core.verb:set package 'camera_ws' build argument 'cmake_clean_first' from command line to 'False'
[0.686s] Level 5:colcon.colcon_core.verb:set package 'camera_ws' build argument 'cmake_force_configure' from command line to 'False'
[0.686s] Level 5:colcon.colcon_core.verb:set package 'camera_ws' build argument 'ament_cmake_args' from command line to 'None'
[0.686s] Level 5:colcon.colcon_core.verb:set package 'camera_ws' build argument 'catkin_cmake_args' from command line to 'None'
[0.686s] Level 5:colcon.colcon_core.verb:set package 'camera_ws' build argument 'catkin_skip_building_tests' from command line to 'False'
[0.686s] DEBUG:colcon.colcon_core.verb:Building package 'camera_ws' with the following arguments: {'ament_cmake_args': None, 'build_base': '/home/jonathan0209/casper_robot/rob_ws/build/camera_ws', 'catkin_cmake_args': None, 'catkin_skip_building_tests': False, 'cmake_args': None, 'cmake_clean_cache': False, 'cmake_clean_first': False, 'cmake_force_configure': False, 'cmake_target': None, 'cmake_target_skip_unavailable': False, 'install_base': '/home/jonathan0209/casper_robot/rob_ws/install/camera_ws', 'merge_install': False, 'path': '/home/jonathan0209/casper_robot/rob_ws/src/camera_ws', 'symlink_install': True, 'test_result_base': None}
[0.686s] Level 5:colcon.colcon_core.verb:set package 'serial' build argument 'cmake_args' from command line to 'None'
[0.686s] Level 5:colcon.colcon_core.verb:set package 'serial' build argument 'cmake_target' from command line to 'None'
[0.686s] Level 5:colcon.colcon_core.verb:set package 'serial' build argument 'cmake_target_skip_unavailable' from command line to 'False'
[0.686s] Level 5:colcon.colcon_core.verb:set package 'serial' build argument 'cmake_clean_cache' from command line to 'False'
[0.686s] Level 5:colcon.colcon_core.verb:set package 'serial' build argument 'cmake_clean_first' from command line to 'False'
[0.686s] Level 5:colcon.colcon_core.verb:set package 'serial' build argument 'cmake_force_configure' from command line to 'False'
[0.686s] Level 5:colcon.colcon_core.verb:set package 'serial' build argument 'ament_cmake_args' from command line to 'None'
[0.686s] Level 5:colcon.colcon_core.verb:set package 'serial' build argument 'catkin_cmake_args' from command line to 'None'
[0.686s] Level 5:colcon.colcon_core.verb:set package 'serial' build argument 'catkin_skip_building_tests' from command line to 'False'
[0.686s] DEBUG:colcon.colcon_core.verb:Building package 'serial' with the following arguments: {'ament_cmake_args': None, 'build_base': '/home/jonathan0209/casper_robot/rob_ws/build/serial', 'catkin_cmake_args': None, 'catkin_skip_building_tests': False, 'cmake_args': None, 'cmake_clean_cache': False, 'cmake_clean_first': False, 'cmake_force_configure': False, 'cmake_target': None, 'cmake_target_skip_unavailable': False, 'install_base': '/home/jonathan0209/casper_robot/rob_ws/install/serial', 'merge_install': False, 'path': '/home/jonathan0209/casper_robot/rob_ws/src/serial', 'symlink_install': True, 'test_result_base': None}
[0.686s] Level 5:colcon.colcon_core.verb:set package 'diffdrive_arduino' build argument 'cmake_args' from command line to 'None'
[0.686s] Level 5:colcon.colcon_core.verb:set package 'diffdrive_arduino' build argument 'cmake_target' from command line to 'None'
[0.687s] Level 5:colcon.colcon_core.verb:set package 'diffdrive_arduino' build argument 'cmake_target_skip_unavailable' from command line to 'False'
[0.687s] Level 5:colcon.colcon_core.verb:set package 'diffdrive_arduino' build argument 'cmake_clean_cache' from command line to 'False'
[0.687s] Level 5:colcon.colcon_core.verb:set package 'diffdrive_arduino' build argument 'cmake_clean_first' from command line to 'False'
[0.687s] Level 5:colcon.colcon_core.verb:set package 'diffdrive_arduino' build argument 'cmake_force_configure' from command line to 'False'
[0.687s] Level 5:colcon.colcon_core.verb:set package 'diffdrive_arduino' build argument 'ament_cmake_args' from command line to 'None'
[0.687s] Level 5:colcon.colcon_core.verb:set package 'diffdrive_arduino' build argument 'catkin_cmake_args' from command line to 'None'
[0.687s] Level 5:colcon.colcon_core.verb:set package 'diffdrive_arduino' build argument 'catkin_skip_building_tests' from command line to 'False'
[0.687s] DEBUG:colcon.colcon_core.verb:Building package 'diffdrive_arduino' with the following arguments: {'ament_cmake_args': None, 'build_base': '/home/jonathan0209/casper_robot/rob_ws/build/diffdrive_arduino', 'catkin_cmake_args': None, 'catkin_skip_building_tests': False, 'cmake_args': None, 'cmake_clean_cache': False, 'cmake_clean_first': False, 'cmake_force_configure': False, 'cmake_target': None, 'cmake_target_skip_unavailable': False, 'install_base': '/home/jonathan0209/casper_robot/rob_ws/install/diffdrive_arduino', 'merge_install': False, 'path': '/home/jonathan0209/casper_robot/rob_ws/src/diffdrive_arduino', 'symlink_install': True, 'test_result_base': None}
[0.687s] INFO:colcon.colcon_core.executor:Executing jobs using 'parallel' executor
[0.688s] DEBUG:colcon.colcon_parallel_executor.executor.parallel:run_until_complete
[0.688s] INFO:colcon.colcon_ros.task.ament_cmake.build:Building ROS package in '/home/jonathan0209/casper_robot/rob_ws/src/serial' with build type 'ament_cmake'
[0.688s] INFO:colcon.colcon_cmake.task.cmake.build:Building CMake package in '/home/jonathan0209/casper_robot/rob_ws/src/serial'
[0.693s] INFO:colcon.colcon_core.plugin_system:Skipping extension 'colcon_core.shell.bat': Not used on non-Windows systems
[0.693s] INFO:colcon.colcon_core.shell:Skip shell extension 'powershell' for command environment: Not usable outside of PowerShell
[0.693s] DEBUG:colcon.colcon_core.shell:Skip shell extension 'dsv' for command environment
[0.696s] INFO:colcon.colcon_ros.task.ament_cmake.build:Building ROS package in '/home/jonathan0209/casper_robot/rob_ws/src/articubot_one' with build type 'ament_cmake'
[0.697s] INFO:colcon.colcon_cmake.task.cmake.build:Building CMake package in '/home/jonathan0209/casper_robot/rob_ws/src/articubot_one'
[0.697s] INFO:colcon.colcon_core.shell:Skip shell extension 'powershell' for command environment: Not usable outside of PowerShell
[0.697s] DEBUG:colcon.colcon_core.shell:Skip shell extension 'dsv' for command environment
[0.701s] INFO:colcon.colcon_ros.task.ament_python.build:Building ROS package in '/home/jonathan0209/casper_robot/rob_ws/src/camera_stream' with build type 'ament_python'
[0.702s] Level 1:colcon.colcon_core.shell:create_environment_hook('camera_stream', 'ament_prefix_path')
[0.702s] INFO:colcon.colcon_core.shell:Creating environment hook '/home/jonathan0209/casper_robot/rob_ws/install/camera_stream/share/camera_stream/hook/ament_prefix_path.ps1'
[0.703s] INFO:colcon.colcon_core.shell:Creating environment descriptor '/home/jonathan0209/casper_robot/rob_ws/install/camera_stream/share/camera_stream/hook/ament_prefix_path.dsv'
[0.704s] INFO:colcon.colcon_core.shell:Creating environment hook '/home/jonathan0209/casper_robot/rob_ws/install/camera_stream/share/camera_stream/hook/ament_prefix_path.sh'
[0.705s] INFO:colcon.colcon_core.shell:Skip shell extension 'powershell' for command environment: Not usable outside of PowerShell
[0.705s] DEBUG:colcon.colcon_core.shell:Skip shell extension 'dsv' for command environment
[0.709s] INFO:colcon.colcon_ros.task.ament_python.build:Building ROS package in '/home/jonathan0209/casper_robot/rob_ws/src/camera_ws' with build type 'ament_python'
[0.709s] Level 1:colcon.colcon_core.shell:create_environment_hook('camera_ws', 'ament_prefix_path')
[0.710s] INFO:colcon.colcon_core.shell:Creating environment hook '/home/jonathan0209/casper_robot/rob_ws/install/camera_ws/share/camera_ws/hook/ament_prefix_path.ps1'
[0.710s] INFO:colcon.colcon_core.shell:Creating environment descriptor '/home/jonathan0209/casper_robot/rob_ws/install/camera_ws/share/camera_ws/hook/ament_prefix_path.dsv'
[0.710s] INFO:colcon.colcon_core.shell:Creating environment hook '/home/jonathan0209/casper_robot/rob_ws/install/camera_ws/share/camera_ws/hook/ament_prefix_path.sh'
[0.711s] INFO:colcon.colcon_core.shell:Skip shell extension 'powershell' for command environment: Not usable outside of PowerShell
[0.711s] DEBUG:colcon.colcon_core.shell:Skip shell extension 'dsv' for command environment
[0.721s] DEBUG:colcon.colcon_core.event_handler.log_command:Invoking command in '/home/jonathan0209/casper_robot/rob_ws/build/serial': CMAKE_PREFIX_PATH=${CMAKE_PREFIX_PATH}:/home/jonathan0209/casper_robot/rob_ws/install/camera_ws:/home/jonathan0209/casper_robot/rob_ws/install/camera_stream:/opt/ros/humble /usr/bin/cmake /home/jonathan0209/casper_robot/rob_ws/src/serial -DAMENT_CMAKE_SYMLINK_INSTALL=1 -DCMAKE_INSTALL_PREFIX=/home/jonathan0209/casper_robot/rob_ws/install/serial
[0.729s] DEBUG:colcon.colcon_core.event_handler.log_command:Invoking command in '/home/jonathan0209/casper_robot/rob_ws/build/articubot_one': CMAKE_PREFIX_PATH=${CMAKE_PREFIX_PATH}:/home/jonathan0209/casper_robot/rob_ws/install/camera_ws:/home/jonathan0209/casper_robot/rob_ws/install/camera_stream:/opt/ros/humble /usr/bin/cmake /home/jonathan0209/casper_robot/rob_ws/src/articubot_one -DAMENT_CMAKE_SYMLINK_INSTALL=1 -DCMAKE_INSTALL_PREFIX=/home/jonathan0209/casper_robot/rob_ws/install/articubot_one
[1.052s] INFO:colcon.colcon_core.task.python.build:Building Python package in '/home/jonathan0209/casper_robot/rob_ws/src/camera_stream'
[1.053s] INFO:colcon.colcon_core.shell:Skip shell extension 'powershell' for command environment: Not usable outside of PowerShell
[1.053s] DEBUG:colcon.colcon_core.shell:Skip shell extension 'dsv' for command environment
[1.335s] INFO:colcon.colcon_core.task.python.build:Building Python package in '/home/jonathan0209/casper_robot/rob_ws/src/camera_ws'
[1.336s] INFO:colcon.colcon_core.shell:Skip shell extension 'powershell' for command environment: Not usable outside of PowerShell
[1.336s] DEBUG:colcon.colcon_core.shell:Skip shell extension 'dsv' for command environment
[1.346s] DEBUG:colcon.colcon_core.event_handler.log_command:Invoked command in '/home/jonathan0209/casper_robot/rob_ws/build/articubot_one' returned '0': CMAKE_PREFIX_PATH=${CMAKE_PREFIX_PATH}:/home/jonathan0209/casper_robot/rob_ws/install/camera_ws:/home/jonathan0209/casper_robot/rob_ws/install/camera_stream:/opt/ros/humble /usr/bin/cmake /home/jonathan0209/casper_robot/rob_ws/src/articubot_one -DAMENT_CMAKE_SYMLINK_INSTALL=1 -DCMAKE_INSTALL_PREFIX=/home/jonathan0209/casper_robot/rob_ws/install/articubot_one
[1.347s] DEBUG:colcon.colcon_core.event_handler.log_command:Invoking command in '/home/jonathan0209/casper_robot/rob_ws/build/articubot_one': CMAKE_PREFIX_PATH=${CMAKE_PREFIX_PATH}:/home/jonathan0209/casper_robot/rob_ws/install/camera_ws:/home/jonathan0209/casper_robot/rob_ws/install/camera_stream:/opt/ros/humble /usr/bin/cmake --build /home/jonathan0209/casper_robot/rob_ws/build/articubot_one -- -j8 -l8
[1.348s] DEBUG:colcon.colcon_core.event_handler.log_command:Invoked command in '/home/jonathan0209/casper_robot/rob_ws/build/serial' returned '0': CMAKE_PREFIX_PATH=${CMAKE_PREFIX_PATH}:/home/jonathan0209/casper_robot/rob_ws/install/camera_ws:/home/jonathan0209/casper_robot/rob_ws/install/camera_stream:/opt/ros/humble /usr/bin/cmake /home/jonathan0209/casper_robot/rob_ws/src/serial -DAMENT_CMAKE_SYMLINK_INSTALL=1 -DCMAKE_INSTALL_PREFIX=/home/jonathan0209/casper_robot/rob_ws/install/serial
[1.350s] DEBUG:colcon.colcon_core.event_handler.log_command:Invoking command in '/home/jonathan0209/casper_robot/rob_ws/build/serial': CMAKE_PREFIX_PATH=${CMAKE_PREFIX_PATH}:/home/jonathan0209/casper_robot/rob_ws/install/camera_ws:/home/jonathan0209/casper_robot/rob_ws/install/camera_stream:/opt/ros/humble /usr/bin/cmake --build /home/jonathan0209/casper_robot/rob_ws/build/serial -- -j8 -l8
[1.395s] DEBUG:colcon.colcon_core.event_handler.log_command:Invoked command in '/home/jonathan0209/casper_robot/rob_ws/build/articubot_one' returned '0': CMAKE_PREFIX_PATH=${CMAKE_PREFIX_PATH}:/home/jonathan0209/casper_robot/rob_ws/install/camera_ws:/home/jonathan0209/casper_robot/rob_ws/install/camera_stream:/opt/ros/humble /usr/bin/cmake --build /home/jonathan0209/casper_robot/rob_ws/build/articubot_one -- -j8 -l8
[1.410s] DEBUG:colcon.colcon_core.event_handler.log_command:Invoking command in '/home/jonathan0209/casper_robot/rob_ws/build/articubot_one': CMAKE_PREFIX_PATH=${CMAKE_PREFIX_PATH}:/home/jonathan0209/casper_robot/rob_ws/install/camera_ws:/home/jonathan0209/casper_robot/rob_ws/install/camera_stream:/opt/ros/humble /usr/bin/cmake --install /home/jonathan0209/casper_robot/rob_ws/build/articubot_one
[1.476s] DEBUG:colcon.colcon_core.event_handler.log_command:Invoked command in '/home/jonathan0209/casper_robot/rob_ws/build/serial' returned '0': CMAKE_PREFIX_PATH=${CMAKE_PREFIX_PATH}:/home/jonathan0209/casper_robot/rob_ws/install/camera_ws:/home/jonathan0209/casper_robot/rob_ws/install/camera_stream:/opt/ros/humble /usr/bin/cmake --build /home/jonathan0209/casper_robot/rob_ws/build/serial -- -j8 -l8
[1.477s] DEBUG:colcon.colcon_core.event_handler.log_command:Invoking command in '/home/jonathan0209/casper_robot/rob_ws/build/serial': CMAKE_PREFIX_PATH=${CMAKE_PREFIX_PATH}:/home/jonathan0209/casper_robot/rob_ws/install/camera_ws:/home/jonathan0209/casper_robot/rob_ws/install/camera_stream:/opt/ros/humble /usr/bin/cmake --install /home/jonathan0209/casper_robot/rob_ws/build/serial
[1.707s] Level 1:colcon.colcon_core.environment:create_environment_scripts_only(serial)
[1.708s] DEBUG:colcon.colcon_core.event_handler.log_command:Invoked command in '/home/jonathan0209/casper_robot/rob_ws/build/serial' returned '0': CMAKE_PREFIX_PATH=${CMAKE_PREFIX_PATH}:/home/jonathan0209/casper_robot/rob_ws/install/camera_ws:/home/jonathan0209/casper_robot/rob_ws/install/camera_stream:/opt/ros/humble /usr/bin/cmake --install /home/jonathan0209/casper_robot/rob_ws/build/serial
[1.715s] Level 1:colcon.colcon_core.environment:checking '/home/jonathan0209/casper_robot/rob_ws/install/serial' for CMake module files
[1.716s] Level 1:colcon.colcon_core.environment:checking '/home/jonathan0209/casper_robot/rob_ws/install/serial' for CMake config files
[1.717s] Level 1:colcon.colcon_core.shell:create_environment_hook('serial', 'cmake_prefix_path')
[1.718s] INFO:colcon.colcon_core.shell:Creating environment hook '/home/jonathan0209/casper_robot/rob_ws/install/serial/share/serial/hook/cmake_prefix_path.ps1'
[1.718s] INFO:colcon.colcon_core.shell:Creating environment descriptor '/home/jonathan0209/casper_robot/rob_ws/install/serial/share/serial/hook/cmake_prefix_path.dsv'
[1.719s] INFO:colcon.colcon_core.shell:Creating environment hook '/home/jonathan0209/casper_robot/rob_ws/install/serial/share/serial/hook/cmake_prefix_path.sh'
[1.720s] Level 1:colcon.colcon_core.environment:checking '/home/jonathan0209/casper_robot/rob_ws/install/serial/lib'
[1.720s] Level 1:colcon.colcon_core.environment:checking '/home/jonathan0209/casper_robot/rob_ws/install/serial/bin'
[1.721s] Level 1:colcon.colcon_core.environment:checking '/home/jonathan0209/casper_robot/rob_ws/install/serial/lib/pkgconfig/serial.pc'
[1.721s] Level 1:colcon.colcon_core.environment:checking '/home/jonathan0209/casper_robot/rob_ws/install/serial/lib/python3.10/site-packages'
[1.721s] Level 1:colcon.colcon_core.environment:checking '/home/jonathan0209/casper_robot/rob_ws/install/serial/bin'
[1.722s] INFO:colcon.colcon_core.shell:Creating package script '/home/jonathan0209/casper_robot/rob_ws/install/serial/share/serial/package.ps1'
[1.724s] INFO:colcon.colcon_core.shell:Creating package descriptor '/home/jonathan0209/casper_robot/rob_ws/install/serial/share/serial/package.dsv'
[1.726s] INFO:colcon.colcon_core.shell:Creating package script '/home/jonathan0209/casper_robot/rob_ws/install/serial/share/serial/package.sh'
[1.730s] INFO:colcon.colcon_core.shell:Creating package script '/home/jonathan0209/casper_robot/rob_ws/install/serial/share/serial/package.bash'
[1.733s] INFO:colcon.colcon_core.shell:Creating package script '/home/jonathan0209/casper_robot/rob_ws/install/serial/share/serial/package.zsh'
[1.734s] Level 1:colcon.colcon_core.environment:create_file_with_runtime_dependencies(/home/jonathan0209/casper_robot/rob_ws/install/serial/share/colcon-core/packages/serial)
[1.736s] Level 1:colcon.colcon_core.environment:create_environment_scripts_only(serial)
[1.736s] Level 1:colcon.colcon_core.environment:checking '/home/jonathan0209/casper_robot/rob_ws/install/serial' for CMake module files
[1.737s] Level 1:colcon.colcon_core.environment:checking '/home/jonathan0209/casper_robot/rob_ws/install/serial' for CMake config files
[1.737s] Level 1:colcon.colcon_core.shell:create_environment_hook('serial', 'cmake_prefix_path')
[1.738s] INFO:colcon.colcon_core.shell:Creating environment hook '/home/jonathan0209/casper_robot/rob_ws/install/serial/share/serial/hook/cmake_prefix_path.ps1'
[1.738s] INFO:colcon.colcon_core.shell:Creating environment descriptor '/home/jonathan0209/casper_robot/rob_ws/install/serial/share/serial/hook/cmake_prefix_path.dsv'
[1.739s] INFO:colcon.colcon_core.shell:Creating environment hook '/home/jonathan0209/casper_robot/rob_ws/install/serial/share/serial/hook/cmake_prefix_path.sh'
[1.740s] Level 1:colcon.colcon_core.environment:checking '/home/jonathan0209/casper_robot/rob_ws/install/serial/lib'
[1.740s] Level 1:colcon.colcon_core.environment:checking '/home/jonathan0209/casper_robot/rob_ws/install/serial/bin'
[1.740s] Level 1:colcon.colcon_core.environment:checking '/home/jonathan0209/casper_robot/rob_ws/install/serial/lib/pkgconfig/serial.pc'
[1.741s] Level 1:colcon.colcon_core.environment:checking '/home/jonathan0209/casper_robot/rob_ws/install/serial/lib/python3.10/site-packages'
[1.741s] Level 1:colcon.colcon_core.environment:checking '/home/jonathan0209/casper_robot/rob_ws/install/serial/bin'
[1.742s] INFO:colcon.colcon_core.shell:Creating package script '/home/jonathan0209/casper_robot/rob_ws/install/serial/share/serial/package.ps1'
[1.743s] INFO:colcon.colcon_core.shell:Creating package descriptor '/home/jonathan0209/casper_robot/rob_ws/install/serial/share/serial/package.dsv'
[1.744s] INFO:colcon.colcon_core.shell:Creating package script '/home/jonathan0209/casper_robot/rob_ws/install/serial/share/serial/package.sh'
[1.744s] INFO:colcon.colcon_core.shell:Creating package script '/home/jonathan0209/casper_robot/rob_ws/install/serial/share/serial/package.bash'
[1.745s] INFO:colcon.colcon_core.shell:Creating package script '/home/jonathan0209/casper_robot/rob_ws/install/serial/share/serial/package.zsh'
[1.746s] Level 1:colcon.colcon_core.environment:create_file_with_runtime_dependencies(/home/jonathan0209/casper_robot/rob_ws/install/serial/share/colcon-core/packages/serial)
[1.746s] INFO:colcon.colcon_ros.task.ament_cmake.build:Building ROS package in '/home/jonathan0209/casper_robot/rob_ws/src/diffdrive_arduino' with build type 'ament_cmake'
[1.746s] INFO:colcon.colcon_cmake.task.cmake.build:Building CMake package in '/home/jonathan0209/casper_robot/rob_ws/src/diffdrive_arduino'
[1.747s] INFO:colcon.colcon_core.shell:Skip shell extension 'powershell' for command environment: Not usable outside of PowerShell
[1.747s] DEBUG:colcon.colcon_core.shell:Skip shell extension 'dsv' for command environment
[1.760s] DEBUG:colcon.colcon_core.event_handler.log_command:Invoking command in '/home/jonathan0209/casper_robot/rob_ws/build/diffdrive_arduino': CMAKE_PREFIX_PATH=${CMAKE_PREFIX_PATH}:/home/jonathan0209/casper_robot/rob_ws/install/camera_ws:/home/jonathan0209/casper_robot/rob_ws/install/camera_stream:/opt/ros/humble /usr/bin/cmake /home/jonathan0209/casper_robot/rob_ws/src/diffdrive_arduino -DAMENT_CMAKE_SYMLINK_INSTALL=1 -DCMAKE_INSTALL_PREFIX=/home/jonathan0209/casper_robot/rob_ws/install/diffdrive_arduino
[2.008s] DEBUG:colcon.colcon_core.task.python.build:While undoing a previous installation files outside the Python library path are being ignored: /home/jonathan0209/casper_robot/rob_ws/install/camera_stream/share/ament_index/resource_index/packages/camera_stream
[2.008s] DEBUG:colcon.colcon_core.task.python.build:While undoing a previous installation files outside the Python library path are being ignored: /home/jonathan0209/casper_robot/rob_ws/install/camera_stream/share/camera_stream/package.xml
[2.012s] Level 1:colcon.colcon_core.environment:create_environment_scripts_only(articubot_one)
[2.013s] Level 1:colcon.colcon_core.environment:checking '/home/jonathan0209/casper_robot/rob_ws/install/articubot_one' for CMake module files
[2.014s] DEBUG:colcon.colcon_core.event_handler.log_command:Invoking command in '/home/jonathan0209/casper_robot/rob_ws/build/camera_stream': PYTHONPATH=/home/jonathan0209/casper_robot/rob_ws/build/camera_stream/prefix_override:/usr/lib/python3/dist-packages/colcon_core/task/python/colcon_distutils_commands:/home/jonathan0209/casper_robot/rob_ws/install/camera_stream/lib/python3.10/site-packages:${PYTHONPATH} /usr/bin/python3 -W ignore:setup.py install is deprecated -W ignore:easy_install command is deprecated setup.py develop --editable --build-directory /home/jonathan0209/casper_robot/rob_ws/build/camera_stream/build --no-deps symlink_data --force
[2.014s] DEBUG:colcon.colcon_core.event_handler.log_command:Invoked command in '/home/jonathan0209/casper_robot/rob_ws/build/articubot_one' returned '0': CMAKE_PREFIX_PATH=${CMAKE_PREFIX_PATH}:/home/jonathan0209/casper_robot/rob_ws/install/camera_ws:/home/jonathan0209/casper_robot/rob_ws/install/camera_stream:/opt/ros/humble /usr/bin/cmake --install /home/jonathan0209/casper_robot/rob_ws/build/articubot_one
[2.015s] Level 1:colcon.colcon_core.environment:checking '/home/jonathan0209/casper_robot/rob_ws/install/articubot_one' for CMake config files
[2.016s] Level 1:colcon.colcon_core.shell:create_environment_hook('articubot_one', 'cmake_prefix_path')
[2.017s] INFO:colcon.colcon_core.shell:Creating environment hook '/home/jonathan0209/casper_robot/rob_ws/install/articubot_one/share/articubot_one/hook/cmake_prefix_path.ps1'
[2.018s] INFO:colcon.colcon_core.shell:Creating environment descriptor '/home/jonathan0209/casper_robot/rob_ws/install/articubot_one/share/articubot_one/hook/cmake_prefix_path.dsv'
[2.019s] INFO:colcon.colcon_core.shell:Creating environment hook '/home/jonathan0209/casper_robot/rob_ws/install/articubot_one/share/articubot_one/hook/cmake_prefix_path.sh'
[2.020s] Level 1:colcon.colcon_core.environment:checking '/home/jonathan0209/casper_robot/rob_ws/install/articubot_one/bin'
[2.020s] Level 1:colcon.colcon_core.environment:checking '/home/jonathan0209/casper_robot/rob_ws/install/articubot_one/lib/pkgconfig/articubot_one.pc'
[2.020s] Level 1:colcon.colcon_core.environment:checking '/home/jonathan0209/casper_robot/rob_ws/install/articubot_one/lib/python3.10/site-packages'
[2.021s] Level 1:colcon.colcon_core.environment:checking '/home/jonathan0209/casper_robot/rob_ws/install/articubot_one/bin'
[2.022s] INFO:colcon.colcon_core.shell:Creating package script '/home/jonathan0209/casper_robot/rob_ws/install/articubot_one/share/articubot_one/package.ps1'
[2.023s] INFO:colcon.colcon_core.shell:Creating package descriptor '/home/jonathan0209/casper_robot/rob_ws/install/articubot_one/share/articubot_one/package.dsv'
[2.024s] INFO:colcon.colcon_core.shell:Creating package script '/home/jonathan0209/casper_robot/rob_ws/install/articubot_one/share/articubot_one/package.sh'
[2.024s] INFO:colcon.colcon_core.shell:Creating package script '/home/jonathan0209/casper_robot/rob_ws/install/articubot_one/share/articubot_one/package.bash'
[2.025s] INFO:colcon.colcon_core.shell:Creating package script '/home/jonathan0209/casper_robot/rob_ws/install/articubot_one/share/articubot_one/package.zsh'
[2.026s] Level 1:colcon.colcon_core.environment:create_file_with_runtime_dependencies(/home/jonathan0209/casper_robot/rob_ws/install/articubot_one/share/colcon-core/packages/articubot_one)
[2.027s] Level 1:colcon.colcon_core.environment:create_environment_scripts_only(articubot_one)
[2.027s] Level 1:colcon.colcon_core.environment:checking '/home/jonathan0209/casper_robot/rob_ws/install/articubot_one' for CMake module files
[2.028s] Level 1:colcon.colcon_core.environment:checking '/home/jonathan0209/casper_robot/rob_ws/install/articubot_one' for CMake config files
[2.029s] Level 1:colcon.colcon_core.shell:create_environment_hook('articubot_one', 'cmake_prefix_path')
[2.030s] INFO:colcon.colcon_core.shell:Creating environment hook '/home/jonathan0209/casper_robot/rob_ws/install/articubot_one/share/articubot_one/hook/cmake_prefix_path.ps1'
[2.031s] INFO:colcon.colcon_core.shell:Creating environment descriptor '/home/jonathan0209/casper_robot/rob_ws/install/articubot_one/share/articubot_one/hook/cmake_prefix_path.dsv'
[2.031s] INFO:colcon.colcon_core.shell:Creating environment hook '/home/jonathan0209/casper_robot/rob_ws/install/articubot_one/share/articubot_one/hook/cmake_prefix_path.sh'
[2.032s] Level 1:colcon.colcon_core.environment:checking '/home/jonathan0209/casper_robot/rob_ws/install/articubot_one/bin'
[2.032s] Level 1:colcon.colcon_core.environment:checking '/home/jonathan0209/casper_robot/rob_ws/install/articubot_one/lib/pkgconfig/articubot_one.pc'
[2.033s] Level 1:colcon.colcon_core.environment:checking '/home/jonathan0209/casper_robot/rob_ws/install/articubot_one/lib/python3.10/site-packages'
[2.033s] Level 1:colcon.colcon_core.environment:checking '/home/jonathan0209/casper_robot/rob_ws/install/articubot_one/bin'
[2.034s] INFO:colcon.colcon_core.shell:Creating package script '/home/jonathan0209/casper_robot/rob_ws/install/articubot_one/share/articubot_one/package.ps1'
[2.034s] INFO:colcon.colcon_core.shell:Creating package descriptor '/home/jonathan0209/casper_robot/rob_ws/install/articubot_one/share/articubot_one/package.dsv'
[2.035s] INFO:colcon.colcon_core.shell:Creating package script '/home/jonathan0209/casper_robot/rob_ws/install/articubot_one/share/articubot_one/package.sh'
[2.036s] INFO:colcon.colcon_core.shell:Creating package script '/home/jonathan0209/casper_robot/rob_ws/install/articubot_one/share/articubot_one/package.bash'
[2.037s] INFO:colcon.colcon_core.shell:Creating package script '/home/jonathan0209/casper_robot/rob_ws/install/articubot_one/share/articubot_one/package.zsh'
[2.037s] Level 1:colcon.colcon_core.environment:create_file_with_runtime_dependencies(/home/jonathan0209/casper_robot/rob_ws/install/articubot_one/share/colcon-core/packages/articubot_one)
[2.039s] DEBUG:colcon.colcon_core.task.python.build:While undoing a previous installation files outside the Python library path are being ignored: /home/jonathan0209/casper_robot/rob_ws/install/camera_ws/share/ament_index/resource_index/packages/camera_ws
[2.039s] DEBUG:colcon.colcon_core.task.python.build:While undoing a previous installation files outside the Python library path are being ignored: /home/jonathan0209/casper_robot/rob_ws/install/camera_ws/share/camera_ws/package.xml
[2.039s] DEBUG:colcon.colcon_core.task.python.build:While undoing a previous installation files outside the Python library path are being ignored: /home/jonathan0209/casper_robot/rob_ws/install/camera_ws/lib/camera_ws/image_subscriber
[2.045s] DEBUG:colcon.colcon_core.event_handler.log_command:Invoking command in '/home/jonathan0209/casper_robot/rob_ws/build/camera_ws': PYTHONPATH=/home/jonathan0209/casper_robot/rob_ws/build/camera_ws/prefix_override:/usr/lib/python3/dist-packages/colcon_core/task/python/colcon_distutils_commands:/home/jonathan0209/casper_robot/rob_ws/install/camera_ws/lib/python3.10/site-packages:${PYTHONPATH} /usr/bin/python3 -W ignore:setup.py install is deprecated -W ignore:easy_install command is deprecated setup.py develop --editable --build-directory /home/jonathan0209/casper_robot/rob_ws/build/camera_ws/build --no-deps symlink_data --force
[2.599s] Level 1:colcon.colcon_core.shell:create_environment_hook('camera_stream', 'pythonpath_develop')
[2.599s] INFO:colcon.colcon_core.shell:Creating environment hook '/home/jonathan0209/casper_robot/rob_ws/build/camera_stream/share/camera_stream/hook/pythonpath_develop.ps1'
[2.600s] DEBUG:colcon.colcon_core.event_handler.log_command:Invoked command in '/home/jonathan0209/casper_robot/rob_ws/build/camera_stream' returned '0': PYTHONPATH=/home/jonathan0209/casper_robot/rob_ws/build/camera_stream/prefix_override:/usr/lib/python3/dist-packages/colcon_core/task/python/colcon_distutils_commands:/home/jonathan0209/casper_robot/rob_ws/install/camera_stream/lib/python3.10/site-packages:${PYTHONPATH} /usr/bin/python3 -W ignore:setup.py install is deprecated -W ignore:easy_install command is deprecated setup.py develop --editable --build-directory /home/jonathan0209/casper_robot/rob_ws/build/camera_stream/build --no-deps symlink_data --force
[2.600s] INFO:colcon.colcon_core.shell:Creating environment descriptor '/home/jonathan0209/casper_robot/rob_ws/build/camera_stream/share/camera_stream/hook/pythonpath_develop.dsv'
[2.601s] INFO:colcon.colcon_core.shell:Creating environment hook '/home/jonathan0209/casper_robot/rob_ws/build/camera_stream/share/camera_stream/hook/pythonpath_develop.sh'
[2.602s] Level 1:colcon.colcon_core.environment:checking '/home/jonathan0209/casper_robot/rob_ws/install/camera_stream' for CMake module files
[2.602s] Level 1:colcon.colcon_core.environment:checking '/home/jonathan0209/casper_robot/rob_ws/install/camera_stream' for CMake config files
[2.603s] Level 1:colcon.colcon_core.environment:checking '/home/jonathan0209/casper_robot/rob_ws/install/camera_stream/lib'
[2.603s] Level 1:colcon.colcon_core.environment:checking '/home/jonathan0209/casper_robot/rob_ws/install/camera_stream/bin'
[2.603s] Level 1:colcon.colcon_core.environment:checking '/home/jonathan0209/casper_robot/rob_ws/install/camera_stream/lib/pkgconfig/camera_stream.pc'
[2.603s] Level 1:colcon.colcon_core.environment:checking '/home/jonathan0209/casper_robot/rob_ws/install/camera_stream/lib/python3.10/site-packages'
[2.603s] Level 1:colcon.colcon_core.shell:create_environment_hook('camera_stream', 'pythonpath')
[2.603s] INFO:colcon.colcon_core.shell:Creating environment hook '/home/jonathan0209/casper_robot/rob_ws/install/camera_stream/share/camera_stream/hook/pythonpath.ps1'
[2.604s] INFO:colcon.colcon_core.shell:Creating environment descriptor '/home/jonathan0209/casper_robot/rob_ws/install/camera_stream/share/camera_stream/hook/pythonpath.dsv'
[2.604s] INFO:colcon.colcon_core.shell:Creating environment hook '/home/jonathan0209/casper_robot/rob_ws/install/camera_stream/share/camera_stream/hook/pythonpath.sh'
[2.605s] Level 1:colcon.colcon_core.environment:checking '/home/jonathan0209/casper_robot/rob_ws/install/camera_stream/bin'
[2.605s] Level 1:colcon.colcon_core.environment:create_environment_scripts_only(camera_stream)
[2.606s] INFO:colcon.colcon_core.shell:Creating package script '/home/jonathan0209/casper_robot/rob_ws/install/camera_stream/share/camera_stream/package.ps1'
[2.607s] INFO:colcon.colcon_core.shell:Creating package descriptor '/home/jonathan0209/casper_robot/rob_ws/install/camera_stream/share/camera_stream/package.dsv'
[2.607s] INFO:colcon.colcon_core.shell:Creating package script '/home/jonathan0209/casper_robot/rob_ws/install/camera_stream/share/camera_stream/package.sh'
[2.608s] INFO:colcon.colcon_core.shell:Creating package script '/home/jonathan0209/casper_robot/rob_ws/install/camera_stream/share/camera_stream/package.bash'
[2.609s] INFO:colcon.colcon_core.shell:Creating package script '/home/jonathan0209/casper_robot/rob_ws/install/camera_stream/share/camera_stream/package.zsh'
[2.609s] Level 1:colcon.colcon_core.environment:create_file_with_runtime_dependencies(/home/jonathan0209/casper_robot/rob_ws/install/camera_stream/share/colcon-core/packages/camera_stream)
[2.611s] Level 1:colcon.colcon_core.shell:create_environment_hook('camera_ws', 'pythonpath_develop')
[2.611s] INFO:colcon.colcon_core.shell:Creating environment hook '/home/jonathan0209/casper_robot/rob_ws/build/camera_ws/share/camera_ws/hook/pythonpath_develop.ps1'
[2.612s] DEBUG:colcon.colcon_core.event_handler.log_command:Invoked command in '/home/jonathan0209/casper_robot/rob_ws/build/camera_ws' returned '0': PYTHONPATH=/home/jonathan0209/casper_robot/rob_ws/build/camera_ws/prefix_override:/usr/lib/python3/dist-packages/colcon_core/task/python/colcon_distutils_commands:/home/jonathan0209/casper_robot/rob_ws/install/camera_ws/lib/python3.10/site-packages:${PYTHONPATH} /usr/bin/python3 -W ignore:setup.py install is deprecated -W ignore:easy_install command is deprecated setup.py develop --editable --build-directory /home/jonathan0209/casper_robot/rob_ws/build/camera_ws/build --no-deps symlink_data --force
[2.612s] INFO:colcon.colcon_core.shell:Creating environment descriptor '/home/jonathan0209/casper_robot/rob_ws/build/camera_ws/share/camera_ws/hook/pythonpath_develop.dsv'
[2.613s] INFO:colcon.colcon_core.shell:Creating environment hook '/home/jonathan0209/casper_robot/rob_ws/build/camera_ws/share/camera_ws/hook/pythonpath_develop.sh'
[2.613s] Level 1:colcon.colcon_core.environment:checking '/home/jonathan0209/casper_robot/rob_ws/install/camera_ws' for CMake module files
[2.614s] Level 1:colcon.colcon_core.environment:checking '/home/jonathan0209/casper_robot/rob_ws/install/camera_ws' for CMake config files
[2.614s] Level 1:colcon.colcon_core.environment:checking '/home/jonathan0209/casper_robot/rob_ws/install/camera_ws/lib'
[2.615s] Level 1:colcon.colcon_core.environment:checking '/home/jonathan0209/casper_robot/rob_ws/install/camera_ws/bin'
[2.615s] Level 1:colcon.colcon_core.environment:checking '/home/jonathan0209/casper_robot/rob_ws/install/camera_ws/lib/pkgconfig/camera_ws.pc'
[2.615s] Level 1:colcon.colcon_core.environment:checking '/home/jonathan0209/casper_robot/rob_ws/install/camera_ws/lib/python3.10/site-packages'
[2.615s] Level 1:colcon.colcon_core.shell:create_environment_hook('camera_ws', 'pythonpath')
[2.615s] INFO:colcon.colcon_core.shell:Creating environment hook '/home/jonathan0209/casper_robot/rob_ws/install/camera_ws/share/camera_ws/hook/pythonpath.ps1'
[2.616s] INFO:colcon.colcon_core.shell:Creating environment descriptor '/home/jonathan0209/casper_robot/rob_ws/install/camera_ws/share/camera_ws/hook/pythonpath.dsv'
[2.616s] INFO:colcon.colcon_core.shell:Creating environment hook '/home/jonathan0209/casper_robot/rob_ws/install/camera_ws/share/camera_ws/hook/pythonpath.sh'
[2.617s] Level 1:colcon.colcon_core.environment:checking '/home/jonathan0209/casper_robot/rob_ws/install/camera_ws/bin'
[2.617s] Level 1:colcon.colcon_core.environment:create_environment_scripts_only(camera_ws)
[2.618s] INFO:colcon.colcon_core.shell:Creating package script '/home/jonathan0209/casper_robot/rob_ws/install/camera_ws/share/camera_ws/package.ps1'
[2.619s] INFO:colcon.colcon_core.shell:Creating package descriptor '/home/jonathan0209/casper_robot/rob_ws/install/camera_ws/share/camera_ws/package.dsv'
[2.619s] INFO:colcon.colcon_core.shell:Creating package script '/home/jonathan0209/casper_robot/rob_ws/install/camera_ws/share/camera_ws/package.sh'
[2.620s] INFO:colcon.colcon_core.shell:Creating package script '/home/jonathan0209/casper_robot/rob_ws/install/camera_ws/share/camera_ws/package.bash'
[2.620s] INFO:colcon.colcon_core.shell:Creating package script '/home/jonathan0209/casper_robot/rob_ws/install/camera_ws/share/camera_ws/package.zsh'
[2.621s] Level 1:colcon.colcon_core.environment:create_file_with_runtime_dependencies(/home/jonathan0209/casper_robot/rob_ws/install/camera_ws/share/colcon-core/packages/camera_ws)
[3.304s] DEBUG:colcon.colcon_core.event_handler.log_command:Invoked command in '/home/jonathan0209/casper_robot/rob_ws/build/diffdrive_arduino' returned '0': CMAKE_PREFIX_PATH=${CMAKE_PREFIX_PATH}:/home/jonathan0209/casper_robot/rob_ws/install/camera_ws:/home/jonathan0209/casper_robot/rob_ws/install/camera_stream:/opt/ros/humble /usr/bin/cmake /home/jonathan0209/casper_robot/rob_ws/src/diffdrive_arduino -DAMENT_CMAKE_SYMLINK_INSTALL=1 -DCMAKE_INSTALL_PREFIX=/home/jonathan0209/casper_robot/rob_ws/install/diffdrive_arduino
[3.306s] DEBUG:colcon.colcon_core.event_handler.log_command:Invoking command in '/home/jonathan0209/casper_robot/rob_ws/build/diffdrive_arduino': CMAKE_PREFIX_PATH=${CMAKE_PREFIX_PATH}:/home/jonathan0209/casper_robot/rob_ws/install/camera_ws:/home/jonathan0209/casper_robot/rob_ws/install/camera_stream:/opt/ros/humble /usr/bin/cmake --build /home/jonathan0209/casper_robot/rob_ws/build/diffdrive_arduino -- -j8 -l8
[3.413s] DEBUG:colcon.colcon_core.event_handler.log_command:Invoked command in '/home/jonathan0209/casper_robot/rob_ws/build/diffdrive_arduino' returned '2': CMAKE_PREFIX_PATH=${CMAKE_PREFIX_PATH}:/home/jonathan0209/casper_robot/rob_ws/install/camera_ws:/home/jonathan0209/casper_robot/rob_ws/install/camera_stream:/opt/ros/humble /usr/bin/cmake --build /home/jonathan0209/casper_robot/rob_ws/build/diffdrive_arduino -- -j8 -l8
[3.414s] Level 1:colcon.colcon_core.environment:create_environment_scripts_only(diffdrive_arduino)
[3.414s] Level 1:colcon.colcon_core.environment:checking '/home/jonathan0209/casper_robot/rob_ws/install/diffdrive_arduino' for CMake module files
[3.414s] Level 1:colcon.colcon_core.environment:checking '/home/jonathan0209/casper_robot/rob_ws/install/diffdrive_arduino' for CMake config files
[3.414s] Level 1:colcon.colcon_core.environment:checking '/home/jonathan0209/casper_robot/rob_ws/install/diffdrive_arduino/bin'
[3.414s] Level 1:colcon.colcon_core.environment:checking '/home/jonathan0209/casper_robot/rob_ws/install/diffdrive_arduino/lib/pkgconfig/diffdrive_arduino.pc'
[3.415s] Level 1:colcon.colcon_core.environment:checking '/home/jonathan0209/casper_robot/rob_ws/install/diffdrive_arduino/lib/python3.10/site-packages'
[3.415s] Level 1:colcon.colcon_core.environment:checking '/home/jonathan0209/casper_robot/rob_ws/install/diffdrive_arduino/bin'
[3.415s] INFO:colcon.colcon_core.shell:Creating package script '/home/jonathan0209/casper_robot/rob_ws/install/diffdrive_arduino/share/diffdrive_arduino/package.ps1'
[3.416s] INFO:colcon.colcon_core.shell:Creating package descriptor '/home/jonathan0209/casper_robot/rob_ws/install/diffdrive_arduino/share/diffdrive_arduino/package.dsv'
[3.416s] INFO:colcon.colcon_core.shell:Creating package script '/home/jonathan0209/casper_robot/rob_ws/install/diffdrive_arduino/share/diffdrive_arduino/package.sh'
[3.416s] INFO:colcon.colcon_core.shell:Creating package script '/home/jonathan0209/casper_robot/rob_ws/install/diffdrive_arduino/share/diffdrive_arduino/package.bash'
[3.417s] INFO:colcon.colcon_core.shell:Creating package script '/home/jonathan0209/casper_robot/rob_ws/install/diffdrive_arduino/share/diffdrive_arduino/package.zsh'
[3.417s] Level 1:colcon.colcon_core.environment:create_file_with_runtime_dependencies(/home/jonathan0209/casper_robot/rob_ws/install/diffdrive_arduino/share/colcon-core/packages/diffdrive_arduino)
[3.428s] DEBUG:colcon.colcon_parallel_executor.executor.parallel:closing loop
[3.428s] DEBUG:colcon.colcon_parallel_executor.executor.parallel:loop closed
[3.428s] DEBUG:colcon.colcon_parallel_executor.executor.parallel:run_until_complete finished with '2'
[3.428s] DEBUG:colcon.colcon_core.event_reactor:joining thread
[3.435s] INFO:colcon.colcon_core.plugin_system:Skipping extension 'colcon_notification.desktop_notification.terminal_notifier': Not used on non-Darwin systems
[3.435s] INFO:colcon.colcon_core.plugin_system:Skipping extension 'colcon_notification.desktop_notification.win32': Not used on non-Windows systems
[3.435s] INFO:colcon.colcon_notification.desktop_notification:Sending desktop notification using 'notify2'
[3.448s] DEBUG:colcon.colcon_core.event_reactor:joined thread
[3.449s] INFO:colcon.colcon_core.shell:Creating prefix script '/home/jonathan0209/casper_robot/rob_ws/install/local_setup.ps1'
[3.450s] INFO:colcon.colcon_core.shell:Creating prefix util module '/home/jonathan0209/casper_robot/rob_ws/install/_local_setup_util_ps1.py'
[3.452s] INFO:colcon.colcon_core.shell:Creating prefix chain script '/home/jonathan0209/casper_robot/rob_ws/install/setup.ps1'
[3.456s] INFO:colcon.colcon_core.shell:Creating prefix script '/home/jonathan0209/casper_robot/rob_ws/install/local_setup.sh'
[3.457s] INFO:colcon.colcon_core.shell:Creating prefix util module '/home/jonathan0209/casper_robot/rob_ws/install/_local_setup_util_sh.py'
[3.458s] INFO:colcon.colcon_core.shell:Creating prefix chain script '/home/jonathan0209/casper_robot/rob_ws/install/setup.sh'
[3.460s] INFO:colcon.colcon_core.shell:Creating prefix script '/home/jonathan0209/casper_robot/rob_ws/install/local_setup.bash'
[3.462s] INFO:colcon.colcon_core.shell:Creating prefix chain script '/home/jonathan0209/casper_robot/rob_ws/install/setup.bash'
[3.464s] INFO:colcon.colcon_core.shell:Creating prefix script '/home/jonathan0209/casper_robot/rob_ws/install/local_setup.zsh'
[3.465s] INFO:colcon.colcon_core.shell:Creating prefix chain script '/home/jonathan0209/casper_robot/rob_ws/install/setup.zsh'
