[0.018s] Invoking command in '/home/jonathan/rob_ws/build/diffdrive_arduino': CMAKE_PREFIX_PATH=/opt/ros/humble /usr/bin/cmake /home/jonathan/rob_ws/src/diffdrive_arduino -DAMENT_CMAKE_SYMLINK_INSTALL=1 -DCMAKE_INSTALL_PREFIX=/home/jonathan/rob_ws/install/diffdrive_arduino
[0.376s] -- The CXX compiler identification is GNU 11.4.0
[0.400s] -- Detecting CXX compiler ABI info
[0.543s] -- Detecting CXX compiler ABI info - done
[0.566s] -- Check for working CXX compiler: /usr/bin/c++ - skipped
[0.571s] -- Detecting CXX compile features
[0.574s] -- Detecting CXX compile features - done
[0.579s] -- Found ament_cmake: 1.3.10 (/opt/ros/humble/share/ament_cmake/cmake)
[0.841s] -- Found Python3: /usr/bin/python3 (found version "3.10.12") found components: Interpreter 
[0.970s] -- Override CMake install command with custom implementation using symlinks instead of copying resources
[1.052s] -- Found hardware_interface: 2.43.1 (/opt/ros/humble/share/hardware_interface/cmake)
[1.162s] -- Found rosidl_generator_c: 3.1.5 (/opt/ros/humble/share/rosidl_generator_c/cmake)
[1.175s] -- Found rosidl_adapter: 3.1.5 (/opt/ros/humble/share/rosidl_adapter/cmake)
[1.197s] -- Found rosidl_generator_cpp: 3.1.5 (/opt/ros/humble/share/rosidl_generator_cpp/cmake)
[1.238s] -- Using all available rosidl_typesupport_c: rosidl_typesupport_fastrtps_c;rosidl_typesupport_introspection_c
[1.281s] -- Using all available rosidl_typesupport_cpp: rosidl_typesupport_fastrtps_cpp;rosidl_typesupport_introspection_cpp
[1.944s] -- Found rmw_implementation_cmake: 6.1.2 (/opt/ros/humble/share/rmw_implementation_cmake/cmake)
[1.955s] -- Found rmw_fastrtps_cpp: 6.2.7 (/opt/ros/humble/share/rmw_fastrtps_cpp/cmake)
[2.041s] -- Found TinyXML2 via Config file: TinyXML2_DIR-NOTFOUND
[2.145s] -- Found OpenSSL: /usr/lib/x86_64-linux-gnu/libcrypto.so (found version "3.0.2")  
[2.155s] -- Found TinyXML2 via Config file: TinyXML2_DIR-NOTFOUND
[2.192s] -- Found FastRTPS: /opt/ros/humble/include  
[2.198s] -- Found TinyXML2 via Config file: TinyXML2_DIR-NOTFOUND
[2.217s] -- Found TinyXML2 via Config file: TinyXML2_DIR-NOTFOUND
[2.255s] -- Using RMW implementation 'rmw_fastrtps_cpp' as default
[2.289s] -- Looking for C++ include pthread.h
[2.494s] -- Looking for C++ include pthread.h - found
[2.495s] -- Performing Test CMAKE_HAVE_LIBC_PTHREAD
[2.761s] -- Performing Test CMAKE_HAVE_LIBC_PTHREAD - Success
[2.765s] -- Found Threads: TRUE  
[2.989s] -- Found ament_cmake_gtest: 1.3.10 (/opt/ros/humble/share/ament_cmake_gtest/cmake)
[3.171s] -- Configuring done
[3.340s] -- Generating done
[3.347s] -- Build files have been written to: /home/jonathan/rob_ws/build/diffdrive_arduino
[3.373s] Invoked command in '/home/jonathan/rob_ws/build/diffdrive_arduino' returned '0': CMAKE_PREFIX_PATH=/opt/ros/humble /usr/bin/cmake /home/jonathan/rob_ws/src/diffdrive_arduino -DAMENT_CMAKE_SYMLINK_INSTALL=1 -DCMAKE_INSTALL_PREFIX=/home/jonathan/rob_ws/install/diffdrive_arduino
[3.378s] Invoking command in '/home/jonathan/rob_ws/build/diffdrive_arduino': CMAKE_PREFIX_PATH=/opt/ros/humble /usr/bin/cmake --build /home/jonathan/rob_ws/build/diffdrive_arduino -- -j2 -l2
[3.466s] [ 50%] [32mBuilding CXX object CMakeFiles/diffdrive_arduino.dir/hardware/diffbot_system.cpp.o[0m
[4.091s] In file included from [01m[K/home/jonathan/rob_ws/src/diffdrive_arduino/hardware/include/diffdrive_arduino/diffbot_system.hpp:34[m[K,
[4.091s]                  from [01m[K/home/jonathan/rob_ws/src/diffdrive_arduino/hardware/diffbot_system.cpp:15[m[K:
[4.092s] [01m[K/home/jonathan/rob_ws/src/diffdrive_arduino/hardware/include/diffdrive_arduino/arduino_comms.hpp:7:10:[m[K [01;31m[Kfatal error: [m[Klibserial/SerialPort.h: No such file or directory
[4.092s]     7 | #include [01;31m[K<libserial/SerialPort.h>[m[K
[4.092s]       |          [01;31m[K^~~~~~~~~~~~~~~~~~~~~~~~[m[K
[4.092s] compilation terminated.
[4.094s] gmake[2]: *** [CMakeFiles/diffdrive_arduino.dir/build.make:76: CMakeFiles/diffdrive_arduino.dir/hardware/diffbot_system.cpp.o] Error 1
[4.097s] gmake[1]: *** [CMakeFiles/Makefile2:137: CMakeFiles/diffdrive_arduino.dir/all] Error 2
[4.099s] gmake: *** [Makefile:146: all] Error 2
[4.103s] Invoked command in '/home/jonathan/rob_ws/build/diffdrive_arduino' returned '2': CMAKE_PREFIX_PATH=/opt/ros/humble /usr/bin/cmake --build /home/jonathan/rob_ws/build/diffdrive_arduino -- -j2 -l2
